#
# There is insufficient memory for the Java Runtime Environment to continue.
# Native memory allocation (malloc) failed to allocate 2145632 bytes. Error detail: Chunk::new
# Possible reasons:
#   The system is out of physical RAM or swap space
#   This process is running with CompressedOops enabled, and the Java Heap may be blocking the growth of the native heap
# Possible solutions:
#   Reduce memory load on the system
#   Increase physical memory or swap space
#   Check if swap backing store is full
#   Decrease Java heap size (-Xmx/-Xms)
#   Decrease number of Java threads
#   Decrease Java thread stack sizes (-Xss)
#   Set larger code cache with -XX:ReservedCodeCacheSize=
#   JVM is running with Unscaled Compressed Oops mode in which the Java heap is
#     placed in the first 4GB address space. The Java Heap base address is the
#     maximum limit for the native heap growth. Please use -XX:HeapBaseMinAddress
#     to set the Java Heap base and to place the Java Heap above 4GB virtual address.
# This output file may be truncated or incomplete.
#
#  Out of Memory Error (arena.cpp:150), pid=9600, tid=15192
#
# JRE version: OpenJDK Runtime Environment (22.0.2+9) (build 22.0.2+9-70)
# Java VM: OpenJDK 64-Bit Server VM (22.0.2+9-70, mixed mode, sharing, tiered, compressed oops, compressed class ptrs, g1 gc, windows-amd64)
# No core dump will be written. Minidumps are not enabled by default on client versions of Windows
#

---------------  S U M M A R Y ------------

Command Line: --add-opens=java.base/java.lang=ALL-UNNAMED --add-opens=java.base/java.lang.invoke=ALL-UNNAMED --add-opens=java.base/java.util=ALL-UNNAMED --add-opens=java.prefs/java.util.prefs=ALL-UNNAMED --add-exports=jdk.compiler/com.sun.tools.javac.api=ALL-UNNAMED --add-exports=jdk.compiler/com.sun.tools.javac.util=ALL-UNNAMED --add-opens=java.base/java.util=ALL-UNNAMED --add-opens=java.prefs/java.util.prefs=ALL-UNNAMED --add-opens=java.base/java.nio.charset=ALL-UNNAMED --add-opens=java.base/java.net=ALL-UNNAMED --add-opens=java.base/java.util.concurrent.atomic=ALL-UNNAMED --add-opens=java.xml/javax.xml.namespace=ALL-UNNAMED -XX:MaxMetaspaceSize=384m -XX:+HeapDumpOnOutOfMemoryError -Xms256m -Xmx512m -Dfile.encoding=windows-1252 -Duser.country=US -Duser.language=en -Duser.variant -javaagent:C:\Users\ASUS\.gradle\wrapper\dists\gradle-8.11.1-bin\bpt9gzteqjrbo1mjrsomdt32c\gradle-8.11.1\lib\agents\gradle-instrumentation-agent-8.11.1.jar org.gradle.launcher.daemon.bootstrap.GradleDaemon 8.11.1

Host: Intel(R) Core(TM) i5-7300HQ CPU @ 2.50GHz, 4 cores, 7G,  Windows 10 , 64 bit Build 19041 (10.0.19041.2546)
Time: Mon Jan  6 22:13:04 2025 SE Asia Standard Time elapsed time: 10.449957 seconds (0d 0h 0m 10s)

---------------  T H R E A D  ---------------

Current thread (0x00000180e3da30c0):  JavaThread "C2 CompilerThread0" daemon [_thread_in_native, id=15192, stack(0x0000007b84000000,0x0000007b84100000) (1024K)]


Current CompileTask:
C2:10450 2662   !   4       java.lang.ClassLoader::loadClass (121 bytes)

Stack: [0x0000007b84000000,0x0000007b84100000]
Native frames: (J=compiled Java code, j=interpreted, Vv=VM code, C=native code)
V  [jvm.dll+0x6e26e9]  (no source info available)
V  [jvm.dll+0x875753]  (no source info available)
V  [jvm.dll+0x877b7e]  (no source info available)
V  [jvm.dll+0x878253]  (no source info available)
V  [jvm.dll+0x27fc86]  (no source info available)
V  [jvm.dll+0xc3d0f]  (no source info available)
V  [jvm.dll+0xc3f6b]  (no source info available)
V  [jvm.dll+0x3bb47c]  (no source info available)
V  [jvm.dll+0x1df6ae]  (no source info available)
V  [jvm.dll+0x24793c]  (no source info available)
V  [jvm.dll+0x246e9f]  (no source info available)
V  [jvm.dll+0x1c4e80]  (no source info available)
V  [jvm.dll+0x2568f3]  (no source info available)
V  [jvm.dll+0x254baa]  (no source info available)
V  [jvm.dll+0x3f57a6]  (no source info available)
V  [jvm.dll+0x81dc0b]  (no source info available)
V  [jvm.dll+0x6e0d85]  (no source info available)
C  [ucrtbase.dll+0x21bb2]  (no source info available)
C  [KERNEL32.DLL+0x17614]  (no source info available)
C  [ntdll.dll+0x526a1]  (no source info available)


---------------  P R O C E S S  ---------------

Threads class SMR info:
_java_thread_list=0x00000180fefacc30, length=25, elements={
0x00000180c7bfe7a0, 0x00000180e3d9bc20, 0x00000180e3d9ec40, 0x00000180e3da0410,
0x00000180e3da0e70, 0x00000180e3da18d0, 0x00000180e3da2330, 0x00000180e3da30c0,
0x00000180fd010440, 0x00000180e3d6bba0, 0x00000180fd2a1fd0, 0x00000180fd4cbc30,
0x00000180fe04bad0, 0x00000180fd27e730, 0x00000180fef4c540, 0x00000180fe867570,
0x00000180fe8600c0, 0x00000180feaffd10, 0x00000180feafeff0, 0x00000180feb003a0,
0x00000180feb00a30, 0x00000180feb010c0, 0x00000180feb01750, 0x00000180feaff680,
0x00000180feb01de0
}

Java Threads: ( => current thread )
  0x00000180c7bfe7a0 JavaThread "main"                              [_thread_blocked, id=8924, stack(0x0000007b83200000,0x0000007b83300000) (1024K)]
  0x00000180e3d9bc20 JavaThread "Reference Handler"          daemon [_thread_blocked, id=7808, stack(0x0000007b83a00000,0x0000007b83b00000) (1024K)]
  0x00000180e3d9ec40 JavaThread "Finalizer"                  daemon [_thread_blocked, id=13364, stack(0x0000007b83b00000,0x0000007b83c00000) (1024K)]
  0x00000180e3da0410 JavaThread "Signal Dispatcher"          daemon [_thread_blocked, id=13384, stack(0x0000007b83c00000,0x0000007b83d00000) (1024K)]
  0x00000180e3da0e70 JavaThread "Attach Listener"            daemon [_thread_blocked, id=14720, stack(0x0000007b83d00000,0x0000007b83e00000) (1024K)]
  0x00000180e3da18d0 JavaThread "Service Thread"             daemon [_thread_blocked, id=14144, stack(0x0000007b83e00000,0x0000007b83f00000) (1024K)]
  0x00000180e3da2330 JavaThread "Monitor Deflation Thread"   daemon [_thread_blocked, id=10096, stack(0x0000007b83f00000,0x0000007b84000000) (1024K)]
=>0x00000180e3da30c0 JavaThread "C2 CompilerThread0"         daemon [_thread_in_native, id=15192, stack(0x0000007b84000000,0x0000007b84100000) (1024K)]
  0x00000180fd010440 JavaThread "C1 CompilerThread0"         daemon [_thread_blocked, id=6716, stack(0x0000007b84100000,0x0000007b84200000) (1024K)]
  0x00000180e3d6bba0 JavaThread "Common-Cleaner"             daemon [_thread_blocked, id=11960, stack(0x0000007b84200000,0x0000007b84300000) (1024K)]
  0x00000180fd2a1fd0 JavaThread "Notification Thread"        daemon [_thread_blocked, id=15224, stack(0x0000007b84300000,0x0000007b84400000) (1024K)]
  0x00000180fd4cbc30 JavaThread "Daemon health stats"               [_thread_blocked, id=8116, stack(0x0000007b84700000,0x0000007b84800000) (1024K)]
  0x00000180fe04bad0 JavaThread "Incoming local TCP Connector on port 51827"        [_thread_in_native, id=10860, stack(0x0000007b84800000,0x0000007b84900000) (1024K)]
  0x00000180fd27e730 JavaThread "Daemon periodic checks"            [_thread_blocked, id=15452, stack(0x0000007b84900000,0x0000007b84a00000) (1024K)]
  0x00000180fef4c540 JavaThread "Daemon"                            [_thread_blocked, id=11388, stack(0x0000007b84a00000,0x0000007b84b00000) (1024K)]
  0x00000180fe867570 JavaThread "Handler for socket connection from /127.0.0.1:51827 to /127.0.0.1:51828"        [_thread_in_native, id=1696, stack(0x0000007b84b00000,0x0000007b84c00000) (1024K)]
  0x00000180fe8600c0 JavaThread "Cancel handler"                    [_thread_blocked, id=13940, stack(0x0000007b84c00000,0x0000007b84d00000) (1024K)]
  0x00000180feaffd10 JavaThread "Daemon worker"                     [_thread_in_vm, id=16048, stack(0x0000007b84d00000,0x0000007b84e00000) (1024K)]
  0x00000180feafeff0 JavaThread "Asynchronous log dispatcher for DefaultDaemonConnection: socket connection from /127.0.0.1:51827 to /127.0.0.1:51828"        [_thread_blocked, id=15672, stack(0x0000007b84e00000,0x0000007b84f00000) (1024K)]
  0x00000180feb003a0 JavaThread "Stdin handler"                     [_thread_blocked, id=16112, stack(0x0000007b84f00000,0x0000007b85000000) (1024K)]
  0x00000180feb00a30 JavaThread "Daemon client event forwarder"        [_thread_blocked, id=3244, stack(0x0000007b85000000,0x0000007b85100000) (1024K)]
  0x00000180feb010c0 JavaThread "Cache worker for journal cache (C:\Users\ASUS\.gradle\caches\journal-1)"        [_thread_blocked, id=13132, stack(0x0000007b85100000,0x0000007b85200000) (1024K)]
  0x00000180feb01750 JavaThread "File lock request listener"        [_thread_in_native, id=2164, stack(0x0000007b85200000,0x0000007b85300000) (1024K)]
  0x00000180feaff680 JavaThread "File lock release action executor"        [_thread_blocked, id=12524, stack(0x0000007b85300000,0x0000007b85400000) (1024K)]
  0x00000180feb01de0 JavaThread "Cache worker for file hash cache (C:\Users\ASUS\.gradle\caches\8.11.1\fileHashes)"        [_thread_blocked, id=8020, stack(0x0000007b85400000,0x0000007b85500000) (1024K)]
Total: 25

Other Threads:
  0x00000180e3d80e50 VMThread "VM Thread"                           [id=11420, stack(0x0000007b83900000,0x0000007b83a00000) (1024K)]
  0x00000180e3d68a20 WatcherThread "VM Periodic Task Thread"        [id=12824, stack(0x0000007b83800000,0x0000007b83900000) (1024K)]
  0x00000180c7c28e10 WorkerThread "GC Thread#0"                     [id=14192, stack(0x0000007b83300000,0x0000007b83400000) (1024K)]
  0x00000180fd2fdf20 WorkerThread "GC Thread#1"                     [id=14444, stack(0x0000007b84400000,0x0000007b84500000) (1024K)]
  0x00000180fd2fe2d0 WorkerThread "GC Thread#2"                     [id=13056, stack(0x0000007b84500000,0x0000007b84600000) (1024K)]
  0x00000180fd2fe680 WorkerThread "GC Thread#3"                     [id=11436, stack(0x0000007b84600000,0x0000007b84700000) (1024K)]
  0x00000180c7c2dbb0 ConcurrentGCThread "G1 Main Marker"            [id=9840, stack(0x0000007b83400000,0x0000007b83500000) (1024K)]
  0x00000180c7c2e620 WorkerThread "G1 Conc#0"                       [id=8960, stack(0x0000007b83500000,0x0000007b83600000) (1024K)]
  0x00000180e3c3e590 ConcurrentGCThread "G1 Refine#0"               [id=15508, stack(0x0000007b83600000,0x0000007b83700000) (1024K)]
  0x00000180e3c3edc0 ConcurrentGCThread "G1 Service"                [id=428, stack(0x0000007b83700000,0x0000007b83800000) (1024K)]
Total: 10

Threads with active compile tasks:
C2 CompilerThread0  10544 2662   !   4       java.lang.ClassLoader::loadClass (121 bytes)
Total: 1

VM state: not at safepoint (normal execution)

VM Mutex/Monitor currently owned by a thread: None

Heap address: 0x00000000e0000000, size: 512 MB, Compressed Oops mode: 32-bit

CDS archive(s) mapped at: [0x00000180e4000000-0x00000180e4c60000-0x00000180e4c60000), size 12976128, SharedBaseAddress: 0x00000180e4000000, ArchiveRelocationMode: 1.
Compressed class space mapped at: 0x00000180e5000000-0x00000180f9000000, reserved size: 335544320
Narrow klass base: 0x00000180e4000000, Narrow klass shift: 0, Narrow klass range: 0x15000000

GC Precious Log:
 CardTable entry size: 512
 Card Set container configuration: InlinePtr #cards 5 size 8 Array Of Cards #cards 12 size 40 Howl #buckets 4 coarsen threshold 1843 Howl Bitmap #cards 512 size 80 coarsen threshold 460 Card regions per heap region 1 cards per card region 2048
 CPUs: 4 total, 4 available
 Memory: 8076M
 Large Page Support: Disabled
 NUMA Support: Disabled
 Compressed Oops: Enabled (32-bit)
 Heap Region Size: 1M
 Heap Min Capacity: 256M
 Heap Initial Capacity: 256M
 Heap Max Capacity: 512M
 Pre-touch: Disabled
 Parallel Workers: 4
 Concurrent Workers: 1
 Concurrent Refinement Workers: 4
 Periodic GC: Disabled

Heap:
 garbage-first heap   total reserved 524288K, committed 262144K, used 120512K [0x00000000e0000000, 0x0000000100000000)
  region size 1024K, 112 young (114688K), 4 survivors (4096K)
 Metaspace       used 15236K, committed 15680K, reserved 393216K
  class space    used 2102K, committed 2304K, reserved 327680K

Heap Regions: E=young(eden), S=young(survivor), O=old, HS=humongous(starts), HC=humongous(continues), CS=collection set, F=free, TAMS=top-at-mark-start, PB=parsable bottom
|   0|0x00000000e0000000, 0x00000000e0100000, 0x00000000e0100000|100%|HS|  |TAMS 0x00000000e0000000| PB 0x00000000e0000000| Complete |  0
|   1|0x00000000e0100000, 0x00000000e0200000, 0x00000000e0200000|100%|HC|  |TAMS 0x00000000e0100000| PB 0x00000000e0100000| Complete |  0
|   2|0x00000000e0200000, 0x00000000e0300000, 0x00000000e0300000|100%|HC|  |TAMS 0x00000000e0200000| PB 0x00000000e0200000| Complete |  0
|   3|0x00000000e0300000, 0x00000000e0400000, 0x00000000e0400000|100%| O|  |TAMS 0x00000000e0300000| PB 0x00000000e0300000| Untracked |  0
|   4|0x00000000e0400000, 0x00000000e0500000, 0x00000000e0500000|100%| O|  |TAMS 0x00000000e0400000| PB 0x00000000e0400000| Untracked |  0
|   5|0x00000000e0500000, 0x00000000e05b0140, 0x00000000e0600000| 68%| O|  |TAMS 0x00000000e0500000| PB 0x00000000e0500000| Untracked |  0
|   6|0x00000000e0600000, 0x00000000e0700000, 0x00000000e0700000|100%|HS|  |TAMS 0x00000000e0600000| PB 0x00000000e0600000| Complete |  0
|   7|0x00000000e0700000, 0x00000000e0800000, 0x00000000e0800000|100%|HS|  |TAMS 0x00000000e0700000| PB 0x00000000e0700000| Complete |  0
|   8|0x00000000e0800000, 0x00000000e0800000, 0x00000000e0900000|  0%| F|  |TAMS 0x00000000e0800000| PB 0x00000000e0800000| Untracked |  0
|   9|0x00000000e0900000, 0x00000000e0900000, 0x00000000e0a00000|  0%| F|  |TAMS 0x00000000e0900000| PB 0x00000000e0900000| Untracked |  0
|  10|0x00000000e0a00000, 0x00000000e0a00000, 0x00000000e0b00000|  0%| F|  |TAMS 0x00000000e0a00000| PB 0x00000000e0a00000| Untracked |  0
|  11|0x00000000e0b00000, 0x00000000e0b00000, 0x00000000e0c00000|  0%| F|  |TAMS 0x00000000e0b00000| PB 0x00000000e0b00000| Untracked |  0
|  12|0x00000000e0c00000, 0x00000000e0c00000, 0x00000000e0d00000|  0%| F|  |TAMS 0x00000000e0c00000| PB 0x00000000e0c00000| Untracked |  0
|  13|0x00000000e0d00000, 0x00000000e0d00000, 0x00000000e0e00000|  0%| F|  |TAMS 0x00000000e0d00000| PB 0x00000000e0d00000| Untracked |  0
|  14|0x00000000e0e00000, 0x00000000e0e00000, 0x00000000e0f00000|  0%| F|  |TAMS 0x00000000e0e00000| PB 0x00000000e0e00000| Untracked |  0
|  15|0x00000000e0f00000, 0x00000000e0f00000, 0x00000000e1000000|  0%| F|  |TAMS 0x00000000e0f00000| PB 0x00000000e0f00000| Untracked |  0
|  16|0x00000000e1000000, 0x00000000e1000000, 0x00000000e1100000|  0%| F|  |TAMS 0x00000000e1000000| PB 0x00000000e1000000| Untracked |  0
|  17|0x00000000e1100000, 0x00000000e1100000, 0x00000000e1200000|  0%| F|  |TAMS 0x00000000e1100000| PB 0x00000000e1100000| Untracked |  0
|  18|0x00000000e1200000, 0x00000000e1200000, 0x00000000e1300000|  0%| F|  |TAMS 0x00000000e1200000| PB 0x00000000e1200000| Untracked |  0
|  19|0x00000000e1300000, 0x00000000e1300000, 0x00000000e1400000|  0%| F|  |TAMS 0x00000000e1300000| PB 0x00000000e1300000| Untracked |  0
|  20|0x00000000e1400000, 0x00000000e1400000, 0x00000000e1500000|  0%| F|  |TAMS 0x00000000e1400000| PB 0x00000000e1400000| Untracked |  0
|  21|0x00000000e1500000, 0x00000000e1500000, 0x00000000e1600000|  0%| F|  |TAMS 0x00000000e1500000| PB 0x00000000e1500000| Untracked |  0
|  22|0x00000000e1600000, 0x00000000e1600000, 0x00000000e1700000|  0%| F|  |TAMS 0x00000000e1600000| PB 0x00000000e1600000| Untracked |  0
|  23|0x00000000e1700000, 0x00000000e1700000, 0x00000000e1800000|  0%| F|  |TAMS 0x00000000e1700000| PB 0x00000000e1700000| Untracked |  0
|  24|0x00000000e1800000, 0x00000000e1800000, 0x00000000e1900000|  0%| F|  |TAMS 0x00000000e1800000| PB 0x00000000e1800000| Untracked |  0
|  25|0x00000000e1900000, 0x00000000e1900000, 0x00000000e1a00000|  0%| F|  |TAMS 0x00000000e1900000| PB 0x00000000e1900000| Untracked |  0
|  26|0x00000000e1a00000, 0x00000000e1a00000, 0x00000000e1b00000|  0%| F|  |TAMS 0x00000000e1a00000| PB 0x00000000e1a00000| Untracked |  0
|  27|0x00000000e1b00000, 0x00000000e1b00000, 0x00000000e1c00000|  0%| F|  |TAMS 0x00000000e1b00000| PB 0x00000000e1b00000| Untracked |  0
|  28|0x00000000e1c00000, 0x00000000e1c00000, 0x00000000e1d00000|  0%| F|  |TAMS 0x00000000e1c00000| PB 0x00000000e1c00000| Untracked |  0
|  29|0x00000000e1d00000, 0x00000000e1d00000, 0x00000000e1e00000|  0%| F|  |TAMS 0x00000000e1d00000| PB 0x00000000e1d00000| Untracked |  0
|  30|0x00000000e1e00000, 0x00000000e1e00000, 0x00000000e1f00000|  0%| F|  |TAMS 0x00000000e1e00000| PB 0x00000000e1e00000| Untracked |  0
|  31|0x00000000e1f00000, 0x00000000e1f00000, 0x00000000e2000000|  0%| F|  |TAMS 0x00000000e1f00000| PB 0x00000000e1f00000| Untracked |  0
|  32|0x00000000e2000000, 0x00000000e2000000, 0x00000000e2100000|  0%| F|  |TAMS 0x00000000e2000000| PB 0x00000000e2000000| Untracked |  0
|  33|0x00000000e2100000, 0x00000000e2100000, 0x00000000e2200000|  0%| F|  |TAMS 0x00000000e2100000| PB 0x00000000e2100000| Untracked |  0
|  34|0x00000000e2200000, 0x00000000e2200000, 0x00000000e2300000|  0%| F|  |TAMS 0x00000000e2200000| PB 0x00000000e2200000| Untracked |  0
|  35|0x00000000e2300000, 0x00000000e2300000, 0x00000000e2400000|  0%| F|  |TAMS 0x00000000e2300000| PB 0x00000000e2300000| Untracked |  0
|  36|0x00000000e2400000, 0x00000000e2400000, 0x00000000e2500000|  0%| F|  |TAMS 0x00000000e2400000| PB 0x00000000e2400000| Untracked |  0
|  37|0x00000000e2500000, 0x00000000e2500000, 0x00000000e2600000|  0%| F|  |TAMS 0x00000000e2500000| PB 0x00000000e2500000| Untracked |  0
|  38|0x00000000e2600000, 0x00000000e2600000, 0x00000000e2700000|  0%| F|  |TAMS 0x00000000e2600000| PB 0x00000000e2600000| Untracked |  0
|  39|0x00000000e2700000, 0x00000000e2700000, 0x00000000e2800000|  0%| F|  |TAMS 0x00000000e2700000| PB 0x00000000e2700000| Untracked |  0
|  40|0x00000000e2800000, 0x00000000e2800000, 0x00000000e2900000|  0%| F|  |TAMS 0x00000000e2800000| PB 0x00000000e2800000| Untracked |  0
|  41|0x00000000e2900000, 0x00000000e2900000, 0x00000000e2a00000|  0%| F|  |TAMS 0x00000000e2900000| PB 0x00000000e2900000| Untracked |  0
|  42|0x00000000e2a00000, 0x00000000e2a00000, 0x00000000e2b00000|  0%| F|  |TAMS 0x00000000e2a00000| PB 0x00000000e2a00000| Untracked |  0
|  43|0x00000000e2b00000, 0x00000000e2b00000, 0x00000000e2c00000|  0%| F|  |TAMS 0x00000000e2b00000| PB 0x00000000e2b00000| Untracked |  0
|  44|0x00000000e2c00000, 0x00000000e2c00000, 0x00000000e2d00000|  0%| F|  |TAMS 0x00000000e2c00000| PB 0x00000000e2c00000| Untracked |  0
|  45|0x00000000e2d00000, 0x00000000e2d00000, 0x00000000e2e00000|  0%| F|  |TAMS 0x00000000e2d00000| PB 0x00000000e2d00000| Untracked |  0
|  46|0x00000000e2e00000, 0x00000000e2e00000, 0x00000000e2f00000|  0%| F|  |TAMS 0x00000000e2e00000| PB 0x00000000e2e00000| Untracked |  0
|  47|0x00000000e2f00000, 0x00000000e2f00000, 0x00000000e3000000|  0%| F|  |TAMS 0x00000000e2f00000| PB 0x00000000e2f00000| Untracked |  0
|  48|0x00000000e3000000, 0x00000000e3000000, 0x00000000e3100000|  0%| F|  |TAMS 0x00000000e3000000| PB 0x00000000e3000000| Untracked |  0
|  49|0x00000000e3100000, 0x00000000e3100000, 0x00000000e3200000|  0%| F|  |TAMS 0x00000000e3100000| PB 0x00000000e3100000| Untracked |  0
|  50|0x00000000e3200000, 0x00000000e3200000, 0x00000000e3300000|  0%| F|  |TAMS 0x00000000e3200000| PB 0x00000000e3200000| Untracked |  0
|  51|0x00000000e3300000, 0x00000000e3300000, 0x00000000e3400000|  0%| F|  |TAMS 0x00000000e3300000| PB 0x00000000e3300000| Untracked |  0
|  52|0x00000000e3400000, 0x00000000e3400000, 0x00000000e3500000|  0%| F|  |TAMS 0x00000000e3400000| PB 0x00000000e3400000| Untracked |  0
|  53|0x00000000e3500000, 0x00000000e3500000, 0x00000000e3600000|  0%| F|  |TAMS 0x00000000e3500000| PB 0x00000000e3500000| Untracked |  0
|  54|0x00000000e3600000, 0x00000000e3600000, 0x00000000e3700000|  0%| F|  |TAMS 0x00000000e3600000| PB 0x00000000e3600000| Untracked |  0
|  55|0x00000000e3700000, 0x00000000e3700000, 0x00000000e3800000|  0%| F|  |TAMS 0x00000000e3700000| PB 0x00000000e3700000| Untracked |  0
|  56|0x00000000e3800000, 0x00000000e3800000, 0x00000000e3900000|  0%| F|  |TAMS 0x00000000e3800000| PB 0x00000000e3800000| Untracked |  0
|  57|0x00000000e3900000, 0x00000000e3900000, 0x00000000e3a00000|  0%| F|  |TAMS 0x00000000e3900000| PB 0x00000000e3900000| Untracked |  0
|  58|0x00000000e3a00000, 0x00000000e3a00000, 0x00000000e3b00000|  0%| F|  |TAMS 0x00000000e3a00000| PB 0x00000000e3a00000| Untracked |  0
|  59|0x00000000e3b00000, 0x00000000e3b00000, 0x00000000e3c00000|  0%| F|  |TAMS 0x00000000e3b00000| PB 0x00000000e3b00000| Untracked |  0
|  60|0x00000000e3c00000, 0x00000000e3c00000, 0x00000000e3d00000|  0%| F|  |TAMS 0x00000000e3c00000| PB 0x00000000e3c00000| Untracked |  0
|  61|0x00000000e3d00000, 0x00000000e3d00000, 0x00000000e3e00000|  0%| F|  |TAMS 0x00000000e3d00000| PB 0x00000000e3d00000| Untracked |  0
|  62|0x00000000e3e00000, 0x00000000e3e00000, 0x00000000e3f00000|  0%| F|  |TAMS 0x00000000e3e00000| PB 0x00000000e3e00000| Untracked |  0
|  63|0x00000000e3f00000, 0x00000000e3f00000, 0x00000000e4000000|  0%| F|  |TAMS 0x00000000e3f00000| PB 0x00000000e3f00000| Untracked |  0
|  64|0x00000000e4000000, 0x00000000e4000000, 0x00000000e4100000|  0%| F|  |TAMS 0x00000000e4000000| PB 0x00000000e4000000| Untracked |  0
|  65|0x00000000e4100000, 0x00000000e4100000, 0x00000000e4200000|  0%| F|  |TAMS 0x00000000e4100000| PB 0x00000000e4100000| Untracked |  0
|  66|0x00000000e4200000, 0x00000000e4200000, 0x00000000e4300000|  0%| F|  |TAMS 0x00000000e4200000| PB 0x00000000e4200000| Untracked |  0
|  67|0x00000000e4300000, 0x00000000e4300000, 0x00000000e4400000|  0%| F|  |TAMS 0x00000000e4300000| PB 0x00000000e4300000| Untracked |  0
|  68|0x00000000e4400000, 0x00000000e4400000, 0x00000000e4500000|  0%| F|  |TAMS 0x00000000e4400000| PB 0x00000000e4400000| Untracked |  0
|  69|0x00000000e4500000, 0x00000000e4500000, 0x00000000e4600000|  0%| F|  |TAMS 0x00000000e4500000| PB 0x00000000e4500000| Untracked |  0
|  70|0x00000000e4600000, 0x00000000e4600000, 0x00000000e4700000|  0%| F|  |TAMS 0x00000000e4600000| PB 0x00000000e4600000| Untracked |  0
|  71|0x00000000e4700000, 0x00000000e4700000, 0x00000000e4800000|  0%| F|  |TAMS 0x00000000e4700000| PB 0x00000000e4700000| Untracked |  0
|  72|0x00000000e4800000, 0x00000000e4800000, 0x00000000e4900000|  0%| F|  |TAMS 0x00000000e4800000| PB 0x00000000e4800000| Untracked |  0
|  73|0x00000000e4900000, 0x00000000e4900000, 0x00000000e4a00000|  0%| F|  |TAMS 0x00000000e4900000| PB 0x00000000e4900000| Untracked |  0
|  74|0x00000000e4a00000, 0x00000000e4a00000, 0x00000000e4b00000|  0%| F|  |TAMS 0x00000000e4a00000| PB 0x00000000e4a00000| Untracked |  0
|  75|0x00000000e4b00000, 0x00000000e4b00000, 0x00000000e4c00000|  0%| F|  |TAMS 0x00000000e4b00000| PB 0x00000000e4b00000| Untracked |  0
|  76|0x00000000e4c00000, 0x00000000e4c00000, 0x00000000e4d00000|  0%| F|  |TAMS 0x00000000e4c00000| PB 0x00000000e4c00000| Untracked |  0
|  77|0x00000000e4d00000, 0x00000000e4d00000, 0x00000000e4e00000|  0%| F|  |TAMS 0x00000000e4d00000| PB 0x00000000e4d00000| Untracked |  0
|  78|0x00000000e4e00000, 0x00000000e4e00000, 0x00000000e4f00000|  0%| F|  |TAMS 0x00000000e4e00000| PB 0x00000000e4e00000| Untracked |  0
|  79|0x00000000e4f00000, 0x00000000e4f00000, 0x00000000e5000000|  0%| F|  |TAMS 0x00000000e4f00000| PB 0x00000000e4f00000| Untracked |  0
|  80|0x00000000e5000000, 0x00000000e5000000, 0x00000000e5100000|  0%| F|  |TAMS 0x00000000e5000000| PB 0x00000000e5000000| Untracked |  0
|  81|0x00000000e5100000, 0x00000000e5100000, 0x00000000e5200000|  0%| F|  |TAMS 0x00000000e5100000| PB 0x00000000e5100000| Untracked |  0
|  82|0x00000000e5200000, 0x00000000e5200000, 0x00000000e5300000|  0%| F|  |TAMS 0x00000000e5200000| PB 0x00000000e5200000| Untracked |  0
|  83|0x00000000e5300000, 0x00000000e5300000, 0x00000000e5400000|  0%| F|  |TAMS 0x00000000e5300000| PB 0x00000000e5300000| Untracked |  0
|  84|0x00000000e5400000, 0x00000000e5400000, 0x00000000e5500000|  0%| F|  |TAMS 0x00000000e5400000| PB 0x00000000e5400000| Untracked |  0
|  85|0x00000000e5500000, 0x00000000e5500000, 0x00000000e5600000|  0%| F|  |TAMS 0x00000000e5500000| PB 0x00000000e5500000| Untracked |  0
|  86|0x00000000e5600000, 0x00000000e5600000, 0x00000000e5700000|  0%| F|  |TAMS 0x00000000e5600000| PB 0x00000000e5600000| Untracked |  0
|  87|0x00000000e5700000, 0x00000000e5700000, 0x00000000e5800000|  0%| F|  |TAMS 0x00000000e5700000| PB 0x00000000e5700000| Untracked |  0
|  88|0x00000000e5800000, 0x00000000e5800000, 0x00000000e5900000|  0%| F|  |TAMS 0x00000000e5800000| PB 0x00000000e5800000| Untracked |  0
|  89|0x00000000e5900000, 0x00000000e5900000, 0x00000000e5a00000|  0%| F|  |TAMS 0x00000000e5900000| PB 0x00000000e5900000| Untracked |  0
|  90|0x00000000e5a00000, 0x00000000e5a00000, 0x00000000e5b00000|  0%| F|  |TAMS 0x00000000e5a00000| PB 0x00000000e5a00000| Untracked |  0
|  91|0x00000000e5b00000, 0x00000000e5b00000, 0x00000000e5c00000|  0%| F|  |TAMS 0x00000000e5b00000| PB 0x00000000e5b00000| Untracked |  0
|  92|0x00000000e5c00000, 0x00000000e5c00000, 0x00000000e5d00000|  0%| F|  |TAMS 0x00000000e5c00000| PB 0x00000000e5c00000| Untracked |  0
|  93|0x00000000e5d00000, 0x00000000e5d00000, 0x00000000e5e00000|  0%| F|  |TAMS 0x00000000e5d00000| PB 0x00000000e5d00000| Untracked |  0
|  94|0x00000000e5e00000, 0x00000000e5e00000, 0x00000000e5f00000|  0%| F|  |TAMS 0x00000000e5e00000| PB 0x00000000e5e00000| Untracked |  0
|  95|0x00000000e5f00000, 0x00000000e5f00000, 0x00000000e6000000|  0%| F|  |TAMS 0x00000000e5f00000| PB 0x00000000e5f00000| Untracked |  0
|  96|0x00000000e6000000, 0x00000000e6000000, 0x00000000e6100000|  0%| F|  |TAMS 0x00000000e6000000| PB 0x00000000e6000000| Untracked |  0
|  97|0x00000000e6100000, 0x00000000e6100000, 0x00000000e6200000|  0%| F|  |TAMS 0x00000000e6100000| PB 0x00000000e6100000| Untracked |  0
|  98|0x00000000e6200000, 0x00000000e6200000, 0x00000000e6300000|  0%| F|  |TAMS 0x00000000e6200000| PB 0x00000000e6200000| Untracked |  0
|  99|0x00000000e6300000, 0x00000000e6300000, 0x00000000e6400000|  0%| F|  |TAMS 0x00000000e6300000| PB 0x00000000e6300000| Untracked |  0
| 100|0x00000000e6400000, 0x00000000e6400000, 0x00000000e6500000|  0%| F|  |TAMS 0x00000000e6400000| PB 0x00000000e6400000| Untracked |  0
| 101|0x00000000e6500000, 0x00000000e6500000, 0x00000000e6600000|  0%| F|  |TAMS 0x00000000e6500000| PB 0x00000000e6500000| Untracked |  0
| 102|0x00000000e6600000, 0x00000000e6600000, 0x00000000e6700000|  0%| F|  |TAMS 0x00000000e6600000| PB 0x00000000e6600000| Untracked |  0
| 103|0x00000000e6700000, 0x00000000e6700000, 0x00000000e6800000|  0%| F|  |TAMS 0x00000000e6700000| PB 0x00000000e6700000| Untracked |  0
| 104|0x00000000e6800000, 0x00000000e6800000, 0x00000000e6900000|  0%| F|  |TAMS 0x00000000e6800000| PB 0x00000000e6800000| Untracked |  0
| 105|0x00000000e6900000, 0x00000000e6900000, 0x00000000e6a00000|  0%| F|  |TAMS 0x00000000e6900000| PB 0x00000000e6900000| Untracked |  0
| 106|0x00000000e6a00000, 0x00000000e6a00000, 0x00000000e6b00000|  0%| F|  |TAMS 0x00000000e6a00000| PB 0x00000000e6a00000| Untracked |  0
| 107|0x00000000e6b00000, 0x00000000e6b00000, 0x00000000e6c00000|  0%| F|  |TAMS 0x00000000e6b00000| PB 0x00000000e6b00000| Untracked |  0
| 108|0x00000000e6c00000, 0x00000000e6c00000, 0x00000000e6d00000|  0%| F|  |TAMS 0x00000000e6c00000| PB 0x00000000e6c00000| Untracked |  0
| 109|0x00000000e6d00000, 0x00000000e6d00000, 0x00000000e6e00000|  0%| F|  |TAMS 0x00000000e6d00000| PB 0x00000000e6d00000| Untracked |  0
| 110|0x00000000e6e00000, 0x00000000e6e00000, 0x00000000e6f00000|  0%| F|  |TAMS 0x00000000e6e00000| PB 0x00000000e6e00000| Untracked |  0
| 111|0x00000000e6f00000, 0x00000000e6f00000, 0x00000000e7000000|  0%| F|  |TAMS 0x00000000e6f00000| PB 0x00000000e6f00000| Untracked |  0
| 112|0x00000000e7000000, 0x00000000e7000000, 0x00000000e7100000|  0%| F|  |TAMS 0x00000000e7000000| PB 0x00000000e7000000| Untracked |  0
| 113|0x00000000e7100000, 0x00000000e7100000, 0x00000000e7200000|  0%| F|  |TAMS 0x00000000e7100000| PB 0x00000000e7100000| Untracked |  0
| 114|0x00000000e7200000, 0x00000000e7200000, 0x00000000e7300000|  0%| F|  |TAMS 0x00000000e7200000| PB 0x00000000e7200000| Untracked |  0
| 115|0x00000000e7300000, 0x00000000e7300000, 0x00000000e7400000|  0%| F|  |TAMS 0x00000000e7300000| PB 0x00000000e7300000| Untracked |  0
| 116|0x00000000e7400000, 0x00000000e7400000, 0x00000000e7500000|  0%| F|  |TAMS 0x00000000e7400000| PB 0x00000000e7400000| Untracked |  0
| 117|0x00000000e7500000, 0x00000000e7500000, 0x00000000e7600000|  0%| F|  |TAMS 0x00000000e7500000| PB 0x00000000e7500000| Untracked |  0
| 118|0x00000000e7600000, 0x00000000e7600000, 0x00000000e7700000|  0%| F|  |TAMS 0x00000000e7600000| PB 0x00000000e7600000| Untracked |  0
| 119|0x00000000e7700000, 0x00000000e7700000, 0x00000000e7800000|  0%| F|  |TAMS 0x00000000e7700000| PB 0x00000000e7700000| Untracked |  0
| 120|0x00000000e7800000, 0x00000000e7800000, 0x00000000e7900000|  0%| F|  |TAMS 0x00000000e7800000| PB 0x00000000e7800000| Untracked |  0
| 121|0x00000000e7900000, 0x00000000e7900000, 0x00000000e7a00000|  0%| F|  |TAMS 0x00000000e7900000| PB 0x00000000e7900000| Untracked |  0
| 122|0x00000000e7a00000, 0x00000000e7a00000, 0x00000000e7b00000|  0%| F|  |TAMS 0x00000000e7a00000| PB 0x00000000e7a00000| Untracked |  0
| 123|0x00000000e7b00000, 0x00000000e7b00000, 0x00000000e7c00000|  0%| F|  |TAMS 0x00000000e7b00000| PB 0x00000000e7b00000| Untracked |  0
| 124|0x00000000e7c00000, 0x00000000e7c00000, 0x00000000e7d00000|  0%| F|  |TAMS 0x00000000e7c00000| PB 0x00000000e7c00000| Untracked |  0
| 125|0x00000000e7d00000, 0x00000000e7d00000, 0x00000000e7e00000|  0%| F|  |TAMS 0x00000000e7d00000| PB 0x00000000e7d00000| Untracked |  0
| 126|0x00000000e7e00000, 0x00000000e7e00000, 0x00000000e7f00000|  0%| F|  |TAMS 0x00000000e7e00000| PB 0x00000000e7e00000| Untracked |  0
| 127|0x00000000e7f00000, 0x00000000e7f00000, 0x00000000e8000000|  0%| F|  |TAMS 0x00000000e7f00000| PB 0x00000000e7f00000| Untracked |  0
| 128|0x00000000e8000000, 0x00000000e8000000, 0x00000000e8100000|  0%| F|  |TAMS 0x00000000e8000000| PB 0x00000000e8000000| Untracked |  0
| 129|0x00000000e8100000, 0x00000000e8100000, 0x00000000e8200000|  0%| F|  |TAMS 0x00000000e8100000| PB 0x00000000e8100000| Untracked |  0
| 130|0x00000000e8200000, 0x00000000e8200000, 0x00000000e8300000|  0%| F|  |TAMS 0x00000000e8200000| PB 0x00000000e8200000| Untracked |  0
| 131|0x00000000e8300000, 0x00000000e8300000, 0x00000000e8400000|  0%| F|  |TAMS 0x00000000e8300000| PB 0x00000000e8300000| Untracked |  0
| 132|0x00000000e8400000, 0x00000000e8400000, 0x00000000e8500000|  0%| F|  |TAMS 0x00000000e8400000| PB 0x00000000e8400000| Untracked |  0
| 133|0x00000000e8500000, 0x00000000e8500000, 0x00000000e8600000|  0%| F|  |TAMS 0x00000000e8500000| PB 0x00000000e8500000| Untracked |  0
| 134|0x00000000e8600000, 0x00000000e8600000, 0x00000000e8700000|  0%| F|  |TAMS 0x00000000e8600000| PB 0x00000000e8600000| Untracked |  0
| 135|0x00000000e8700000, 0x00000000e8700000, 0x00000000e8800000|  0%| F|  |TAMS 0x00000000e8700000| PB 0x00000000e8700000| Untracked |  0
| 136|0x00000000e8800000, 0x00000000e8800000, 0x00000000e8900000|  0%| F|  |TAMS 0x00000000e8800000| PB 0x00000000e8800000| Untracked |  0
| 137|0x00000000e8900000, 0x00000000e8900000, 0x00000000e8a00000|  0%| F|  |TAMS 0x00000000e8900000| PB 0x00000000e8900000| Untracked |  0
| 138|0x00000000e8a00000, 0x00000000e8a00000, 0x00000000e8b00000|  0%| F|  |TAMS 0x00000000e8a00000| PB 0x00000000e8a00000| Untracked |  0
| 139|0x00000000e8b00000, 0x00000000e8b00000, 0x00000000e8c00000|  0%| F|  |TAMS 0x00000000e8b00000| PB 0x00000000e8b00000| Untracked |  0
| 140|0x00000000e8c00000, 0x00000000e8c00000, 0x00000000e8d00000|  0%| F|  |TAMS 0x00000000e8c00000| PB 0x00000000e8c00000| Untracked |  0
| 141|0x00000000e8d00000, 0x00000000e8d00000, 0x00000000e8e00000|  0%| F|  |TAMS 0x00000000e8d00000| PB 0x00000000e8d00000| Untracked |  0
| 142|0x00000000e8e00000, 0x00000000e8e00000, 0x00000000e8f00000|  0%| F|  |TAMS 0x00000000e8e00000| PB 0x00000000e8e00000| Untracked |  0
| 143|0x00000000e8f00000, 0x00000000e8f00000, 0x00000000e9000000|  0%| F|  |TAMS 0x00000000e8f00000| PB 0x00000000e8f00000| Untracked |  0
| 144|0x00000000e9000000, 0x00000000e9100000, 0x00000000e9100000|100%| E|  |TAMS 0x00000000e9000000| PB 0x00000000e9000000| Complete |  0
| 145|0x00000000e9100000, 0x00000000e9200000, 0x00000000e9200000|100%| E|CS|TAMS 0x00000000e9100000| PB 0x00000000e9100000| Complete |  0
| 146|0x00000000e9200000, 0x00000000e9300000, 0x00000000e9300000|100%| E|CS|TAMS 0x00000000e9200000| PB 0x00000000e9200000| Complete |  0
| 147|0x00000000e9300000, 0x00000000e9400000, 0x00000000e9400000|100%| E|CS|TAMS 0x00000000e9300000| PB 0x00000000e9300000| Complete |  0
| 148|0x00000000e9400000, 0x00000000e9500000, 0x00000000e9500000|100%| E|CS|TAMS 0x00000000e9400000| PB 0x00000000e9400000| Complete |  0
| 149|0x00000000e9500000, 0x00000000e9600000, 0x00000000e9600000|100%| E|CS|TAMS 0x00000000e9500000| PB 0x00000000e9500000| Complete |  0
| 150|0x00000000e9600000, 0x00000000e9700000, 0x00000000e9700000|100%| E|CS|TAMS 0x00000000e9600000| PB 0x00000000e9600000| Complete |  0
| 151|0x00000000e9700000, 0x00000000e9800000, 0x00000000e9800000|100%| E|CS|TAMS 0x00000000e9700000| PB 0x00000000e9700000| Complete |  0
| 152|0x00000000e9800000, 0x00000000e9900000, 0x00000000e9900000|100%| E|CS|TAMS 0x00000000e9800000| PB 0x00000000e9800000| Complete |  0
| 153|0x00000000e9900000, 0x00000000e9a00000, 0x00000000e9a00000|100%| E|CS|TAMS 0x00000000e9900000| PB 0x00000000e9900000| Complete |  0
| 154|0x00000000e9a00000, 0x00000000e9b00000, 0x00000000e9b00000|100%| E|CS|TAMS 0x00000000e9a00000| PB 0x00000000e9a00000| Complete |  0
| 155|0x00000000e9b00000, 0x00000000e9c00000, 0x00000000e9c00000|100%| E|CS|TAMS 0x00000000e9b00000| PB 0x00000000e9b00000| Complete |  0
| 156|0x00000000e9c00000, 0x00000000e9d00000, 0x00000000e9d00000|100%| E|CS|TAMS 0x00000000e9c00000| PB 0x00000000e9c00000| Complete |  0
| 157|0x00000000e9d00000, 0x00000000e9e00000, 0x00000000e9e00000|100%| E|CS|TAMS 0x00000000e9d00000| PB 0x00000000e9d00000| Complete |  0
| 158|0x00000000e9e00000, 0x00000000e9f00000, 0x00000000e9f00000|100%| E|CS|TAMS 0x00000000e9e00000| PB 0x00000000e9e00000| Complete |  0
| 159|0x00000000e9f00000, 0x00000000ea000000, 0x00000000ea000000|100%| E|CS|TAMS 0x00000000e9f00000| PB 0x00000000e9f00000| Complete |  0
| 160|0x00000000ea000000, 0x00000000ea100000, 0x00000000ea100000|100%| E|CS|TAMS 0x00000000ea000000| PB 0x00000000ea000000| Complete |  0
| 161|0x00000000ea100000, 0x00000000ea200000, 0x00000000ea200000|100%| E|CS|TAMS 0x00000000ea100000| PB 0x00000000ea100000| Complete |  0
| 162|0x00000000ea200000, 0x00000000ea300000, 0x00000000ea300000|100%| E|CS|TAMS 0x00000000ea200000| PB 0x00000000ea200000| Complete |  0
| 163|0x00000000ea300000, 0x00000000ea400000, 0x00000000ea400000|100%| E|CS|TAMS 0x00000000ea300000| PB 0x00000000ea300000| Complete |  0
| 164|0x00000000ea400000, 0x00000000ea500000, 0x00000000ea500000|100%| E|CS|TAMS 0x00000000ea400000| PB 0x00000000ea400000| Complete |  0
| 165|0x00000000ea500000, 0x00000000ea600000, 0x00000000ea600000|100%| E|CS|TAMS 0x00000000ea500000| PB 0x00000000ea500000| Complete |  0
| 166|0x00000000ea600000, 0x00000000ea700000, 0x00000000ea700000|100%| E|CS|TAMS 0x00000000ea600000| PB 0x00000000ea600000| Complete |  0
| 167|0x00000000ea700000, 0x00000000ea800000, 0x00000000ea800000|100%| E|CS|TAMS 0x00000000ea700000| PB 0x00000000ea700000| Complete |  0
| 168|0x00000000ea800000, 0x00000000ea900000, 0x00000000ea900000|100%| E|CS|TAMS 0x00000000ea800000| PB 0x00000000ea800000| Complete |  0
| 169|0x00000000ea900000, 0x00000000eaa00000, 0x00000000eaa00000|100%| E|CS|TAMS 0x00000000ea900000| PB 0x00000000ea900000| Complete |  0
| 170|0x00000000eaa00000, 0x00000000eab00000, 0x00000000eab00000|100%| E|CS|TAMS 0x00000000eaa00000| PB 0x00000000eaa00000| Complete |  0
| 171|0x00000000eab00000, 0x00000000eac00000, 0x00000000eac00000|100%| E|CS|TAMS 0x00000000eab00000| PB 0x00000000eab00000| Complete |  0
| 172|0x00000000eac00000, 0x00000000ead00000, 0x00000000ead00000|100%| E|CS|TAMS 0x00000000eac00000| PB 0x00000000eac00000| Complete |  0
| 173|0x00000000ead00000, 0x00000000eae00000, 0x00000000eae00000|100%| E|CS|TAMS 0x00000000ead00000| PB 0x00000000ead00000| Complete |  0
| 174|0x00000000eae00000, 0x00000000eaf00000, 0x00000000eaf00000|100%| E|CS|TAMS 0x00000000eae00000| PB 0x00000000eae00000| Complete |  0
| 175|0x00000000eaf00000, 0x00000000eb000000, 0x00000000eb000000|100%| E|CS|TAMS 0x00000000eaf00000| PB 0x00000000eaf00000| Complete |  0
| 176|0x00000000eb000000, 0x00000000eb100000, 0x00000000eb100000|100%| E|CS|TAMS 0x00000000eb000000| PB 0x00000000eb000000| Complete |  0
| 177|0x00000000eb100000, 0x00000000eb200000, 0x00000000eb200000|100%| E|CS|TAMS 0x00000000eb100000| PB 0x00000000eb100000| Complete |  0
| 178|0x00000000eb200000, 0x00000000eb300000, 0x00000000eb300000|100%| E|CS|TAMS 0x00000000eb200000| PB 0x00000000eb200000| Complete |  0
| 179|0x00000000eb300000, 0x00000000eb400000, 0x00000000eb400000|100%| E|CS|TAMS 0x00000000eb300000| PB 0x00000000eb300000| Complete |  0
| 180|0x00000000eb400000, 0x00000000eb500000, 0x00000000eb500000|100%| E|CS|TAMS 0x00000000eb400000| PB 0x00000000eb400000| Complete |  0
| 181|0x00000000eb500000, 0x00000000eb600000, 0x00000000eb600000|100%| E|CS|TAMS 0x00000000eb500000| PB 0x00000000eb500000| Complete |  0
| 182|0x00000000eb600000, 0x00000000eb700000, 0x00000000eb700000|100%| E|CS|TAMS 0x00000000eb600000| PB 0x00000000eb600000| Complete |  0
| 183|0x00000000eb700000, 0x00000000eb800000, 0x00000000eb800000|100%| E|CS|TAMS 0x00000000eb700000| PB 0x00000000eb700000| Complete |  0
| 184|0x00000000eb800000, 0x00000000eb900000, 0x00000000eb900000|100%| E|CS|TAMS 0x00000000eb800000| PB 0x00000000eb800000| Complete |  0
| 185|0x00000000eb900000, 0x00000000eba00000, 0x00000000eba00000|100%| E|CS|TAMS 0x00000000eb900000| PB 0x00000000eb900000| Complete |  0
| 186|0x00000000eba00000, 0x00000000ebb00000, 0x00000000ebb00000|100%| E|CS|TAMS 0x00000000eba00000| PB 0x00000000eba00000| Complete |  0
| 187|0x00000000ebb00000, 0x00000000ebc00000, 0x00000000ebc00000|100%| E|CS|TAMS 0x00000000ebb00000| PB 0x00000000ebb00000| Complete |  0
| 188|0x00000000ebc00000, 0x00000000ebd00000, 0x00000000ebd00000|100%| E|CS|TAMS 0x00000000ebc00000| PB 0x00000000ebc00000| Complete |  0
| 189|0x00000000ebd00000, 0x00000000ebe00000, 0x00000000ebe00000|100%| E|CS|TAMS 0x00000000ebd00000| PB 0x00000000ebd00000| Complete |  0
| 190|0x00000000ebe00000, 0x00000000ebf00000, 0x00000000ebf00000|100%| E|CS|TAMS 0x00000000ebe00000| PB 0x00000000ebe00000| Complete |  0
| 191|0x00000000ebf00000, 0x00000000ec000000, 0x00000000ec000000|100%| E|CS|TAMS 0x00000000ebf00000| PB 0x00000000ebf00000| Complete |  0
| 192|0x00000000ec000000, 0x00000000ec100000, 0x00000000ec100000|100%| E|CS|TAMS 0x00000000ec000000| PB 0x00000000ec000000| Complete |  0
| 193|0x00000000ec100000, 0x00000000ec200000, 0x00000000ec200000|100%| E|CS|TAMS 0x00000000ec100000| PB 0x00000000ec100000| Complete |  0
| 194|0x00000000ec200000, 0x00000000ec300000, 0x00000000ec300000|100%| E|CS|TAMS 0x00000000ec200000| PB 0x00000000ec200000| Complete |  0
| 195|0x00000000ec300000, 0x00000000ec400000, 0x00000000ec400000|100%| E|CS|TAMS 0x00000000ec300000| PB 0x00000000ec300000| Complete |  0
| 196|0x00000000ec400000, 0x00000000ec500000, 0x00000000ec500000|100%| E|CS|TAMS 0x00000000ec400000| PB 0x00000000ec400000| Complete |  0
| 197|0x00000000ec500000, 0x00000000ec600000, 0x00000000ec600000|100%| E|CS|TAMS 0x00000000ec500000| PB 0x00000000ec500000| Complete |  0
| 198|0x00000000ec600000, 0x00000000ec700000, 0x00000000ec700000|100%| E|CS|TAMS 0x00000000ec600000| PB 0x00000000ec600000| Complete |  0
| 199|0x00000000ec700000, 0x00000000ec800000, 0x00000000ec800000|100%| E|CS|TAMS 0x00000000ec700000| PB 0x00000000ec700000| Complete |  0
| 200|0x00000000ec800000, 0x00000000ec900000, 0x00000000ec900000|100%| E|CS|TAMS 0x00000000ec800000| PB 0x00000000ec800000| Complete |  0
| 201|0x00000000ec900000, 0x00000000eca00000, 0x00000000eca00000|100%| E|CS|TAMS 0x00000000ec900000| PB 0x00000000ec900000| Complete |  0
| 202|0x00000000eca00000, 0x00000000ecb00000, 0x00000000ecb00000|100%| E|CS|TAMS 0x00000000eca00000| PB 0x00000000eca00000| Complete |  0
| 203|0x00000000ecb00000, 0x00000000ecc00000, 0x00000000ecc00000|100%| E|CS|TAMS 0x00000000ecb00000| PB 0x00000000ecb00000| Complete |  0
| 204|0x00000000ecc00000, 0x00000000ecd00000, 0x00000000ecd00000|100%| E|CS|TAMS 0x00000000ecc00000| PB 0x00000000ecc00000| Complete |  0
| 205|0x00000000ecd00000, 0x00000000ece00000, 0x00000000ece00000|100%| E|CS|TAMS 0x00000000ecd00000| PB 0x00000000ecd00000| Complete |  0
| 206|0x00000000ece00000, 0x00000000ecf00000, 0x00000000ecf00000|100%| E|  |TAMS 0x00000000ece00000| PB 0x00000000ece00000| Complete |  0
| 207|0x00000000ecf00000, 0x00000000ed000000, 0x00000000ed000000|100%| E|CS|TAMS 0x00000000ecf00000| PB 0x00000000ecf00000| Complete |  0
| 208|0x00000000ed000000, 0x00000000ed100000, 0x00000000ed100000|100%| E|CS|TAMS 0x00000000ed000000| PB 0x00000000ed000000| Complete |  0
| 209|0x00000000ed100000, 0x00000000ed200000, 0x00000000ed200000|100%| E|CS|TAMS 0x00000000ed100000| PB 0x00000000ed100000| Complete |  0
| 210|0x00000000ed200000, 0x00000000ed300000, 0x00000000ed300000|100%| E|CS|TAMS 0x00000000ed200000| PB 0x00000000ed200000| Complete |  0
| 211|0x00000000ed300000, 0x00000000ed400000, 0x00000000ed400000|100%| E|CS|TAMS 0x00000000ed300000| PB 0x00000000ed300000| Complete |  0
| 212|0x00000000ed400000, 0x00000000ed500000, 0x00000000ed500000|100%| E|CS|TAMS 0x00000000ed400000| PB 0x00000000ed400000| Complete |  0
| 213|0x00000000ed500000, 0x00000000ed600000, 0x00000000ed600000|100%| E|CS|TAMS 0x00000000ed500000| PB 0x00000000ed500000| Complete |  0
| 214|0x00000000ed600000, 0x00000000ed700000, 0x00000000ed700000|100%| E|CS|TAMS 0x00000000ed600000| PB 0x00000000ed600000| Complete |  0
| 215|0x00000000ed700000, 0x00000000ed800000, 0x00000000ed800000|100%| E|CS|TAMS 0x00000000ed700000| PB 0x00000000ed700000| Complete |  0
| 216|0x00000000ed800000, 0x00000000ed900000, 0x00000000ed900000|100%| E|CS|TAMS 0x00000000ed800000| PB 0x00000000ed800000| Complete |  0
| 217|0x00000000ed900000, 0x00000000eda00000, 0x00000000eda00000|100%| E|CS|TAMS 0x00000000ed900000| PB 0x00000000ed900000| Complete |  0
| 218|0x00000000eda00000, 0x00000000edb00000, 0x00000000edb00000|100%| E|CS|TAMS 0x00000000eda00000| PB 0x00000000eda00000| Complete |  0
| 219|0x00000000edb00000, 0x00000000edc00000, 0x00000000edc00000|100%| E|CS|TAMS 0x00000000edb00000| PB 0x00000000edb00000| Complete |  0
| 220|0x00000000edc00000, 0x00000000edd00000, 0x00000000edd00000|100%| E|CS|TAMS 0x00000000edc00000| PB 0x00000000edc00000| Complete |  0
| 221|0x00000000edd00000, 0x00000000ede00000, 0x00000000ede00000|100%| E|CS|TAMS 0x00000000edd00000| PB 0x00000000edd00000| Complete |  0
| 222|0x00000000ede00000, 0x00000000edf00000, 0x00000000edf00000|100%| E|CS|TAMS 0x00000000ede00000| PB 0x00000000ede00000| Complete |  0
| 223|0x00000000edf00000, 0x00000000ee000000, 0x00000000ee000000|100%| E|CS|TAMS 0x00000000edf00000| PB 0x00000000edf00000| Complete |  0
| 224|0x00000000ee000000, 0x00000000ee100000, 0x00000000ee100000|100%| S|CS|TAMS 0x00000000ee000000| PB 0x00000000ee000000| Complete |  0
| 225|0x00000000ee100000, 0x00000000ee200000, 0x00000000ee200000|100%| S|CS|TAMS 0x00000000ee100000| PB 0x00000000ee100000| Complete |  0
| 226|0x00000000ee200000, 0x00000000ee300000, 0x00000000ee300000|100%| S|CS|TAMS 0x00000000ee200000| PB 0x00000000ee200000| Complete |  0
| 227|0x00000000ee300000, 0x00000000ee400000, 0x00000000ee400000|100%| S|CS|TAMS 0x00000000ee300000| PB 0x00000000ee300000| Complete |  0
| 228|0x00000000ee400000, 0x00000000ee500000, 0x00000000ee500000|100%| E|CS|TAMS 0x00000000ee400000| PB 0x00000000ee400000| Complete |  0
| 229|0x00000000ee500000, 0x00000000ee600000, 0x00000000ee600000|100%| E|CS|TAMS 0x00000000ee500000| PB 0x00000000ee500000| Complete |  0
| 230|0x00000000ee600000, 0x00000000ee700000, 0x00000000ee700000|100%| E|CS|TAMS 0x00000000ee600000| PB 0x00000000ee600000| Complete |  0
| 231|0x00000000ee700000, 0x00000000ee800000, 0x00000000ee800000|100%| E|CS|TAMS 0x00000000ee700000| PB 0x00000000ee700000| Complete |  0
| 232|0x00000000ee800000, 0x00000000ee900000, 0x00000000ee900000|100%| E|CS|TAMS 0x00000000ee800000| PB 0x00000000ee800000| Complete |  0
| 233|0x00000000ee900000, 0x00000000eea00000, 0x00000000eea00000|100%| E|CS|TAMS 0x00000000ee900000| PB 0x00000000ee900000| Complete |  0
| 234|0x00000000eea00000, 0x00000000eeb00000, 0x00000000eeb00000|100%| E|CS|TAMS 0x00000000eea00000| PB 0x00000000eea00000| Complete |  0
| 235|0x00000000eeb00000, 0x00000000eec00000, 0x00000000eec00000|100%| E|CS|TAMS 0x00000000eeb00000| PB 0x00000000eeb00000| Complete |  0
| 236|0x00000000eec00000, 0x00000000eed00000, 0x00000000eed00000|100%| E|CS|TAMS 0x00000000eec00000| PB 0x00000000eec00000| Complete |  0
| 237|0x00000000eed00000, 0x00000000eee00000, 0x00000000eee00000|100%| E|CS|TAMS 0x00000000eed00000| PB 0x00000000eed00000| Complete |  0
| 238|0x00000000eee00000, 0x00000000eef00000, 0x00000000eef00000|100%| E|CS|TAMS 0x00000000eee00000| PB 0x00000000eee00000| Complete |  0
| 239|0x00000000eef00000, 0x00000000ef000000, 0x00000000ef000000|100%| E|CS|TAMS 0x00000000eef00000| PB 0x00000000eef00000| Complete |  0
| 240|0x00000000ef000000, 0x00000000ef100000, 0x00000000ef100000|100%| E|CS|TAMS 0x00000000ef000000| PB 0x00000000ef000000| Complete |  0
| 241|0x00000000ef100000, 0x00000000ef200000, 0x00000000ef200000|100%| E|CS|TAMS 0x00000000ef100000| PB 0x00000000ef100000| Complete |  0
| 242|0x00000000ef200000, 0x00000000ef300000, 0x00000000ef300000|100%| E|CS|TAMS 0x00000000ef200000| PB 0x00000000ef200000| Complete |  0
| 243|0x00000000ef300000, 0x00000000ef400000, 0x00000000ef400000|100%| E|CS|TAMS 0x00000000ef300000| PB 0x00000000ef300000| Complete |  0
| 244|0x00000000ef400000, 0x00000000ef500000, 0x00000000ef500000|100%| E|CS|TAMS 0x00000000ef400000| PB 0x00000000ef400000| Complete |  0
| 245|0x00000000ef500000, 0x00000000ef600000, 0x00000000ef600000|100%| E|CS|TAMS 0x00000000ef500000| PB 0x00000000ef500000| Complete |  0
| 246|0x00000000ef600000, 0x00000000ef700000, 0x00000000ef700000|100%| E|CS|TAMS 0x00000000ef600000| PB 0x00000000ef600000| Complete |  0
| 247|0x00000000ef700000, 0x00000000ef800000, 0x00000000ef800000|100%| E|CS|TAMS 0x00000000ef700000| PB 0x00000000ef700000| Complete |  0
| 248|0x00000000ef800000, 0x00000000ef900000, 0x00000000ef900000|100%| E|CS|TAMS 0x00000000ef800000| PB 0x00000000ef800000| Complete |  0
| 249|0x00000000ef900000, 0x00000000efa00000, 0x00000000efa00000|100%| E|CS|TAMS 0x00000000ef900000| PB 0x00000000ef900000| Complete |  0
| 250|0x00000000efa00000, 0x00000000efb00000, 0x00000000efb00000|100%| E|CS|TAMS 0x00000000efa00000| PB 0x00000000efa00000| Complete |  0
| 251|0x00000000efb00000, 0x00000000efc00000, 0x00000000efc00000|100%| E|CS|TAMS 0x00000000efb00000| PB 0x00000000efb00000| Complete |  0
| 252|0x00000000efc00000, 0x00000000efd00000, 0x00000000efd00000|100%| E|CS|TAMS 0x00000000efc00000| PB 0x00000000efc00000| Complete |  0
| 253|0x00000000efd00000, 0x00000000efe00000, 0x00000000efe00000|100%| E|CS|TAMS 0x00000000efd00000| PB 0x00000000efd00000| Complete |  0
| 254|0x00000000efe00000, 0x00000000eff00000, 0x00000000eff00000|100%| E|CS|TAMS 0x00000000efe00000| PB 0x00000000efe00000| Complete |  0
| 255|0x00000000eff00000, 0x00000000f0000000, 0x00000000f0000000|100%| E|CS|TAMS 0x00000000eff00000| PB 0x00000000eff00000| Complete |  0

Card table byte_map: [0x00000180e0e50000,0x00000180e0f50000] _byte_map_base: 0x00000180e0750000

Marking Bits: (CMBitMap*) 0x00000180c7c292d0
 Bits: [0x00000180e0f50000, 0x00000180e1750000)

Polling page: 0x00000180c7cd0000

Metaspace:

Usage:
  Non-class:     12.83 MB used.
      Class:      2.05 MB used.
       Both:     14.88 MB used.

Virtual space:
  Non-class space:       64.00 MB reserved,      13.06 MB ( 20%) committed,  1 nodes.
      Class space:      320.00 MB reserved,       2.25 MB ( <1%) committed,  1 nodes.
             Both:      384.00 MB reserved,      15.31 MB (  4%) committed. 

Chunk freelists:
   Non-Class:  2.83 MB
       Class:  13.75 MB
        Both:  16.58 MB

MaxMetaspaceSize: 384.00 MB
CompressedClassSpaceSize: 320.00 MB
Initial GC threshold: 21.00 MB
Current GC threshold: 21.00 MB
CDS: on
 - commit_granule_bytes: 65536.
 - commit_granule_words: 8192.
 - virtual_space_node_default_size: 8388608.
 - enlarge_chunks_in_place: 1.
 - use_allocation_guard: 0.


Internal statistics:

num_allocs_failed_limit: 0.
num_arena_births: 538.
num_arena_deaths: 0.
num_vsnodes_births: 2.
num_vsnodes_deaths: 0.
num_space_committed: 245.
num_space_uncommitted: 0.
num_chunks_returned_to_freelist: 0.
num_chunks_taken_from_freelist: 1041.
num_chunk_merges: 0.
num_chunk_splits: 676.
num_chunks_enlarged: 483.
num_inconsistent_stats: 0.

CodeHeap 'non-profiled nmethods': size=120000Kb used=1240Kb max_used=1240Kb free=118759Kb
 bounds [0x00000180d91f0000, 0x00000180d9460000, 0x00000180e0720000]
CodeHeap 'profiled nmethods': size=120000Kb used=5428Kb max_used=5428Kb free=114572Kb
 bounds [0x00000180d1720000, 0x00000180d1c70000, 0x00000180d8c50000]
CodeHeap 'non-nmethods': size=5760Kb used=1488Kb max_used=1503Kb free=4271Kb
 bounds [0x00000180d8c50000, 0x00000180d8ec0000, 0x00000180d91f0000]
 total_blobs=3256 nmethods=2689 adapters=471
 compilation: enabled
              stopped_count=0, restarted_count=0
 full_count=0

Compilation events (20 events):
Event: 10.352 Thread 0x00000180fd010440 2684       3       java.lang.invoke.MemberName::getFactory (4 bytes)
Event: 10.352 Thread 0x00000180fd010440 nmethod 2684 0x00000180d1c62b10 code [0x00000180d1c62ca0, 0x00000180d1c62d98]
Event: 10.373 Thread 0x00000180fd010440 2685       3       jdk.internal.reflect.MethodHandleAccessorFactory::useNativeAccessor (74 bytes)
Event: 10.374 Thread 0x00000180fd010440 nmethod 2685 0x00000180d1c62e10 code [0x00000180d1c63060, 0x00000180d1c63880]
Event: 10.388 Thread 0x00000180fd010440 2686   !   3       java.lang.invoke.LambdaForm::lambdaName (49 bytes)
Event: 10.389 Thread 0x00000180fd010440 nmethod 2686 0x00000180d1c63b10 code [0x00000180d1c63ca0, 0x00000180d1c63dc8]
Event: 10.389 Thread 0x00000180fd010440 2687       3       java.lang.invoke.InvokerBytecodeGenerator::classFilePrologue (64 bytes)
Event: 10.389 Thread 0x00000180fd010440 nmethod 2687 0x00000180d1c63e90 code [0x00000180d1c640e0, 0x00000180d1c648a8]
Event: 10.406 Thread 0x00000180fd010440 2688       3       java.lang.invoke.InvokerBytecodeGenerator::addMethod (737 bytes)
Event: 10.408 Thread 0x00000180fd010440 nmethod 2688 0x00000180d1c64b90 code [0x00000180d1c65100, 0x00000180d1c67560]
Event: 10.411 Thread 0x00000180fd010440 2689       3       java.lang.invoke.InvokerBytecodeGenerator::clinit (351 bytes)
Event: 10.412 Thread 0x00000180fd010440 nmethod 2689 0x00000180d1c68190 code [0x00000180d1c68660, 0x00000180d1c6a9f0]
Event: 10.412 Thread 0x00000180fd010440 2693       3       java.lang.invoke.LambdaForm$Name::withConstraint (20 bytes)
Event: 10.413 Thread 0x00000180fd010440 nmethod 2693 0x00000180d1c6b410 code [0x00000180d1c6b5c0, 0x00000180d1c6b7d8]
Event: 10.413 Thread 0x00000180fd010440 2692       3       java.lang.invoke.BoundMethodHandle::speciesDataFor (34 bytes)
Event: 10.413 Thread 0x00000180fd010440 nmethod 2692 0x00000180d1c6b890 code [0x00000180d1c6ba40, 0x00000180d1c6bd88]
Event: 10.413 Thread 0x00000180fd010440 2690       3       java.lang.invoke.InvokerBytecodeGenerator::bogusMethod (77 bytes)
Event: 10.413 Thread 0x00000180fd010440 nmethod 2690 0x00000180d1c6be90 code [0x00000180d1c6c0c0, 0x00000180d1c6c858]
Event: 10.413 Thread 0x00000180fd010440 2691   !   3       java.lang.invoke.InvokerBytecodeGenerator::toByteArray (18 bytes)
Event: 10.413 Thread 0x00000180fd010440 nmethod 2691 0x00000180d1c6ca90 code [0x00000180d1c6cc40, 0x00000180d1c6cea8]

GC Heap History (4 events):
Event: 0.627 GC heap before
{Heap before GC invocations=0 (full 0):
 garbage-first heap   total reserved 524288K, committed 262144K, used 13312K [0x00000000e0000000, 0x0000000100000000)
  region size 1024K, 14 young (14336K), 0 survivors (0K)
 Metaspace       used 815K, committed 960K, reserved 393216K
  class space    used 67K, committed 128K, reserved 327680K
}
Event: 0.633 GC heap after
{Heap after GC invocations=1 (full 0):
 garbage-first heap   total reserved 524288K, committed 262144K, used 1280K [0x00000000e0000000, 0x0000000100000000)
  region size 1024K, 2 young (2048K), 2 survivors (2048K)
 Metaspace       used 815K, committed 960K, reserved 393216K
  class space    used 67K, committed 128K, reserved 327680K
}
Event: 3.120 GC heap before
{Heap before GC invocations=1 (full 0):
 garbage-first heap   total reserved 524288K, committed 262144K, used 29952K [0x00000000e0000000, 0x0000000100000000)
  region size 1024K, 28 young (28672K), 2 survivors (2048K)
 Metaspace       used 4056K, committed 4288K, reserved 393216K
  class space    used 509K, committed 640K, reserved 327680K
}
Event: 3.126 GC heap after
{Heap after GC invocations=2 (full 0):
 garbage-first heap   total reserved 524288K, committed 262144K, used 9920K [0x00000000e0000000, 0x0000000100000000)
  region size 1024K, 4 young (4096K), 4 survivors (4096K)
 Metaspace       used 4056K, committed 4288K, reserved 393216K
  class space    used 509K, committed 640K, reserved 327680K
}

Dll operation events (15 events):
Event: 0.039 Loaded shared library C:\Users\ASUS\.jdks\openjdk-22.0.2\bin\java.dll
Event: 0.091 Loaded shared library C:\Users\ASUS\.jdks\openjdk-22.0.2\bin\jsvml.dll
Event: 0.232 Loaded shared library C:\Users\ASUS\.jdks\openjdk-22.0.2\bin\zip.dll
Event: 0.240 Loaded shared library C:\Users\ASUS\.jdks\openjdk-22.0.2\bin\instrument.dll
Event: 0.246 Loaded shared library C:\Users\ASUS\.jdks\openjdk-22.0.2\bin\net.dll
Event: 0.250 Loaded shared library C:\Users\ASUS\.jdks\openjdk-22.0.2\bin\nio.dll
Event: 0.258 Loaded shared library C:\Users\ASUS\.jdks\openjdk-22.0.2\bin\zip.dll
Event: 0.699 Loaded shared library C:\Users\ASUS\.jdks\openjdk-22.0.2\bin\jimage.dll
Event: 1.212 Loaded shared library C:\Users\ASUS\.jdks\openjdk-22.0.2\bin\verify.dll
Event: 2.215 Loaded shared library C:\Users\ASUS\.gradle\native\c067742578af261105cb4f569cf0c3c89f3d7b1fecec35dd04571415982c5e48\windows-amd64\native-platform.dll
Event: 2.225 Loaded shared library C:\Users\ASUS\.gradle\native\100fb08df4bc3b14c8652ba06237920a3bd2aa13389f12d3474272988ae205f9\windows-amd64\native-platform-file-events.dll
Event: 6.299 Loaded shared library C:\Users\ASUS\.jdks\openjdk-22.0.2\bin\management.dll
Event: 6.328 Loaded shared library C:\Users\ASUS\.jdks\openjdk-22.0.2\bin\management_ext.dll
Event: 7.134 Loaded shared library C:\Users\ASUS\.jdks\openjdk-22.0.2\bin\extnet.dll
Event: 7.543 Loaded shared library C:\Users\ASUS\.jdks\openjdk-22.0.2\bin\sunmscapi.dll

Deoptimization events (20 events):
Event: 9.349 Thread 0x00000180feaffd10 Uncommon trap: trap_request=0xffffffde fr.pc=0x00000180d92b8b90 relative=0x0000000000000330
Event: 9.349 Thread 0x00000180feaffd10 Uncommon trap: reason=class_check action=maybe_recompile pc=0x00000180d92b8b90 method=java.util.regex.Pattern$BmpCharPropertyGreedy.match(Ljava/util/regex/Matcher;ILjava/lang/CharSequence;)Z @ 26 c2
Event: 9.349 Thread 0x00000180feaffd10 DEOPT PACKING pc=0x00000180d92b8b90 sp=0x0000007b84dfc4a0
Event: 9.349 Thread 0x00000180feaffd10 DEOPT UNPACKING pc=0x00000180d8ca46a2 sp=0x0000007b84dfc438 mode 2
Event: 9.350 Thread 0x00000180feaffd10 Uncommon trap: trap_request=0xffffffde fr.pc=0x00000180d92b8b90 relative=0x0000000000000330
Event: 9.350 Thread 0x00000180feaffd10 Uncommon trap: reason=class_check action=maybe_recompile pc=0x00000180d92b8b90 method=java.util.regex.Pattern$BmpCharPropertyGreedy.match(Ljava/util/regex/Matcher;ILjava/lang/CharSequence;)Z @ 26 c2
Event: 9.350 Thread 0x00000180feaffd10 DEOPT PACKING pc=0x00000180d92b8b90 sp=0x0000007b84dfc3f0
Event: 9.350 Thread 0x00000180feaffd10 DEOPT UNPACKING pc=0x00000180d8ca46a2 sp=0x0000007b84dfc3a8 mode 2
Event: 9.813 Thread 0x00000180feaffd10 Uncommon trap: trap_request=0xffffff45 fr.pc=0x00000180d9281b30 relative=0x0000000000000170
Event: 9.813 Thread 0x00000180feaffd10 Uncommon trap: reason=unstable_if action=reinterpret pc=0x00000180d9281b30 method=java.util.regex.Matcher.reset()Ljava/util/regex/Matcher; @ 47 c2
Event: 9.813 Thread 0x00000180feaffd10 DEOPT PACKING pc=0x00000180d9281b30 sp=0x0000007b84dfafe0
Event: 9.813 Thread 0x00000180feaffd10 DEOPT UNPACKING pc=0x00000180d8ca46a2 sp=0x0000007b84dfaf70 mode 2
Event: 10.414 Thread 0x00000180feaffd10 Uncommon trap: trap_request=0xffffff45 fr.pc=0x00000180d9211e2c relative=0x0000000000000bcc
Event: 10.414 Thread 0x00000180feaffd10 Uncommon trap: reason=unstable_if action=reinterpret pc=0x00000180d9211e2c method=java.io.WinNTFileSystem.resolve(Ljava/lang/String;Ljava/lang/String;)Ljava/lang/String; @ 42 c2
Event: 10.414 Thread 0x00000180feaffd10 DEOPT PACKING pc=0x00000180d9211e2c sp=0x0000007b84dfb830
Event: 10.414 Thread 0x00000180feaffd10 DEOPT UNPACKING pc=0x00000180d8ca46a2 sp=0x0000007b84dfb7c8 mode 2
Event: 10.416 Thread 0x00000180feaffd10 Uncommon trap: trap_request=0xffffff45 fr.pc=0x00000180d92807c8 relative=0x0000000000000608
Event: 10.416 Thread 0x00000180feaffd10 Uncommon trap: reason=unstable_if action=reinterpret pc=0x00000180d92807c8 method=java.io.File.getName()Ljava/lang/String; @ 16 c2
Event: 10.416 Thread 0x00000180feaffd10 DEOPT PACKING pc=0x00000180d92807c8 sp=0x0000007b84dfb810
Event: 10.416 Thread 0x00000180feaffd10 DEOPT UNPACKING pc=0x00000180d8ca46a2 sp=0x0000007b84dfb7e0 mode 2

Classes loaded (20 events):
Event: 9.400 Loading class java/util/concurrent/ArrayBlockingQueue
Event: 9.401 Loading class java/util/concurrent/ArrayBlockingQueue done
Event: 9.401 Loading class java/util/concurrent/locks/ReentrantLock$FairSync
Event: 9.401 Loading class java/util/concurrent/locks/ReentrantLock$FairSync done
Event: 9.406 Loading class sun/misc/Unsafe
Event: 9.406 Loading class sun/misc/Unsafe done
Event: 9.415 Loading class java/net/DatagramPacket
Event: 9.415 Loading class java/net/DatagramPacket done
Event: 9.434 Loading class sun/nio/ch/DatagramChannelImpl$DatagramPackets
Event: 9.434 Loading class sun/nio/ch/DatagramChannelImpl$DatagramPackets done
Event: 10.288 Loading class sun/security/provider/MD5
Event: 10.289 Loading class sun/security/provider/MD5 done
Event: 10.289 Loading class sun/security/provider/SHA5$SHA512
Event: 10.294 Loading class sun/security/provider/SHA5
Event: 10.295 Loading class sun/security/provider/SHA5 done
Event: 10.295 Loading class sun/security/provider/SHA5$SHA512 done
Event: 10.298 Loading class sun/security/provider/ByteArrayAccess$LE
Event: 10.299 Loading class sun/security/provider/ByteArrayAccess$LE done
Event: 10.414 Loading class java/io/File$TempDirectory
Event: 10.415 Loading class java/io/File$TempDirectory done

Classes unloaded (0 events):
No events

Classes redefined (0 events):
No events

Internal exceptions (20 events):
Event: 6.983 Thread 0x00000180c7bfe7a0 Exception <a 'java/lang/NoSuchMethodError'{0x00000000eb6f9da8}: 'java.lang.Object java.lang.invoke.DirectMethodHandle$Holder.invokeStaticInit(java.lang.Object, int, int, int, int)'> (0x00000000eb6f9da8) 
thrown [s\open\src\hotspot\share\interpreter\linkResolver.cpp, line 774]
Event: 7.101 Thread 0x00000180c7bfe7a0 Exception <a 'java/lang/NoSuchMethodError'{0x00000000eb5504d0}: 'java.lang.Object java.lang.invoke.DirectMethodHandle$Holder.invokeStaticInit(java.lang.Object, java.lang.Object, int, int, int, int)'> (0x00000000eb5504d0) 
thrown [s\open\src\hotspot\share\interpreter\linkResolver.cpp, line 774]
Event: 7.362 Thread 0x00000180c7bfe7a0 Implicit null exception at 0x00000180d92242e6 to 0x00000180d9224392
Event: 7.506 Thread 0x00000180c7bfe7a0 Exception <a 'java/io/IOException'{0x00000000eb129118}> (0x00000000eb129118) 
thrown [s\open\src\hotspot\share\prims\jni.cpp, line 520]
Event: 7.518 Thread 0x00000180c7bfe7a0 Implicit null exception at 0x00000180d9242324 to 0x00000180d9242978
Event: 7.538 Thread 0x00000180c7bfe7a0 Exception <a 'java/lang/NoSuchMethodError'{0x00000000eb18aa88}: 'java.lang.Object java.lang.invoke.DirectMethodHandle$Holder.newInvokeSpecial(java.lang.Object, java.lang.Object, java.lang.Object, java.lang.Object, java.lang.Object)'> (0x00000000eb18aa88) 
thrown [s\open\src\hotspot\share\interpreter\linkResolver.cpp, line 774]
Event: 7.737 Thread 0x00000180fef4c540 Exception <a 'java/lang/NoSuchMethodError'{0x00000000eae65a68}: 'void java.lang.invoke.DirectMethodHandle$Holder.invokeSpecial(java.lang.Object, java.lang.Object, java.lang.Object)'> (0x00000000eae65a68) 
thrown [s\open\src\hotspot\share\interpreter\linkResolver.cpp, line 774]
Event: 8.056 Thread 0x00000180feaffd10 Exception <a 'java/lang/NoSuchMethodError'{0x00000000ea859cc8}: 'long java.lang.invoke.DirectMethodHandle$Holder.invokeInterface(java.lang.Object, java.lang.Object)'> (0x00000000ea859cc8) 
thrown [s\open\src\hotspot\share\interpreter\linkResolver.cpp, line 774]
Event: 8.356 Thread 0x00000180feaffd10 Exception <a 'java/lang/NoSuchMethodError'{0x00000000ea47b1f0}: 'void java.lang.invoke.DirectMethodHandle$Holder.invokeStatic(java.lang.Object, java.lang.Object)'> (0x00000000ea47b1f0) 
thrown [s\open\src\hotspot\share\interpreter\linkResolver.cpp, line 774]
Event: 8.390 Thread 0x00000180feaffd10 Exception <a 'java/lang/NoSuchMethodError'{0x00000000ea4b9728}: 'java.lang.Object java.lang.invoke.DirectMethodHandle$Holder.invokeVirtual(java.lang.Object, java.lang.Object, java.lang.Object, java.lang.Object, java.lang.Object, java.lang.Object, java.lang.Object, java.lang.Object, java.lang.Object, java.lang.Object, java.lang.Object, java.lang.Object)'> (0x00000000ea4b9728) 
thrown [s\open\src\hotspot\share\interpreter\linkResolver.cpp, line 774]
Event: 8.390 Thread 0x00000180feaffd10 Exception <a 'java/lang/NoSuchMethodError'{0x00000000ea4be740}: 'java.lang.Object java.lang.invoke.DirectMethodHandle$Holder.invokeSpecial(java.lang.Object, java.lang.Object, java.lang.Object, java.lang.Object, java.lang.Object, java.lang.Object, java.lang.Object, java.lang.Object, java.lang.Object, java.lang.Object, java.lang.Object, java.lang.Object, java.lang.Object)'> (0x00000000ea4be740) 
thrown [s\open\src\hotspot\share\interpreter\linkResolver.cpp, line 774]
Event: 8.664 Thread 0x00000180feaffd10 Exception <a 'java/lang/NoSuchMethodError'{0x00000000ea2aa070}: 'int java.lang.invoke.DirectMethodHandle$Holder.invokeVirtual(java.lang.Object, java.lang.Object, java.lang.Object)'> (0x00000000ea2aa070) 
thrown [s\open\src\hotspot\share\interpreter\linkResolver.cpp, line 774]
Event: 8.874 Thread 0x00000180feaffd10 Exception <a 'java/lang/NoSuchMethodError'{0x00000000e9f017b0}: 'java.lang.Object java.lang.invoke.DirectMethodHandle$Holder.newInvokeSpecial(java.lang.Object, java.lang.Object, java.lang.Object, java.lang.Object, java.lang.Object, java.lang.Object)'> (0x00000000e9f017b0) 
thrown [s\open\src\hotspot\share\interpreter\linkResolver.cpp, line 774]
Event: 9.040 Thread 0x00000180feaffd10 Exception <a 'java/lang/NoSuchMethodError'{0x00000000e9dc3b48}: 'void java.lang.invoke.DelegatingMethodHandle$Holder.reinvoke_L(java.lang.Object, java.lang.Object, java.lang.Object, java.lang.Object, java.lang.Object, java.lang.Object, java.lang.Object, java.lang.Object, java.lang.Object, java.lang.Object)'> (0x00000000e9dc3b48) 
thrown [s\open\src\hotspot\share\interpreter\linkResolver.cpp, line 774]
Event: 9.041 Thread 0x00000180feaffd10 Exception <a 'java/lang/NoSuchMethodError'{0x00000000e9dcb608}: 'java.lang.Object java.lang.invoke.Invokers$Holder.invoker(java.lang.Object, java.lang.Object, java.lang.Object, java.lang.Object, java.lang.Object, java.lang.Object, java.lang.Object, java.lang.Object, java.lang.Object, java.lang.Object)'> (0x00000000e9dcb608) 
thrown [s\open\src\hotspot\share\interpreter\linkResolver.cpp, line 774]
Event: 9.273 Thread 0x00000180feaffd10 Exception <a 'java/lang/NoSuchMethodError'{0x00000000e99c4618}: 'void java.lang.invoke.DirectMethodHandle$Holder.invokeVirtual(java.lang.Object, java.lang.Object, java.lang.Object, java.lang.Object, java.lang.Object)'> (0x00000000e99c4618) 
thrown [s\open\src\hotspot\share\interpreter\linkResolver.cpp, line 774]
Event: 9.347 Thread 0x00000180feaffd10 Exception <a 'java/lang/NoSuchMethodError'{0x00000000e977e8c0}: 'void java.lang.invoke.DirectMethodHandle$Holder.invokeInterface(java.lang.Object, java.lang.Object)'> (0x00000000e977e8c0) 
thrown [s\open\src\hotspot\share\interpreter\linkResolver.cpp, line 774]
Event: 9.347 Thread 0x00000180feaffd10 Exception <a 'java/lang/IncompatibleClassChangeError'{0x00000000e9782070}: Found class java.lang.Object, but interface was expected> (0x00000000e9782070) 
thrown [s\open\src\hotspot\share\interpreter\linkResolver.cpp, line 841]
Event: 9.403 Thread 0x00000180feaffd10 Exception <a 'java/lang/NoSuchMethodError'{0x00000000e96a3c90}: 'java.lang.Object java.lang.invoke.DirectMethodHandle$Holder.newInvokeSpecial(java.lang.Object, java.lang.Object, int)'> (0x00000000e96a3c90) 
thrown [s\open\src\hotspot\share\interpreter\linkResolver.cpp, line 774]
Event: 10.313 Thread 0x00000180feaffd10 Exception <a 'java/lang/NoSuchMethodError'{0x00000000e91ba2c8}: 'java.lang.Object java.lang.invoke.DirectMethodHandle$Holder.invokeVirtual(java.lang.Object, java.lang.Object, java.lang.Object, java.lang.Object, java.lang.Object, java.lang.Object, java.lang.Object, java.lang.Object)'> (0x00000000e91ba2c8) 
thrown [s\open\src\hotspot\share\interpreter\linkResolver.cpp, line 774]

ZGC Phase Switch (0 events):
No events

VM Operations (20 events):
Event: 6.556 Executing VM operation: HandshakeAllThreads (Deoptimize)
Event: 6.556 Executing VM operation: HandshakeAllThreads (Deoptimize) done
Event: 6.781 Executing VM operation: HandshakeAllThreads (Deoptimize)
Event: 6.781 Executing VM operation: HandshakeAllThreads (Deoptimize) done
Event: 6.852 Executing VM operation: HandshakeAllThreads (Deoptimize)
Event: 6.852 Executing VM operation: HandshakeAllThreads (Deoptimize) done
Event: 6.912 Executing VM operation: HandshakeAllThreads (Deoptimize)
Event: 6.912 Executing VM operation: HandshakeAllThreads (Deoptimize) done
Event: 7.069 Executing VM operation: HandshakeAllThreads (Deoptimize)
Event: 7.069 Executing VM operation: HandshakeAllThreads (Deoptimize) done
Event: 7.522 Executing VM operation: HandshakeAllThreads (Deoptimize)
Event: 7.522 Executing VM operation: HandshakeAllThreads (Deoptimize) done
Event: 7.522 Executing VM operation: Cleanup
Event: 7.522 Executing VM operation: Cleanup done
Event: 8.525 Executing VM operation: Cleanup
Event: 8.540 Executing VM operation: Cleanup done
Event: 9.402 Executing VM operation: HandshakeAllThreads (Deoptimize)
Event: 9.402 Executing VM operation: HandshakeAllThreads (Deoptimize) done
Event: 10.411 Executing VM operation: Cleanup
Event: 10.411 Executing VM operation: Cleanup done

Memory protections (0 events):
No events

Nmethod flushes (0 events):
No events

Events (20 events):
Event: 0.089 Thread 0x00000180c7bfe7a0 Thread added: 0x00000180e3da30c0
Event: 0.091 Thread 0x00000180c7bfe7a0 Thread added: 0x00000180fd010440
Event: 0.189 Thread 0x00000180c7bfe7a0 Thread added: 0x00000180e3d6bba0
Event: 0.276 Thread 0x00000180c7bfe7a0 Thread added: 0x00000180fd2a1fd0
Event: 0.700 Thread 0x00000180e3da30c0 Thread added: 0x00000180fd30e530
Event: 1.390 Thread 0x00000180fd30e530 Thread exited: 0x00000180fd30e530
Event: 6.559 Thread 0x00000180c7bfe7a0 Thread added: 0x00000180fd4cbc30
Event: 7.272 Thread 0x00000180c7bfe7a0 Thread added: 0x00000180fe04bad0
Event: 7.572 Thread 0x00000180c7bfe7a0 Thread added: 0x00000180fd27e730
Event: 7.600 Thread 0x00000180fe04bad0 Thread added: 0x00000180fef4c540
Event: 7.622 Thread 0x00000180fef4c540 Thread added: 0x00000180fe867570
Event: 7.673 Thread 0x00000180fef4c540 Thread added: 0x00000180fe8600c0
Event: 7.737 Thread 0x00000180fef4c540 Thread added: 0x00000180feaffd10
Event: 7.754 Thread 0x00000180feaffd10 Thread added: 0x00000180feafeff0
Event: 7.760 Thread 0x00000180feaffd10 Thread added: 0x00000180feb003a0
Event: 7.770 Thread 0x00000180feaffd10 Thread added: 0x00000180feb00a30
Event: 9.402 Thread 0x00000180feaffd10 Thread added: 0x00000180feb010c0
Event: 9.413 Thread 0x00000180feaffd10 Thread added: 0x00000180feb01750
Event: 9.830 Thread 0x00000180feb01750 Thread added: 0x00000180feaff680
Event: 10.064 Thread 0x00000180feaffd10 Thread added: 0x00000180feb01de0


Dynamic libraries:
0x00007ff7ba4c0000 - 0x00007ff7ba4ce000 	C:\Users\ASUS\.jdks\openjdk-22.0.2\bin\java.exe
0x00007ffd8b710000 - 0x00007ffd8b908000 	C:\Windows\SYSTEM32\ntdll.dll
0x00007ffd8a1d0000 - 0x00007ffd8a28f000 	C:\Windows\System32\KERNEL32.DLL
0x00007ffd893a0000 - 0x00007ffd89672000 	C:\Windows\System32\KERNELBASE.dll
0x00007ffd88fd0000 - 0x00007ffd890d0000 	C:\Windows\System32\ucrtbase.dll
0x00007ffd6db60000 - 0x00007ffd6db7b000 	C:\Users\ASUS\.jdks\openjdk-22.0.2\bin\VCRUNTIME140.dll
0x00007ffd72bf0000 - 0x00007ffd72c07000 	C:\Users\ASUS\.jdks\openjdk-22.0.2\bin\jli.dll
0x00007ffd89810000 - 0x00007ffd899b1000 	C:\Windows\System32\USER32.dll
0x00007ffd89370000 - 0x00007ffd89392000 	C:\Windows\System32\win32u.dll
0x00007ffd8b4f0000 - 0x00007ffd8b51b000 	C:\Windows\System32\GDI32.dll
0x00007ffd890d0000 - 0x00007ffd891df000 	C:\Windows\System32\gdi32full.dll
0x00007ffd89680000 - 0x00007ffd8971d000 	C:\Windows\System32\msvcp_win.dll
0x00007ffd88200000 - 0x00007ffd8849a000 	C:\Windows\WinSxS\amd64_microsoft.windows.common-controls_6595b64144ccf1df_6.0.19041.1110_none_60b5254171f9507e\COMCTL32.dll
0x00007ffd8a290000 - 0x00007ffd8a32e000 	C:\Windows\System32\msvcrt.dll
0x00007ffd89770000 - 0x00007ffd897a2000 	C:\Windows\System32\IMM32.DLL
0x00007ffd86f40000 - 0x00007ffd86f4c000 	C:\Users\ASUS\.jdks\openjdk-22.0.2\bin\vcruntime140_1.dll
0x00007ffd66bc0000 - 0x00007ffd66c4e000 	C:\Users\ASUS\.jdks\openjdk-22.0.2\bin\msvcp140.dll
0x00007ffd0bab0000 - 0x00007ffd0c7f9000 	C:\Users\ASUS\.jdks\openjdk-22.0.2\bin\server\jvm.dll
0x00007ffd89f60000 - 0x00007ffd8a00e000 	C:\Windows\System32\ADVAPI32.dll
0x00007ffd8b520000 - 0x00007ffd8b5bc000 	C:\Windows\System32\sechost.dll
0x00007ffd8b290000 - 0x00007ffd8b3b5000 	C:\Windows\System32\RPCRT4.dll
0x00007ffd8a330000 - 0x00007ffd8a39b000 	C:\Windows\System32\WS2_32.dll
0x00007ffd88880000 - 0x00007ffd888cb000 	C:\Windows\SYSTEM32\POWRPROF.dll
0x00007ffd7c630000 - 0x00007ffd7c657000 	C:\Windows\SYSTEM32\WINMM.dll
0x00007ffd81ea0000 - 0x00007ffd81eaa000 	C:\Windows\SYSTEM32\VERSION.dll
0x00007ffd884a0000 - 0x00007ffd884b2000 	C:\Windows\SYSTEM32\UMPDC.dll
0x00007ffd85fc0000 - 0x00007ffd85fd2000 	C:\Windows\SYSTEM32\kernel.appcore.dll
0x00007ffd72be0000 - 0x00007ffd72bea000 	C:\Users\ASUS\.jdks\openjdk-22.0.2\bin\jimage.dll
0x00007ffd88690000 - 0x00007ffd88874000 	C:\Windows\SYSTEM32\DBGHELP.DLL
0x00007ffd885d0000 - 0x00007ffd88605000 	C:\Windows\SYSTEM32\dbgcore.DLL
0x00007ffd892e0000 - 0x00007ffd89362000 	C:\Windows\System32\bcryptPrimitives.dll
0x00007ffd70a50000 - 0x00007ffd70a5f000 	C:\Users\ASUS\.jdks\openjdk-22.0.2\bin\instrument.dll
0x00007ffd6db40000 - 0x00007ffd6db5e000 	C:\Users\ASUS\.jdks\openjdk-22.0.2\bin\java.dll
0x00007ffd8a980000 - 0x00007ffd8b0c5000 	C:\Windows\System32\SHELL32.dll
0x00007ffd8b3c0000 - 0x00007ffd8b4ea000 	C:\Windows\System32\ole32.dll
0x00007ffd8a470000 - 0x00007ffd8a7c5000 	C:\Windows\System32\combase.dll
0x00007ffd861c0000 - 0x00007ffd86952000 	C:\Windows\SYSTEM32\windows.storage.dll
0x00007ffd88160000 - 0x00007ffd88190000 	C:\Windows\SYSTEM32\Wldp.dll
0x00007ffd8b620000 - 0x00007ffd8b6cd000 	C:\Windows\System32\SHCORE.dll
0x00007ffd8b5c0000 - 0x00007ffd8b615000 	C:\Windows\System32\shlwapi.dll
0x00007ffd88d40000 - 0x00007ffd88d5f000 	C:\Windows\SYSTEM32\profapi.dll
0x00007ffd55470000 - 0x00007ffd55547000 	C:\Users\ASUS\.jdks\openjdk-22.0.2\bin\jsvml.dll
0x00007ffd689c0000 - 0x00007ffd689d7000 	C:\Users\ASUS\.jdks\openjdk-22.0.2\bin\zip.dll
0x00007ffd6e4e0000 - 0x00007ffd6e4f0000 	C:\Users\ASUS\.jdks\openjdk-22.0.2\bin\net.dll
0x00007ffd88030000 - 0x00007ffd8809a000 	C:\Windows\system32\mswsock.dll
0x00007ffd68510000 - 0x00007ffd68526000 	C:\Users\ASUS\.jdks\openjdk-22.0.2\bin\nio.dll
0x00007ffd6dad0000 - 0x00007ffd6dae0000 	C:\Users\ASUS\.jdks\openjdk-22.0.2\bin\verify.dll
0x00007ffd5c9b0000 - 0x00007ffd5c9d7000 	C:\Users\ASUS\.gradle\native\c067742578af261105cb4f569cf0c3c89f3d7b1fecec35dd04571415982c5e48\windows-amd64\native-platform.dll
0x00007ffd1f800000 - 0x00007ffd1f944000 	C:\Users\ASUS\.gradle\native\100fb08df4bc3b14c8652ba06237920a3bd2aa13389f12d3474272988ae205f9\windows-amd64\native-platform-file-events.dll
0x00007ffd6dab0000 - 0x00007ffd6daba000 	C:\Users\ASUS\.jdks\openjdk-22.0.2\bin\management.dll
0x00007ffd6d8d0000 - 0x00007ffd6d8db000 	C:\Users\ASUS\.jdks\openjdk-22.0.2\bin\management_ext.dll
0x00007ffd8a010000 - 0x00007ffd8a018000 	C:\Windows\System32\PSAPI.DLL
0x00007ffd88b90000 - 0x00007ffd88ba8000 	C:\Windows\SYSTEM32\CRYPTSP.dll
0x00007ffd877d0000 - 0x00007ffd87804000 	C:\Windows\system32\rsaenh.dll
0x00007ffd89720000 - 0x00007ffd89747000 	C:\Windows\System32\bcrypt.dll
0x00007ffd88d00000 - 0x00007ffd88d2e000 	C:\Windows\SYSTEM32\USERENV.dll
0x00007ffd88120000 - 0x00007ffd8812c000 	C:\Windows\SYSTEM32\CRYPTBASE.dll
0x00007ffd87bb0000 - 0x00007ffd87beb000 	C:\Windows\SYSTEM32\IPHLPAPI.DLL
0x00007ffd89e40000 - 0x00007ffd89e48000 	C:\Windows\System32\NSI.dll
0x00007ffd6d7b0000 - 0x00007ffd6d7b9000 	C:\Users\ASUS\.jdks\openjdk-22.0.2\bin\extnet.dll
0x00007ffd6c870000 - 0x00007ffd6c87e000 	C:\Users\ASUS\.jdks\openjdk-22.0.2\bin\sunmscapi.dll
0x00007ffd88e00000 - 0x00007ffd88f56000 	C:\Windows\System32\CRYPT32.dll
0x00007ffd881d0000 - 0x00007ffd881f7000 	C:\Windows\SYSTEM32\ncrypt.dll
0x00007ffd88190000 - 0x00007ffd881cb000 	C:\Windows\SYSTEM32\NTASN1.dll
0x00007ffd75850000 - 0x00007ffd75857000 	C:\Windows\system32\wshunix.dll

dbghelp: loaded successfully - version: 4.0.5 - missing functions: none
symbol engine: initialized successfully - sym options: 0x614 - pdb path: .;C:\Users\ASUS\.jdks\openjdk-22.0.2\bin;C:\Windows\SYSTEM32;C:\Windows\WinSxS\amd64_microsoft.windows.common-controls_6595b64144ccf1df_6.0.19041.1110_none_60b5254171f9507e;C:\Users\ASUS\.jdks\openjdk-22.0.2\bin\server;C:\Users\ASUS\.gradle\native\c067742578af261105cb4f569cf0c3c89f3d7b1fecec35dd04571415982c5e48\windows-amd64;C:\Users\ASUS\.gradle\native\100fb08df4bc3b14c8652ba06237920a3bd2aa13389f12d3474272988ae205f9\windows-amd64

VM Arguments:
jvm_args: --add-opens=java.base/java.lang=ALL-UNNAMED --add-opens=java.base/java.lang.invoke=ALL-UNNAMED --add-opens=java.base/java.util=ALL-UNNAMED --add-opens=java.prefs/java.util.prefs=ALL-UNNAMED --add-exports=jdk.compiler/com.sun.tools.javac.api=ALL-UNNAMED --add-exports=jdk.compiler/com.sun.tools.javac.util=ALL-UNNAMED --add-opens=java.base/java.util=ALL-UNNAMED --add-opens=java.prefs/java.util.prefs=ALL-UNNAMED --add-opens=java.base/java.nio.charset=ALL-UNNAMED --add-opens=java.base/java.net=ALL-UNNAMED --add-opens=java.base/java.util.concurrent.atomic=ALL-UNNAMED --add-opens=java.xml/javax.xml.namespace=ALL-UNNAMED -XX:MaxMetaspaceSize=384m -XX:+HeapDumpOnOutOfMemoryError -Xms256m -Xmx512m -Dfile.encoding=windows-1252 -Duser.country=US -Duser.language=en -Duser.variant -javaagent:C:\Users\ASUS\.gradle\wrapper\dists\gradle-8.11.1-bin\bpt9gzteqjrbo1mjrsomdt32c\gradle-8.11.1\lib\agents\gradle-instrumentation-agent-8.11.1.jar 
java_command: org.gradle.launcher.daemon.bootstrap.GradleDaemon 8.11.1
java_class_path (initial): C:\Users\ASUS\.gradle\wrapper\dists\gradle-8.11.1-bin\bpt9gzteqjrbo1mjrsomdt32c\gradle-8.11.1\lib\gradle-daemon-main-8.11.1.jar
Launcher Type: SUN_STANDARD

[Global flags]
     intx CICompilerCount                          = 3                                         {product} {ergonomic}
   size_t CompressedClassSpaceSize                 = 335544320                                 {product} {ergonomic}
     uint ConcGCThreads                            = 1                                         {product} {ergonomic}
     uint G1ConcRefinementThreads                  = 4                                         {product} {ergonomic}
   size_t G1HeapRegionSize                         = 1048576                                   {product} {ergonomic}
     bool HeapDumpOnOutOfMemoryError               = true                                   {manageable} {command line}
   size_t InitialHeapSize                          = 268435456                                 {product} {command line}
   size_t MarkStackSize                            = 4194304                                   {product} {ergonomic}
   size_t MaxHeapSize                              = 536870912                                 {product} {command line}
   size_t MaxMetaspaceSize                         = 402653184                                 {product} {command line}
   size_t MaxNewSize                               = 321912832                                 {product} {ergonomic}
   size_t MinHeapDeltaBytes                        = 1048576                                   {product} {ergonomic}
   size_t MinHeapSize                              = 268435456                                 {product} {command line}
    uintx NonNMethodCodeHeapSize                   = 5832780                                {pd product} {ergonomic}
    uintx NonProfiledCodeHeapSize                  = 122912730                              {pd product} {ergonomic}
    uintx ProfiledCodeHeapSize                     = 122912730                              {pd product} {ergonomic}
    uintx ReservedCodeCacheSize                    = 251658240                              {pd product} {ergonomic}
     bool SegmentedCodeCache                       = true                                      {product} {ergonomic}
   size_t SoftMaxHeapSize                          = 536870912                              {manageable} {ergonomic}
     bool UseCompressedOops                        = true                           {product lp64_product} {ergonomic}
     bool UseG1GC                                  = true                                      {product} {ergonomic}
     bool UseLargePagesIndividualAllocation        = false                                  {pd product} {ergonomic}

Logging:
Log output configuration:
 #0: stdout all=warning uptime,level,tags foldmultilines=false
 #1: stderr all=off uptime,level,tags foldmultilines=false

Environment Variables:
PATH=C:\Windows\system32;C:\Windows;C:\Windows\System32\Wbem;C:\Windows\System32\WindowsPowerShell\v1.0\;C:\Windows\System32\OpenSSH\;C:\Program Files\Git\cmd;C:\Users\ASUS\AppData\Local\Microsoft\WindowsApps;;D:\WebStorm 2024.1.5\bin;
USERNAME=ASUS
OS=Windows_NT
PROCESSOR_IDENTIFIER=Intel64 Family 6 Model 158 Stepping 9, GenuineIntel
TMP=C:\Users\ASUS\AppData\Local\Temp
TEMP=C:\Users\ASUS\AppData\Local\Temp




Periodic native trim disabled

---------------  S Y S T E M  ---------------

OS:
 Windows 10 , 64 bit Build 19041 (10.0.19041.2546)
OS uptime: 0 days 11:40 hours

CPU: total 4 (initial active 4) (4 cores per cpu, 1 threads per core) family 6 model 158 stepping 9 microcode 0xb4, cx8, cmov, fxsr, mmx, 3dnowpref, sse, sse2, sse3, ssse3, sse4.1, sse4.2, popcnt, lzcnt, tsc, tscinvbit, avx, avx2, aes, erms, clmul, bmi1, bmi2, adx, fma, vzeroupper, clflush, clflushopt, rdtscp, f16c
Processor Information for all 4 processors :
  Max Mhz: 2501, Current Mhz: 2501, Mhz Limit: 2501

Memory: 4k page, system-wide physical 8076M (305M free)
TotalPageFile size 16542M (AvailPageFile size 3M)
current process WorkingSet (physical memory assigned to process): 214M, peak: 216M
current process commit charge ("private bytes"): 399M, peak: 401M

vm_info: OpenJDK 64-Bit Server VM (22.0.2+9-70) for windows-amd64 JRE (22.0.2+9-70), built on 2024-06-04T16:52:23Z by "mach5one" with MS VC++ 17.6 (VS2022)

END.
