#
# There is insufficient memory for the Java Runtime Environment to continue.
# Native memory allocation (malloc) failed to allocate 1843216 bytes. Error detail: Chunk::new
# Possible reasons:
#   The system is out of physical RAM or swap space
#   This process is running with CompressedOops enabled, and the Java Heap may be blocking the growth of the native heap
# Possible solutions:
#   Reduce memory load on the system
#   Increase physical memory or swap space
#   Check if swap backing store is full
#   Decrease Java heap size (-Xmx/-Xms)
#   Decrease number of Java threads
#   Decrease Java thread stack sizes (-Xss)
#   Set larger code cache with -XX:ReservedCodeCacheSize=
#   JVM is running with Unscaled Compressed Oops mode in which the Java heap is
#     placed in the first 4GB address space. The Java Heap base address is the
#     maximum limit for the native heap growth. Please use -XX:HeapBaseMinAddress
#     to set the Java Heap base and to place the Java Heap above 4GB virtual address.
# This output file may be truncated or incomplete.
#
#  Out of Memory Error (arena.cpp:150), pid=13992, tid=13452
#
# JRE version: OpenJDK Runtime Environment (22.0.2+9) (build 22.0.2+9-70)
# Java VM: OpenJDK 64-Bit Server VM (22.0.2+9-70, mixed mode, sharing, tiered, compressed oops, compressed class ptrs, g1 gc, windows-amd64)
# No core dump will be written. Minidumps are not enabled by default on client versions of Windows
#

---------------  S U M M A R Y ------------

Command Line: --add-opens=java.base/java.lang=ALL-UNNAMED --add-opens=java.base/java.lang.invoke=ALL-UNNAMED --add-opens=java.base/java.util=ALL-UNNAMED --add-opens=java.prefs/java.util.prefs=ALL-UNNAMED --add-exports=jdk.compiler/com.sun.tools.javac.api=ALL-UNNAMED --add-exports=jdk.compiler/com.sun.tools.javac.util=ALL-UNNAMED --add-opens=java.base/java.util=ALL-UNNAMED --add-opens=java.prefs/java.util.prefs=ALL-UNNAMED --add-opens=java.base/java.nio.charset=ALL-UNNAMED --add-opens=java.base/java.net=ALL-UNNAMED --add-opens=java.base/java.util.concurrent.atomic=ALL-UNNAMED --add-opens=java.xml/javax.xml.namespace=ALL-UNNAMED -XX:MaxMetaspaceSize=384m -XX:+HeapDumpOnOutOfMemoryError -Xms256m -Xmx512m -Dfile.encoding=windows-1252 -Duser.country=US -Duser.language=en -Duser.variant -javaagent:C:\Users\ASUS\.gradle\wrapper\dists\gradle-8.11.1-bin\bpt9gzteqjrbo1mjrsomdt32c\gradle-8.11.1\lib\agents\gradle-instrumentation-agent-8.11.1.jar org.gradle.launcher.daemon.bootstrap.GradleDaemon 8.11.1

Host: Intel(R) Core(TM) i5-7300HQ CPU @ 2.50GHz, 4 cores, 7G,  Windows 10 , 64 bit Build 19041 (10.0.19041.2546)
Time: Mon Jan  6 22:14:25 2025 SE Asia Standard Time elapsed time: 59.364223 seconds (0d 0h 0m 59s)

---------------  T H R E A D  ---------------

Current thread (0x000002082ea73c50):  JavaThread "C2 CompilerThread0" daemon [_thread_in_native, id=13452, stack(0x0000009cb2200000,0x0000009cb2300000) (1024K)]


Current CompileTask:
C2:59364 8688       4       org.gradle.api.internal.artifacts.ivyservice.modulecache.ModuleMetadataSerializer$Reader::readMavenDependency (148 bytes)

Stack: [0x0000009cb2200000,0x0000009cb2300000]
Native frames: (J=compiled Java code, j=interpreted, Vv=VM code, C=native code)
V  [jvm.dll+0x6e26e9]  (no source info available)
V  [jvm.dll+0x875753]  (no source info available)
V  [jvm.dll+0x877b7e]  (no source info available)
V  [jvm.dll+0x878253]  (no source info available)
V  [jvm.dll+0x27fc86]  (no source info available)
V  [jvm.dll+0xc3d0f]  (no source info available)
V  [jvm.dll+0xc3f6b]  (no source info available)
V  [jvm.dll+0x3bb442]  (no source info available)
V  [jvm.dll+0x387d4b]  (no source info available)
V  [jvm.dll+0x3871ba]  (no source info available)
V  [jvm.dll+0x2477f8]  (no source info available)
V  [jvm.dll+0x246e9f]  (no source info available)
V  [jvm.dll+0x1c4e80]  (no source info available)
V  [jvm.dll+0x2568f3]  (no source info available)
V  [jvm.dll+0x254baa]  (no source info available)
V  [jvm.dll+0x3f57a6]  (no source info available)
V  [jvm.dll+0x81dc0b]  (no source info available)
V  [jvm.dll+0x6e0d85]  (no source info available)
C  [ucrtbase.dll+0x21bb2]  (no source info available)
C  [KERNEL32.DLL+0x17614]  (no source info available)
C  [ntdll.dll+0x526a1]  (no source info available)


---------------  P R O C E S S  ---------------

Threads class SMR info:
_java_thread_list=0x000002084ce13bf0, length=85, elements={
0x000002081480ebb0, 0x000002082ea6b760, 0x000002082ea6e380, 0x000002082ea6ef90,
0x000002082ea6f9f0, 0x000002082ea70450, 0x000002082ea72ec0, 0x000002082ea73c50,
0x000002082ebe06c0, 0x000002082ec2e6d0, 0x000002082ee76400, 0x0000020849765830,
0x0000020849664a90, 0x00000208496b2ac0, 0x000002084985b940, 0x000002082ecf6ac0,
0x0000020848a610a0, 0x0000020848a61bb0, 0x00000208497513e0, 0x000002084974f9a0,
0x000002084974f310, 0x0000020849751a70, 0x00000208497506c0, 0x0000020849750d50,
0x0000020849752100, 0x000002084974ec80, 0x000002084a734010, 0x000002084a736e00,
0x000002084a739bf0, 0x000002084a739560, 0x000002084a73a280, 0x000002084a7360e0,
0x000002084a73b630, 0x000002084a734d30, 0x000002084a73a910, 0x000002084a73afa0,
0x000002084a738ed0, 0x000002084a7381b0, 0x000002084a738840, 0x000002084a736770,
0x000002084a737490, 0x000002084a737b20, 0x000002084bc111e0, 0x000002084bc104c0,
0x000002084bc0dd60, 0x000002084bc11870, 0x000002084bc11f00, 0x000002084bc12c20,
0x000002084bc0e3f0, 0x000002084bc0ea80, 0x000002084bc0f110, 0x000002084bc12590,
0x000002084bc0f7a0, 0x000002084bc13940, 0x000002084bc0fe30, 0x000002084bc10b50,
0x000002084bc132b0, 0x000002084bc0c9b0, 0x000002084bc13fd0, 0x000002084bc0d040,
0x000002084bc0d6d0, 0x0000020848225f30, 0x0000020848221700, 0x00000208482258a0,
0x00000208482265c0, 0x0000020848226c50, 0x0000020848222420, 0x00000208482237d0,
0x0000020848228000, 0x00000208482272e0, 0x0000020848224b80, 0x0000020848222ab0,
0x0000020848227970, 0x0000020848221070, 0x0000020848225210, 0x0000020848228690,
0x0000020848221d90, 0x0000020848223140, 0x0000020848223e60, 0x000002084b8f68a0,
0x000002084b8f6f30, 0x000002084b8f7c50, 0x000002084b8f8970, 0x000002084b8f6210,
0x000002084b8f75c0
}

Java Threads: ( => current thread )
  0x000002081480ebb0 JavaThread "main"                              [_thread_blocked, id=16304, stack(0x0000009cb1400000,0x0000009cb1500000) (1024K)]
  0x000002082ea6b760 JavaThread "Reference Handler"          daemon [_thread_blocked, id=14136, stack(0x0000009cb1c00000,0x0000009cb1d00000) (1024K)]
  0x000002082ea6e380 JavaThread "Finalizer"                  daemon [_thread_blocked, id=15972, stack(0x0000009cb1d00000,0x0000009cb1e00000) (1024K)]
  0x000002082ea6ef90 JavaThread "Signal Dispatcher"          daemon [_thread_blocked, id=11828, stack(0x0000009cb1e00000,0x0000009cb1f00000) (1024K)]
  0x000002082ea6f9f0 JavaThread "Attach Listener"            daemon [_thread_blocked, id=1996, stack(0x0000009cb1f00000,0x0000009cb2000000) (1024K)]
  0x000002082ea70450 JavaThread "Service Thread"             daemon [_thread_blocked, id=14240, stack(0x0000009cb2000000,0x0000009cb2100000) (1024K)]
  0x000002082ea72ec0 JavaThread "Monitor Deflation Thread"   daemon [_thread_blocked, id=9364, stack(0x0000009cb2100000,0x0000009cb2200000) (1024K)]
=>0x000002082ea73c50 JavaThread "C2 CompilerThread0"         daemon [_thread_in_native, id=13452, stack(0x0000009cb2200000,0x0000009cb2300000) (1024K)]
  0x000002082ebe06c0 JavaThread "C1 CompilerThread0"         daemon [_thread_blocked, id=11340, stack(0x0000009cb2300000,0x0000009cb2400000) (1024K)]
  0x000002082ec2e6d0 JavaThread "Common-Cleaner"             daemon [_thread_blocked, id=796, stack(0x0000009cb2400000,0x0000009cb2500000) (1024K)]
  0x000002082ee76400 JavaThread "Notification Thread"        daemon [_thread_blocked, id=14100, stack(0x0000009cb2500000,0x0000009cb2600000) (1024K)]
  0x0000020849765830 JavaThread "Daemon health stats"               [_thread_blocked, id=15752, stack(0x0000009cb2900000,0x0000009cb2a00000) (1024K)]
  0x0000020849664a90 JavaThread "Incoming local TCP Connector on port 51907"        [_thread_in_native, id=14288, stack(0x0000009cb2a00000,0x0000009cb2b00000) (1024K)]
  0x00000208496b2ac0 JavaThread "Daemon periodic checks"            [_thread_blocked, id=13024, stack(0x0000009cb2b00000,0x0000009cb2c00000) (1024K)]
  0x000002084985b940 JavaThread "Daemon"                            [_thread_blocked, id=5668, stack(0x0000009cb2c00000,0x0000009cb2d00000) (1024K)]
  0x000002082ecf6ac0 JavaThread "Handler for socket connection from /127.0.0.1:51907 to /127.0.0.1:51908"        [_thread_in_native, id=12196, stack(0x0000009cb2d00000,0x0000009cb2e00000) (1024K)]
  0x0000020848a610a0 JavaThread "Cancel handler"                    [_thread_blocked, id=15216, stack(0x0000009cb2e00000,0x0000009cb2f00000) (1024K)]
  0x0000020848a61bb0 JavaThread "Daemon worker"                     [_thread_in_native, id=15568, stack(0x0000009cb2f00000,0x0000009cb3000000) (1024K)]
  0x00000208497513e0 JavaThread "Asynchronous log dispatcher for DefaultDaemonConnection: socket connection from /127.0.0.1:51907 to /127.0.0.1:51908"        [_thread_in_Java, id=16184, stack(0x0000009cb3000000,0x0000009cb3100000) (1024K)]
  0x000002084974f9a0 JavaThread "Stdin handler"                     [_thread_blocked, id=9396, stack(0x0000009cb3100000,0x0000009cb3200000) (1024K)]
  0x000002084974f310 JavaThread "Daemon client event forwarder"        [_thread_blocked, id=5976, stack(0x0000009cb3200000,0x0000009cb3300000) (1024K)]
  0x0000020849751a70 JavaThread "Cache worker for journal cache (C:\Users\ASUS\.gradle\caches\journal-1)"        [_thread_blocked, id=11120, stack(0x0000009cb3300000,0x0000009cb3400000) (1024K)]
  0x00000208497506c0 JavaThread "File lock request listener"        [_thread_in_native, id=5020, stack(0x0000009cb3400000,0x0000009cb3500000) (1024K)]
  0x0000020849750d50 JavaThread "Cache worker for file hash cache (C:\Users\ASUS\.gradle\caches\8.11.1\fileHashes)"        [_thread_blocked, id=11784, stack(0x0000009cb3500000,0x0000009cb3600000) (1024K)]
  0x0000020849752100 JavaThread "File lock release action executor"        [_thread_blocked, id=7996, stack(0x0000009cb3600000,0x0000009cb3700000) (1024K)]
  0x000002084974ec80 JavaThread "Cache worker for file content cache (C:\Users\ASUS\.gradle\caches\8.11.1\fileContent)"        [_thread_blocked, id=1788, stack(0x0000009cb3800000,0x0000009cb3900000) (1024K)]
  0x000002084a734010 JavaThread "Cache worker for file hash cache (D:\codegym\case_module_4\case-study\case-study\case-study\.gradle\8.11.1\fileHashes)"        [_thread_blocked, id=11412, stack(0x0000009cb3900000,0x0000009cb3a00000) (1024K)]
  0x000002084a736e00 JavaThread "Cache worker for Build Output Cleanup Cache (D:\codegym\case_module_4\case-study\case-study\case-study\.gradle\buildOutputCleanup)"        [_thread_blocked, id=1232, stack(0x0000009cb3a00000,0x0000009cb3b00000) (1024K)]
  0x000002084a739bf0 JavaThread "File watcher server"        daemon [_thread_in_native, id=6928, stack(0x0000009cb3700000,0x0000009cb3800000) (1024K)]
  0x000002084a739560 JavaThread "File watcher consumer"      daemon [_thread_blocked, id=13548, stack(0x0000009cb3b00000,0x0000009cb3c00000) (1024K)]
  0x000002084a73a280 JavaThread "Cache worker for checksums cache (D:\codegym\case_module_4\case-study\case-study\case-study\.gradle\8.11.1\checksums)"        [_thread_blocked, id=1296, stack(0x0000009cb3c00000,0x0000009cb3d00000) (1024K)]
  0x000002084a7360e0 JavaThread "Cache worker for cache directory md-rule (C:\Users\ASUS\.gradle\caches\8.11.1\md-rule)"        [_thread_blocked, id=7472, stack(0x0000009cb3d00000,0x0000009cb3e00000) (1024K)]
  0x000002084a73b630 JavaThread "Cache worker for cache directory md-supplier (C:\Users\ASUS\.gradle\caches\8.11.1\md-supplier)"        [_thread_blocked, id=1628, stack(0x0000009cb3e00000,0x0000009cb3f00000) (1024K)]
  0x000002084a734d30 JavaThread "jar transforms"                    [_thread_blocked, id=16236, stack(0x0000009cb3f00000,0x0000009cb4000000) (1024K)]
  0x000002084a73a910 JavaThread "jar transforms Thread 2"           [_thread_blocked, id=14800, stack(0x0000009cb4000000,0x0000009cb4100000) (1024K)]
  0x000002084a73afa0 JavaThread "jar transforms Thread 3"           [_thread_blocked, id=7820, stack(0x0000009cb4100000,0x0000009cb4200000) (1024K)]
  0x000002084a738ed0 JavaThread "jar transforms Thread 4"           [_thread_blocked, id=9276, stack(0x0000009cb4200000,0x0000009cb4300000) (1024K)]
  0x000002084a7381b0 JavaThread "Unconstrained build operations"        [_thread_blocked, id=12008, stack(0x0000009cb4300000,0x0000009cb4400000) (1024K)]
  0x000002084a738840 JavaThread "Unconstrained build operations Thread 2"        [_thread_blocked, id=5064, stack(0x0000009cb4400000,0x0000009cb4500000) (1024K)]
  0x000002084a736770 JavaThread "Unconstrained build operations Thread 3"        [_thread_blocked, id=12852, stack(0x0000009cb4500000,0x0000009cb4600000) (1024K)]
  0x000002084a737490 JavaThread "Unconstrained build operations Thread 4"        [_thread_blocked, id=12296, stack(0x0000009cb4600000,0x0000009cb4700000) (1024K)]
  0x000002084a737b20 JavaThread "Unconstrained build operations Thread 5"        [_thread_blocked, id=12768, stack(0x0000009cb4700000,0x0000009cb4800000) (1024K)]
  0x000002084bc111e0 JavaThread "Unconstrained build operations Thread 6"        [_thread_blocked, id=12556, stack(0x0000009cb4800000,0x0000009cb4900000) (1024K)]
  0x000002084bc104c0 JavaThread "Unconstrained build operations Thread 7"        [_thread_blocked, id=15704, stack(0x0000009cb4900000,0x0000009cb4a00000) (1024K)]
  0x000002084bc0dd60 JavaThread "Unconstrained build operations Thread 8"        [_thread_blocked, id=14736, stack(0x0000009cb4a00000,0x0000009cb4b00000) (1024K)]
  0x000002084bc11870 JavaThread "Unconstrained build operations Thread 9"        [_thread_blocked, id=14952, stack(0x0000009cb4b00000,0x0000009cb4c00000) (1024K)]
  0x000002084bc11f00 JavaThread "Daemon Thread 2"                   [_thread_blocked, id=3312, stack(0x0000009cb4c00000,0x0000009cb4d00000) (1024K)]
  0x000002084bc12c20 JavaThread "Memory manager"                    [_thread_blocked, id=9164, stack(0x0000009cb4e00000,0x0000009cb4f00000) (1024K)]
  0x000002084bc0e3f0 JavaThread "ForkJoinPool.commonPool-worker-1" daemon [_thread_blocked, id=15872, stack(0x0000009cb4d00000,0x0000009cb4e00000) (1024K)]
  0x000002084bc0ea80 JavaThread "ForkJoinPool.commonPool-worker-2" daemon [_thread_blocked, id=15964, stack(0x0000009cb4f00000,0x0000009cb5000000) (1024K)]
  0x000002084bc0f110 JavaThread "ForkJoinPool.commonPool-worker-3" daemon [_thread_blocked, id=13504, stack(0x0000009cb5000000,0x0000009cb5100000) (1024K)]
  0x000002084bc12590 JavaThread "Exec process"               daemon [_thread_blocked, id=16264, stack(0x0000009cb5100000,0x0000009cb5200000) (1024K)]
  0x000002084bc0f7a0 JavaThread "Exec process Thread 2"      daemon [_thread_blocked, id=5804, stack(0x0000009cb5200000,0x0000009cb5300000) (1024K)]
  0x000002084bc13940 JavaThread "Exec process Thread 3"      daemon [_thread_blocked, id=1144, stack(0x0000009cb5300000,0x0000009cb5400000) (1024K)]
  0x000002084bc0fe30 JavaThread "Unconstrained build operations Thread 10"        [_thread_blocked, id=6356, stack(0x0000009cb5400000,0x0000009cb5500000) (1024K)]
  0x000002084bc10b50 JavaThread "Unconstrained build operations Thread 11"        [_thread_blocked, id=12276, stack(0x0000009cb5500000,0x0000009cb5600000) (1024K)]
  0x000002084bc132b0 JavaThread "Unconstrained build operations Thread 12"        [_thread_blocked, id=3040, stack(0x0000009cb5600000,0x0000009cb5700000) (1024K)]
  0x000002084bc0c9b0 JavaThread "Unconstrained build operations Thread 13"        [_thread_blocked, id=4136, stack(0x0000009cb5700000,0x0000009cb5800000) (1024K)]
  0x000002084bc13fd0 JavaThread "Unconstrained build operations Thread 14"        [_thread_blocked, id=15800, stack(0x0000009cb5800000,0x0000009cb5900000) (1024K)]
  0x000002084bc0d040 JavaThread "Unconstrained build operations Thread 15"        [_thread_blocked, id=2784, stack(0x0000009cb5900000,0x0000009cb5a00000) (1024K)]
  0x000002084bc0d6d0 JavaThread "Unconstrained build operations Thread 16"        [_thread_blocked, id=3752, stack(0x0000009cb5a00000,0x0000009cb5b00000) (1024K)]
  0x0000020848225f30 JavaThread "Unconstrained build operations Thread 17"        [_thread_blocked, id=13584, stack(0x0000009cb5b00000,0x0000009cb5c00000) (1024K)]
  0x0000020848221700 JavaThread "Unconstrained build operations Thread 18"        [_thread_blocked, id=9836, stack(0x0000009cb5c00000,0x0000009cb5d00000) (1024K)]
  0x00000208482258a0 JavaThread "Unconstrained build operations Thread 19"        [_thread_blocked, id=3620, stack(0x0000009cb5d00000,0x0000009cb5e00000) (1024K)]
  0x00000208482265c0 JavaThread "Unconstrained build operations Thread 20"        [_thread_blocked, id=12792, stack(0x0000009cb5e00000,0x0000009cb5f00000) (1024K)]
  0x0000020848226c50 JavaThread "Unconstrained build operations Thread 21"        [_thread_blocked, id=13908, stack(0x0000009cb6000000,0x0000009cb6100000) (1024K)]
  0x0000020848222420 JavaThread "Unconstrained build operations Thread 22"        [_thread_blocked, id=14280, stack(0x0000009cb5f00000,0x0000009cb6000000) (1024K)]
  0x00000208482237d0 JavaThread "Unconstrained build operations Thread 23"        [_thread_blocked, id=9108, stack(0x0000009cb6100000,0x0000009cb6200000) (1024K)]
  0x0000020848228000 JavaThread "Unconstrained build operations Thread 24"        [_thread_blocked, id=8808, stack(0x0000009cb6200000,0x0000009cb6300000) (1024K)]
  0x00000208482272e0 JavaThread "Unconstrained build operations Thread 25"        [_thread_blocked, id=6876, stack(0x0000009cb6300000,0x0000009cb6400000) (1024K)]
  0x0000020848224b80 JavaThread "Unconstrained build operations Thread 26"        [_thread_blocked, id=2080, stack(0x0000009cb6400000,0x0000009cb6500000) (1024K)]
  0x0000020848222ab0 JavaThread "Unconstrained build operations Thread 27"        [_thread_blocked, id=14660, stack(0x0000009cb6500000,0x0000009cb6600000) (1024K)]
  0x0000020848227970 JavaThread "Unconstrained build operations Thread 28"        [_thread_blocked, id=3528, stack(0x0000009cb6600000,0x0000009cb6700000) (1024K)]
  0x0000020848221070 JavaThread "Unconstrained build operations Thread 29"        [_thread_blocked, id=4820, stack(0x0000009cb6700000,0x0000009cb6800000) (1024K)]
  0x0000020848225210 JavaThread "Unconstrained build operations Thread 30"        [_thread_blocked, id=15816, stack(0x0000009cb6800000,0x0000009cb6900000) (1024K)]
  0x0000020848228690 JavaThread "Unconstrained build operations Thread 31"        [_thread_blocked, id=3496, stack(0x0000009cb6900000,0x0000009cb6a00000) (1024K)]
  0x0000020848221d90 JavaThread "Unconstrained build operations Thread 32"        [_thread_blocked, id=3648, stack(0x0000009cb6a00000,0x0000009cb6b00000) (1024K)]
  0x0000020848223140 JavaThread "Unconstrained build operations Thread 33"        [_thread_blocked, id=12216, stack(0x0000009cb6b00000,0x0000009cb6c00000) (1024K)]
  0x0000020848223e60 JavaThread "Unconstrained build operations Thread 34"        [_thread_blocked, id=13896, stack(0x0000009cb6c00000,0x0000009cb6d00000) (1024K)]
  0x000002084b8f68a0 JavaThread "Unconstrained build operations Thread 35"        [_thread_blocked, id=344, stack(0x0000009cb6d00000,0x0000009cb6e00000) (1024K)]
  0x000002084b8f6f30 JavaThread "Unconstrained build operations Thread 36"        [_thread_blocked, id=2412, stack(0x0000009cb6e00000,0x0000009cb6f00000) (1024K)]
  0x000002084b8f7c50 JavaThread "Unconstrained build operations Thread 37"        [_thread_blocked, id=15740, stack(0x0000009cb6f00000,0x0000009cb7000000) (1024K)]
  0x000002084b8f8970 JavaThread "Unconstrained build operations Thread 38"        [_thread_blocked, id=5560, stack(0x0000009cb7000000,0x0000009cb7100000) (1024K)]
  0x000002084b8f6210 JavaThread "Unconstrained build operations Thread 39"        [_thread_blocked, id=5864, stack(0x0000009cb7100000,0x0000009cb7200000) (1024K)]
  0x000002084b8f75c0 JavaThread "Unconstrained build operations Thread 40"        [_thread_blocked, id=16268, stack(0x0000009cb7200000,0x0000009cb7300000) (1024K)]
Total: 85

Other Threads:
  0x000002082ea4e830 VMThread "VM Thread"                           [id=13928, stack(0x0000009cb1b00000,0x0000009cb1c00000) (1024K)]
  0x000002082ea38ae0 WatcherThread "VM Periodic Task Thread"        [id=1432, stack(0x0000009cb1a00000,0x0000009cb1b00000) (1024K)]
  0x0000020814838760 WorkerThread "GC Thread#0"                     [id=11896, stack(0x0000009cb1500000,0x0000009cb1600000) (1024K)]
  0x000002082ed93100 WorkerThread "GC Thread#1"                     [id=9516, stack(0x0000009cb2600000,0x0000009cb2700000) (1024K)]
  0x000002082eec16d0 WorkerThread "GC Thread#2"                     [id=16312, stack(0x0000009cb2700000,0x0000009cb2800000) (1024K)]
  0x000002082eec1a80 WorkerThread "GC Thread#3"                     [id=15588, stack(0x0000009cb2800000,0x0000009cb2900000) (1024K)]
  0x000002081483d500 ConcurrentGCThread "G1 Main Marker"            [id=7940, stack(0x0000009cb1600000,0x0000009cb1700000) (1024K)]
  0x000002081483df70 WorkerThread "G1 Conc#0"                       [id=7836, stack(0x0000009cb1700000,0x0000009cb1800000) (1024K)]
  0x00000208148de9c0 ConcurrentGCThread "G1 Refine#0"               [id=12308, stack(0x0000009cb1800000,0x0000009cb1900000) (1024K)]
  0x000002082e90e580 ConcurrentGCThread "G1 Service"                [id=4700, stack(0x0000009cb1900000,0x0000009cb1a00000) (1024K)]
Total: 10

Threads with active compile tasks:
C2 CompilerThread0  59435 8688       4       org.gradle.api.internal.artifacts.ivyservice.modulecache.ModuleMetadataSerializer$Reader::readMavenDependency (148 bytes)
Total: 1

VM state: not at safepoint (normal execution)

VM Mutex/Monitor currently owned by a thread: None

Heap address: 0x00000000e0000000, size: 512 MB, Compressed Oops mode: 32-bit

CDS archive(s) mapped at: [0x000002082f000000-0x000002082fc60000-0x000002082fc60000), size 12976128, SharedBaseAddress: 0x000002082f000000, ArchiveRelocationMode: 1.
Compressed class space mapped at: 0x0000020830000000-0x0000020844000000, reserved size: 335544320
Narrow klass base: 0x000002082f000000, Narrow klass shift: 0, Narrow klass range: 0x15000000

GC Precious Log:
 CardTable entry size: 512
 Card Set container configuration: InlinePtr #cards 5 size 8 Array Of Cards #cards 12 size 40 Howl #buckets 4 coarsen threshold 1843 Howl Bitmap #cards 512 size 80 coarsen threshold 460 Card regions per heap region 1 cards per card region 2048
 CPUs: 4 total, 4 available
 Memory: 8076M
 Large Page Support: Disabled
 NUMA Support: Disabled
 Compressed Oops: Enabled (32-bit)
 Heap Region Size: 1M
 Heap Min Capacity: 256M
 Heap Initial Capacity: 256M
 Heap Max Capacity: 512M
 Pre-touch: Disabled
 Parallel Workers: 4
 Concurrent Workers: 1
 Concurrent Refinement Workers: 4
 Periodic GC: Disabled

Heap:
 garbage-first heap   total reserved 524288K, committed 262144K, used 53248K [0x00000000e0000000, 0x0000000100000000)
  region size 1024K, 5 young (5120K), 2 survivors (2048K)
 Metaspace       used 58162K, committed 60160K, reserved 393216K
  class space    used 8480K, committed 9408K, reserved 327680K

Heap Regions: E=young(eden), S=young(survivor), O=old, HS=humongous(starts), HC=humongous(continues), CS=collection set, F=free, TAMS=top-at-mark-start, PB=parsable bottom
|   0|0x00000000e0000000, 0x00000000e0100000, 0x00000000e0100000|100%|HS|  |TAMS 0x00000000e0000000| PB 0x00000000e0000000| Complete |  0
|   1|0x00000000e0100000, 0x00000000e0200000, 0x00000000e0200000|100%|HC|  |TAMS 0x00000000e0100000| PB 0x00000000e0100000| Complete |  0
|   2|0x00000000e0200000, 0x00000000e0300000, 0x00000000e0300000|100%|HC|  |TAMS 0x00000000e0200000| PB 0x00000000e0200000| Complete |  0
|   3|0x00000000e0300000, 0x00000000e0400000, 0x00000000e0400000|100%| O|  |TAMS 0x00000000e0300000| PB 0x00000000e0300000| Untracked |  0
|   4|0x00000000e0400000, 0x00000000e0500000, 0x00000000e0500000|100%| O|  |TAMS 0x00000000e0400000| PB 0x00000000e0400000| Untracked |  0
|   5|0x00000000e0500000, 0x00000000e0600000, 0x00000000e0600000|100%| O|  |TAMS 0x00000000e0500000| PB 0x00000000e0500000| Untracked |  0
|   6|0x00000000e0600000, 0x00000000e0700000, 0x00000000e0700000|100%| O|  |TAMS 0x00000000e0600000| PB 0x00000000e0600000| Untracked |  0
|   7|0x00000000e0700000, 0x00000000e0800000, 0x00000000e0800000|100%|HS|  |TAMS 0x00000000e0700000| PB 0x00000000e0700000| Complete |  0
|   8|0x00000000e0800000, 0x00000000e0900000, 0x00000000e0900000|100%| O|  |TAMS 0x00000000e0800000| PB 0x00000000e0800000| Untracked |  0
|   9|0x00000000e0900000, 0x00000000e0a00000, 0x00000000e0a00000|100%| O|  |TAMS 0x00000000e0900000| PB 0x00000000e0900000| Untracked |  0
|  10|0x00000000e0a00000, 0x00000000e0b00000, 0x00000000e0b00000|100%| O|  |TAMS 0x00000000e0a00000| PB 0x00000000e0a00000| Untracked |  0
|  11|0x00000000e0b00000, 0x00000000e0c00000, 0x00000000e0c00000|100%| O|  |TAMS 0x00000000e0b00000| PB 0x00000000e0b00000| Untracked |  0
|  12|0x00000000e0c00000, 0x00000000e0d00000, 0x00000000e0d00000|100%| O|  |TAMS 0x00000000e0c00000| PB 0x00000000e0c00000| Untracked |  0
|  13|0x00000000e0d00000, 0x00000000e0e00000, 0x00000000e0e00000|100%| O|  |TAMS 0x00000000e0d00000| PB 0x00000000e0d00000| Untracked |  0
|  14|0x00000000e0e00000, 0x00000000e0f00000, 0x00000000e0f00000|100%| O|  |TAMS 0x00000000e0e00000| PB 0x00000000e0e00000| Untracked |  0
|  15|0x00000000e0f00000, 0x00000000e1000000, 0x00000000e1000000|100%| O|  |TAMS 0x00000000e0f00000| PB 0x00000000e0f00000| Untracked |  0
|  16|0x00000000e1000000, 0x00000000e1100000, 0x00000000e1100000|100%| O|  |TAMS 0x00000000e1000000| PB 0x00000000e1000000| Untracked |  0
|  17|0x00000000e1100000, 0x00000000e1200000, 0x00000000e1200000|100%| O|  |TAMS 0x00000000e1100000| PB 0x00000000e1100000| Untracked |  0
|  18|0x00000000e1200000, 0x00000000e1300000, 0x00000000e1300000|100%| O|  |TAMS 0x00000000e1200000| PB 0x00000000e1200000| Untracked |  0
|  19|0x00000000e1300000, 0x00000000e1400000, 0x00000000e1400000|100%| O|  |TAMS 0x00000000e1300000| PB 0x00000000e1300000| Untracked |  0
|  20|0x00000000e1400000, 0x00000000e1500000, 0x00000000e1500000|100%| O|  |TAMS 0x00000000e1400000| PB 0x00000000e1400000| Untracked |  0
|  21|0x00000000e1500000, 0x00000000e1600000, 0x00000000e1600000|100%| O|  |TAMS 0x00000000e1500000| PB 0x00000000e1500000| Untracked |  0
|  22|0x00000000e1600000, 0x00000000e1700000, 0x00000000e1700000|100%| O|  |TAMS 0x00000000e1600000| PB 0x00000000e1600000| Untracked |  0
|  23|0x00000000e1700000, 0x00000000e1800000, 0x00000000e1800000|100%| O|  |TAMS 0x00000000e1700000| PB 0x00000000e1700000| Untracked |  0
|  24|0x00000000e1800000, 0x00000000e1900000, 0x00000000e1900000|100%| O|  |TAMS 0x00000000e1800000| PB 0x00000000e1800000| Untracked |  0
|  25|0x00000000e1900000, 0x00000000e1a00000, 0x00000000e1a00000|100%| O|  |TAMS 0x00000000e1900000| PB 0x00000000e1900000| Untracked |  0
|  26|0x00000000e1a00000, 0x00000000e1b00000, 0x00000000e1b00000|100%| O|  |TAMS 0x00000000e1a00000| PB 0x00000000e1a00000| Untracked |  0
|  27|0x00000000e1b00000, 0x00000000e1c00000, 0x00000000e1c00000|100%| O|  |TAMS 0x00000000e1b00000| PB 0x00000000e1b00000| Untracked |  0
|  28|0x00000000e1c00000, 0x00000000e1d00000, 0x00000000e1d00000|100%| O|  |TAMS 0x00000000e1c00000| PB 0x00000000e1c00000| Untracked |  0
|  29|0x00000000e1d00000, 0x00000000e1e00000, 0x00000000e1e00000|100%| O|Cm|TAMS 0x00000000e1d00000| PB 0x00000000e1d00000| Complete |  0
|  30|0x00000000e1e00000, 0x00000000e1f00000, 0x00000000e1f00000|100%| O|  |TAMS 0x00000000e1e00000| PB 0x00000000e1e00000| Untracked |  0
|  31|0x00000000e1f00000, 0x00000000e2000000, 0x00000000e2000000|100%| O|  |TAMS 0x00000000e1f00000| PB 0x00000000e1f00000| Untracked |  0
|  32|0x00000000e2000000, 0x00000000e2100000, 0x00000000e2100000|100%| O|  |TAMS 0x00000000e2000000| PB 0x00000000e2000000| Untracked |  0
|  33|0x00000000e2100000, 0x00000000e2200000, 0x00000000e2200000|100%| O|  |TAMS 0x00000000e2100000| PB 0x00000000e2100000| Untracked |  0
|  34|0x00000000e2200000, 0x00000000e2300000, 0x00000000e2300000|100%| O|  |TAMS 0x00000000e2200000| PB 0x00000000e2200000| Untracked |  0
|  35|0x00000000e2300000, 0x00000000e2400000, 0x00000000e2400000|100%| O|  |TAMS 0x00000000e2300000| PB 0x00000000e2300000| Untracked |  0
|  36|0x00000000e2400000, 0x00000000e2500000, 0x00000000e2500000|100%| O|  |TAMS 0x00000000e2400000| PB 0x00000000e2400000| Untracked |  0
|  37|0x00000000e2500000, 0x00000000e2600000, 0x00000000e2600000|100%| O|  |TAMS 0x00000000e2500000| PB 0x00000000e2500000| Untracked |  0
|  38|0x00000000e2600000, 0x00000000e2700000, 0x00000000e2700000|100%| O|  |TAMS 0x00000000e2600000| PB 0x00000000e2600000| Untracked |  0
|  39|0x00000000e2700000, 0x00000000e2800000, 0x00000000e2800000|100%| O|  |TAMS 0x00000000e2700000| PB 0x00000000e2700000| Untracked |  0
|  40|0x00000000e2800000, 0x00000000e2900000, 0x00000000e2900000|100%| O|  |TAMS 0x00000000e2800000| PB 0x00000000e2800000| Untracked |  0
|  41|0x00000000e2900000, 0x00000000e2a00000, 0x00000000e2a00000|100%| O|  |TAMS 0x00000000e2900000| PB 0x00000000e2900000| Untracked |  0
|  42|0x00000000e2a00000, 0x00000000e2b00000, 0x00000000e2b00000|100%| O|  |TAMS 0x00000000e2a00000| PB 0x00000000e2a00000| Untracked |  0
|  43|0x00000000e2b00000, 0x00000000e2c00000, 0x00000000e2c00000|100%| O|  |TAMS 0x00000000e2b00000| PB 0x00000000e2b00000| Untracked |  0
|  44|0x00000000e2c00000, 0x00000000e2d00000, 0x00000000e2d00000|100%| O|  |TAMS 0x00000000e2c00000| PB 0x00000000e2c00000| Untracked |  0
|  45|0x00000000e2d00000, 0x00000000e2e00000, 0x00000000e2e00000|100%| O|  |TAMS 0x00000000e2d00000| PB 0x00000000e2d00000| Untracked |  0
|  46|0x00000000e2e00000, 0x00000000e2f00000, 0x00000000e2f00000|100%| O|  |TAMS 0x00000000e2e00000| PB 0x00000000e2e00000| Untracked |  0
|  47|0x00000000e2f00000, 0x00000000e3000000, 0x00000000e3000000|100%| O|  |TAMS 0x00000000e2f00000| PB 0x00000000e2f00000| Untracked |  0
|  48|0x00000000e3000000, 0x00000000e3000000, 0x00000000e3100000|  0%| F|  |TAMS 0x00000000e3000000| PB 0x00000000e3000000| Untracked |  0
|  49|0x00000000e3100000, 0x00000000e3100000, 0x00000000e3200000|  0%| F|  |TAMS 0x00000000e3100000| PB 0x00000000e3100000| Untracked |  0
|  50|0x00000000e3200000, 0x00000000e3200000, 0x00000000e3300000|  0%| F|  |TAMS 0x00000000e3200000| PB 0x00000000e3200000| Untracked |  0
|  51|0x00000000e3300000, 0x00000000e3300000, 0x00000000e3400000|  0%| F|  |TAMS 0x00000000e3300000| PB 0x00000000e3300000| Untracked |  0
|  52|0x00000000e3400000, 0x00000000e3400000, 0x00000000e3500000|  0%| F|  |TAMS 0x00000000e3400000| PB 0x00000000e3400000| Untracked |  0
|  53|0x00000000e3500000, 0x00000000e3500000, 0x00000000e3600000|  0%| F|  |TAMS 0x00000000e3500000| PB 0x00000000e3500000| Untracked |  0
|  54|0x00000000e3600000, 0x00000000e3600000, 0x00000000e3700000|  0%| F|  |TAMS 0x00000000e3600000| PB 0x00000000e3600000| Untracked |  0
|  55|0x00000000e3700000, 0x00000000e3700000, 0x00000000e3800000|  0%| F|  |TAMS 0x00000000e3700000| PB 0x00000000e3700000| Untracked |  0
|  56|0x00000000e3800000, 0x00000000e3800000, 0x00000000e3900000|  0%| F|  |TAMS 0x00000000e3800000| PB 0x00000000e3800000| Untracked |  0
|  57|0x00000000e3900000, 0x00000000e3900000, 0x00000000e3a00000|  0%| F|  |TAMS 0x00000000e3900000| PB 0x00000000e3900000| Untracked |  0
|  58|0x00000000e3a00000, 0x00000000e3a00000, 0x00000000e3b00000|  0%| F|  |TAMS 0x00000000e3a00000| PB 0x00000000e3a00000| Untracked |  0
|  59|0x00000000e3b00000, 0x00000000e3b00000, 0x00000000e3c00000|  0%| F|  |TAMS 0x00000000e3b00000| PB 0x00000000e3b00000| Untracked |  0
|  60|0x00000000e3c00000, 0x00000000e3c00000, 0x00000000e3d00000|  0%| F|  |TAMS 0x00000000e3c00000| PB 0x00000000e3c00000| Untracked |  0
|  61|0x00000000e3d00000, 0x00000000e3d00000, 0x00000000e3e00000|  0%| F|  |TAMS 0x00000000e3d00000| PB 0x00000000e3d00000| Untracked |  0
|  62|0x00000000e3e00000, 0x00000000e3e00000, 0x00000000e3f00000|  0%| F|  |TAMS 0x00000000e3e00000| PB 0x00000000e3e00000| Untracked |  0
|  63|0x00000000e3f00000, 0x00000000e3f00000, 0x00000000e4000000|  0%| F|  |TAMS 0x00000000e3f00000| PB 0x00000000e3f00000| Untracked |  0
|  64|0x00000000e4000000, 0x00000000e4000000, 0x00000000e4100000|  0%| F|  |TAMS 0x00000000e4000000| PB 0x00000000e4000000| Untracked |  0
|  65|0x00000000e4100000, 0x00000000e4100000, 0x00000000e4200000|  0%| F|  |TAMS 0x00000000e4100000| PB 0x00000000e4100000| Untracked |  0
|  66|0x00000000e4200000, 0x00000000e4200000, 0x00000000e4300000|  0%| F|  |TAMS 0x00000000e4200000| PB 0x00000000e4200000| Untracked |  0
|  67|0x00000000e4300000, 0x00000000e4300000, 0x00000000e4400000|  0%| F|  |TAMS 0x00000000e4300000| PB 0x00000000e4300000| Untracked |  0
|  68|0x00000000e4400000, 0x00000000e4400000, 0x00000000e4500000|  0%| F|  |TAMS 0x00000000e4400000| PB 0x00000000e4400000| Untracked |  0
|  69|0x00000000e4500000, 0x00000000e4500000, 0x00000000e4600000|  0%| F|  |TAMS 0x00000000e4500000| PB 0x00000000e4500000| Untracked |  0
|  70|0x00000000e4600000, 0x00000000e4600000, 0x00000000e4700000|  0%| F|  |TAMS 0x00000000e4600000| PB 0x00000000e4600000| Untracked |  0
|  71|0x00000000e4700000, 0x00000000e4700000, 0x00000000e4800000|  0%| F|  |TAMS 0x00000000e4700000| PB 0x00000000e4700000| Untracked |  0
|  72|0x00000000e4800000, 0x00000000e4800000, 0x00000000e4900000|  0%| F|  |TAMS 0x00000000e4800000| PB 0x00000000e4800000| Untracked |  0
|  73|0x00000000e4900000, 0x00000000e4900000, 0x00000000e4a00000|  0%| F|  |TAMS 0x00000000e4900000| PB 0x00000000e4900000| Untracked |  0
|  74|0x00000000e4a00000, 0x00000000e4a00000, 0x00000000e4b00000|  0%| F|  |TAMS 0x00000000e4a00000| PB 0x00000000e4a00000| Untracked |  0
|  75|0x00000000e4b00000, 0x00000000e4b00000, 0x00000000e4c00000|  0%| F|  |TAMS 0x00000000e4b00000| PB 0x00000000e4b00000| Untracked |  0
|  76|0x00000000e4c00000, 0x00000000e4c00000, 0x00000000e4d00000|  0%| F|  |TAMS 0x00000000e4c00000| PB 0x00000000e4c00000| Untracked |  0
|  77|0x00000000e4d00000, 0x00000000e4d00000, 0x00000000e4e00000|  0%| F|  |TAMS 0x00000000e4d00000| PB 0x00000000e4d00000| Untracked |  0
|  78|0x00000000e4e00000, 0x00000000e4e00000, 0x00000000e4f00000|  0%| F|  |TAMS 0x00000000e4e00000| PB 0x00000000e4e00000| Untracked |  0
|  79|0x00000000e4f00000, 0x00000000e4f00000, 0x00000000e5000000|  0%| F|  |TAMS 0x00000000e4f00000| PB 0x00000000e4f00000| Untracked |  0
|  80|0x00000000e5000000, 0x00000000e5000000, 0x00000000e5100000|  0%| F|  |TAMS 0x00000000e5000000| PB 0x00000000e5000000| Untracked |  0
|  81|0x00000000e5100000, 0x00000000e5100000, 0x00000000e5200000|  0%| F|  |TAMS 0x00000000e5100000| PB 0x00000000e5100000| Untracked |  0
|  82|0x00000000e5200000, 0x00000000e5200000, 0x00000000e5300000|  0%| F|  |TAMS 0x00000000e5200000| PB 0x00000000e5200000| Untracked |  0
|  83|0x00000000e5300000, 0x00000000e5300000, 0x00000000e5400000|  0%| F|  |TAMS 0x00000000e5300000| PB 0x00000000e5300000| Untracked |  0
|  84|0x00000000e5400000, 0x00000000e5400000, 0x00000000e5500000|  0%| F|  |TAMS 0x00000000e5400000| PB 0x00000000e5400000| Untracked |  0
|  85|0x00000000e5500000, 0x00000000e5500000, 0x00000000e5600000|  0%| F|  |TAMS 0x00000000e5500000| PB 0x00000000e5500000| Untracked |  0
|  86|0x00000000e5600000, 0x00000000e5600000, 0x00000000e5700000|  0%| F|  |TAMS 0x00000000e5600000| PB 0x00000000e5600000| Untracked |  0
|  87|0x00000000e5700000, 0x00000000e5700000, 0x00000000e5800000|  0%| F|  |TAMS 0x00000000e5700000| PB 0x00000000e5700000| Untracked |  0
|  88|0x00000000e5800000, 0x00000000e5800000, 0x00000000e5900000|  0%| F|  |TAMS 0x00000000e5800000| PB 0x00000000e5800000| Untracked |  0
|  89|0x00000000e5900000, 0x00000000e5900000, 0x00000000e5a00000|  0%| F|  |TAMS 0x00000000e5900000| PB 0x00000000e5900000| Untracked |  0
|  90|0x00000000e5a00000, 0x00000000e5a00000, 0x00000000e5b00000|  0%| F|  |TAMS 0x00000000e5a00000| PB 0x00000000e5a00000| Untracked |  0
|  91|0x00000000e5b00000, 0x00000000e5b00000, 0x00000000e5c00000|  0%| F|  |TAMS 0x00000000e5b00000| PB 0x00000000e5b00000| Untracked |  0
|  92|0x00000000e5c00000, 0x00000000e5c00000, 0x00000000e5d00000|  0%| F|  |TAMS 0x00000000e5c00000| PB 0x00000000e5c00000| Untracked |  0
|  93|0x00000000e5d00000, 0x00000000e5d00000, 0x00000000e5e00000|  0%| F|  |TAMS 0x00000000e5d00000| PB 0x00000000e5d00000| Untracked |  0
|  94|0x00000000e5e00000, 0x00000000e5e00000, 0x00000000e5f00000|  0%| F|  |TAMS 0x00000000e5e00000| PB 0x00000000e5e00000| Untracked |  0
|  95|0x00000000e5f00000, 0x00000000e5f00000, 0x00000000e6000000|  0%| F|  |TAMS 0x00000000e5f00000| PB 0x00000000e5f00000| Untracked |  0
|  96|0x00000000e6000000, 0x00000000e6000000, 0x00000000e6100000|  0%| F|  |TAMS 0x00000000e6000000| PB 0x00000000e6000000| Untracked |  0
|  97|0x00000000e6100000, 0x00000000e6100000, 0x00000000e6200000|  0%| F|  |TAMS 0x00000000e6100000| PB 0x00000000e6100000| Untracked |  0
|  98|0x00000000e6200000, 0x00000000e6200000, 0x00000000e6300000|  0%| F|  |TAMS 0x00000000e6200000| PB 0x00000000e6200000| Untracked |  0
|  99|0x00000000e6300000, 0x00000000e6300000, 0x00000000e6400000|  0%| F|  |TAMS 0x00000000e6300000| PB 0x00000000e6300000| Untracked |  0
| 100|0x00000000e6400000, 0x00000000e6400000, 0x00000000e6500000|  0%| F|  |TAMS 0x00000000e6400000| PB 0x00000000e6400000| Untracked |  0
| 101|0x00000000e6500000, 0x00000000e6500000, 0x00000000e6600000|  0%| F|  |TAMS 0x00000000e6500000| PB 0x00000000e6500000| Untracked |  0
| 102|0x00000000e6600000, 0x00000000e6600000, 0x00000000e6700000|  0%| F|  |TAMS 0x00000000e6600000| PB 0x00000000e6600000| Untracked |  0
| 103|0x00000000e6700000, 0x00000000e6700000, 0x00000000e6800000|  0%| F|  |TAMS 0x00000000e6700000| PB 0x00000000e6700000| Untracked |  0
| 104|0x00000000e6800000, 0x00000000e6800000, 0x00000000e6900000|  0%| F|  |TAMS 0x00000000e6800000| PB 0x00000000e6800000| Untracked |  0
| 105|0x00000000e6900000, 0x00000000e6900000, 0x00000000e6a00000|  0%| F|  |TAMS 0x00000000e6900000| PB 0x00000000e6900000| Untracked |  0
| 106|0x00000000e6a00000, 0x00000000e6a00000, 0x00000000e6b00000|  0%| F|  |TAMS 0x00000000e6a00000| PB 0x00000000e6a00000| Untracked |  0
| 107|0x00000000e6b00000, 0x00000000e6b00000, 0x00000000e6c00000|  0%| F|  |TAMS 0x00000000e6b00000| PB 0x00000000e6b00000| Untracked |  0
| 108|0x00000000e6c00000, 0x00000000e6c00000, 0x00000000e6d00000|  0%| F|  |TAMS 0x00000000e6c00000| PB 0x00000000e6c00000| Untracked |  0
| 109|0x00000000e6d00000, 0x00000000e6d00000, 0x00000000e6e00000|  0%| F|  |TAMS 0x00000000e6d00000| PB 0x00000000e6d00000| Untracked |  0
| 110|0x00000000e6e00000, 0x00000000e6e00000, 0x00000000e6f00000|  0%| F|  |TAMS 0x00000000e6e00000| PB 0x00000000e6e00000| Untracked |  0
| 111|0x00000000e6f00000, 0x00000000e6f00000, 0x00000000e7000000|  0%| F|  |TAMS 0x00000000e6f00000| PB 0x00000000e6f00000| Untracked |  0
| 112|0x00000000e7000000, 0x00000000e7000000, 0x00000000e7100000|  0%| F|  |TAMS 0x00000000e7000000| PB 0x00000000e7000000| Untracked |  0
| 113|0x00000000e7100000, 0x00000000e7100000, 0x00000000e7200000|  0%| F|  |TAMS 0x00000000e7100000| PB 0x00000000e7100000| Untracked |  0
| 114|0x00000000e7200000, 0x00000000e7200000, 0x00000000e7300000|  0%| F|  |TAMS 0x00000000e7200000| PB 0x00000000e7200000| Untracked |  0
| 115|0x00000000e7300000, 0x00000000e7300000, 0x00000000e7400000|  0%| F|  |TAMS 0x00000000e7300000| PB 0x00000000e7300000| Untracked |  0
| 116|0x00000000e7400000, 0x00000000e7400000, 0x00000000e7500000|  0%| F|  |TAMS 0x00000000e7400000| PB 0x00000000e7400000| Untracked |  0
| 117|0x00000000e7500000, 0x00000000e7500000, 0x00000000e7600000|  0%| F|  |TAMS 0x00000000e7500000| PB 0x00000000e7500000| Untracked |  0
| 118|0x00000000e7600000, 0x00000000e7600000, 0x00000000e7700000|  0%| F|  |TAMS 0x00000000e7600000| PB 0x00000000e7600000| Untracked |  0
| 119|0x00000000e7700000, 0x00000000e7700000, 0x00000000e7800000|  0%| F|  |TAMS 0x00000000e7700000| PB 0x00000000e7700000| Untracked |  0
| 120|0x00000000e7800000, 0x00000000e7800000, 0x00000000e7900000|  0%| F|  |TAMS 0x00000000e7800000| PB 0x00000000e7800000| Untracked |  0
| 121|0x00000000e7900000, 0x00000000e7900000, 0x00000000e7a00000|  0%| F|  |TAMS 0x00000000e7900000| PB 0x00000000e7900000| Untracked |  0
| 122|0x00000000e7a00000, 0x00000000e7a00000, 0x00000000e7b00000|  0%| F|  |TAMS 0x00000000e7a00000| PB 0x00000000e7a00000| Untracked |  0
| 123|0x00000000e7b00000, 0x00000000e7b00000, 0x00000000e7c00000|  0%| F|  |TAMS 0x00000000e7b00000| PB 0x00000000e7b00000| Untracked |  0
| 124|0x00000000e7c00000, 0x00000000e7c00000, 0x00000000e7d00000|  0%| F|  |TAMS 0x00000000e7c00000| PB 0x00000000e7c00000| Untracked |  0
| 125|0x00000000e7d00000, 0x00000000e7d00000, 0x00000000e7e00000|  0%| F|  |TAMS 0x00000000e7d00000| PB 0x00000000e7d00000| Untracked |  0
| 126|0x00000000e7e00000, 0x00000000e7e00000, 0x00000000e7f00000|  0%| F|  |TAMS 0x00000000e7e00000| PB 0x00000000e7e00000| Untracked |  0
| 127|0x00000000e7f00000, 0x00000000e7f00000, 0x00000000e8000000|  0%| F|  |TAMS 0x00000000e7f00000| PB 0x00000000e7f00000| Untracked |  0
| 128|0x00000000e8000000, 0x00000000e8000000, 0x00000000e8100000|  0%| F|  |TAMS 0x00000000e8000000| PB 0x00000000e8000000| Untracked |  0
| 129|0x00000000e8100000, 0x00000000e8100000, 0x00000000e8200000|  0%| F|  |TAMS 0x00000000e8100000| PB 0x00000000e8100000| Untracked |  0
| 130|0x00000000e8200000, 0x00000000e8200000, 0x00000000e8300000|  0%| F|  |TAMS 0x00000000e8200000| PB 0x00000000e8200000| Untracked |  0
| 131|0x00000000e8300000, 0x00000000e8300000, 0x00000000e8400000|  0%| F|  |TAMS 0x00000000e8300000| PB 0x00000000e8300000| Untracked |  0
| 132|0x00000000e8400000, 0x00000000e8400000, 0x00000000e8500000|  0%| F|  |TAMS 0x00000000e8400000| PB 0x00000000e8400000| Untracked |  0
| 133|0x00000000e8500000, 0x00000000e8500000, 0x00000000e8600000|  0%| F|  |TAMS 0x00000000e8500000| PB 0x00000000e8500000| Untracked |  0
| 134|0x00000000e8600000, 0x00000000e8600000, 0x00000000e8700000|  0%| F|  |TAMS 0x00000000e8600000| PB 0x00000000e8600000| Untracked |  0
| 135|0x00000000e8700000, 0x00000000e8700000, 0x00000000e8800000|  0%| F|  |TAMS 0x00000000e8700000| PB 0x00000000e8700000| Untracked |  0
| 136|0x00000000e8800000, 0x00000000e8800000, 0x00000000e8900000|  0%| F|  |TAMS 0x00000000e8800000| PB 0x00000000e8800000| Untracked |  0
| 137|0x00000000e8900000, 0x00000000e8900000, 0x00000000e8a00000|  0%| F|  |TAMS 0x00000000e8900000| PB 0x00000000e8900000| Untracked |  0
| 138|0x00000000e8a00000, 0x00000000e8a00000, 0x00000000e8b00000|  0%| F|  |TAMS 0x00000000e8a00000| PB 0x00000000e8a00000| Untracked |  0
| 139|0x00000000e8b00000, 0x00000000e8b00000, 0x00000000e8c00000|  0%| F|  |TAMS 0x00000000e8b00000| PB 0x00000000e8b00000| Untracked |  0
| 140|0x00000000e8c00000, 0x00000000e8c00000, 0x00000000e8d00000|  0%| F|  |TAMS 0x00000000e8c00000| PB 0x00000000e8c00000| Untracked |  0
| 141|0x00000000e8d00000, 0x00000000e8d00000, 0x00000000e8e00000|  0%| F|  |TAMS 0x00000000e8d00000| PB 0x00000000e8d00000| Untracked |  0
| 142|0x00000000e8e00000, 0x00000000e8e00000, 0x00000000e8f00000|  0%| F|  |TAMS 0x00000000e8e00000| PB 0x00000000e8e00000| Untracked |  0
| 143|0x00000000e8f00000, 0x00000000e8f00000, 0x00000000e9000000|  0%| F|  |TAMS 0x00000000e8f00000| PB 0x00000000e8f00000| Untracked |  0
| 144|0x00000000e9000000, 0x00000000e9000000, 0x00000000e9100000|  0%| F|  |TAMS 0x00000000e9000000| PB 0x00000000e9000000| Untracked |  0
| 145|0x00000000e9100000, 0x00000000e9100000, 0x00000000e9200000|  0%| F|  |TAMS 0x00000000e9100000| PB 0x00000000e9100000| Untracked |  0
| 146|0x00000000e9200000, 0x00000000e9200000, 0x00000000e9300000|  0%| F|  |TAMS 0x00000000e9200000| PB 0x00000000e9200000| Untracked |  0
| 147|0x00000000e9300000, 0x00000000e9300000, 0x00000000e9400000|  0%| F|  |TAMS 0x00000000e9300000| PB 0x00000000e9300000| Untracked |  0
| 148|0x00000000e9400000, 0x00000000e9400000, 0x00000000e9500000|  0%| F|  |TAMS 0x00000000e9400000| PB 0x00000000e9400000| Untracked |  0
| 149|0x00000000e9500000, 0x00000000e9500000, 0x00000000e9600000|  0%| F|  |TAMS 0x00000000e9500000| PB 0x00000000e9500000| Untracked |  0
| 150|0x00000000e9600000, 0x00000000e9600000, 0x00000000e9700000|  0%| F|  |TAMS 0x00000000e9600000| PB 0x00000000e9600000| Untracked |  0
| 151|0x00000000e9700000, 0x00000000e9700000, 0x00000000e9800000|  0%| F|  |TAMS 0x00000000e9700000| PB 0x00000000e9700000| Untracked |  0
| 152|0x00000000e9800000, 0x00000000e9800000, 0x00000000e9900000|  0%| F|  |TAMS 0x00000000e9800000| PB 0x00000000e9800000| Untracked |  0
| 153|0x00000000e9900000, 0x00000000e9900000, 0x00000000e9a00000|  0%| F|  |TAMS 0x00000000e9900000| PB 0x00000000e9900000| Untracked |  0
| 154|0x00000000e9a00000, 0x00000000e9a00000, 0x00000000e9b00000|  0%| F|  |TAMS 0x00000000e9a00000| PB 0x00000000e9a00000| Untracked |  0
| 155|0x00000000e9b00000, 0x00000000e9b00000, 0x00000000e9c00000|  0%| F|  |TAMS 0x00000000e9b00000| PB 0x00000000e9b00000| Untracked |  0
| 156|0x00000000e9c00000, 0x00000000e9c00000, 0x00000000e9d00000|  0%| F|  |TAMS 0x00000000e9c00000| PB 0x00000000e9c00000| Untracked |  0
| 157|0x00000000e9d00000, 0x00000000e9d00000, 0x00000000e9e00000|  0%| F|  |TAMS 0x00000000e9d00000| PB 0x00000000e9d00000| Untracked |  0
| 158|0x00000000e9e00000, 0x00000000e9e00000, 0x00000000e9f00000|  0%| F|  |TAMS 0x00000000e9e00000| PB 0x00000000e9e00000| Untracked |  0
| 159|0x00000000e9f00000, 0x00000000e9f00000, 0x00000000ea000000|  0%| F|  |TAMS 0x00000000e9f00000| PB 0x00000000e9f00000| Untracked |  0
| 160|0x00000000ea000000, 0x00000000ea000000, 0x00000000ea100000|  0%| F|  |TAMS 0x00000000ea000000| PB 0x00000000ea000000| Untracked |  0
| 161|0x00000000ea100000, 0x00000000ea100000, 0x00000000ea200000|  0%| F|  |TAMS 0x00000000ea100000| PB 0x00000000ea100000| Untracked |  0
| 162|0x00000000ea200000, 0x00000000ea200000, 0x00000000ea300000|  0%| F|  |TAMS 0x00000000ea200000| PB 0x00000000ea200000| Untracked |  0
| 163|0x00000000ea300000, 0x00000000ea300000, 0x00000000ea400000|  0%| F|  |TAMS 0x00000000ea300000| PB 0x00000000ea300000| Untracked |  0
| 164|0x00000000ea400000, 0x00000000ea400000, 0x00000000ea500000|  0%| F|  |TAMS 0x00000000ea400000| PB 0x00000000ea400000| Untracked |  0
| 165|0x00000000ea500000, 0x00000000ea500000, 0x00000000ea600000|  0%| F|  |TAMS 0x00000000ea500000| PB 0x00000000ea500000| Untracked |  0
| 166|0x00000000ea600000, 0x00000000ea600000, 0x00000000ea700000|  0%| F|  |TAMS 0x00000000ea600000| PB 0x00000000ea600000| Untracked |  0
| 167|0x00000000ea700000, 0x00000000ea700000, 0x00000000ea800000|  0%| F|  |TAMS 0x00000000ea700000| PB 0x00000000ea700000| Untracked |  0
| 168|0x00000000ea800000, 0x00000000ea800000, 0x00000000ea900000|  0%| F|  |TAMS 0x00000000ea800000| PB 0x00000000ea800000| Untracked |  0
| 169|0x00000000ea900000, 0x00000000ea900000, 0x00000000eaa00000|  0%| F|  |TAMS 0x00000000ea900000| PB 0x00000000ea900000| Untracked |  0
| 170|0x00000000eaa00000, 0x00000000eaa00000, 0x00000000eab00000|  0%| F|  |TAMS 0x00000000eaa00000| PB 0x00000000eaa00000| Untracked |  0
| 171|0x00000000eab00000, 0x00000000eab00000, 0x00000000eac00000|  0%| F|  |TAMS 0x00000000eab00000| PB 0x00000000eab00000| Untracked |  0
| 172|0x00000000eac00000, 0x00000000eac00000, 0x00000000ead00000|  0%| F|  |TAMS 0x00000000eac00000| PB 0x00000000eac00000| Untracked |  0
| 173|0x00000000ead00000, 0x00000000ead00000, 0x00000000eae00000|  0%| F|  |TAMS 0x00000000ead00000| PB 0x00000000ead00000| Untracked |  0
| 174|0x00000000eae00000, 0x00000000eae00000, 0x00000000eaf00000|  0%| F|  |TAMS 0x00000000eae00000| PB 0x00000000eae00000| Untracked |  0
| 175|0x00000000eaf00000, 0x00000000eaf00000, 0x00000000eb000000|  0%| F|  |TAMS 0x00000000eaf00000| PB 0x00000000eaf00000| Untracked |  0
| 176|0x00000000eb000000, 0x00000000eb000000, 0x00000000eb100000|  0%| F|  |TAMS 0x00000000eb000000| PB 0x00000000eb000000| Untracked |  0
| 177|0x00000000eb100000, 0x00000000eb100000, 0x00000000eb200000|  0%| F|  |TAMS 0x00000000eb100000| PB 0x00000000eb100000| Untracked |  0
| 178|0x00000000eb200000, 0x00000000eb200000, 0x00000000eb300000|  0%| F|  |TAMS 0x00000000eb200000| PB 0x00000000eb200000| Untracked |  0
| 179|0x00000000eb300000, 0x00000000eb300000, 0x00000000eb400000|  0%| F|  |TAMS 0x00000000eb300000| PB 0x00000000eb300000| Untracked |  0
| 180|0x00000000eb400000, 0x00000000eb400000, 0x00000000eb500000|  0%| F|  |TAMS 0x00000000eb400000| PB 0x00000000eb400000| Untracked |  0
| 181|0x00000000eb500000, 0x00000000eb500000, 0x00000000eb600000|  0%| F|  |TAMS 0x00000000eb500000| PB 0x00000000eb500000| Untracked |  0
| 182|0x00000000eb600000, 0x00000000eb600000, 0x00000000eb700000|  0%| F|  |TAMS 0x00000000eb600000| PB 0x00000000eb600000| Untracked |  0
| 183|0x00000000eb700000, 0x00000000eb700000, 0x00000000eb800000|  0%| F|  |TAMS 0x00000000eb700000| PB 0x00000000eb700000| Untracked |  0
| 184|0x00000000eb800000, 0x00000000eb800000, 0x00000000eb900000|  0%| F|  |TAMS 0x00000000eb800000| PB 0x00000000eb800000| Untracked |  0
| 185|0x00000000eb900000, 0x00000000eb900000, 0x00000000eba00000|  0%| F|  |TAMS 0x00000000eb900000| PB 0x00000000eb900000| Untracked |  0
| 186|0x00000000eba00000, 0x00000000eba00000, 0x00000000ebb00000|  0%| F|  |TAMS 0x00000000eba00000| PB 0x00000000eba00000| Untracked |  0
| 187|0x00000000ebb00000, 0x00000000ebb00000, 0x00000000ebc00000|  0%| F|  |TAMS 0x00000000ebb00000| PB 0x00000000ebb00000| Untracked |  0
| 188|0x00000000ebc00000, 0x00000000ebc00000, 0x00000000ebd00000|  0%| F|  |TAMS 0x00000000ebc00000| PB 0x00000000ebc00000| Untracked |  0
| 189|0x00000000ebd00000, 0x00000000ebd00000, 0x00000000ebe00000|  0%| F|  |TAMS 0x00000000ebd00000| PB 0x00000000ebd00000| Untracked |  0
| 190|0x00000000ebe00000, 0x00000000ebe00000, 0x00000000ebf00000|  0%| F|  |TAMS 0x00000000ebe00000| PB 0x00000000ebe00000| Untracked |  0
| 191|0x00000000ebf00000, 0x00000000ebf00000, 0x00000000ec000000|  0%| F|  |TAMS 0x00000000ebf00000| PB 0x00000000ebf00000| Untracked |  0
| 192|0x00000000ec000000, 0x00000000ec000000, 0x00000000ec100000|  0%| F|  |TAMS 0x00000000ec000000| PB 0x00000000ec000000| Untracked |  0
| 193|0x00000000ec100000, 0x00000000ec100000, 0x00000000ec200000|  0%| F|  |TAMS 0x00000000ec100000| PB 0x00000000ec100000| Untracked |  0
| 194|0x00000000ec200000, 0x00000000ec200000, 0x00000000ec300000|  0%| F|  |TAMS 0x00000000ec200000| PB 0x00000000ec200000| Untracked |  0
| 195|0x00000000ec300000, 0x00000000ec300000, 0x00000000ec400000|  0%| F|  |TAMS 0x00000000ec300000| PB 0x00000000ec300000| Untracked |  0
| 196|0x00000000ec400000, 0x00000000ec400000, 0x00000000ec500000|  0%| F|  |TAMS 0x00000000ec400000| PB 0x00000000ec400000| Untracked |  0
| 197|0x00000000ec500000, 0x00000000ec500000, 0x00000000ec600000|  0%| F|  |TAMS 0x00000000ec500000| PB 0x00000000ec500000| Untracked |  0
| 198|0x00000000ec600000, 0x00000000ec600000, 0x00000000ec700000|  0%| F|  |TAMS 0x00000000ec600000| PB 0x00000000ec600000| Untracked |  0
| 199|0x00000000ec700000, 0x00000000ec700000, 0x00000000ec800000|  0%| F|  |TAMS 0x00000000ec700000| PB 0x00000000ec700000| Untracked |  0
| 200|0x00000000ec800000, 0x00000000ec800000, 0x00000000ec900000|  0%| F|  |TAMS 0x00000000ec800000| PB 0x00000000ec800000| Untracked |  0
| 201|0x00000000ec900000, 0x00000000ec900000, 0x00000000eca00000|  0%| F|  |TAMS 0x00000000ec900000| PB 0x00000000ec900000| Untracked |  0
| 202|0x00000000eca00000, 0x00000000eca00000, 0x00000000ecb00000|  0%| F|  |TAMS 0x00000000eca00000| PB 0x00000000eca00000| Untracked |  0
| 203|0x00000000ecb00000, 0x00000000ecb00000, 0x00000000ecc00000|  0%| F|  |TAMS 0x00000000ecb00000| PB 0x00000000ecb00000| Untracked |  0
| 204|0x00000000ecc00000, 0x00000000ecc00000, 0x00000000ecd00000|  0%| F|  |TAMS 0x00000000ecc00000| PB 0x00000000ecc00000| Untracked |  0
| 205|0x00000000ecd00000, 0x00000000ecd00000, 0x00000000ece00000|  0%| F|  |TAMS 0x00000000ecd00000| PB 0x00000000ecd00000| Untracked |  0
| 206|0x00000000ece00000, 0x00000000ece00000, 0x00000000ecf00000|  0%| F|  |TAMS 0x00000000ece00000| PB 0x00000000ece00000| Untracked |  0
| 207|0x00000000ecf00000, 0x00000000ecf00000, 0x00000000ed000000|  0%| F|  |TAMS 0x00000000ecf00000| PB 0x00000000ecf00000| Untracked |  0
| 208|0x00000000ed000000, 0x00000000ed000000, 0x00000000ed100000|  0%| F|  |TAMS 0x00000000ed000000| PB 0x00000000ed000000| Untracked |  0
| 209|0x00000000ed100000, 0x00000000ed100000, 0x00000000ed200000|  0%| F|  |TAMS 0x00000000ed100000| PB 0x00000000ed100000| Untracked |  0
| 210|0x00000000ed200000, 0x00000000ed200000, 0x00000000ed300000|  0%| F|  |TAMS 0x00000000ed200000| PB 0x00000000ed200000| Untracked |  0
| 211|0x00000000ed300000, 0x00000000ed300000, 0x00000000ed400000|  0%| F|  |TAMS 0x00000000ed300000| PB 0x00000000ed300000| Untracked |  0
| 212|0x00000000ed400000, 0x00000000ed400000, 0x00000000ed500000|  0%| F|  |TAMS 0x00000000ed400000| PB 0x00000000ed400000| Untracked |  0
| 213|0x00000000ed500000, 0x00000000ed500000, 0x00000000ed600000|  0%| F|  |TAMS 0x00000000ed500000| PB 0x00000000ed500000| Untracked |  0
| 214|0x00000000ed600000, 0x00000000ed600000, 0x00000000ed700000|  0%| F|  |TAMS 0x00000000ed600000| PB 0x00000000ed600000| Untracked |  0
| 215|0x00000000ed700000, 0x00000000ed700000, 0x00000000ed800000|  0%| F|  |TAMS 0x00000000ed700000| PB 0x00000000ed700000| Untracked |  0
| 216|0x00000000ed800000, 0x00000000ed800000, 0x00000000ed900000|  0%| F|  |TAMS 0x00000000ed800000| PB 0x00000000ed800000| Untracked |  0
| 217|0x00000000ed900000, 0x00000000ed900000, 0x00000000eda00000|  0%| F|  |TAMS 0x00000000ed900000| PB 0x00000000ed900000| Untracked |  0
| 218|0x00000000eda00000, 0x00000000eda00000, 0x00000000edb00000|  0%| F|  |TAMS 0x00000000eda00000| PB 0x00000000eda00000| Untracked |  0
| 219|0x00000000edb00000, 0x00000000edb00000, 0x00000000edc00000|  0%| F|  |TAMS 0x00000000edb00000| PB 0x00000000edb00000| Untracked |  0
| 220|0x00000000edc00000, 0x00000000edc00000, 0x00000000edd00000|  0%| F|  |TAMS 0x00000000edc00000| PB 0x00000000edc00000| Untracked |  0
| 221|0x00000000edd00000, 0x00000000edd00000, 0x00000000ede00000|  0%| F|  |TAMS 0x00000000edd00000| PB 0x00000000edd00000| Untracked |  0
| 222|0x00000000ede00000, 0x00000000ede00000, 0x00000000edf00000|  0%| F|  |TAMS 0x00000000ede00000| PB 0x00000000ede00000| Untracked |  0
| 223|0x00000000edf00000, 0x00000000edf00000, 0x00000000ee000000|  0%| F|  |TAMS 0x00000000edf00000| PB 0x00000000edf00000| Untracked |  0
| 224|0x00000000ee000000, 0x00000000ee000000, 0x00000000ee100000|  0%| F|  |TAMS 0x00000000ee000000| PB 0x00000000ee000000| Untracked |  0
| 225|0x00000000ee100000, 0x00000000ee100000, 0x00000000ee200000|  0%| F|  |TAMS 0x00000000ee100000| PB 0x00000000ee100000| Untracked |  0
| 226|0x00000000ee200000, 0x00000000ee200000, 0x00000000ee300000|  0%| F|  |TAMS 0x00000000ee200000| PB 0x00000000ee200000| Untracked |  0
| 227|0x00000000ee300000, 0x00000000ee300000, 0x00000000ee400000|  0%| F|  |TAMS 0x00000000ee300000| PB 0x00000000ee300000| Untracked |  0
| 228|0x00000000ee400000, 0x00000000ee400000, 0x00000000ee500000|  0%| F|  |TAMS 0x00000000ee400000| PB 0x00000000ee400000| Untracked |  0
| 229|0x00000000ee500000, 0x00000000ee500000, 0x00000000ee600000|  0%| F|  |TAMS 0x00000000ee500000| PB 0x00000000ee500000| Untracked |  0
| 230|0x00000000ee600000, 0x00000000ee600000, 0x00000000ee700000|  0%| F|  |TAMS 0x00000000ee600000| PB 0x00000000ee600000| Untracked |  0
| 231|0x00000000ee700000, 0x00000000ee700000, 0x00000000ee800000|  0%| F|  |TAMS 0x00000000ee700000| PB 0x00000000ee700000| Untracked |  0
| 232|0x00000000ee800000, 0x00000000ee800000, 0x00000000ee900000|  0%| F|  |TAMS 0x00000000ee800000| PB 0x00000000ee800000| Untracked |  0
| 233|0x00000000ee900000, 0x00000000ee900000, 0x00000000eea00000|  0%| F|  |TAMS 0x00000000ee900000| PB 0x00000000ee900000| Untracked |  0
| 234|0x00000000eea00000, 0x00000000eea00000, 0x00000000eeb00000|  0%| F|  |TAMS 0x00000000eea00000| PB 0x00000000eea00000| Untracked |  0
| 235|0x00000000eeb00000, 0x00000000eeb00000, 0x00000000eec00000|  0%| F|  |TAMS 0x00000000eeb00000| PB 0x00000000eeb00000| Untracked |  0
| 236|0x00000000eec00000, 0x00000000eec00000, 0x00000000eed00000|  0%| F|  |TAMS 0x00000000eec00000| PB 0x00000000eec00000| Untracked |  0
| 237|0x00000000eed00000, 0x00000000eed00000, 0x00000000eee00000|  0%| F|  |TAMS 0x00000000eed00000| PB 0x00000000eed00000| Untracked |  0
| 238|0x00000000eee00000, 0x00000000eee00000, 0x00000000eef00000|  0%| F|  |TAMS 0x00000000eee00000| PB 0x00000000eee00000| Untracked |  0
| 239|0x00000000eef00000, 0x00000000eef00000, 0x00000000ef000000|  0%| F|  |TAMS 0x00000000eef00000| PB 0x00000000eef00000| Untracked |  0
| 240|0x00000000ef000000, 0x00000000ef000000, 0x00000000ef100000|  0%| F|  |TAMS 0x00000000ef000000| PB 0x00000000ef000000| Untracked |  0
| 241|0x00000000ef100000, 0x00000000ef100000, 0x00000000ef200000|  0%| F|  |TAMS 0x00000000ef100000| PB 0x00000000ef100000| Untracked |  0
| 242|0x00000000ef200000, 0x00000000ef200000, 0x00000000ef300000|  0%| F|  |TAMS 0x00000000ef200000| PB 0x00000000ef200000| Untracked |  0
| 243|0x00000000ef300000, 0x00000000ef300000, 0x00000000ef400000|  0%| F|  |TAMS 0x00000000ef300000| PB 0x00000000ef300000| Untracked |  0
| 244|0x00000000ef400000, 0x00000000ef400000, 0x00000000ef500000|  0%| F|  |TAMS 0x00000000ef400000| PB 0x00000000ef400000| Untracked |  0
| 245|0x00000000ef500000, 0x00000000ef500000, 0x00000000ef600000|  0%| F|  |TAMS 0x00000000ef500000| PB 0x00000000ef500000| Untracked |  0
| 246|0x00000000ef600000, 0x00000000ef600000, 0x00000000ef700000|  0%| F|  |TAMS 0x00000000ef600000| PB 0x00000000ef600000| Untracked |  0
| 247|0x00000000ef700000, 0x00000000ef700000, 0x00000000ef800000|  0%| F|  |TAMS 0x00000000ef700000| PB 0x00000000ef700000| Untracked |  0
| 248|0x00000000ef800000, 0x00000000ef800000, 0x00000000ef900000|  0%| F|  |TAMS 0x00000000ef800000| PB 0x00000000ef800000| Untracked |  0
| 249|0x00000000ef900000, 0x00000000ef900000, 0x00000000efa00000|  0%| F|  |TAMS 0x00000000ef900000| PB 0x00000000ef900000| Untracked |  0
| 250|0x00000000efa00000, 0x00000000efa80000, 0x00000000efb00000| 50%| E|  |TAMS 0x00000000efa00000| PB 0x00000000efa00000| Complete |  0
| 251|0x00000000efb00000, 0x00000000efc00000, 0x00000000efc00000|100%| S|CS|TAMS 0x00000000efb00000| PB 0x00000000efb00000| Complete |  0
| 252|0x00000000efc00000, 0x00000000efd00000, 0x00000000efd00000|100%| S|CS|TAMS 0x00000000efc00000| PB 0x00000000efc00000| Complete |  0
| 253|0x00000000efd00000, 0x00000000efe00000, 0x00000000efe00000|100%| E|CS|TAMS 0x00000000efd00000| PB 0x00000000efd00000| Complete |  0
| 254|0x00000000efe00000, 0x00000000eff00000, 0x00000000eff00000|100%| E|CS|TAMS 0x00000000efe00000| PB 0x00000000efe00000| Complete |  0
| 255|0x00000000eff00000, 0x00000000f0000000, 0x00000000f0000000|100%| E|CS|TAMS 0x00000000eff00000| PB 0x00000000eff00000| Complete |  0

Card table byte_map: [0x000002082bb60000,0x000002082bc60000] _byte_map_base: 0x000002082b460000

Marking Bits: (CMBitMap*) 0x0000020814838c20
 Bits: [0x000002082bc60000, 0x000002082c460000)

Polling page: 0x0000020813fe0000

Metaspace:

Usage:
  Non-class:     48.52 MB used.
      Class:      8.28 MB used.
       Both:     56.80 MB used.

Virtual space:
  Non-class space:       64.00 MB reserved,      49.56 MB ( 77%) committed,  1 nodes.
      Class space:      320.00 MB reserved,       9.19 MB (  3%) committed,  1 nodes.
             Both:      384.00 MB reserved,      58.75 MB ( 15%) committed. 

Chunk freelists:
   Non-Class:  14.36 MB
       Class:  6.63 MB
        Both:  20.99 MB

MaxMetaspaceSize: 384.00 MB
CompressedClassSpaceSize: 320.00 MB
Initial GC threshold: 21.00 MB
Current GC threshold: 97.94 MB
CDS: on
 - commit_granule_bytes: 65536.
 - commit_granule_words: 8192.
 - virtual_space_node_default_size: 8388608.
 - enlarge_chunks_in_place: 1.
 - use_allocation_guard: 0.


Internal statistics:

num_allocs_failed_limit: 9.
num_arena_births: 3460.
num_arena_deaths: 0.
num_vsnodes_births: 2.
num_vsnodes_deaths: 0.
num_space_committed: 940.
num_space_uncommitted: 0.
num_chunks_returned_to_freelist: 9.
num_chunks_taken_from_freelist: 6243.
num_chunk_merges: 9.
num_chunk_splits: 3977.
num_chunks_enlarged: 2372.
num_inconsistent_stats: 0.

CodeHeap 'non-profiled nmethods': size=120000Kb used=4478Kb max_used=4748Kb free=115521Kb
 bounds [0x0000020824630000, 0x0000020824ae0000, 0x000002082bb60000]
CodeHeap 'profiled nmethods': size=120000Kb used=15357Kb max_used=15740Kb free=104642Kb
 bounds [0x000002081cb60000, 0x000002081dac0000, 0x0000020824090000]
CodeHeap 'non-nmethods': size=5760Kb used=2773Kb max_used=2836Kb free=2986Kb
 bounds [0x0000020824090000, 0x0000020824360000, 0x0000020824630000]
 total_blobs=8864 nmethods=7970 adapters=798
 compilation: enabled
              stopped_count=0, restarted_count=0
 full_count=0

Compilation events (20 events):
Event: 59.204 Thread 0x000002082ebe06c0 8678       1       org.gradle.api.internal.artifacts.ivyservice.dependencysubstitution.DefaultDependencySubstitution::getArtifactSelectionDetails (5 bytes)
Event: 59.204 Thread 0x000002082ebe06c0 nmethod 8678 0x00000208246c9410 code [0x00000208246c95a0, 0x00000208246c9668]
Event: 59.204 Thread 0x000002082ebe06c0 8679       1       org.gradle.internal.component.external.model.AbstractModuleComponentResolveMetadata::getPlatformOwners (5 bytes)
Event: 59.204 Thread 0x000002082ebe06c0 nmethod 8679 0x00000208246c8e90 code [0x00000208246c9020, 0x00000208246c90e8]
Event: 59.204 Thread 0x000002082ebe06c0 8681       3       org.gradle.api.internal.artifacts.ivyservice.resolveengine.graph.builder.NodeState::maybeCollectStrictVersions (72 bytes)
Event: 59.204 Thread 0x000002082ea73c50 nmethod 8661 0x000002082473df90 code [0x000002082473e160, 0x000002082473e480]
Event: 59.204 Thread 0x000002082ea73c50 8682       4       java.util.LinkedList::add (7 bytes)
Event: 59.205 Thread 0x000002082ebe06c0 nmethod 8681 0x000002081ccb6510 code [0x000002081ccb67a0, 0x000002081ccb7550]
Event: 59.206 Thread 0x000002082ebe06c0 8683       3       org.gradle.internal.resolve.result.DefaultBuildableComponentResolveResult::<init> (5 bytes)
Event: 59.206 Thread 0x000002082ebe06c0 nmethod 8683 0x000002081cd1ee90 code [0x000002081cd1f040, 0x000002081cd1f208]
Event: 59.206 Thread 0x000002082ebe06c0 8684       3       org.gradle.api.internal.artifacts.ivyservice.resolveengine.graph.builder.PendingDependencies::hasConstraintProviders (18 bytes)
Event: 59.207 Thread 0x000002082ebe06c0 nmethod 8684 0x000002081d202390 code [0x000002081d202540, 0x000002081d202768]
Event: 59.207 Thread 0x000002082ebe06c0 8687       3       org.gradle.api.internal.artifacts.ivyservice.dependencysubstitution.DefaultDependencySubstitution_Decorated::getTarget (39 bytes)
Event: 59.207 Thread 0x000002082ebe06c0 nmethod 8687 0x000002081cc92c10 code [0x000002081cc92de0, 0x000002081cc93148]
Event: 59.207 Thread 0x000002082ebe06c0 8685       3       org.gradle.api.internal.artifacts.ivyservice.resolveengine.graph.builder.PendingDependencies::increaseHardEdgeCount (11 bytes)
Event: 59.207 Thread 0x000002082ebe06c0 nmethod 8685 0x000002081cd7d890 code [0x000002081cd7da20, 0x000002081cd7db30]
Event: 59.207 Thread 0x000002082ebe06c0 8686       3       org.gradle.api.internal.artifacts.ivyservice.resolveengine.graph.builder.EdgeState::safeGetAttributes (38 bytes)
Event: 59.207 Thread 0x000002082ebe06c0 nmethod 8686 0x000002081d008a90 code [0x000002081d008c60, 0x000002081d009018]
Event: 59.208 Thread 0x000002082ea73c50 nmethod 8682 0x00000208247deb10 code [0x00000208247deca0, 0x00000208247df090]
Event: 59.210 Thread 0x000002082ea73c50 8688       4       org.gradle.api.internal.artifacts.ivyservice.modulecache.ModuleMetadataSerializer$Reader::readMavenDependency (148 bytes)

GC Heap History (16 events):
Event: 1.360 GC heap before
{Heap before GC invocations=0 (full 0):
 garbage-first heap   total reserved 524288K, committed 262144K, used 13312K [0x00000000e0000000, 0x0000000100000000)
  region size 1024K, 14 young (14336K), 0 survivors (0K)
 Metaspace       used 810K, committed 960K, reserved 393216K
  class space    used 67K, committed 128K, reserved 327680K
}
Event: 1.386 GC heap after
{Heap after GC invocations=1 (full 0):
 garbage-first heap   total reserved 524288K, committed 262144K, used 1280K [0x00000000e0000000, 0x0000000100000000)
  region size 1024K, 2 young (2048K), 2 survivors (2048K)
 Metaspace       used 810K, committed 960K, reserved 393216K
  class space    used 67K, committed 128K, reserved 327680K
}
Event: 2.801 GC heap before
{Heap before GC invocations=1 (full 0):
 garbage-first heap   total reserved 524288K, committed 262144K, used 25856K [0x00000000e0000000, 0x0000000100000000)
  region size 1024K, 24 young (24576K), 2 survivors (2048K)
 Metaspace       used 3477K, committed 3648K, reserved 393216K
  class space    used 445K, committed 512K, reserved 327680K
}
Event: 2.806 GC heap after
{Heap after GC invocations=2 (full 0):
 garbage-first heap   total reserved 524288K, committed 262144K, used 9987K [0x00000000e0000000, 0x0000000100000000)
  region size 1024K, 3 young (3072K), 3 survivors (3072K)
 Metaspace       used 3477K, committed 3648K, reserved 393216K
  class space    used 445K, committed 512K, reserved 327680K
}
Event: 11.786 GC heap before
{Heap before GC invocations=2 (full 0):
 garbage-first heap   total reserved 524288K, committed 262144K, used 165635K [0x00000000e0000000, 0x0000000100000000)
  region size 1024K, 153 young (156672K), 3 survivors (3072K)
 Metaspace       used 20332K, committed 21056K, reserved 393216K
  class space    used 3009K, committed 3328K, reserved 327680K
}
Event: 11.801 GC heap after
{Heap after GC invocations=3 (full 0):
 garbage-first heap   total reserved 524288K, committed 262144K, used 23619K [0x00000000e0000000, 0x0000000100000000)
  region size 1024K, 16 young (16384K), 16 survivors (16384K)
 Metaspace       used 20332K, committed 21056K, reserved 393216K
  class space    used 3009K, committed 3328K, reserved 327680K
}
Event: 11.881 GC heap before
{Heap before GC invocations=3 (full 0):
 garbage-first heap   total reserved 524288K, committed 262144K, used 28739K [0x00000000e0000000, 0x0000000100000000)
  region size 1024K, 22 young (22528K), 16 survivors (16384K)
 Metaspace       used 20867K, committed 21504K, reserved 393216K
  class space    used 3108K, committed 3392K, reserved 327680K
}
Event: 11.893 GC heap after
{Heap after GC invocations=4 (full 0):
 garbage-first heap   total reserved 524288K, committed 262144K, used 25165K [0x00000000e0000000, 0x0000000100000000)
  region size 1024K, 2 young (2048K), 2 survivors (2048K)
 Metaspace       used 20867K, committed 21504K, reserved 393216K
  class space    used 3108K, committed 3392K, reserved 327680K
}
Event: 17.933 GC heap before
{Heap before GC invocations=5 (full 0):
 garbage-first heap   total reserved 524288K, committed 262144K, used 119373K [0x00000000e0000000, 0x0000000100000000)
  region size 1024K, 95 young (97280K), 2 survivors (2048K)
 Metaspace       used 34637K, committed 35968K, reserved 393216K
  class space    used 5201K, committed 5824K, reserved 327680K
}
Event: 17.942 GC heap after
{Heap after GC invocations=6 (full 0):
 garbage-first heap   total reserved 524288K, committed 262144K, used 29976K [0x00000000e0000000, 0x0000000100000000)
  region size 1024K, 7 young (7168K), 7 survivors (7168K)
 Metaspace       used 34637K, committed 35968K, reserved 393216K
  class space    used 5201K, committed 5824K, reserved 327680K
}
Event: 33.647 GC heap before
{Heap before GC invocations=7 (full 0):
 garbage-first heap   total reserved 524288K, committed 262144K, used 185624K [0x00000000e0000000, 0x0000000100000000)
  region size 1024K, 153 young (156672K), 7 survivors (7168K)
 Metaspace       used 48727K, committed 50432K, reserved 393216K
  class space    used 7130K, committed 7936K, reserved 327680K
}
Event: 33.663 GC heap after
{Heap after GC invocations=8 (full 0):
 garbage-first heap   total reserved 524288K, committed 262144K, used 39478K [0x00000000e0000000, 0x0000000100000000)
  region size 1024K, 16 young (16384K), 16 survivors (16384K)
 Metaspace       used 48727K, committed 50432K, reserved 393216K
  class space    used 7130K, committed 7936K, reserved 327680K
}
Event: 58.960 GC heap before
{Heap before GC invocations=8 (full 0):
 garbage-first heap   total reserved 524288K, committed 262144K, used 178742K [0x00000000e0000000, 0x0000000100000000)
  region size 1024K, 153 young (156672K), 16 survivors (16384K)
 Metaspace       used 58120K, committed 60096K, reserved 393216K
  class space    used 8475K, committed 9408K, reserved 327680K
}
Event: 58.990 GC heap after
{Heap after GC invocations=9 (full 0):
 garbage-first heap   total reserved 524288K, committed 262144K, used 48907K [0x00000000e0000000, 0x0000000100000000)
  region size 1024K, 19 young (19456K), 19 survivors (19456K)
 Metaspace       used 58120K, committed 60096K, reserved 393216K
  class space    used 8475K, committed 9408K, reserved 327680K
}
Event: 59.011 GC heap before
{Heap before GC invocations=9 (full 0):
 garbage-first heap   total reserved 524288K, committed 262144K, used 50955K [0x00000000e0000000, 0x0000000100000000)
  region size 1024K, 22 young (22528K), 19 survivors (19456K)
 Metaspace       used 58142K, committed 60096K, reserved 393216K
  class space    used 8477K, committed 9408K, reserved 327680K
}
Event: 59.029 GC heap after
{Heap after GC invocations=10 (full 0):
 garbage-first heap   total reserved 524288K, committed 262144K, used 51200K [0x00000000e0000000, 0x0000000100000000)
  region size 1024K, 2 young (2048K), 2 survivors (2048K)
 Metaspace       used 58142K, committed 60096K, reserved 393216K
  class space    used 8477K, committed 9408K, reserved 327680K
}

Dll operation events (15 events):
Event: 0.057 Loaded shared library C:\Users\ASUS\.jdks\openjdk-22.0.2\bin\java.dll
Event: 0.685 Loaded shared library C:\Users\ASUS\.jdks\openjdk-22.0.2\bin\jsvml.dll
Event: 0.845 Loaded shared library C:\Users\ASUS\.jdks\openjdk-22.0.2\bin\zip.dll
Event: 0.848 Loaded shared library C:\Users\ASUS\.jdks\openjdk-22.0.2\bin\instrument.dll
Event: 0.851 Loaded shared library C:\Users\ASUS\.jdks\openjdk-22.0.2\bin\net.dll
Event: 0.852 Loaded shared library C:\Users\ASUS\.jdks\openjdk-22.0.2\bin\nio.dll
Event: 0.855 Loaded shared library C:\Users\ASUS\.jdks\openjdk-22.0.2\bin\zip.dll
Event: 1.465 Loaded shared library C:\Users\ASUS\.jdks\openjdk-22.0.2\bin\jimage.dll
Event: 1.707 Loaded shared library C:\Users\ASUS\.jdks\openjdk-22.0.2\bin\verify.dll
Event: 2.020 Loaded shared library C:\Users\ASUS\.gradle\native\c067742578af261105cb4f569cf0c3c89f3d7b1fecec35dd04571415982c5e48\windows-amd64\native-platform.dll
Event: 2.050 Loaded shared library C:\Users\ASUS\.gradle\native\100fb08df4bc3b14c8652ba06237920a3bd2aa13389f12d3474272988ae205f9\windows-amd64\native-platform-file-events.dll
Event: 5.319 Loaded shared library C:\Users\ASUS\.jdks\openjdk-22.0.2\bin\management.dll
Event: 5.321 Loaded shared library C:\Users\ASUS\.jdks\openjdk-22.0.2\bin\management_ext.dll
Event: 5.749 Loaded shared library C:\Users\ASUS\.jdks\openjdk-22.0.2\bin\extnet.dll
Event: 6.019 Loaded shared library C:\Users\ASUS\.jdks\openjdk-22.0.2\bin\sunmscapi.dll

Deoptimization events (20 events):
Event: 57.452 Thread 0x0000020848a61bb0 DEOPT PACKING pc=0x00000208248ea9c4 sp=0x0000009cb2ff7c60
Event: 57.452 Thread 0x0000020848a61bb0 DEOPT UNPACKING pc=0x00000208240e46a2 sp=0x0000009cb2ff7ae8 mode 2
Event: 58.474 Thread 0x0000020848a61bb0 Uncommon trap: trap_request=0xffffff45 fr.pc=0x0000020824a7f2c0 relative=0x00000000000000a0
Event: 58.474 Thread 0x0000020848a61bb0 Uncommon trap: reason=unstable_if action=reinterpret pc=0x0000020824a7f2c0 method=io.spring.gradle.dependencymanagement.org.apache.maven.model.validation.DefaultModelValidator.isValidIdCharacter(C)Z @ 51 c2
Event: 58.474 Thread 0x0000020848a61bb0 DEOPT PACKING pc=0x0000020824a7f2c0 sp=0x0000009cb2ff7890
Event: 58.474 Thread 0x0000020848a61bb0 DEOPT UNPACKING pc=0x00000208240e46a2 sp=0x0000009cb2ff7828 mode 2
Event: 58.596 Thread 0x0000020848a61bb0 Uncommon trap: trap_request=0xffffff45 fr.pc=0x0000020824a28410 relative=0x0000000000000cf0
Event: 58.596 Thread 0x0000020848a61bb0 Uncommon trap: reason=unstable_if action=reinterpret pc=0x0000020824a28410 method=com.esotericsoftware.kryo.io.Input.readString()Ljava/lang/String; @ 28 c2
Event: 58.596 Thread 0x0000020848a61bb0 DEOPT PACKING pc=0x0000020824a28410 sp=0x0000009cb2ff95d0
Event: 58.596 Thread 0x0000020848a61bb0 DEOPT UNPACKING pc=0x00000208240e46a2 sp=0x0000009cb2ff95a8 mode 2
Event: 58.616 Thread 0x0000020848a61bb0 Uncommon trap: trap_request=0xffffff45 fr.pc=0x00000208247f56b8 relative=0x0000000000000738
Event: 58.616 Thread 0x0000020848a61bb0 Uncommon trap: reason=unstable_if action=reinterpret pc=0x00000208247f56b8 method=java.util.HashMap$HashIterator.<init>(Ljava/util/HashMap;)V @ 45 c2
Event: 58.616 Thread 0x0000020848a61bb0 DEOPT PACKING pc=0x00000208247f56b8 sp=0x0000009cb2ff9f50
Event: 58.616 Thread 0x0000020848a61bb0 DEOPT UNPACKING pc=0x00000208240e46a2 sp=0x0000009cb2ff9de0 mode 2
Event: 58.628 Thread 0x0000020848a61bb0 DEOPT PACKING pc=0x000002081d052d94 sp=0x0000009cb2ff8030
Event: 58.628 Thread 0x0000020848a61bb0 DEOPT UNPACKING pc=0x00000208240e4e42 sp=0x0000009cb2ff7530 mode 0
Event: 58.991 Thread 0x0000020848a61bb0 Uncommon trap: trap_request=0xffffff45 fr.pc=0x00000208246eaf74 relative=0x0000000000000074
Event: 58.991 Thread 0x0000020848a61bb0 Uncommon trap: reason=unstable_if action=reinterpret pc=0x00000208246eaf74 method=java.lang.ref.ReferenceQueue.poll()Ljava/lang/ref/Reference; @ 4 c2
Event: 58.991 Thread 0x0000020848a61bb0 DEOPT PACKING pc=0x00000208246eaf74 sp=0x0000009cb2ff8440
Event: 58.991 Thread 0x0000020848a61bb0 DEOPT UNPACKING pc=0x00000208240e46a2 sp=0x0000009cb2ff83d0 mode 2

Classes loaded (20 events):
Event: 40.099 Loading class java/lang/ProcessImpl$2
Event: 40.099 Loading class java/lang/ProcessImpl$2 done
Event: 40.099 Loading class java/lang/Process$PipeInputStream
Event: 40.099 Loading class java/lang/Process$PipeInputStream done
Event: 40.099 Loading class jdk/internal/event/ProcessStartEvent
Event: 40.100 Loading class jdk/internal/event/ProcessStartEvent done
Event: 46.127 Loading class java/io/ObjectOutputStream$BlockDataOutputStream
Event: 46.133 Loading class java/io/ObjectOutputStream$BlockDataOutputStream done
Event: 46.133 Loading class java/io/ObjectOutputStream$HandleTable
Event: 46.136 Loading class java/io/ObjectOutputStream$HandleTable done
Event: 46.137 Loading class java/io/ObjectOutputStream$ReplaceTable
Event: 46.142 Loading class java/io/ObjectOutputStream$ReplaceTable done
Event: 47.324 Loading class java/util/stream/ReduceOps$2
Event: 47.324 Loading class java/util/stream/ReduceOps$2 done
Event: 47.324 Loading class java/util/stream/ReduceOps$2ReducingSink
Event: 47.345 Loading class java/util/stream/ReduceOps$2ReducingSink done
Event: 48.730 Loading class java/io/FileReader
Event: 48.730 Loading class java/io/FileReader done
Event: 48.732 Loading class java/text/MessageFormat
Event: 48.744 Loading class java/text/MessageFormat done

Classes unloaded (0 events):
No events

Classes redefined (0 events):
No events

Internal exceptions (20 events):
Event: 38.252 Thread 0x0000020848a61bb0 Exception <a 'java/lang/ClassNotFoundException'{0x00000000ebcfe3f8}: org/gradle/api/internal/tasks/DefaultTaskContainerCustomizer> (0x00000000ebcfe3f8) 
thrown [s\open\src\hotspot\share\classfile\systemDictionary.cpp, line 313]
Event: 38.267 Thread 0x0000020848a61bb0 Exception <a 'java/lang/ClassNotFoundException'{0x00000000ebb8a6c8}: org/gradle/api/internal/tasks/DefaultTaskContainer_DecoratedCustomizer> (0x00000000ebb8a6c8) 
thrown [s\open\src\hotspot\share\classfile\systemDictionary.cpp, line 313]
Event: 38.280 Thread 0x0000020848a61bb0 Exception <a 'java/lang/NoSuchMethodError'{0x00000000eba13250}: 'void java.lang.invoke.DirectMethodHandle$Holder.invokeInterface(java.lang.Object, java.lang.Object, java.lang.Object, java.lang.Object)'> (0x00000000eba13250) 
thrown [s\open\src\hotspot\share\interpreter\linkResolver.cpp, line 774]
Event: 39.502 Thread 0x0000020848a61bb0 Exception <a 'java/lang/NoSuchMethodError'{0x00000000eb5a0570}: 'int java.lang.invoke.DirectMethodHandle$Holder.invokeSpecialIFC(java.lang.Object, java.lang.Object, java.lang.Object, java.lang.Object, java.lang.Object)'> (0x00000000eb5a0570) 
thrown [s\open\src\hotspot\share\interpreter\linkResolver.cpp, line 774]
Event: 39.671 Thread 0x0000020848a61bb0 Exception <a 'java/lang/NoSuchMethodError'{0x00000000eb19e8a8}: 'java.lang.Object java.lang.invoke.DirectMethodHandle$Holder.newInvokeSpecial(java.lang.Object, java.lang.Object, java.lang.Object, java.lang.Object, java.lang.Object, java.lang.Object, int)'> (0x00000000eb19e8a8) 
thrown [s\open\src\hotspot\share\interpreter\linkResolver.cpp, line 774]
Event: 39.671 Thread 0x0000020848a61bb0 Exception <a 'java/lang/NoSuchMethodError'{0x00000000eb1a37f8}: 'java.lang.Object java.lang.invoke.DirectMethodHandle$Holder.invokeSpecial(java.lang.Object, java.lang.Object, java.lang.Object, java.lang.Object, java.lang.Object, java.lang.Object, java.lang.Object, int)'> (0x00000000eb1a37f8) 
thrown [s\open\src\hotspot\share\interpreter\linkResolver.cpp, line 774]
Event: 39.672 Thread 0x0000020848a61bb0 Exception <a 'java/lang/NoSuchMethodError'{0x00000000eb1a80f0}: 'java.lang.Object java.lang.invoke.Invokers$Holder.linkToTargetMethod(java.lang.Object, java.lang.Object, java.lang.Object, java.lang.Object, java.lang.Object, int, java.lang.Object)'> (0x00000000eb1a80f0) 
thrown [s\open\src\hotspot\share\interpreter\linkResolver.cpp, line 774]
Event: 39.699 Thread 0x000002084bc0e3f0 Implicit null exception at 0x00000208246a8a07 to 0x00000208246a8ae8
Event: 39.701 Thread 0x000002084bc0e3f0 Implicit null exception at 0x00000208246dbd7c to 0x00000208246dbda8
Event: 40.097 Thread 0x000002084bc12590 Exception <a 'java/lang/NoSuchMethodError'{0x00000000eafea4d0}: 'void java.lang.invoke.DirectMethodHandle$Holder.invokeStatic(java.lang.Object, long)'> (0x00000000eafea4d0) 
thrown [s\open\src\hotspot\share\interpreter\linkResolver.cpp, line 774]
Event: 40.099 Thread 0x000002084bc12590 Exception <a 'java/lang/NoSuchMethodError'{0x00000000eaff4858}: 'java.lang.Object java.lang.invoke.DirectMethodHandle$Holder.invokeStaticInit(java.lang.Object, long, java.lang.Object)'> (0x00000000eaff4858) 
thrown [s\open\src\hotspot\share\interpreter\linkResolver.cpp, line 774]
Event: 48.870 Thread 0x0000020848a61bb0 Exception <a 'java/lang/ClassNotFoundException'{0x00000000e9c37910}: org/gradle/api/internal/plugins/NaggingBasePluginConventionBeanInfo> (0x00000000e9c37910) 
thrown [s\open\src\hotspot\share\classfile\systemDictionary.cpp, line 313]
Event: 48.871 Thread 0x0000020848a61bb0 Exception <a 'java/lang/ClassNotFoundException'{0x00000000e9c45da8}: org/gradle/api/plugins/BasePluginConventionBeanInfo> (0x00000000e9c45da8) 
thrown [s\open\src\hotspot\share\classfile\systemDictionary.cpp, line 313]
Event: 48.872 Thread 0x0000020848a61bb0 Exception <a 'java/lang/ClassNotFoundException'{0x00000000e9c54208}: org/gradle/api/plugins/BasePluginConventionCustomizer> (0x00000000e9c54208) 
thrown [s\open\src\hotspot\share\classfile\systemDictionary.cpp, line 313]
Event: 48.873 Thread 0x0000020848a61bb0 Exception <a 'java/lang/ClassNotFoundException'{0x00000000e9c6e790}: org/gradle/api/internal/plugins/NaggingBasePluginConventionCustomizer> (0x00000000e9c6e790) 
thrown [s\open\src\hotspot\share\classfile\systemDictionary.cpp, line 313]
Event: 48.875 Thread 0x0000020848a61bb0 Exception <a 'java/lang/ClassNotFoundException'{0x00000000e9cad4d8}: org/gradle/api/plugins/internal/NaggingJavaPluginConventionBeanInfo> (0x00000000e9cad4d8) 
thrown [s\open\src\hotspot\share\classfile\systemDictionary.cpp, line 313]
Event: 48.876 Thread 0x0000020848a61bb0 Exception <a 'java/lang/ClassNotFoundException'{0x00000000e9cbb970}: org/gradle/api/plugins/JavaPluginConventionBeanInfo> (0x00000000e9cbb970) 
thrown [s\open\src\hotspot\share\classfile\systemDictionary.cpp, line 313]
Event: 48.876 Thread 0x0000020848a61bb0 Exception <a 'java/lang/ClassNotFoundException'{0x00000000e9cc9dd0}: org/gradle/api/plugins/JavaPluginConventionCustomizer> (0x00000000e9cc9dd0) 
thrown [s\open\src\hotspot\share\classfile\systemDictionary.cpp, line 313]
Event: 48.877 Thread 0x0000020848a61bb0 Exception <a 'java/lang/ClassNotFoundException'{0x00000000e9ceddf8}: org/gradle/api/plugins/internal/NaggingJavaPluginConventionCustomizer> (0x00000000e9ceddf8) 
thrown [s\open\src\hotspot\share\classfile\systemDictionary.cpp, line 313]
Event: 48.889 Thread 0x0000020848a61bb0 Exception <a 'java/lang/NoSuchMethodError'{0x00000000e9bba170}: 'void java.lang.invoke.Invokers$Holder.invokeExact_MT(java.lang.Object, java.lang.Object, java.lang.Object, java.lang.Object)'> (0x00000000e9bba170) 
thrown [s\open\src\hotspot\share\interpreter\linkResolver.cpp, line 774]

ZGC Phase Switch (0 events):
No events

VM Operations (20 events):
Event: 53.001 Executing VM operation: Cleanup
Event: 53.001 Executing VM operation: Cleanup done
Event: 54.011 Executing VM operation: Cleanup
Event: 54.022 Executing VM operation: Cleanup done
Event: 55.035 Executing VM operation: Cleanup
Event: 55.035 Executing VM operation: Cleanup done
Event: 56.046 Executing VM operation: Cleanup
Event: 56.155 Executing VM operation: Cleanup done
Event: 57.157 Executing VM operation: Cleanup
Event: 57.157 Executing VM operation: Cleanup done
Event: 58.168 Executing VM operation: Cleanup
Event: 58.168 Executing VM operation: Cleanup done
Event: 58.959 Executing VM operation: G1CollectForAllocation (G1 Evacuation Pause)
Event: 58.990 Executing VM operation: G1CollectForAllocation (G1 Evacuation Pause) done
Event: 59.011 Executing VM operation: CollectForMetadataAllocation (Metadata GC Threshold)
Event: 59.030 Executing VM operation: CollectForMetadataAllocation (Metadata GC Threshold) done
Event: 59.082 Executing VM operation: G1PauseRemark
Event: 59.155 Executing VM operation: G1PauseRemark done
Event: 59.180 Executing VM operation: G1PauseCleanup
Event: 59.180 Executing VM operation: G1PauseCleanup done

Memory protections (0 events):
No events

Nmethod flushes (20 events):
Event: 59.154 Thread 0x000002082ea4e830 flushing  nmethod 0x000002081cef4d10
Event: 59.154 Thread 0x000002082ea4e830 flushing  nmethod 0x000002081cf0a790
Event: 59.154 Thread 0x000002082ea4e830 flushing  nmethod 0x000002081cf0c090
Event: 59.154 Thread 0x000002082ea4e830 flushing  nmethod 0x000002081cf0c890
Event: 59.154 Thread 0x000002082ea4e830 flushing  nmethod 0x000002081cf43710
Event: 59.154 Thread 0x000002082ea4e830 flushing  nmethod 0x000002081cfb6690
Event: 59.154 Thread 0x000002082ea4e830 flushing  nmethod 0x000002081d002790
Event: 59.154 Thread 0x000002082ea4e830 flushing  nmethod 0x000002081d007790
Event: 59.154 Thread 0x000002082ea4e830 flushing  nmethod 0x000002081d008a90
Event: 59.154 Thread 0x000002082ea4e830 flushing  nmethod 0x000002081d00db90
Event: 59.154 Thread 0x000002082ea4e830 flushing  nmethod 0x000002081d030510
Event: 59.154 Thread 0x000002082ea4e830 flushing  nmethod 0x000002081d033290
Event: 59.154 Thread 0x000002082ea4e830 flushing  nmethod 0x000002081d035e10
Event: 59.154 Thread 0x000002082ea4e830 flushing  nmethod 0x000002081d074e90
Event: 59.154 Thread 0x000002082ea4e830 flushing  nmethod 0x000002081d0c1e10
Event: 59.154 Thread 0x000002082ea4e830 flushing  nmethod 0x000002081d15ae90
Event: 59.154 Thread 0x000002082ea4e830 flushing  nmethod 0x000002081d1ffb10
Event: 59.155 Thread 0x000002082ea4e830 flushing  nmethod 0x000002081d202390
Event: 59.155 Thread 0x000002082ea4e830 flushing  nmethod 0x000002081d2bdb90
Event: 59.155 Thread 0x000002082ea4e830 flushing  nmethod 0x000002081d2d8210

Events (20 events):
Event: 53.199 Thread 0x0000020848a61bb0 Thread added: 0x00000208482237d0
Event: 53.220 Thread 0x000002082ebe06c0 Thread added: 0x000002084b7e5b00
Event: 53.390 Thread 0x000002084b7e5b00 Thread exited: 0x000002084b7e5b00
Event: 53.582 Thread 0x0000020848a61bb0 Thread added: 0x0000020848228000
Event: 53.935 Thread 0x0000020848a61bb0 Thread added: 0x00000208482272e0
Event: 54.025 Thread 0x0000020848a61bb0 Thread added: 0x0000020848224b80
Event: 54.165 Thread 0x0000020848a61bb0 Thread added: 0x0000020848222ab0
Event: 54.261 Thread 0x0000020848a61bb0 Thread added: 0x0000020848227970
Event: 54.344 Thread 0x0000020848a61bb0 Thread added: 0x0000020848221070
Event: 54.533 Thread 0x0000020848a61bb0 Thread added: 0x0000020848225210
Event: 54.606 Thread 0x0000020848a61bb0 Thread added: 0x0000020848228690
Event: 54.645 Thread 0x0000020848a61bb0 Thread added: 0x0000020848221d90
Event: 55.127 Thread 0x0000020848a61bb0 Thread added: 0x0000020848223140
Event: 55.298 Thread 0x0000020848a61bb0 Thread added: 0x0000020848223e60
Event: 55.349 Thread 0x0000020848a61bb0 Thread added: 0x000002084b8f68a0
Event: 56.164 Thread 0x0000020848a61bb0 Thread added: 0x000002084b8f6f30
Event: 57.017 Thread 0x0000020848a61bb0 Thread added: 0x000002084b8f7c50
Event: 57.123 Thread 0x0000020848a61bb0 Thread added: 0x000002084b8f8970
Event: 57.132 Thread 0x0000020848a61bb0 Thread added: 0x000002084b8f6210
Event: 57.138 Thread 0x0000020848a61bb0 Thread added: 0x000002084b8f75c0


Dynamic libraries:
0x00007ff7ba4c0000 - 0x00007ff7ba4ce000 	C:\Users\ASUS\.jdks\openjdk-22.0.2\bin\java.exe
0x00007ffd8b710000 - 0x00007ffd8b908000 	C:\Windows\SYSTEM32\ntdll.dll
0x00007ffd8a1d0000 - 0x00007ffd8a28f000 	C:\Windows\System32\KERNEL32.DLL
0x00007ffd893a0000 - 0x00007ffd89672000 	C:\Windows\System32\KERNELBASE.dll
0x00007ffd88fd0000 - 0x00007ffd890d0000 	C:\Windows\System32\ucrtbase.dll
0x00007ffd72bf0000 - 0x00007ffd72c07000 	C:\Users\ASUS\.jdks\openjdk-22.0.2\bin\jli.dll
0x00007ffd89810000 - 0x00007ffd899b1000 	C:\Windows\System32\USER32.dll
0x00007ffd89370000 - 0x00007ffd89392000 	C:\Windows\System32\win32u.dll
0x00007ffd8b4f0000 - 0x00007ffd8b51b000 	C:\Windows\System32\GDI32.dll
0x00007ffd890d0000 - 0x00007ffd891df000 	C:\Windows\System32\gdi32full.dll
0x00007ffd89680000 - 0x00007ffd8971d000 	C:\Windows\System32\msvcp_win.dll
0x00007ffd6db60000 - 0x00007ffd6db7b000 	C:\Users\ASUS\.jdks\openjdk-22.0.2\bin\VCRUNTIME140.dll
0x00007ffd88200000 - 0x00007ffd8849a000 	C:\Windows\WinSxS\amd64_microsoft.windows.common-controls_6595b64144ccf1df_6.0.19041.1110_none_60b5254171f9507e\COMCTL32.dll
0x00007ffd8a290000 - 0x00007ffd8a32e000 	C:\Windows\System32\msvcrt.dll
0x00007ffd89770000 - 0x00007ffd897a2000 	C:\Windows\System32\IMM32.DLL
0x00007ffd86f40000 - 0x00007ffd86f4c000 	C:\Users\ASUS\.jdks\openjdk-22.0.2\bin\vcruntime140_1.dll
0x00007ffd66bc0000 - 0x00007ffd66c4e000 	C:\Users\ASUS\.jdks\openjdk-22.0.2\bin\msvcp140.dll
0x00007ffd0bab0000 - 0x00007ffd0c7f9000 	C:\Users\ASUS\.jdks\openjdk-22.0.2\bin\server\jvm.dll
0x00007ffd89f60000 - 0x00007ffd8a00e000 	C:\Windows\System32\ADVAPI32.dll
0x00007ffd8b520000 - 0x00007ffd8b5bc000 	C:\Windows\System32\sechost.dll
0x00007ffd8b290000 - 0x00007ffd8b3b5000 	C:\Windows\System32\RPCRT4.dll
0x00007ffd8a330000 - 0x00007ffd8a39b000 	C:\Windows\System32\WS2_32.dll
0x00007ffd88880000 - 0x00007ffd888cb000 	C:\Windows\SYSTEM32\POWRPROF.dll
0x00007ffd7c630000 - 0x00007ffd7c657000 	C:\Windows\SYSTEM32\WINMM.dll
0x00007ffd81ea0000 - 0x00007ffd81eaa000 	C:\Windows\SYSTEM32\VERSION.dll
0x00007ffd884a0000 - 0x00007ffd884b2000 	C:\Windows\SYSTEM32\UMPDC.dll
0x00007ffd85fc0000 - 0x00007ffd85fd2000 	C:\Windows\SYSTEM32\kernel.appcore.dll
0x00007ffd72be0000 - 0x00007ffd72bea000 	C:\Users\ASUS\.jdks\openjdk-22.0.2\bin\jimage.dll
0x00007ffd88690000 - 0x00007ffd88874000 	C:\Windows\SYSTEM32\DBGHELP.DLL
0x00007ffd885d0000 - 0x00007ffd88605000 	C:\Windows\SYSTEM32\dbgcore.DLL
0x00007ffd892e0000 - 0x00007ffd89362000 	C:\Windows\System32\bcryptPrimitives.dll
0x00007ffd70a50000 - 0x00007ffd70a5f000 	C:\Users\ASUS\.jdks\openjdk-22.0.2\bin\instrument.dll
0x00007ffd6db40000 - 0x00007ffd6db5e000 	C:\Users\ASUS\.jdks\openjdk-22.0.2\bin\java.dll
0x00007ffd8a980000 - 0x00007ffd8b0c5000 	C:\Windows\System32\SHELL32.dll
0x00007ffd8b3c0000 - 0x00007ffd8b4ea000 	C:\Windows\System32\ole32.dll
0x00007ffd8a470000 - 0x00007ffd8a7c5000 	C:\Windows\System32\combase.dll
0x00007ffd861c0000 - 0x00007ffd86952000 	C:\Windows\SYSTEM32\windows.storage.dll
0x00007ffd88160000 - 0x00007ffd88190000 	C:\Windows\SYSTEM32\Wldp.dll
0x00007ffd8b620000 - 0x00007ffd8b6cd000 	C:\Windows\System32\SHCORE.dll
0x00007ffd8b5c0000 - 0x00007ffd8b615000 	C:\Windows\System32\shlwapi.dll
0x00007ffd88d40000 - 0x00007ffd88d5f000 	C:\Windows\SYSTEM32\profapi.dll
0x00007ffd55470000 - 0x00007ffd55547000 	C:\Users\ASUS\.jdks\openjdk-22.0.2\bin\jsvml.dll
0x00007ffd689c0000 - 0x00007ffd689d7000 	C:\Users\ASUS\.jdks\openjdk-22.0.2\bin\zip.dll
0x00007ffd6e4e0000 - 0x00007ffd6e4f0000 	C:\Users\ASUS\.jdks\openjdk-22.0.2\bin\net.dll
0x00007ffd88030000 - 0x00007ffd8809a000 	C:\Windows\system32\mswsock.dll
0x00007ffd68510000 - 0x00007ffd68526000 	C:\Users\ASUS\.jdks\openjdk-22.0.2\bin\nio.dll
0x00007ffd6dad0000 - 0x00007ffd6dae0000 	C:\Users\ASUS\.jdks\openjdk-22.0.2\bin\verify.dll
0x00007ffd5c9b0000 - 0x00007ffd5c9d7000 	C:\Users\ASUS\.gradle\native\c067742578af261105cb4f569cf0c3c89f3d7b1fecec35dd04571415982c5e48\windows-amd64\native-platform.dll
0x00007ffd1f800000 - 0x00007ffd1f944000 	C:\Users\ASUS\.gradle\native\100fb08df4bc3b14c8652ba06237920a3bd2aa13389f12d3474272988ae205f9\windows-amd64\native-platform-file-events.dll
0x00007ffd6dab0000 - 0x00007ffd6daba000 	C:\Users\ASUS\.jdks\openjdk-22.0.2\bin\management.dll
0x00007ffd6d8d0000 - 0x00007ffd6d8db000 	C:\Users\ASUS\.jdks\openjdk-22.0.2\bin\management_ext.dll
0x00007ffd8a010000 - 0x00007ffd8a018000 	C:\Windows\System32\PSAPI.DLL
0x00007ffd88b90000 - 0x00007ffd88ba8000 	C:\Windows\SYSTEM32\CRYPTSP.dll
0x00007ffd877d0000 - 0x00007ffd87804000 	C:\Windows\system32\rsaenh.dll
0x00007ffd89720000 - 0x00007ffd89747000 	C:\Windows\System32\bcrypt.dll
0x00007ffd88d00000 - 0x00007ffd88d2e000 	C:\Windows\SYSTEM32\USERENV.dll
0x00007ffd88120000 - 0x00007ffd8812c000 	C:\Windows\SYSTEM32\CRYPTBASE.dll
0x00007ffd87bb0000 - 0x00007ffd87beb000 	C:\Windows\SYSTEM32\IPHLPAPI.DLL
0x00007ffd89e40000 - 0x00007ffd89e48000 	C:\Windows\System32\NSI.dll
0x00007ffd6d7b0000 - 0x00007ffd6d7b9000 	C:\Users\ASUS\.jdks\openjdk-22.0.2\bin\extnet.dll
0x00007ffd6c870000 - 0x00007ffd6c87e000 	C:\Users\ASUS\.jdks\openjdk-22.0.2\bin\sunmscapi.dll
0x00007ffd88e00000 - 0x00007ffd88f56000 	C:\Windows\System32\CRYPT32.dll
0x00007ffd881d0000 - 0x00007ffd881f7000 	C:\Windows\SYSTEM32\ncrypt.dll
0x00007ffd88190000 - 0x00007ffd881cb000 	C:\Windows\SYSTEM32\NTASN1.dll
0x00007ffd75850000 - 0x00007ffd75857000 	C:\Windows\system32\wshunix.dll

dbghelp: loaded successfully - version: 4.0.5 - missing functions: none
symbol engine: initialized successfully - sym options: 0x614 - pdb path: .;C:\Users\ASUS\.jdks\openjdk-22.0.2\bin;C:\Windows\SYSTEM32;C:\Windows\WinSxS\amd64_microsoft.windows.common-controls_6595b64144ccf1df_6.0.19041.1110_none_60b5254171f9507e;C:\Users\ASUS\.jdks\openjdk-22.0.2\bin\server;C:\Users\ASUS\.gradle\native\c067742578af261105cb4f569cf0c3c89f3d7b1fecec35dd04571415982c5e48\windows-amd64;C:\Users\ASUS\.gradle\native\100fb08df4bc3b14c8652ba06237920a3bd2aa13389f12d3474272988ae205f9\windows-amd64

VM Arguments:
jvm_args: --add-opens=java.base/java.lang=ALL-UNNAMED --add-opens=java.base/java.lang.invoke=ALL-UNNAMED --add-opens=java.base/java.util=ALL-UNNAMED --add-opens=java.prefs/java.util.prefs=ALL-UNNAMED --add-exports=jdk.compiler/com.sun.tools.javac.api=ALL-UNNAMED --add-exports=jdk.compiler/com.sun.tools.javac.util=ALL-UNNAMED --add-opens=java.base/java.util=ALL-UNNAMED --add-opens=java.prefs/java.util.prefs=ALL-UNNAMED --add-opens=java.base/java.nio.charset=ALL-UNNAMED --add-opens=java.base/java.net=ALL-UNNAMED --add-opens=java.base/java.util.concurrent.atomic=ALL-UNNAMED --add-opens=java.xml/javax.xml.namespace=ALL-UNNAMED -XX:MaxMetaspaceSize=384m -XX:+HeapDumpOnOutOfMemoryError -Xms256m -Xmx512m -Dfile.encoding=windows-1252 -Duser.country=US -Duser.language=en -Duser.variant -javaagent:C:\Users\ASUS\.gradle\wrapper\dists\gradle-8.11.1-bin\bpt9gzteqjrbo1mjrsomdt32c\gradle-8.11.1\lib\agents\gradle-instrumentation-agent-8.11.1.jar 
java_command: org.gradle.launcher.daemon.bootstrap.GradleDaemon 8.11.1
java_class_path (initial): C:\Users\ASUS\.gradle\wrapper\dists\gradle-8.11.1-bin\bpt9gzteqjrbo1mjrsomdt32c\gradle-8.11.1\lib\gradle-daemon-main-8.11.1.jar
Launcher Type: SUN_STANDARD

[Global flags]
     intx CICompilerCount                          = 3                                         {product} {ergonomic}
   size_t CompressedClassSpaceSize                 = 335544320                                 {product} {ergonomic}
     uint ConcGCThreads                            = 1                                         {product} {ergonomic}
     uint G1ConcRefinementThreads                  = 4                                         {product} {ergonomic}
   size_t G1HeapRegionSize                         = 1048576                                   {product} {ergonomic}
     bool HeapDumpOnOutOfMemoryError               = true                                   {manageable} {command line}
   size_t InitialHeapSize                          = 268435456                                 {product} {command line}
   size_t MarkStackSize                            = 4194304                                   {product} {ergonomic}
   size_t MaxHeapSize                              = 536870912                                 {product} {command line}
   size_t MaxMetaspaceSize                         = 402653184                                 {product} {command line}
   size_t MaxNewSize                               = 321912832                                 {product} {ergonomic}
   size_t MinHeapDeltaBytes                        = 1048576                                   {product} {ergonomic}
   size_t MinHeapSize                              = 268435456                                 {product} {command line}
    uintx NonNMethodCodeHeapSize                   = 5832780                                {pd product} {ergonomic}
    uintx NonProfiledCodeHeapSize                  = 122912730                              {pd product} {ergonomic}
    uintx ProfiledCodeHeapSize                     = 122912730                              {pd product} {ergonomic}
    uintx ReservedCodeCacheSize                    = 251658240                              {pd product} {ergonomic}
     bool SegmentedCodeCache                       = true                                      {product} {ergonomic}
   size_t SoftMaxHeapSize                          = 536870912                              {manageable} {ergonomic}
     bool UseCompressedOops                        = true                           {product lp64_product} {ergonomic}
     bool UseG1GC                                  = true                                      {product} {ergonomic}
     bool UseLargePagesIndividualAllocation        = false                                  {pd product} {ergonomic}

Logging:
Log output configuration:
 #0: stdout all=warning uptime,level,tags foldmultilines=false
 #1: stderr all=off uptime,level,tags foldmultilines=false

Environment Variables:
PATH=C:\Windows\system32;C:\Windows;C:\Windows\System32\Wbem;C:\Windows\System32\WindowsPowerShell\v1.0\;C:\Windows\System32\OpenSSH\;C:\Program Files\Git\cmd;C:\Users\ASUS\AppData\Local\Microsoft\WindowsApps;;D:\WebStorm 2024.1.5\bin;
USERNAME=ASUS
OS=Windows_NT
PROCESSOR_IDENTIFIER=Intel64 Family 6 Model 158 Stepping 9, GenuineIntel
TMP=C:\Users\ASUS\AppData\Local\Temp
TEMP=C:\Users\ASUS\AppData\Local\Temp




Periodic native trim disabled

---------------  S Y S T E M  ---------------

OS:
 Windows 10 , 64 bit Build 19041 (10.0.19041.2546)
OS uptime: 0 days 11:41 hours

CPU: total 4 (initial active 4) (4 cores per cpu, 1 threads per core) family 6 model 158 stepping 9 microcode 0xb4, cx8, cmov, fxsr, mmx, 3dnowpref, sse, sse2, sse3, ssse3, sse4.1, sse4.2, popcnt, lzcnt, tsc, tscinvbit, avx, avx2, aes, erms, clmul, bmi1, bmi2, adx, fma, vzeroupper, clflush, clflushopt, rdtscp, f16c
Processor Information for all 4 processors :
  Max Mhz: 2501, Current Mhz: 2501, Mhz Limit: 2501

Memory: 4k page, system-wide physical 8076M (493M free)
TotalPageFile size 16542M (AvailPageFile size 1M)
current process WorkingSet (physical memory assigned to process): 355M, peak: 358M
current process commit charge ("private bytes"): 481M, peak: 483M

vm_info: OpenJDK 64-Bit Server VM (22.0.2+9-70) for windows-amd64 JRE (22.0.2+9-70), built on 2024-06-04T16:52:23Z by "mach5one" with MS VC++ 17.6 (VS2022)

END.
