#
# There is insufficient memory for the Java Runtime Environment to continue.
# Native memory allocation (malloc) failed to allocate 227216 bytes. Error detail: Chunk::new
# Possible reasons:
#   The system is out of physical RAM or swap space
#   This process is running with CompressedOops enabled, and the Java Heap may be blocking the growth of the native heap
# Possible solutions:
#   Reduce memory load on the system
#   Increase physical memory or swap space
#   Check if swap backing store is full
#   Decrease Java heap size (-Xmx/-Xms)
#   Decrease number of Java threads
#   Decrease Java thread stack sizes (-Xss)
#   Set larger code cache with -XX:ReservedCodeCacheSize=
#   JVM is running with Unscaled Compressed Oops mode in which the Java heap is
#     placed in the first 4GB address space. The Java Heap base address is the
#     maximum limit for the native heap growth. Please use -XX:HeapBaseMinAddress
#     to set the Java Heap base and to place the Java Heap above 4GB virtual address.
# This output file may be truncated or incomplete.
#
#  Out of Memory Error (arena.cpp:191), pid=10916, tid=7164
#
# JRE version: OpenJDK Runtime Environment JBR-17.0.11+1-1207.24-jcef (17.0.11+1) (build 17.0.11+1-b1207.24)
# Java VM: OpenJDK 64-Bit Server VM JBR-17.0.11+1-1207.24-jcef (17.0.11+1-b1207.24, mixed mode, tiered, compressed oops, compressed class ptrs, g1 gc, windows-amd64)
# No core dump will be written. Minidumps are not enabled by default on client versions of Windows
#

---------------  S U M M A R Y ------------

Command Line: -Djava.rmi.server.hostname=127.0.0.1 -Duser.timezone=UTC -Xmx2048m -Xms128m -Djdbc.classpath=D:\Java\IntelliJ IDEA 2024.1.4\plugins\DatabaseTools\lib\jdbc-console.jar;C:\Users\ASUS\AppData\Roaming\JetBrains\IntelliJIdea2024.1\jdbc-drivers\MySQL ConnectorJ\8.2.0\com\mysql\mysql-connector-j\8.2.0\mysql-connector-j-8.2.0.jar;C:\Users\ASUS\AppData\Roaming\JetBrains\IntelliJIdea2024.1\jdbc-drivers\MySQL ConnectorJ\8.2.0\com\google\protobuf\protobuf-java\3.21.9\protobuf-java-3.21.9.jar --add-exports=java.desktop/sun.awt=ALL-UNNAMED --add-exports=java.desktop/java.awt.peer=ALL-UNNAMED --add-opens=java.desktop/java.awt=ALL-UNNAMED --add-opens=jdk.unsupported/sun.misc=ALL-UNNAMED --add-opens=java.base/java.nio=ALL-UNNAMED --add-opens=java.base/java.util=ALL-UNNAMED -Dfile.encoding=UTF-8 com.intellij.database.remote.RemoteJdbcServer com.mysql.cj.jdbc.Driver

Host: Intel(R) Core(TM) i5-7300HQ CPU @ 2.50GHz, 4 cores, 7G,  Windows 10 , 64 bit Build 19041 (10.0.19041.2546)
Time: Thu Jan  9 13:44:40 2025 SE Asia Standard Time elapsed time: 0.542624 seconds (0d 0h 0m 0s)

---------------  T H R E A D  ---------------

Current thread (0x000001f2d2a24a40):  JavaThread "C2 CompilerThread0" daemon [_thread_in_native, id=7164, stack(0x0000003909200000,0x0000003909300000)]


Current CompileTask:
C2:    542  927       4       java.util.Properties::loadConvert (540 bytes)

Stack: [0x0000003909200000,0x0000003909300000]
Native frames: (J=compiled Java code, j=interpreted, Vv=VM code, C=native code)
V  [jvm.dll+0x6877f9]
V  [jvm.dll+0x8411aa]
V  [jvm.dll+0x842e2e]
V  [jvm.dll+0x843493]
V  [jvm.dll+0x249fdf]
V  [jvm.dll+0xac544]
V  [jvm.dll+0xacb8c]
V  [jvm.dll+0x2b15af]
V  [jvm.dll+0x58e827]
V  [jvm.dll+0x224492]
V  [jvm.dll+0x22488f]
V  [jvm.dll+0x21d9b0]
V  [jvm.dll+0x21aeb1]
V  [jvm.dll+0x1a637d]
V  [jvm.dll+0x22ae8e]
V  [jvm.dll+0x229015]
V  [jvm.dll+0x7f53a7]
V  [jvm.dll+0x7ef7aa]
V  [jvm.dll+0x686675]
C  [ucrtbase.dll+0x21bb2]
C  [KERNEL32.DLL+0x17614]
C  [ntdll.dll+0x526a1]


---------------  P R O C E S S  ---------------

Threads class SMR info:
_java_thread_list=0x000001f2d71adbd0, length=24, elements={
0x000001f2b8f06d50, 0x000001f2d279ff40, 0x000001f2d27a0cd0, 0x000001f2d27cdc30,
0x000001f2d27ce500, 0x000001f2d2a1a000, 0x000001f2d2a1a8d0, 0x000001f2d2a24a40,
0x000001f2d2a27360, 0x000001f2d2a27c70, 0x000001f2d2ba60d0, 0x000001f2d2baa5c0,
0x000001f2d2cf71d0, 0x000001f2d70fec80, 0x000001f2d2c86b60, 0x000001f2d2c87040,
0x000001f2d2c87520, 0x000001f2d71349c0, 0x000001f2d712b810, 0x000001f2d712bcf0,
0x000001f2d71a7ae0, 0x000001f2d71a8500, 0x000001f2d71a4d50, 0x000001f2d71a5770
}

Java Threads: ( => current thread )
  0x000001f2b8f06d50 JavaThread "main" [_thread_blocked, id=16216, stack(0x0000003908500000,0x0000003908600000)]
  0x000001f2d279ff40 JavaThread "Reference Handler" daemon [_thread_blocked, id=16736, stack(0x0000003908c00000,0x0000003908d00000)]
  0x000001f2d27a0cd0 JavaThread "Finalizer" daemon [_thread_blocked, id=12888, stack(0x0000003908d00000,0x0000003908e00000)]
  0x000001f2d27cdc30 JavaThread "Signal Dispatcher" daemon [_thread_blocked, id=14532, stack(0x0000003908e00000,0x0000003908f00000)]
  0x000001f2d27ce500 JavaThread "Attach Listener" daemon [_thread_blocked, id=5260, stack(0x0000003908f00000,0x0000003909000000)]
  0x000001f2d2a1a000 JavaThread "Service Thread" daemon [_thread_blocked, id=3156, stack(0x0000003909000000,0x0000003909100000)]
  0x000001f2d2a1a8d0 JavaThread "Monitor Deflation Thread" daemon [_thread_blocked, id=12952, stack(0x0000003909100000,0x0000003909200000)]
=>0x000001f2d2a24a40 JavaThread "C2 CompilerThread0" daemon [_thread_in_native, id=7164, stack(0x0000003909200000,0x0000003909300000)]
  0x000001f2d2a27360 JavaThread "C1 CompilerThread0" daemon [_thread_blocked, id=13104, stack(0x0000003909300000,0x0000003909400000)]
  0x000001f2d2a27c70 JavaThread "Sweeper thread" daemon [_thread_blocked, id=12892, stack(0x0000003909400000,0x0000003909500000)]
  0x000001f2d2ba60d0 JavaThread "Common-Cleaner" daemon [_thread_blocked, id=15816, stack(0x0000003909500000,0x0000003909600000)]
  0x000001f2d2baa5c0 JavaThread "Notification Thread" daemon [_thread_blocked, id=13900, stack(0x0000003909600000,0x0000003909700000)]
  0x000001f2d2cf71d0 JavaThread "mysql-cj-abandoned-connection-cleanup" daemon [_thread_blocked, id=6664, stack(0x0000003909800000,0x0000003909900000)]
  0x000001f2d70fec80 JavaThread "RMI TCP Accept-22752" daemon [_thread_in_native, id=15380, stack(0x0000003909900000,0x0000003909a00000)]
  0x000001f2d2c86b60 JavaThread "RMI TCP Accept-0" daemon [_thread_in_native, id=11136, stack(0x0000003909a00000,0x0000003909b00000)]
  0x000001f2d2c87040 JavaThread "RMI Reaper" [_thread_blocked, id=3436, stack(0x0000003909b00000,0x0000003909c00000)]
  0x000001f2d2c87520 JavaThread "RMI GC Daemon" daemon [_thread_blocked, id=11236, stack(0x0000003909c00000,0x0000003909d00000)]
  0x000001f2d71349c0 JavaThread "C2 CompilerThread1" daemon [_thread_in_native, id=10252, stack(0x0000003909d00000,0x0000003909e00000)]
  0x000001f2d712b810 JavaThread "RMI TCP Connection(1)-127.0.0.1" daemon [_thread_in_native, id=5324, stack(0x0000003909e00000,0x0000003909f00000)]
  0x000001f2d712bcf0 JavaThread "RMI TCP Connection(2)-127.0.0.1" daemon [_thread_in_native, id=3100, stack(0x0000003909f00000,0x000000390a000000)]
  0x000001f2d71a7ae0 JavaThread "RMI TCP Connection(4)-127.0.0.1" daemon [_thread_in_native, id=4692, stack(0x000000390a000000,0x000000390a100000)]
  0x000001f2d71a8500 JavaThread "RMI TCP Connection(3)-127.0.0.1" daemon [_thread_in_vm, id=12088, stack(0x000000390a100000,0x000000390a200000)]
  0x000001f2d71a4d50 JavaThread "RMI Scheduler(0)" daemon [_thread_blocked, id=11992, stack(0x000000390a200000,0x000000390a300000)]
  0x000001f2d71a5770 JavaThread "RMI RenewClean-[127.0.0.1:57301]" daemon [_thread_blocked, id=16780, stack(0x000000390a300000,0x000000390a400000)]

Other Threads:
  0x000001f2d2796210 VMThread "VM Thread" [stack: 0x0000003908b00000,0x0000003908c00000] [id=11852]
  0x000001f2d2baaaa0 WatcherThread [stack: 0x0000003909700000,0x0000003909800000] [id=11268]
  0x000001f2b8f63360 GCTaskThread "GC Thread#0" [stack: 0x0000003908600000,0x0000003908700000] [id=9764]
  0x000001f2d71e7700 GCTaskThread "GC Thread#1" [stack: 0x000000390a400000,0x000000390a500000] [id=11204]
  0x000001f2d7305710 GCTaskThread "GC Thread#2" [stack: 0x000000390a500000,0x000000390a600000] [id=12356]
  0x000001f2d7331450 GCTaskThread "GC Thread#3" [stack: 0x000000390a600000,0x000000390a700000] [id=7944]
  0x000001f2b8f741c0 ConcurrentGCThread "G1 Main Marker" [stack: 0x0000003908700000,0x0000003908800000] [id=16048]
  0x000001f2b8f75290 ConcurrentGCThread "G1 Conc#0" [stack: 0x0000003908800000,0x0000003908900000] [id=3264]
  0x000001f2d25f04a0 ConcurrentGCThread "G1 Refine#0" [stack: 0x0000003908900000,0x0000003908a00000] [id=15628]
  0x000001f2d7362eb0 ConcurrentGCThread "G1 Refine#1" [stack: 0x000000390a700000,0x000000390a800000] [id=15724]
  0x000001f2d25f1df0 ConcurrentGCThread "G1 Service" [stack: 0x0000003908a00000,0x0000003908b00000] [id=17296]

Threads with active compile tasks:
C2 CompilerThread0      560  927       4       java.util.Properties::loadConvert (540 bytes)
C2 CompilerThread1      560  934 %     4       java.util.Properties$LineReader::readLine @ 53 (584 bytes)

VM state: not at safepoint (normal execution)

VM Mutex/Monitor currently owned by a thread:  ([mutex/lock_event])
[0x000001f2b8f00520] Metaspace_lock - owner thread: 0x000001f2d71a8500

Heap address: 0x0000000080000000, size: 2048 MB, Compressed Oops mode: 32-bit

CDS archive(s) not mapped
Compressed class space mapped at: 0x0000000100000000-0x0000000140000000, reserved size: 1073741824
Narrow klass base: 0x0000000000000000, Narrow klass shift: 3, Narrow klass range: 0x140000000

GC Precious Log:
 CPUs: 4 total, 4 available
 Memory: 8076M
 Large Page Support: Disabled
 NUMA Support: Disabled
 Compressed Oops: Enabled (32-bit)
 Heap Region Size: 1M
 Heap Min Capacity: 128M
 Heap Initial Capacity: 128M
 Heap Max Capacity: 2G
 Pre-touch: Disabled
 Parallel Workers: 4
 Concurrent Workers: 1
 Concurrent Refinement Workers: 4
 Periodic GC: Disabled

Heap:
 garbage-first heap   total 131072K, used 6886K [0x0000000080000000, 0x0000000100000000)
  region size 1024K, 3 young (3072K), 2 survivors (2048K)
 Metaspace       used 14539K, committed 14784K, reserved 1114112K
  class space    used 1536K, committed 1664K, reserved 1048576K

Heap Regions: E=young(eden), S=young(survivor), O=old, HS=humongous(starts), HC=humongous(continues), CS=collection set, F=free, OA=open archive, CA=closed archive, TAMS=top-at-mark-start (previous, next)
|   0|0x0000000080000000, 0x0000000080100000, 0x0000000080100000|100%|HS|  |TAMS 0x0000000080000000, 0x0000000080000000| Complete 
|   1|0x0000000080100000, 0x0000000080200000, 0x0000000080200000|100%|HC|  |TAMS 0x0000000080100000, 0x0000000080100000| Complete 
|   2|0x0000000080200000, 0x0000000080300000, 0x0000000080300000|100%|HC|  |TAMS 0x0000000080200000, 0x0000000080200000| Complete 
|   3|0x0000000080300000, 0x0000000080400000, 0x0000000080400000|100%| O|  |TAMS 0x0000000080300000, 0x0000000080300000| Untracked 
|   4|0x0000000080400000, 0x00000000804b9a00, 0x0000000080500000| 72%| O|  |TAMS 0x0000000080400000, 0x0000000080400000| Untracked 
|   5|0x0000000080500000, 0x0000000080500000, 0x0000000080600000|  0%| F|  |TAMS 0x0000000080500000, 0x0000000080500000| Untracked 
|   6|0x0000000080600000, 0x0000000080600000, 0x0000000080700000|  0%| F|  |TAMS 0x0000000080600000, 0x0000000080600000| Untracked 
|   7|0x0000000080700000, 0x0000000080700000, 0x0000000080800000|  0%| F|  |TAMS 0x0000000080700000, 0x0000000080700000| Untracked 
|   8|0x0000000080800000, 0x0000000080800000, 0x0000000080900000|  0%| F|  |TAMS 0x0000000080800000, 0x0000000080800000| Untracked 
|   9|0x0000000080900000, 0x0000000080900000, 0x0000000080a00000|  0%| F|  |TAMS 0x0000000080900000, 0x0000000080900000| Untracked 
|  10|0x0000000080a00000, 0x0000000080a00000, 0x0000000080b00000|  0%| F|  |TAMS 0x0000000080a00000, 0x0000000080a00000| Untracked 
|  11|0x0000000080b00000, 0x0000000080b00000, 0x0000000080c00000|  0%| F|  |TAMS 0x0000000080b00000, 0x0000000080b00000| Untracked 
|  12|0x0000000080c00000, 0x0000000080c00000, 0x0000000080d00000|  0%| F|  |TAMS 0x0000000080c00000, 0x0000000080c00000| Untracked 
|  13|0x0000000080d00000, 0x0000000080d00000, 0x0000000080e00000|  0%| F|  |TAMS 0x0000000080d00000, 0x0000000080d00000| Untracked 
|  14|0x0000000080e00000, 0x0000000080e00000, 0x0000000080f00000|  0%| F|  |TAMS 0x0000000080e00000, 0x0000000080e00000| Untracked 
|  15|0x0000000080f00000, 0x0000000080f00000, 0x0000000081000000|  0%| F|  |TAMS 0x0000000080f00000, 0x0000000080f00000| Untracked 
|  16|0x0000000081000000, 0x0000000081000000, 0x0000000081100000|  0%| F|  |TAMS 0x0000000081000000, 0x0000000081000000| Untracked 
|  17|0x0000000081100000, 0x0000000081100000, 0x0000000081200000|  0%| F|  |TAMS 0x0000000081100000, 0x0000000081100000| Untracked 
|  18|0x0000000081200000, 0x0000000081200000, 0x0000000081300000|  0%| F|  |TAMS 0x0000000081200000, 0x0000000081200000| Untracked 
|  19|0x0000000081300000, 0x0000000081300000, 0x0000000081400000|  0%| F|  |TAMS 0x0000000081300000, 0x0000000081300000| Untracked 
|  20|0x0000000081400000, 0x0000000081400000, 0x0000000081500000|  0%| F|  |TAMS 0x0000000081400000, 0x0000000081400000| Untracked 
|  21|0x0000000081500000, 0x0000000081500000, 0x0000000081600000|  0%| F|  |TAMS 0x0000000081500000, 0x0000000081500000| Untracked 
|  22|0x0000000081600000, 0x0000000081600000, 0x0000000081700000|  0%| F|  |TAMS 0x0000000081600000, 0x0000000081600000| Untracked 
|  23|0x0000000081700000, 0x0000000081700000, 0x0000000081800000|  0%| F|  |TAMS 0x0000000081700000, 0x0000000081700000| Untracked 
|  24|0x0000000081800000, 0x0000000081800000, 0x0000000081900000|  0%| F|  |TAMS 0x0000000081800000, 0x0000000081800000| Untracked 
|  25|0x0000000081900000, 0x0000000081900000, 0x0000000081a00000|  0%| F|  |TAMS 0x0000000081900000, 0x0000000081900000| Untracked 
|  26|0x0000000081a00000, 0x0000000081a00000, 0x0000000081b00000|  0%| F|  |TAMS 0x0000000081a00000, 0x0000000081a00000| Untracked 
|  27|0x0000000081b00000, 0x0000000081b00000, 0x0000000081c00000|  0%| F|  |TAMS 0x0000000081b00000, 0x0000000081b00000| Untracked 
|  28|0x0000000081c00000, 0x0000000081c00000, 0x0000000081d00000|  0%| F|  |TAMS 0x0000000081c00000, 0x0000000081c00000| Untracked 
|  29|0x0000000081d00000, 0x0000000081d00000, 0x0000000081e00000|  0%| F|  |TAMS 0x0000000081d00000, 0x0000000081d00000| Untracked 
|  30|0x0000000081e00000, 0x0000000081e00000, 0x0000000081f00000|  0%| F|  |TAMS 0x0000000081e00000, 0x0000000081e00000| Untracked 
|  31|0x0000000081f00000, 0x0000000081f00000, 0x0000000082000000|  0%| F|  |TAMS 0x0000000081f00000, 0x0000000081f00000| Untracked 
|  32|0x0000000082000000, 0x0000000082000000, 0x0000000082100000|  0%| F|  |TAMS 0x0000000082000000, 0x0000000082000000| Untracked 
|  33|0x0000000082100000, 0x0000000082100000, 0x0000000082200000|  0%| F|  |TAMS 0x0000000082100000, 0x0000000082100000| Untracked 
|  34|0x0000000082200000, 0x0000000082200000, 0x0000000082300000|  0%| F|  |TAMS 0x0000000082200000, 0x0000000082200000| Untracked 
|  35|0x0000000082300000, 0x0000000082300000, 0x0000000082400000|  0%| F|  |TAMS 0x0000000082300000, 0x0000000082300000| Untracked 
|  36|0x0000000082400000, 0x0000000082400000, 0x0000000082500000|  0%| F|  |TAMS 0x0000000082400000, 0x0000000082400000| Untracked 
|  37|0x0000000082500000, 0x0000000082500000, 0x0000000082600000|  0%| F|  |TAMS 0x0000000082500000, 0x0000000082500000| Untracked 
|  38|0x0000000082600000, 0x0000000082600000, 0x0000000082700000|  0%| F|  |TAMS 0x0000000082600000, 0x0000000082600000| Untracked 
|  39|0x0000000082700000, 0x0000000082700000, 0x0000000082800000|  0%| F|  |TAMS 0x0000000082700000, 0x0000000082700000| Untracked 
|  40|0x0000000082800000, 0x0000000082800000, 0x0000000082900000|  0%| F|  |TAMS 0x0000000082800000, 0x0000000082800000| Untracked 
|  41|0x0000000082900000, 0x0000000082900000, 0x0000000082a00000|  0%| F|  |TAMS 0x0000000082900000, 0x0000000082900000| Untracked 
|  42|0x0000000082a00000, 0x0000000082a00000, 0x0000000082b00000|  0%| F|  |TAMS 0x0000000082a00000, 0x0000000082a00000| Untracked 
|  43|0x0000000082b00000, 0x0000000082b00000, 0x0000000082c00000|  0%| F|  |TAMS 0x0000000082b00000, 0x0000000082b00000| Untracked 
|  44|0x0000000082c00000, 0x0000000082c00000, 0x0000000082d00000|  0%| F|  |TAMS 0x0000000082c00000, 0x0000000082c00000| Untracked 
|  45|0x0000000082d00000, 0x0000000082d00000, 0x0000000082e00000|  0%| F|  |TAMS 0x0000000082d00000, 0x0000000082d00000| Untracked 
|  46|0x0000000082e00000, 0x0000000082e00000, 0x0000000082f00000|  0%| F|  |TAMS 0x0000000082e00000, 0x0000000082e00000| Untracked 
|  47|0x0000000082f00000, 0x0000000082f00000, 0x0000000083000000|  0%| F|  |TAMS 0x0000000082f00000, 0x0000000082f00000| Untracked 
|  48|0x0000000083000000, 0x0000000083000000, 0x0000000083100000|  0%| F|  |TAMS 0x0000000083000000, 0x0000000083000000| Untracked 
|  49|0x0000000083100000, 0x0000000083100000, 0x0000000083200000|  0%| F|  |TAMS 0x0000000083100000, 0x0000000083100000| Untracked 
|  50|0x0000000083200000, 0x0000000083200000, 0x0000000083300000|  0%| F|  |TAMS 0x0000000083200000, 0x0000000083200000| Untracked 
|  51|0x0000000083300000, 0x0000000083300000, 0x0000000083400000|  0%| F|  |TAMS 0x0000000083300000, 0x0000000083300000| Untracked 
|  52|0x0000000083400000, 0x0000000083400000, 0x0000000083500000|  0%| F|  |TAMS 0x0000000083400000, 0x0000000083400000| Untracked 
|  53|0x0000000083500000, 0x0000000083500000, 0x0000000083600000|  0%| F|  |TAMS 0x0000000083500000, 0x0000000083500000| Untracked 
|  54|0x0000000083600000, 0x0000000083600000, 0x0000000083700000|  0%| F|  |TAMS 0x0000000083600000, 0x0000000083600000| Untracked 
|  55|0x0000000083700000, 0x0000000083700000, 0x0000000083800000|  0%| F|  |TAMS 0x0000000083700000, 0x0000000083700000| Untracked 
|  56|0x0000000083800000, 0x0000000083800000, 0x0000000083900000|  0%| F|  |TAMS 0x0000000083800000, 0x0000000083800000| Untracked 
|  57|0x0000000083900000, 0x0000000083900000, 0x0000000083a00000|  0%| F|  |TAMS 0x0000000083900000, 0x0000000083900000| Untracked 
|  58|0x0000000083a00000, 0x0000000083a00000, 0x0000000083b00000|  0%| F|  |TAMS 0x0000000083a00000, 0x0000000083a00000| Untracked 
|  59|0x0000000083b00000, 0x0000000083b00000, 0x0000000083c00000|  0%| F|  |TAMS 0x0000000083b00000, 0x0000000083b00000| Untracked 
|  60|0x0000000083c00000, 0x0000000083c00000, 0x0000000083d00000|  0%| F|  |TAMS 0x0000000083c00000, 0x0000000083c00000| Untracked 
|  61|0x0000000083d00000, 0x0000000083d00000, 0x0000000083e00000|  0%| F|  |TAMS 0x0000000083d00000, 0x0000000083d00000| Untracked 
|  62|0x0000000083e00000, 0x0000000083e00000, 0x0000000083f00000|  0%| F|  |TAMS 0x0000000083e00000, 0x0000000083e00000| Untracked 
|  63|0x0000000083f00000, 0x0000000083f00000, 0x0000000084000000|  0%| F|  |TAMS 0x0000000083f00000, 0x0000000083f00000| Untracked 
|  64|0x0000000084000000, 0x0000000084000000, 0x0000000084100000|  0%| F|  |TAMS 0x0000000084000000, 0x0000000084000000| Untracked 
|  65|0x0000000084100000, 0x0000000084100000, 0x0000000084200000|  0%| F|  |TAMS 0x0000000084100000, 0x0000000084100000| Untracked 
|  66|0x0000000084200000, 0x0000000084200000, 0x0000000084300000|  0%| F|  |TAMS 0x0000000084200000, 0x0000000084200000| Untracked 
|  67|0x0000000084300000, 0x0000000084300000, 0x0000000084400000|  0%| F|  |TAMS 0x0000000084300000, 0x0000000084300000| Untracked 
|  68|0x0000000084400000, 0x0000000084400000, 0x0000000084500000|  0%| F|  |TAMS 0x0000000084400000, 0x0000000084400000| Untracked 
|  69|0x0000000084500000, 0x0000000084500000, 0x0000000084600000|  0%| F|  |TAMS 0x0000000084500000, 0x0000000084500000| Untracked 
|  70|0x0000000084600000, 0x0000000084600000, 0x0000000084700000|  0%| F|  |TAMS 0x0000000084600000, 0x0000000084600000| Untracked 
|  71|0x0000000084700000, 0x0000000084700000, 0x0000000084800000|  0%| F|  |TAMS 0x0000000084700000, 0x0000000084700000| Untracked 
|  72|0x0000000084800000, 0x0000000084800000, 0x0000000084900000|  0%| F|  |TAMS 0x0000000084800000, 0x0000000084800000| Untracked 
|  73|0x0000000084900000, 0x0000000084900000, 0x0000000084a00000|  0%| F|  |TAMS 0x0000000084900000, 0x0000000084900000| Untracked 
|  74|0x0000000084a00000, 0x0000000084a00000, 0x0000000084b00000|  0%| F|  |TAMS 0x0000000084a00000, 0x0000000084a00000| Untracked 
|  75|0x0000000084b00000, 0x0000000084b00000, 0x0000000084c00000|  0%| F|  |TAMS 0x0000000084b00000, 0x0000000084b00000| Untracked 
|  76|0x0000000084c00000, 0x0000000084c00000, 0x0000000084d00000|  0%| F|  |TAMS 0x0000000084c00000, 0x0000000084c00000| Untracked 
|  77|0x0000000084d00000, 0x0000000084d00000, 0x0000000084e00000|  0%| F|  |TAMS 0x0000000084d00000, 0x0000000084d00000| Untracked 
|  78|0x0000000084e00000, 0x0000000084e00000, 0x0000000084f00000|  0%| F|  |TAMS 0x0000000084e00000, 0x0000000084e00000| Untracked 
|  79|0x0000000084f00000, 0x0000000084f00000, 0x0000000085000000|  0%| F|  |TAMS 0x0000000084f00000, 0x0000000084f00000| Untracked 
|  80|0x0000000085000000, 0x0000000085000000, 0x0000000085100000|  0%| F|  |TAMS 0x0000000085000000, 0x0000000085000000| Untracked 
|  81|0x0000000085100000, 0x0000000085100000, 0x0000000085200000|  0%| F|  |TAMS 0x0000000085100000, 0x0000000085100000| Untracked 
|  82|0x0000000085200000, 0x0000000085200000, 0x0000000085300000|  0%| F|  |TAMS 0x0000000085200000, 0x0000000085200000| Untracked 
|  83|0x0000000085300000, 0x0000000085300000, 0x0000000085400000|  0%| F|  |TAMS 0x0000000085300000, 0x0000000085300000| Untracked 
|  84|0x0000000085400000, 0x0000000085400000, 0x0000000085500000|  0%| F|  |TAMS 0x0000000085400000, 0x0000000085400000| Untracked 
|  85|0x0000000085500000, 0x0000000085500000, 0x0000000085600000|  0%| F|  |TAMS 0x0000000085500000, 0x0000000085500000| Untracked 
|  86|0x0000000085600000, 0x0000000085600000, 0x0000000085700000|  0%| F|  |TAMS 0x0000000085600000, 0x0000000085600000| Untracked 
|  87|0x0000000085700000, 0x0000000085700000, 0x0000000085800000|  0%| F|  |TAMS 0x0000000085700000, 0x0000000085700000| Untracked 
|  88|0x0000000085800000, 0x0000000085800000, 0x0000000085900000|  0%| F|  |TAMS 0x0000000085800000, 0x0000000085800000| Untracked 
|  89|0x0000000085900000, 0x0000000085900000, 0x0000000085a00000|  0%| F|  |TAMS 0x0000000085900000, 0x0000000085900000| Untracked 
|  90|0x0000000085a00000, 0x0000000085a00000, 0x0000000085b00000|  0%| F|  |TAMS 0x0000000085a00000, 0x0000000085a00000| Untracked 
|  91|0x0000000085b00000, 0x0000000085b00000, 0x0000000085c00000|  0%| F|  |TAMS 0x0000000085b00000, 0x0000000085b00000| Untracked 
|  92|0x0000000085c00000, 0x0000000085c00000, 0x0000000085d00000|  0%| F|  |TAMS 0x0000000085c00000, 0x0000000085c00000| Untracked 
|  93|0x0000000085d00000, 0x0000000085d00000, 0x0000000085e00000|  0%| F|  |TAMS 0x0000000085d00000, 0x0000000085d00000| Untracked 
|  94|0x0000000085e00000, 0x0000000085e00000, 0x0000000085f00000|  0%| F|  |TAMS 0x0000000085e00000, 0x0000000085e00000| Untracked 
|  95|0x0000000085f00000, 0x0000000085f00000, 0x0000000086000000|  0%| F|  |TAMS 0x0000000085f00000, 0x0000000085f00000| Untracked 
|  96|0x0000000086000000, 0x0000000086000000, 0x0000000086100000|  0%| F|  |TAMS 0x0000000086000000, 0x0000000086000000| Untracked 
|  97|0x0000000086100000, 0x0000000086100000, 0x0000000086200000|  0%| F|  |TAMS 0x0000000086100000, 0x0000000086100000| Untracked 
|  98|0x0000000086200000, 0x0000000086200000, 0x0000000086300000|  0%| F|  |TAMS 0x0000000086200000, 0x0000000086200000| Untracked 
|  99|0x0000000086300000, 0x0000000086300000, 0x0000000086400000|  0%| F|  |TAMS 0x0000000086300000, 0x0000000086300000| Untracked 
| 100|0x0000000086400000, 0x0000000086400000, 0x0000000086500000|  0%| F|  |TAMS 0x0000000086400000, 0x0000000086400000| Untracked 
| 101|0x0000000086500000, 0x0000000086500000, 0x0000000086600000|  0%| F|  |TAMS 0x0000000086500000, 0x0000000086500000| Untracked 
| 102|0x0000000086600000, 0x0000000086600000, 0x0000000086700000|  0%| F|  |TAMS 0x0000000086600000, 0x0000000086600000| Untracked 
| 103|0x0000000086700000, 0x0000000086700000, 0x0000000086800000|  0%| F|  |TAMS 0x0000000086700000, 0x0000000086700000| Untracked 
| 104|0x0000000086800000, 0x0000000086800000, 0x0000000086900000|  0%| F|  |TAMS 0x0000000086800000, 0x0000000086800000| Untracked 
| 105|0x0000000086900000, 0x0000000086900000, 0x0000000086a00000|  0%| F|  |TAMS 0x0000000086900000, 0x0000000086900000| Untracked 
| 106|0x0000000086a00000, 0x0000000086a00000, 0x0000000086b00000|  0%| F|  |TAMS 0x0000000086a00000, 0x0000000086a00000| Untracked 
| 107|0x0000000086b00000, 0x0000000086b00000, 0x0000000086c00000|  0%| F|  |TAMS 0x0000000086b00000, 0x0000000086b00000| Untracked 
| 108|0x0000000086c00000, 0x0000000086c00000, 0x0000000086d00000|  0%| F|  |TAMS 0x0000000086c00000, 0x0000000086c00000| Untracked 
| 109|0x0000000086d00000, 0x0000000086d00000, 0x0000000086e00000|  0%| F|  |TAMS 0x0000000086d00000, 0x0000000086d00000| Untracked 
| 110|0x0000000086e00000, 0x0000000086e00000, 0x0000000086f00000|  0%| F|  |TAMS 0x0000000086e00000, 0x0000000086e00000| Untracked 
| 111|0x0000000086f00000, 0x0000000086f00000, 0x0000000087000000|  0%| F|  |TAMS 0x0000000086f00000, 0x0000000086f00000| Untracked 
| 112|0x0000000087000000, 0x0000000087000000, 0x0000000087100000|  0%| F|  |TAMS 0x0000000087000000, 0x0000000087000000| Untracked 
| 113|0x0000000087100000, 0x0000000087200000, 0x0000000087200000|100%| S|CS|TAMS 0x0000000087100000, 0x0000000087100000| Complete 
| 114|0x0000000087200000, 0x0000000087300000, 0x0000000087300000|100%| S|CS|TAMS 0x0000000087200000, 0x0000000087200000| Complete 
| 115|0x0000000087300000, 0x0000000087300000, 0x0000000087400000|  0%| F|  |TAMS 0x0000000087300000, 0x0000000087300000| Untracked 
| 116|0x0000000087400000, 0x0000000087400000, 0x0000000087500000|  0%| F|  |TAMS 0x0000000087400000, 0x0000000087400000| Untracked 
| 117|0x0000000087500000, 0x0000000087500000, 0x0000000087600000|  0%| F|  |TAMS 0x0000000087500000, 0x0000000087500000| Untracked 
| 118|0x0000000087600000, 0x0000000087600000, 0x0000000087700000|  0%| F|  |TAMS 0x0000000087600000, 0x0000000087600000| Untracked 
| 119|0x0000000087700000, 0x0000000087700000, 0x0000000087800000|  0%| F|  |TAMS 0x0000000087700000, 0x0000000087700000| Untracked 
| 120|0x0000000087800000, 0x0000000087800000, 0x0000000087900000|  0%| F|  |TAMS 0x0000000087800000, 0x0000000087800000| Untracked 
| 121|0x0000000087900000, 0x0000000087900000, 0x0000000087a00000|  0%| F|  |TAMS 0x0000000087900000, 0x0000000087900000| Untracked 
| 122|0x0000000087a00000, 0x0000000087a00000, 0x0000000087b00000|  0%| F|  |TAMS 0x0000000087a00000, 0x0000000087a00000| Untracked 
| 123|0x0000000087b00000, 0x0000000087b00000, 0x0000000087c00000|  0%| F|  |TAMS 0x0000000087b00000, 0x0000000087b00000| Untracked 
| 124|0x0000000087c00000, 0x0000000087c00000, 0x0000000087d00000|  0%| F|  |TAMS 0x0000000087c00000, 0x0000000087c00000| Untracked 
| 125|0x0000000087d00000, 0x0000000087d00000, 0x0000000087e00000|  0%| F|  |TAMS 0x0000000087d00000, 0x0000000087d00000| Untracked 
| 126|0x0000000087e00000, 0x0000000087e00000, 0x0000000087f00000|  0%| F|  |TAMS 0x0000000087e00000, 0x0000000087e00000| Untracked 
| 127|0x0000000087f00000, 0x0000000087ff1ae8, 0x0000000088000000| 94%| E|  |TAMS 0x0000000087f00000, 0x0000000087f00000| Complete 

Card table byte_map: [0x000001f2cbaa0000,0x000001f2cbea0000] _byte_map_base: 0x000001f2cb6a0000

Marking Bits (Prev, Next): (CMBitMap*) 0x000001f2b8f63890, (CMBitMap*) 0x000001f2b8f638d0
 Prev Bits: [0x000001f2cc2a0000, 0x000001f2ce2a0000)
 Next Bits: [0x000001f2ce2a0000, 0x000001f2d02a0000)

Polling page: 0x000001f2b86d0000

Metaspace:

Usage:
  Non-class:     12.70 MB used.
      Class:      1.50 MB used.
       Both:     14.20 MB used.

Virtual space:
  Non-class space:       64.00 MB reserved,      12.81 MB ( 20%) committed,  1 nodes.
      Class space:        1.00 GB reserved,       1.62 MB ( <1%) committed,  1 nodes.
             Both:        1.06 GB reserved,      14.44 MB (  1%) committed. 

Chunk freelists:
   Non-Class:  2.47 MB
       Class:  14.19 MB
        Both:  16.67 MB

MaxMetaspaceSize: unlimited
CompressedClassSpaceSize: 1.00 GB
Initial GC threshold: 21.00 MB
Current GC threshold: 21.00 MB
CDS: off
MetaspaceReclaimPolicy: balanced
 - commit_granule_bytes: 65536.
 - commit_granule_words: 8192.
 - virtual_space_node_default_size: 8388608.
 - enlarge_chunks_in_place: 1.
 - new_chunks_are_fully_committed: 0.
 - uncommit_free_chunks: 1.
 - use_allocation_guard: 0.
 - handle_deallocations: 1.


Internal statistics:

num_allocs_failed_limit: 0.
num_arena_births: 254.
num_arena_deaths: 0.
num_vsnodes_births: 2.
num_vsnodes_deaths: 0.
num_space_committed: 231.
num_space_uncommitted: 0.
num_chunks_returned_to_freelist: 0.
num_chunks_taken_from_freelist: 447.
num_chunk_merges: 0.
num_chunk_splits: 258.
num_chunks_enlarged: 115.
num_inconsistent_stats: 0.

CodeHeap 'non-profiled nmethods': size=120000Kb used=302Kb max_used=302Kb free=119697Kb
 bounds [0x000001f2c4170000, 0x000001f2c43e0000, 0x000001f2cb6a0000]
CodeHeap 'profiled nmethods': size=120000Kb used=1528Kb max_used=1528Kb free=118471Kb
 bounds [0x000001f2bc6a0000, 0x000001f2bc910000, 0x000001f2c3bd0000]
CodeHeap 'non-nmethods': size=5760Kb used=1176Kb max_used=1179Kb free=4583Kb
 bounds [0x000001f2c3bd0000, 0x000001f2c3e40000, 0x000001f2c4170000]
 total_blobs=1428 nmethods=954 adapters=387
 compilation: enabled
              stopped_count=0, restarted_count=0
 full_count=0

Compilation events (20 events):
Event: 0.536 Thread 0x000001f2d2a27360 nmethod 926% 0x000001f2bc809010 code [0x000001f2bc809400, 0x000001f2bc80c3b8]
Event: 0.536 Thread 0x000001f2d2a27360  929       3       java.util.concurrent.ConcurrentHashMap$Node::<init> (14 bytes)
Event: 0.537 Thread 0x000001f2d2a27360 nmethod 929 0x000001f2bc80d210 code [0x000001f2bc80d3c0, 0x000001f2bc80d6b8]
Event: 0.537 Thread 0x000001f2d2a27360  930       3       java.util.Properties$LineReader::readLine (584 bytes)
Event: 0.537 Thread 0x000001f2d71349c0 nmethod 925% 0x000001f2c41b9e90 code [0x000001f2c41ba020, 0x000001f2c41ba2b8]
Event: 0.537 Thread 0x000001f2d71349c0  931 %     4       java.lang.StringLatin1::inflate @ 3 (34 bytes)
Event: 0.538 Thread 0x000001f2d2a27360 nmethod 930 0x000001f2bc80d810 code [0x000001f2bc80dbe0, 0x000001f2bc8106f8]
Event: 0.538 Thread 0x000001f2d2a27360  932       3       java.lang.AbstractStringBuilder::checkRange (63 bytes)
Event: 0.538 Thread 0x000001f2d2a27360 nmethod 932 0x000001f2bc811410 code [0x000001f2bc8116a0, 0x000001f2bc811fd8]
Event: 0.538 Thread 0x000001f2d2a27360  924       1       java.nio.Buffer::capacity (5 bytes)
Event: 0.538 Thread 0x000001f2d2a27360 nmethod 924 0x000001f2c41ba410 code [0x000001f2c41ba5a0, 0x000001f2c41ba678]
Event: 0.539 Thread 0x000001f2d2a27360  935       3       java.lang.AbstractStringBuilder::appendChars (130 bytes)
Event: 0.540 Thread 0x000001f2d2a27360 nmethod 935 0x000001f2bc812390 code [0x000001f2bc812580, 0x000001f2bc812b28]
Event: 0.541 Thread 0x000001f2d2a27360  936       3       java.util.zip.Inflater::ensureOpen (47 bytes)
Event: 0.541 Thread 0x000001f2d2a27360 nmethod 936 0x000001f2bc812d90 code [0x000001f2bc812f40, 0x000001f2bc8131a8]
Event: 0.541 Thread 0x000001f2d2a27360  937       1       java.util.concurrent.ConcurrentHashMap$MapEntry::getKey (5 bytes)
Event: 0.541 Thread 0x000001f2d2a27360 nmethod 937 0x000001f2c41ba710 code [0x000001f2c41ba8a0, 0x000001f2c41ba978]
Event: 0.541 Thread 0x000001f2d2a27360  939       3       java.util.concurrent.ConcurrentHashMap$EntryIterator::next (5 bytes)
Event: 0.541 Thread 0x000001f2d2a27360 nmethod 939 0x000001f2bc813290 code [0x000001f2bc813420, 0x000001f2bc813568]
Event: 0.541 Thread 0x000001f2d2a27360  940       3       java.util.concurrent.ConcurrentHashMap$MapEntry::<init> (20 bytes)

GC Heap History (2 events):
Event: 0.526 GC heap before
{Heap before GC invocations=0 (full 0):
 garbage-first heap   total 131072K, used 15360K [0x0000000080000000, 0x0000000100000000)
  region size 1024K, 13 young (13312K), 0 survivors (0K)
 Metaspace       used 14346K, committed 14656K, reserved 1114112K
  class space    used 1511K, committed 1664K, reserved 1048576K
}
Event: 0.530 GC heap after
{Heap after GC invocations=1 (full 0):
 garbage-first heap   total 131072K, used 6886K [0x0000000080000000, 0x0000000100000000)
  region size 1024K, 2 young (2048K), 2 survivors (2048K)
 Metaspace       used 14346K, committed 14656K, reserved 1114112K
  class space    used 1511K, committed 1664K, reserved 1048576K
}

Dll operation events (1 events):
Event: 0.006 Loaded shared library D:\Java\IntelliJ IDEA 2024.1.4\jbr\bin\java.dll

Deoptimization events (20 events):
Event: 0.379 Thread 0x000001f2b8f06d50 DEOPT PACKING pc=0x000001f2bc6b4751 sp=0x00000039085fcdc0
Event: 0.379 Thread 0x000001f2b8f06d50 DEOPT UNPACKING pc=0x000001f2c3c27143 sp=0x00000039085fc238 mode 0
Event: 0.537 Thread 0x000001f2d71a8500 DEOPT PACKING pc=0x000001f2bc731bd6 sp=0x000000390a1fade0
Event: 0.537 Thread 0x000001f2d71a8500 DEOPT UNPACKING pc=0x000001f2c3c27143 sp=0x000000390a1fa280 mode 0
Event: 0.538 Thread 0x000001f2d71a8500 DEOPT PACKING pc=0x000001f2bc731bd6 sp=0x000000390a1fade0
Event: 0.538 Thread 0x000001f2d71a8500 DEOPT UNPACKING pc=0x000001f2c3c27143 sp=0x000000390a1fa280 mode 0
Event: 0.538 Thread 0x000001f2d71a8500 DEOPT PACKING pc=0x000001f2bc731bd6 sp=0x000000390a1fae00
Event: 0.538 Thread 0x000001f2d71a8500 DEOPT UNPACKING pc=0x000001f2c3c27143 sp=0x000000390a1fa2a0 mode 0
Event: 0.539 Thread 0x000001f2d71a8500 DEOPT PACKING pc=0x000001f2bc731bd6 sp=0x000000390a1fae00
Event: 0.539 Thread 0x000001f2d71a8500 DEOPT UNPACKING pc=0x000001f2c3c27143 sp=0x000000390a1fa2a0 mode 0
Event: 0.539 Thread 0x000001f2d71a8500 DEOPT PACKING pc=0x000001f2bc731bd6 sp=0x000000390a1fae00
Event: 0.539 Thread 0x000001f2d71a8500 DEOPT UNPACKING pc=0x000001f2c3c27143 sp=0x000000390a1fa2a0 mode 0
Event: 0.539 Thread 0x000001f2d71a8500 DEOPT PACKING pc=0x000001f2bc731bd6 sp=0x000000390a1fae00
Event: 0.539 Thread 0x000001f2d71a8500 DEOPT UNPACKING pc=0x000001f2c3c27143 sp=0x000000390a1fa2a0 mode 0
Event: 0.540 Thread 0x000001f2d71a8500 DEOPT PACKING pc=0x000001f2bc731bd6 sp=0x000000390a1fae00
Event: 0.540 Thread 0x000001f2d71a8500 DEOPT UNPACKING pc=0x000001f2c3c27143 sp=0x000000390a1fa2a0 mode 0
Event: 0.540 Thread 0x000001f2d71a8500 DEOPT PACKING pc=0x000001f2bc731bd6 sp=0x000000390a1fae00
Event: 0.540 Thread 0x000001f2d71a8500 DEOPT UNPACKING pc=0x000001f2c3c27143 sp=0x000000390a1fa2a0 mode 0
Event: 0.541 Thread 0x000001f2d71a8500 DEOPT PACKING pc=0x000001f2bc731bd6 sp=0x000000390a1fae00
Event: 0.541 Thread 0x000001f2d71a8500 DEOPT UNPACKING pc=0x000001f2c3c27143 sp=0x000000390a1fa2a0 mode 0

Classes unloaded (0 events):
No events

Classes redefined (0 events):
No events

Internal exceptions (20 events):
Event: 0.212 Thread 0x000001f2b8f06d50 Exception <a 'java/lang/NoSuchMethodError'{0x0000000087b02e18}: 'void java.lang.invoke.DirectMethodHandle$Holder.invokeInterface(java.lang.Object, java.lang.Object, java.lang.Object)'> (0x0000000087b02e18) 
thrown [s\src\hotspot\share\interpreter\linkResolver.cpp, line 771]
Event: 0.212 Thread 0x000001f2b8f06d50 Exception <a 'java/lang/IncompatibleClassChangeError'{0x0000000087b06278}: Found class java.lang.Object, but interface was expected> (0x0000000087b06278) 
thrown [s\src\hotspot\share\interpreter\linkResolver.cpp, line 838]
Event: 0.213 Thread 0x000001f2b8f06d50 Exception <a 'java/lang/IncompatibleClassChangeError'{0x0000000087b077d0}: Found class java.lang.Object, but interface was expected> (0x0000000087b077d0) 
thrown [s\src\hotspot\share\interpreter\linkResolver.cpp, line 838]
Event: 0.213 Thread 0x000001f2b8f06d50 Exception <a 'java/lang/IncompatibleClassChangeError'{0x0000000087b088a8}: Found class java.lang.Object, but interface was expected> (0x0000000087b088a8) 
thrown [s\src\hotspot\share\interpreter\linkResolver.cpp, line 838]
Event: 0.213 Thread 0x000001f2b8f06d50 Exception <a 'java/lang/IncompatibleClassChangeError'{0x0000000087b09d88}: Found class java.lang.Object, but interface was expected> (0x0000000087b09d88) 
thrown [s\src\hotspot\share\interpreter\linkResolver.cpp, line 838]
Event: 0.213 Thread 0x000001f2b8f06d50 Exception <a 'java/lang/IncompatibleClassChangeError'{0x0000000087b0ad20}: Found class java.lang.Object, but interface was expected> (0x0000000087b0ad20) 
thrown [s\src\hotspot\share\interpreter\linkResolver.cpp, line 838]
Event: 0.213 Thread 0x000001f2b8f06d50 Exception <a 'java/lang/NoSuchMethodError'{0x0000000087b0d9f0}: 'void java.lang.invoke.DirectMethodHandle$Holder.invokeStatic(java.lang.Object, java.lang.Object)'> (0x0000000087b0d9f0) 
thrown [s\src\hotspot\share\interpreter\linkResolver.cpp, line 771]
Event: 0.213 Thread 0x000001f2b8f06d50 Exception <a 'java/lang/NoSuchMethodError'{0x0000000087b11060}: 'void java.lang.invoke.DirectMethodHandle$Holder.invokeStaticInit(java.lang.Object, java.lang.Object)'> (0x0000000087b11060) 
thrown [s\src\hotspot\share\interpreter\linkResolver.cpp, line 771]
Event: 0.230 Thread 0x000001f2b8f06d50 Exception <a 'java/lang/NoSuchMethodError'{0x0000000087b23a38}: 'java.lang.Object java.lang.invoke.DirectMethodHandle$Holder.invokeStaticInit(java.lang.Object)'> (0x0000000087b23a38) 
thrown [s\src\hotspot\share\interpreter\linkResolver.cpp, line 771]
Event: 0.265 Thread 0x000001f2b8f06d50 Exception <a 'java/lang/NoSuchMethodError'{0x0000000087ba04c8}: 'java.lang.Object java.lang.invoke.DirectMethodHandle$Holder.invokeStaticInit(java.lang.Object, int, int, int, int)'> (0x0000000087ba04c8) 
thrown [s\src\hotspot\share\interpreter\linkResolver.cpp, line 771]
Event: 0.324 Thread 0x000001f2b8f06d50 Exception <a 'java/lang/NoSuchMethodError'{0x0000000087be5b78}: 'java.lang.Object java.lang.invoke.DirectMethodHandle$Holder.invokeStaticInit(java.lang.Object, java.lang.Object, int, int, int, int)'> (0x0000000087be5b78) 
thrown [s\src\hotspot\share\interpreter\linkResolver.cpp, line 771]
Event: 0.384 Thread 0x000001f2b8f06d50 Exception <a 'java/lang/NoSuchMethodError'{0x00000000879f8558}: 'java.lang.Object java.lang.invoke.Invokers$Holder.linkToTargetMethod(java.lang.Object, long, java.lang.Object)'> (0x00000000879f8558) 
thrown [s\src\hotspot\share\interpreter\linkResolver.cpp, line 771]
Event: 0.432 Thread 0x000001f2d71a7ae0 Exception <a 'java/lang/NoSuchMethodError'{0x00000000877ec5b8}: static [B.<clinit>()V> (0x00000000877ec5b8) 
thrown [s\src\hotspot\share\prims\jni.cpp, line 1127]
Event: 0.432 Thread 0x000001f2d71a8500 Exception <a 'java/lang/NoSuchMethodError'{0x00000000877a8c28}: static [B.<clinit>()V> (0x00000000877a8c28) 
thrown [s\src\hotspot\share\prims\jni.cpp, line 1127]
Event: 0.441 Thread 0x000001f2d71a8500 Exception <a 'java/lang/NoSuchMethodError'{0x00000000876963c0}: static [Ljava/rmi/server/ObjID;.<clinit>()V> (0x00000000876963c0) 
thrown [s\src\hotspot\share\prims\jni.cpp, line 1127]
Event: 0.443 Thread 0x000001f2d71a5770 Exception <a 'java/lang/InterruptedException'{0x00000000876c83c8}> (0x00000000876c83c8) 
thrown [s\src\hotspot\share\runtime\objectMonitor.cpp, line 1658]
Event: 0.443 Thread 0x000001f2d71a8500 Exception <a 'java/lang/NoSuchMethodError'{0x000000008769dd80}: 'void java.lang.invoke.DirectMethodHandle$Holder.invokeSpecial(java.lang.Object, java.lang.Object, java.lang.Object)'> (0x000000008769dd80) 
thrown [s\src\hotspot\share\interpreter\linkResolver.cpp, line 771]
Event: 0.443 Thread 0x000001f2d71a8500 Exception <a 'java/lang/NoSuchMethodError'{0x00000000876a12e8}: 'void java.lang.invoke.Invokers$Holder.invoke_MT(java.lang.Object, java.lang.Object, java.lang.Object)'> (0x00000000876a12e8) 
thrown [s\src\hotspot\share\interpreter\linkResolver.cpp, line 771]
Event: 0.444 Thread 0x000001f2d71a5770 Exception <a 'java/lang/NoSuchMethodError'{0x00000000876d0b68}: 'java.lang.Object java.lang.invoke.DirectMethodHandle$Holder.newInvokeSpecial(java.lang.Object, java.lang.Object, int, java.lang.Object, long)'> (0x00000000876d0b68) 
thrown [s\src\hotspot\share\interpreter\linkResolver.cpp, line 771]
Event: 0.505 Thread 0x000001f2d71a8500 Exception <a 'java/lang/NoSuchMethodError'{0x00000000873409b8}: 'java.lang.Object java.lang.invoke.DirectMethodHandle$Holder.invokeInterface(java.lang.Object, java.lang.Object)'> (0x00000000873409b8) 
thrown [s\src\hotspot\share\interpreter\linkResolver.cpp, line 771]

VM Operations (10 events):
Event: 0.134 Executing VM operation: HandshakeAllThreads
Event: 0.134 Executing VM operation: HandshakeAllThreads done
Event: 0.173 Executing VM operation: HandshakeAllThreads
Event: 0.173 Executing VM operation: HandshakeAllThreads done
Event: 0.217 Executing VM operation: HandshakeAllThreads
Event: 0.217 Executing VM operation: HandshakeAllThreads done
Event: 0.452 Executing VM operation: HandshakeAllThreads
Event: 0.452 Executing VM operation: HandshakeAllThreads done
Event: 0.526 Executing VM operation: G1CollectForAllocation
Event: 0.530 Executing VM operation: G1CollectForAllocation done

Events (20 events):
Event: 0.526 loading class java/util/ResourceBundle$KeyElementReference
Event: 0.526 loading class java/util/ResourceBundle$CacheKeyReference
Event: 0.526 loading class java/util/ResourceBundle$CacheKeyReference done
Event: 0.526 loading class java/util/ResourceBundle$KeyElementReference done
Event: 0.526 loading class sun/util/locale/LocaleObjectCache$CacheEntry
Event: 0.526 loading class sun/util/locale/LocaleObjectCache$CacheEntry done
Event: 0.531 loading class java/util/zip/ZipFile$ZipEntryIterator
Event: 0.531 loading class java/util/zip/ZipFile$ZipEntryIterator done
Event: 0.531 loading class sun/util/resources/Bundles
Event: 0.531 loading class sun/util/resources/Bundles done
Event: 0.531 loading class sun/util/resources/Bundles$1
Event: 0.531 loading class sun/util/resources/Bundles$1 done
Event: 0.531 loading class java/util/ResourceBundle$Control$2
Event: 0.531 loading class java/util/ResourceBundle$Control$2 done
Event: 0.532 loading class java/util/PropertyResourceBundle
Event: 0.532 loading class java/util/PropertyResourceBundle done
Event: 0.532 loading class sun/util/PropertyResourceBundleCharset
Event: 0.532 loading class sun/util/PropertyResourceBundleCharset done
Event: 0.532 loading class sun/util/PropertyResourceBundleCharset$PropertiesFileDecoder
Event: 0.532 loading class sun/util/PropertyResourceBundleCharset$PropertiesFileDecoder done


Dynamic libraries:
0x00007ff659790000 - 0x00007ff65979a000 	D:\Java\IntelliJ IDEA 2024.1.4\jbr\bin\java.exe
0x00007ffd536f0000 - 0x00007ffd538e8000 	C:\Windows\SYSTEM32\ntdll.dll
0x00007ffd51b70000 - 0x00007ffd51c2f000 	C:\Windows\System32\KERNEL32.DLL
0x00007ffd511f0000 - 0x00007ffd514c2000 	C:\Windows\System32\KERNELBASE.dll
0x00007ffd51590000 - 0x00007ffd51690000 	C:\Windows\System32\ucrtbase.dll
0x00007ffd23a30000 - 0x00007ffd23a47000 	D:\Java\IntelliJ IDEA 2024.1.4\jbr\bin\jli.dll
0x00007ffd51dd0000 - 0x00007ffd51f71000 	C:\Windows\System32\USER32.dll
0x00007ffd30f70000 - 0x00007ffd30f8b000 	D:\Java\IntelliJ IDEA 2024.1.4\jbr\bin\VCRUNTIME140.dll
0x00007ffd50f20000 - 0x00007ffd50f42000 	C:\Windows\System32\win32u.dll
0x00007ffd39320000 - 0x00007ffd395ba000 	C:\Windows\WinSxS\amd64_microsoft.windows.common-controls_6595b64144ccf1df_6.0.19041.1110_none_60b5254171f9507e\COMCTL32.dll
0x00007ffd52e90000 - 0x00007ffd52f2e000 	C:\Windows\System32\msvcrt.dll
0x00007ffd52b70000 - 0x00007ffd52b9b000 	C:\Windows\System32\GDI32.dll
0x00007ffd50de0000 - 0x00007ffd50eef000 	C:\Windows\System32\gdi32full.dll
0x00007ffd51690000 - 0x00007ffd5172d000 	C:\Windows\System32\msvcp_win.dll
0x00007ffd51b30000 - 0x00007ffd51b62000 	C:\Windows\System32\IMM32.DLL
0x00007ffd35c20000 - 0x00007ffd35c2c000 	D:\Java\IntelliJ IDEA 2024.1.4\jbr\bin\vcruntime140_1.dll
0x00007ffd2fd30000 - 0x00007ffd2fdbd000 	D:\Java\IntelliJ IDEA 2024.1.4\jbr\bin\msvcp140.dll
0x00007ffce6430000 - 0x00007ffce70b3000 	D:\Java\IntelliJ IDEA 2024.1.4\jbr\bin\server\jvm.dll
0x00007ffd520b0000 - 0x00007ffd5215e000 	C:\Windows\System32\ADVAPI32.dll
0x00007ffd52c70000 - 0x00007ffd52d0c000 	C:\Windows\System32\sechost.dll
0x00007ffd52160000 - 0x00007ffd52285000 	C:\Windows\System32\RPCRT4.dll
0x00007ffd50360000 - 0x00007ffd503ab000 	C:\Windows\SYSTEM32\POWRPROF.dll
0x00007ffd47640000 - 0x00007ffd47649000 	C:\Windows\SYSTEM32\WSOCK32.dll
0x00007ffd44880000 - 0x00007ffd448a7000 	C:\Windows\SYSTEM32\WINMM.dll
0x00007ffd4ac10000 - 0x00007ffd4ac1a000 	C:\Windows\SYSTEM32\VERSION.dll
0x00007ffd52d10000 - 0x00007ffd52d7b000 	C:\Windows\System32\WS2_32.dll
0x00007ffd50220000 - 0x00007ffd50232000 	C:\Windows\SYSTEM32\UMPDC.dll
0x00007ffd4ebc0000 - 0x00007ffd4ebd2000 	C:\Windows\SYSTEM32\kernel.appcore.dll
0x00007ffd236b0000 - 0x00007ffd236ba000 	D:\Java\IntelliJ IDEA 2024.1.4\jbr\bin\jimage.dll
0x00007ffd3b1e0000 - 0x00007ffd3b3c4000 	C:\Windows\SYSTEM32\DBGHELP.DLL
0x00007ffd3a230000 - 0x00007ffd3a265000 	C:\Windows\SYSTEM32\dbgcore.DLL
0x00007ffd51000000 - 0x00007ffd51082000 	C:\Windows\System32\bcryptPrimitives.dll
0x00007ffd22d30000 - 0x00007ffd22d55000 	D:\Java\IntelliJ IDEA 2024.1.4\jbr\bin\java.dll
0x00007ffd22d10000 - 0x00007ffd22d28000 	D:\Java\IntelliJ IDEA 2024.1.4\jbr\bin\zip.dll
0x00007ffd52420000 - 0x00007ffd52b65000 	C:\Windows\System32\SHELL32.dll
0x00007ffd4eea0000 - 0x00007ffd4f632000 	C:\Windows\SYSTEM32\windows.storage.dll
0x00007ffd51730000 - 0x00007ffd51a85000 	C:\Windows\System32\combase.dll
0x00007ffd50840000 - 0x00007ffd50870000 	C:\Windows\SYSTEM32\Wldp.dll
0x00007ffd52370000 - 0x00007ffd5241d000 	C:\Windows\System32\SHCORE.dll
0x00007ffd52d80000 - 0x00007ffd52dd5000 	C:\Windows\System32\shlwapi.dll
0x00007ffd50d20000 - 0x00007ffd50d3f000 	C:\Windows\SYSTEM32\profapi.dll
0x00007ffd22cf0000 - 0x00007ffd22d09000 	D:\Java\IntelliJ IDEA 2024.1.4\jbr\bin\net.dll
0x00007ffd493f0000 - 0x00007ffd494fc000 	C:\Windows\SYSTEM32\WINHTTP.dll
0x00007ffd505a0000 - 0x00007ffd5060a000 	C:\Windows\system32\mswsock.dll
0x00007ffd22cd0000 - 0x00007ffd22ce6000 	D:\Java\IntelliJ IDEA 2024.1.4\jbr\bin\nio.dll
0x00007ffd50240000 - 0x00007ffd5027b000 	C:\Windows\SYSTEM32\IPHLPAPI.DLL
0x00007ffd51b20000 - 0x00007ffd51b28000 	C:\Windows\System32\NSI.dll
0x00007ffd498a0000 - 0x00007ffd498b7000 	C:\Windows\SYSTEM32\dhcpcsvc6.DLL
0x00007ffd4a310000 - 0x00007ffd4a32d000 	C:\Windows\SYSTEM32\dhcpcsvc.DLL
0x00007ffd50290000 - 0x00007ffd5035b000 	C:\Windows\SYSTEM32\DNSAPI.dll
0x00007ffd50790000 - 0x00007ffd507a8000 	C:\Windows\SYSTEM32\CRYPTSP.dll
0x00007ffd4fe50000 - 0x00007ffd4fe84000 	C:\Windows\system32\rsaenh.dll
0x00007ffd50ef0000 - 0x00007ffd50f17000 	C:\Windows\System32\bcrypt.dll
0x00007ffd50ce0000 - 0x00007ffd50d0e000 	C:\Windows\SYSTEM32\USERENV.dll
0x00007ffd507b0000 - 0x00007ffd507bc000 	C:\Windows\SYSTEM32\CRYPTBASE.dll
0x00007ffd22a10000 - 0x00007ffd22a19000 	D:\Java\IntelliJ IDEA 2024.1.4\jbr\bin\extnet.dll
0x00007ffd4cb30000 - 0x00007ffd4cb37000 	D:\Java\IntelliJ IDEA 2024.1.4\jbr\bin\rmi.dll

dbghelp: loaded successfully - version: 4.0.5 - missing functions: none
symbol engine: initialized successfully - sym options: 0x614 - pdb path: .;D:\Java\IntelliJ IDEA 2024.1.4\jbr\bin;C:\Windows\SYSTEM32;C:\Windows\WinSxS\amd64_microsoft.windows.common-controls_6595b64144ccf1df_6.0.19041.1110_none_60b5254171f9507e;D:\Java\IntelliJ IDEA 2024.1.4\jbr\bin\server

VM Arguments:
jvm_args: -Djava.rmi.server.hostname=127.0.0.1 -Duser.timezone=UTC -Xmx2048m -Xms128m -Djdbc.classpath=D:\Java\IntelliJ IDEA 2024.1.4\plugins\DatabaseTools\lib\jdbc-console.jar;C:\Users\ASUS\AppData\Roaming\JetBrains\IntelliJIdea2024.1\jdbc-drivers\MySQL ConnectorJ\8.2.0\com\mysql\mysql-connector-j\8.2.0\mysql-connector-j-8.2.0.jar;C:\Users\ASUS\AppData\Roaming\JetBrains\IntelliJIdea2024.1\jdbc-drivers\MySQL ConnectorJ\8.2.0\com\google\protobuf\protobuf-java\3.21.9\protobuf-java-3.21.9.jar --add-exports=java.desktop/sun.awt=ALL-UNNAMED --add-exports=java.desktop/java.awt.peer=ALL-UNNAMED --add-opens=java.desktop/java.awt=ALL-UNNAMED --add-opens=jdk.unsupported/sun.misc=ALL-UNNAMED --add-opens=java.base/java.nio=ALL-UNNAMED --add-opens=java.base/java.util=ALL-UNNAMED -Dfile.encoding=UTF-8 
java_command: com.intellij.database.remote.RemoteJdbcServer com.mysql.cj.jdbc.Driver
java_class_path (initial): D:\Java\IntelliJ IDEA 2024.1.4\lib\util_rt.jar;D:\Java\IntelliJ IDEA 2024.1.4\lib\util-8.jar;D:\Java\IntelliJ IDEA 2024.1.4\lib\groovy.jar;D:\Java\IntelliJ IDEA 2024.1.4\plugins\DatabaseTools\lib\jdbc-console.jar;D:\Java\IntelliJ IDEA 2024.1.4\plugins\grid-core-impl\lib\jdbc-console-types.jar;D:\Java\IntelliJ IDEA 2024.1.4\lib\util.jar
Launcher Type: SUN_STANDARD

[Global flags]
     intx CICompilerCount                          = 3                                         {product} {ergonomic}
     uint ConcGCThreads                            = 1                                         {product} {ergonomic}
     uint G1ConcRefinementThreads                  = 4                                         {product} {ergonomic}
   size_t G1HeapRegionSize                         = 1048576                                   {product} {ergonomic}
    uintx GCDrainStackTargetSize                   = 64                                        {product} {ergonomic}
   size_t InitialHeapSize                          = 134217728                                 {product} {command line}
   size_t MarkStackSize                            = 4194304                                   {product} {ergonomic}
   size_t MaxHeapSize                              = 2147483648                                {product} {command line}
   size_t MaxNewSize                               = 1287651328                                {product} {ergonomic}
   size_t MinHeapDeltaBytes                        = 1048576                                   {product} {ergonomic}
   size_t MinHeapSize                              = 134217728                                 {product} {command line}
    uintx NonNMethodCodeHeapSize                   = 5832780                                {pd product} {ergonomic}
    uintx NonProfiledCodeHeapSize                  = 122912730                              {pd product} {ergonomic}
    uintx ProfiledCodeHeapSize                     = 122912730                              {pd product} {ergonomic}
    uintx ReservedCodeCacheSize                    = 251658240                              {pd product} {ergonomic}
     bool SegmentedCodeCache                       = true                                      {product} {ergonomic}
   size_t SoftMaxHeapSize                          = 2147483648                             {manageable} {ergonomic}
     bool UseCompressedClassPointers               = true                           {product lp64_product} {ergonomic}
     bool UseCompressedOops                        = true                           {product lp64_product} {ergonomic}
     bool UseG1GC                                  = true                                      {product} {ergonomic}
     bool UseLargePagesIndividualAllocation        = false                                  {pd product} {ergonomic}

Logging:
Log output configuration:
 #0: stdout all=warning uptime,level,tags
 #1: stderr all=off uptime,level,tags

Environment Variables:
PATH=C:\Windows\system32;C:\Windows;C:\Windows\System32\Wbem;C:\Windows\System32\WindowsPowerShell\v1.0\;C:\Windows\System32\OpenSSH\;C:\Program Files\Git\cmd;C:\Users\ASUS\AppData\Local\Microsoft\WindowsApps;;D:\WebStorm 2024.1.5\bin;
USERNAME=ASUS
OS=Windows_NT
PROCESSOR_IDENTIFIER=Intel64 Family 6 Model 158 Stepping 9, GenuineIntel
TMP=C:\Users\ASUS\AppData\Local\Temp
TEMP=C:\Users\ASUS\AppData\Local\Temp



Periodic native trim disabled

JNI global refs:
JNI global refs: 16, weak refs: 0

JNI global refs memory usage: 843, weak refs: 841

Process memory usage:
Resident Set Size: 70716K (0% of 8269984K total physical memory with 462548K free physical memory)

OOME stack traces (most recent first):
Classloader memory used:
