#
# There is insufficient memory for the Java Runtime Environment to continue.
# Native memory allocation (malloc) failed to allocate 867776 bytes. Error detail: Chunk::new
# Possible reasons:
#   The system is out of physical RAM or swap space
#   This process is running with CompressedOops enabled, and the Java Heap may be blocking the growth of the native heap
# Possible solutions:
#   Reduce memory load on the system
#   Increase physical memory or swap space
#   Check if swap backing store is full
#   Decrease Java heap size (-Xmx/-Xms)
#   Decrease number of Java threads
#   Decrease Java thread stack sizes (-Xss)
#   Set larger code cache with -XX:ReservedCodeCacheSize=
#   JVM is running with Unscaled Compressed Oops mode in which the Java heap is
#     placed in the first 4GB address space. The Java Heap base address is the
#     maximum limit for the native heap growth. Please use -XX:HeapBaseMinAddress
#     to set the Java Heap base and to place the Java Heap above 4GB virtual address.
# This output file may be truncated or incomplete.
#
#  Out of Memory Error (arena.cpp:150), pid=13648, tid=8928
#
# JRE version: OpenJDK Runtime Environment (22.0.2+9) (build 22.0.2+9-70)
# Java VM: OpenJDK 64-Bit Server VM (22.0.2+9-70, mixed mode, sharing, tiered, compressed oops, compressed class ptrs, g1 gc, windows-amd64)
# No core dump will be written. Minidumps are not enabled by default on client versions of Windows
#

---------------  S U M M A R Y ------------

Command Line: --add-opens=java.base/java.lang=ALL-UNNAMED --add-opens=java.base/java.lang.invoke=ALL-UNNAMED --add-opens=java.base/java.util=ALL-UNNAMED --add-opens=java.prefs/java.util.prefs=ALL-UNNAMED --add-exports=jdk.compiler/com.sun.tools.javac.api=ALL-UNNAMED --add-exports=jdk.compiler/com.sun.tools.javac.util=ALL-UNNAMED --add-opens=java.base/java.util=ALL-UNNAMED --add-opens=java.prefs/java.util.prefs=ALL-UNNAMED --add-opens=java.base/java.nio.charset=ALL-UNNAMED --add-opens=java.base/java.net=ALL-UNNAMED --add-opens=java.base/java.util.concurrent.atomic=ALL-UNNAMED --add-opens=java.xml/javax.xml.namespace=ALL-UNNAMED -XX:MaxMetaspaceSize=384m -XX:+HeapDumpOnOutOfMemoryError -Xms256m -Xmx512m -Dfile.encoding=windows-1252 -Duser.country=US -Duser.language=en -Duser.variant -javaagent:C:\Users\ASUS\.gradle\wrapper\dists\gradle-8.11.1-bin\bpt9gzteqjrbo1mjrsomdt32c\gradle-8.11.1\lib\agents\gradle-instrumentation-agent-8.11.1.jar org.gradle.launcher.daemon.bootstrap.GradleDaemon 8.11.1

Host: Intel(R) Core(TM) i5-7300HQ CPU @ 2.50GHz, 4 cores, 7G,  Windows 10 , 64 bit Build 19041 (10.0.19041.2546)
Time: Mon Jan  6 22:04:14 2025 SE Asia Standard Time elapsed time: 62.781607 seconds (0d 0h 1m 2s)

---------------  T H R E A D  ---------------

Current thread (0x000001c0d3fa1c40):  JavaThread "C2 CompilerThread0" daemon [_thread_in_native, id=8928, stack(0x000000046ec00000,0x000000046ed00000) (1024K)]


Current CompileTask:
C2:62781 9480   !   4       io.spring.gradle.dependencymanagement.org.codehaus.plexus.interpolation.StringSearchInterpolator::interpolate (668 bytes)

Stack: [0x000000046ec00000,0x000000046ed00000]
Native frames: (J=compiled Java code, j=interpreted, Vv=VM code, C=native code)
V  [jvm.dll+0x6e26e9]  (no source info available)
V  [jvm.dll+0x875753]  (no source info available)
V  [jvm.dll+0x877b7e]  (no source info available)
V  [jvm.dll+0x878253]  (no source info available)
V  [jvm.dll+0x27fc86]  (no source info available)
V  [jvm.dll+0xc3d0f]  (no source info available)
V  [jvm.dll+0xc3f6b]  (no source info available)
V  [jvm.dll+0x2f3c7f]  (no source info available)
V  [jvm.dll+0x60c0fa]  (no source info available)
V  [jvm.dll+0x250c92]  (no source info available)
V  [jvm.dll+0x249445]  (no source info available)
V  [jvm.dll+0x246da6]  (no source info available)
V  [jvm.dll+0x1c4e80]  (no source info available)
V  [jvm.dll+0x2568f3]  (no source info available)
V  [jvm.dll+0x254baa]  (no source info available)
V  [jvm.dll+0x3f57a6]  (no source info available)
V  [jvm.dll+0x81dc0b]  (no source info available)
V  [jvm.dll+0x6e0d85]  (no source info available)
C  [ucrtbase.dll+0x21bb2]  (no source info available)
C  [KERNEL32.DLL+0x17614]  (no source info available)
C  [ntdll.dll+0x526a1]  (no source info available)


---------------  P R O C E S S  ---------------

Threads class SMR info:
_java_thread_list=0x000001c0f09c4770, length=85, elements={
0x000001c0b9d3ebb0, 0x000001c0d3f9b760, 0x000001c0d3f9e380, 0x000001c0d3f9ef90,
0x000001c0d3f9f9f0, 0x000001c0d3fa0450, 0x000001c0d3fa0eb0, 0x000001c0d3fa1c40,
0x000001c0ed108070, 0x000001c0ed147330, 0x000001c0ed2dd170, 0x000001c0eea77050,
0x000001c0eec17860, 0x000001c0eee99910, 0x000001c0eecb63b0, 0x000001c0eecb8a30,
0x000001c0ede56f30, 0x000001c0eed252d0, 0x000001c0eed25960, 0x000001c0eed26d10,
0x000001c0eed24c40, 0x000001c0eed25ff0, 0x000001c0eed26680, 0x000001c0eed245b0,
0x000001c0eed273a0, 0x000001c0edd14790, 0x000001c0edd14e20, 0x000001c0edd17c10,
0x000001c0edd18fc0, 0x000001c0edd18930, 0x000001c0edd19650, 0x000001c0edd15b40,
0x000001c0edd19ce0, 0x000001c0edd182a0, 0x000001c0edd14100, 0x000001c0edd1a370,
0x000001c0edd1aa00, 0x000001c0edd16ef0, 0x000001c0edd16860, 0x000001c0edd1b090,
0x000001c0edd17580, 0x000001c0ef706600, 0x000001c0ef706c90, 0x000001c0ef704530,
0x000001c0ef705f70, 0x000001c0ef707320, 0x000001c0ef704bc0, 0x000001c0ef7058e0,
0x000001c0ef7079b0, 0x000001c0f0818b70, 0x000001c0f081bff0, 0x000001c0f0817130,
0x000001c0f0815d80, 0x000001c0f08177c0, 0x000001c0f0819890, 0x000001c0f0819200,
0x000001c0f081b2d0, 0x000001c0f0819f20, 0x000001c0f0817e50, 0x000001c0f081a5b0,
0x000001c0f081b960, 0x000001c0f081ac40, 0x000001c0f0815060, 0x000001c0f08184e0,
0x000001c0f08156f0, 0x000001c0f081c680, 0x000001c0f0816aa0, 0x000001c0f0816410,
0x000001c0efa584b0, 0x000001c0efa57e20, 0x000001c0efa5b930, 0x000001c0efa5d370,
0x000001c0efa5c650, 0x000001c0efa5edb0, 0x000001c0efa58b40, 0x000001c0efa591d0,
0x000001c0efa5e720, 0x000001c0efa5f440, 0x000001c0efa59ef0, 0x000001c0efa5da00,
0x000001c0efa5a580, 0x000001c0efa5bfc0, 0x000001c0efa59860, 0x000001c0efa5cce0,
0x000001c0f22967f0
}

Java Threads: ( => current thread )
  0x000001c0b9d3ebb0 JavaThread "main"                              [_thread_blocked, id=15752, stack(0x000000046de00000,0x000000046df00000) (1024K)]
  0x000001c0d3f9b760 JavaThread "Reference Handler"          daemon [_thread_blocked, id=15948, stack(0x000000046e600000,0x000000046e700000) (1024K)]
  0x000001c0d3f9e380 JavaThread "Finalizer"                  daemon [_thread_blocked, id=11168, stack(0x000000046e700000,0x000000046e800000) (1024K)]
  0x000001c0d3f9ef90 JavaThread "Signal Dispatcher"          daemon [_thread_blocked, id=13332, stack(0x000000046e800000,0x000000046e900000) (1024K)]
  0x000001c0d3f9f9f0 JavaThread "Attach Listener"            daemon [_thread_blocked, id=14944, stack(0x000000046e900000,0x000000046ea00000) (1024K)]
  0x000001c0d3fa0450 JavaThread "Service Thread"             daemon [_thread_blocked, id=3244, stack(0x000000046ea00000,0x000000046eb00000) (1024K)]
  0x000001c0d3fa0eb0 JavaThread "Monitor Deflation Thread"   daemon [_thread_blocked, id=12832, stack(0x000000046eb00000,0x000000046ec00000) (1024K)]
=>0x000001c0d3fa1c40 JavaThread "C2 CompilerThread0"         daemon [_thread_in_native, id=8928, stack(0x000000046ec00000,0x000000046ed00000) (1024K)]
  0x000001c0ed108070 JavaThread "C1 CompilerThread0"         daemon [_thread_blocked, id=9328, stack(0x000000046ed00000,0x000000046ee00000) (1024K)]
  0x000001c0ed147330 JavaThread "Common-Cleaner"             daemon [_thread_blocked, id=4764, stack(0x000000046ee00000,0x000000046ef00000) (1024K)]
  0x000001c0ed2dd170 JavaThread "Notification Thread"        daemon [_thread_blocked, id=8764, stack(0x000000046ef00000,0x000000046f000000) (1024K)]
  0x000001c0eea77050 JavaThread "Daemon health stats"               [_thread_blocked, id=13388, stack(0x000000046f300000,0x000000046f400000) (1024K)]
  0x000001c0eec17860 JavaThread "Incoming local TCP Connector on port 50483"        [_thread_in_native, id=14348, stack(0x000000046f400000,0x000000046f500000) (1024K)]
  0x000001c0eee99910 JavaThread "Daemon periodic checks"            [_thread_blocked, id=12104, stack(0x000000046f500000,0x000000046f600000) (1024K)]
  0x000001c0eecb63b0 JavaThread "Daemon"                            [_thread_blocked, id=9372, stack(0x000000046f600000,0x000000046f700000) (1024K)]
  0x000001c0eecb8a30 JavaThread "Handler for socket connection from /127.0.0.1:50483 to /127.0.0.1:50487"        [_thread_in_native, id=15540, stack(0x000000046f700000,0x000000046f800000) (1024K)]
  0x000001c0ede56f30 JavaThread "Cancel handler"                    [_thread_blocked, id=10724, stack(0x000000046f800000,0x000000046f900000) (1024K)]
  0x000001c0eed252d0 JavaThread "Daemon worker"                     [_thread_in_Java, id=3564, stack(0x000000046f900000,0x000000046fa00000) (1024K)]
  0x000001c0eed25960 JavaThread "Asynchronous log dispatcher for DefaultDaemonConnection: socket connection from /127.0.0.1:50483 to /127.0.0.1:50487"        [_thread_blocked, id=15816, stack(0x000000046fa00000,0x000000046fb00000) (1024K)]
  0x000001c0eed26d10 JavaThread "Stdin handler"                     [_thread_blocked, id=1676, stack(0x000000046fb00000,0x000000046fc00000) (1024K)]
  0x000001c0eed24c40 JavaThread "Daemon client event forwarder"        [_thread_blocked, id=16348, stack(0x000000046fc00000,0x000000046fd00000) (1024K)]
  0x000001c0eed25ff0 JavaThread "Cache worker for journal cache (C:\Users\ASUS\.gradle\caches\journal-1)"        [_thread_blocked, id=14116, stack(0x000000046fd00000,0x000000046fe00000) (1024K)]
  0x000001c0eed26680 JavaThread "File lock request listener"        [_thread_in_native, id=1740, stack(0x000000046fe00000,0x000000046ff00000) (1024K)]
  0x000001c0eed245b0 JavaThread "Cache worker for file hash cache (C:\Users\ASUS\.gradle\caches\8.11.1\fileHashes)"        [_thread_blocked, id=11752, stack(0x000000046ff00000,0x0000000470000000) (1024K)]
  0x000001c0eed273a0 JavaThread "File lock release action executor"        [_thread_blocked, id=6340, stack(0x0000000470000000,0x0000000470100000) (1024K)]
  0x000001c0edd14790 JavaThread "Cache worker for file content cache (C:\Users\ASUS\.gradle\caches\8.11.1\fileContent)"        [_thread_blocked, id=5364, stack(0x0000000470100000,0x0000000470200000) (1024K)]
  0x000001c0edd14e20 JavaThread "Cache worker for file hash cache (D:\codegym\case_module_4\case-study\case-study\case-study\.gradle\8.11.1\fileHashes)"        [_thread_blocked, id=12940, stack(0x0000000470200000,0x0000000470300000) (1024K)]
  0x000001c0edd17c10 JavaThread "Cache worker for Build Output Cleanup Cache (D:\codegym\case_module_4\case-study\case-study\case-study\.gradle\buildOutputCleanup)"        [_thread_blocked, id=13404, stack(0x0000000470300000,0x0000000470400000) (1024K)]
  0x000001c0edd18fc0 JavaThread "File watcher server"        daemon [_thread_in_native, id=13848, stack(0x0000000470400000,0x0000000470500000) (1024K)]
  0x000001c0edd18930 JavaThread "File watcher consumer"      daemon [_thread_blocked, id=13664, stack(0x0000000470500000,0x0000000470600000) (1024K)]
  0x000001c0edd19650 JavaThread "Cache worker for checksums cache (D:\codegym\case_module_4\case-study\case-study\case-study\.gradle\8.11.1\checksums)"        [_thread_blocked, id=13396, stack(0x0000000470600000,0x0000000470700000) (1024K)]
  0x000001c0edd15b40 JavaThread "Cache worker for cache directory md-rule (C:\Users\ASUS\.gradle\caches\8.11.1\md-rule)"        [_thread_blocked, id=6840, stack(0x0000000470700000,0x0000000470800000) (1024K)]
  0x000001c0edd19ce0 JavaThread "Cache worker for cache directory md-supplier (C:\Users\ASUS\.gradle\caches\8.11.1\md-supplier)"        [_thread_blocked, id=16020, stack(0x0000000470800000,0x0000000470900000) (1024K)]
  0x000001c0edd182a0 JavaThread "jar transforms"                    [_thread_blocked, id=2412, stack(0x0000000470a00000,0x0000000470b00000) (1024K)]
  0x000001c0edd14100 JavaThread "jar transforms Thread 2"           [_thread_blocked, id=15116, stack(0x0000000470900000,0x0000000470a00000) (1024K)]
  0x000001c0edd1a370 JavaThread "jar transforms Thread 3"           [_thread_blocked, id=3992, stack(0x0000000470b00000,0x0000000470c00000) (1024K)]
  0x000001c0edd1aa00 JavaThread "jar transforms Thread 4"           [_thread_blocked, id=3076, stack(0x0000000470c00000,0x0000000470d00000) (1024K)]
  0x000001c0edd16ef0 JavaThread "Unconstrained build operations"        [_thread_blocked, id=14624, stack(0x0000000470d00000,0x0000000470e00000) (1024K)]
  0x000001c0edd16860 JavaThread "Unconstrained build operations Thread 2"        [_thread_blocked, id=2644, stack(0x0000000470e00000,0x0000000470f00000) (1024K)]
  0x000001c0edd1b090 JavaThread "Unconstrained build operations Thread 3"        [_thread_blocked, id=240, stack(0x0000000470f00000,0x0000000471000000) (1024K)]
  0x000001c0edd17580 JavaThread "Unconstrained build operations Thread 4"        [_thread_blocked, id=5336, stack(0x0000000471000000,0x0000000471100000) (1024K)]
  0x000001c0ef706600 JavaThread "Unconstrained build operations Thread 5"        [_thread_blocked, id=15936, stack(0x0000000471100000,0x0000000471200000) (1024K)]
  0x000001c0ef706c90 JavaThread "Unconstrained build operations Thread 6"        [_thread_blocked, id=11616, stack(0x0000000471200000,0x0000000471300000) (1024K)]
  0x000001c0ef704530 JavaThread "Unconstrained build operations Thread 7"        [_thread_blocked, id=16004, stack(0x0000000471400000,0x0000000471500000) (1024K)]
  0x000001c0ef705f70 JavaThread "Unconstrained build operations Thread 8"        [_thread_blocked, id=10960, stack(0x0000000471500000,0x0000000471600000) (1024K)]
  0x000001c0ef707320 JavaThread "Unconstrained build operations Thread 9"        [_thread_blocked, id=14196, stack(0x0000000471600000,0x0000000471700000) (1024K)]
  0x000001c0ef704bc0 JavaThread "Memory manager"                    [_thread_blocked, id=1012, stack(0x0000000471300000,0x0000000471400000) (1024K)]
  0x000001c0ef7058e0 JavaThread "ForkJoinPool.commonPool-worker-1" daemon [_thread_blocked, id=1440, stack(0x0000000471800000,0x0000000471900000) (1024K)]
  0x000001c0ef7079b0 JavaThread "ForkJoinPool.commonPool-worker-2" daemon [_thread_blocked, id=14908, stack(0x0000000471900000,0x0000000471a00000) (1024K)]
  0x000001c0f0818b70 JavaThread "ForkJoinPool.commonPool-worker-3" daemon [_thread_blocked, id=14036, stack(0x0000000471a00000,0x0000000471b00000) (1024K)]
  0x000001c0f081bff0 JavaThread "Exec process"               daemon [_thread_blocked, id=5812, stack(0x0000000471b00000,0x0000000471c00000) (1024K)]
  0x000001c0f0817130 JavaThread "Exec process Thread 2"      daemon [_thread_blocked, id=12292, stack(0x0000000471c00000,0x0000000471d00000) (1024K)]
  0x000001c0f0815d80 JavaThread "Exec process Thread 3"      daemon [_thread_blocked, id=7416, stack(0x0000000471d00000,0x0000000471e00000) (1024K)]
  0x000001c0f08177c0 JavaThread "Unconstrained build operations Thread 10"        [_thread_blocked, id=16148, stack(0x0000000471700000,0x0000000471800000) (1024K)]
  0x000001c0f0819890 JavaThread "Unconstrained build operations Thread 11"        [_thread_blocked, id=9716, stack(0x0000000471e00000,0x0000000471f00000) (1024K)]
  0x000001c0f0819200 JavaThread "Unconstrained build operations Thread 12"        [_thread_blocked, id=5312, stack(0x0000000471f00000,0x0000000472000000) (1024K)]
  0x000001c0f081b2d0 JavaThread "Unconstrained build operations Thread 13"        [_thread_blocked, id=14012, stack(0x0000000472000000,0x0000000472100000) (1024K)]
  0x000001c0f0819f20 JavaThread "Unconstrained build operations Thread 14"        [_thread_blocked, id=11596, stack(0x0000000472100000,0x0000000472200000) (1024K)]
  0x000001c0f0817e50 JavaThread "Unconstrained build operations Thread 15"        [_thread_blocked, id=15972, stack(0x0000000472200000,0x0000000472300000) (1024K)]
  0x000001c0f081a5b0 JavaThread "Unconstrained build operations Thread 16"        [_thread_blocked, id=12268, stack(0x0000000472300000,0x0000000472400000) (1024K)]
  0x000001c0f081b960 JavaThread "Unconstrained build operations Thread 17"        [_thread_blocked, id=6052, stack(0x0000000472400000,0x0000000472500000) (1024K)]
  0x000001c0f081ac40 JavaThread "Unconstrained build operations Thread 18"        [_thread_blocked, id=6816, stack(0x0000000472500000,0x0000000472600000) (1024K)]
  0x000001c0f0815060 JavaThread "Unconstrained build operations Thread 19"        [_thread_blocked, id=8540, stack(0x0000000472600000,0x0000000472700000) (1024K)]
  0x000001c0f08184e0 JavaThread "Unconstrained build operations Thread 20"        [_thread_blocked, id=10848, stack(0x0000000472700000,0x0000000472800000) (1024K)]
  0x000001c0f08156f0 JavaThread "Unconstrained build operations Thread 21"        [_thread_blocked, id=14364, stack(0x0000000472800000,0x0000000472900000) (1024K)]
  0x000001c0f081c680 JavaThread "Unconstrained build operations Thread 22"        [_thread_blocked, id=15912, stack(0x0000000472900000,0x0000000472a00000) (1024K)]
  0x000001c0f0816aa0 JavaThread "Unconstrained build operations Thread 23"        [_thread_blocked, id=6916, stack(0x0000000472a00000,0x0000000472b00000) (1024K)]
  0x000001c0f0816410 JavaThread "Unconstrained build operations Thread 24"        [_thread_blocked, id=10784, stack(0x0000000472b00000,0x0000000472c00000) (1024K)]
  0x000001c0efa584b0 JavaThread "Unconstrained build operations Thread 25"        [_thread_blocked, id=15484, stack(0x0000000472c00000,0x0000000472d00000) (1024K)]
  0x000001c0efa57e20 JavaThread "Unconstrained build operations Thread 26"        [_thread_blocked, id=15284, stack(0x0000000472d00000,0x0000000472e00000) (1024K)]
  0x000001c0efa5b930 JavaThread "Unconstrained build operations Thread 27"        [_thread_blocked, id=14072, stack(0x0000000472e00000,0x0000000472f00000) (1024K)]
  0x000001c0efa5d370 JavaThread "Unconstrained build operations Thread 28"        [_thread_blocked, id=11636, stack(0x0000000472f00000,0x0000000473000000) (1024K)]
  0x000001c0efa5c650 JavaThread "Unconstrained build operations Thread 29"        [_thread_blocked, id=13064, stack(0x0000000473000000,0x0000000473100000) (1024K)]
  0x000001c0efa5edb0 JavaThread "Unconstrained build operations Thread 30"        [_thread_blocked, id=10088, stack(0x0000000473100000,0x0000000473200000) (1024K)]
  0x000001c0efa58b40 JavaThread "Unconstrained build operations Thread 31"        [_thread_blocked, id=9980, stack(0x0000000473200000,0x0000000473300000) (1024K)]
  0x000001c0efa591d0 JavaThread "Unconstrained build operations Thread 32"        [_thread_blocked, id=11908, stack(0x0000000473300000,0x0000000473400000) (1024K)]
  0x000001c0efa5e720 JavaThread "Unconstrained build operations Thread 33"        [_thread_blocked, id=6804, stack(0x0000000473400000,0x0000000473500000) (1024K)]
  0x000001c0efa5f440 JavaThread "Unconstrained build operations Thread 34"        [_thread_blocked, id=7044, stack(0x0000000473500000,0x0000000473600000) (1024K)]
  0x000001c0efa59ef0 JavaThread "Unconstrained build operations Thread 35"        [_thread_blocked, id=15584, stack(0x0000000473600000,0x0000000473700000) (1024K)]
  0x000001c0efa5da00 JavaThread "Unconstrained build operations Thread 36"        [_thread_blocked, id=14560, stack(0x0000000473700000,0x0000000473800000) (1024K)]
  0x000001c0efa5a580 JavaThread "Unconstrained build operations Thread 37"        [_thread_blocked, id=10320, stack(0x0000000473800000,0x0000000473900000) (1024K)]
  0x000001c0efa5bfc0 JavaThread "Unconstrained build operations Thread 38"        [_thread_blocked, id=12224, stack(0x0000000473900000,0x0000000473a00000) (1024K)]
  0x000001c0efa59860 JavaThread "Unconstrained build operations Thread 39"        [_thread_blocked, id=13316, stack(0x0000000473a00000,0x0000000473b00000) (1024K)]
  0x000001c0efa5cce0 JavaThread "Unconstrained build operations Thread 40"        [_thread_blocked, id=12876, stack(0x0000000473c00000,0x0000000473d00000) (1024K)]
  0x000001c0f22967f0 JavaThread "C2 CompilerThread1"         daemon [_thread_in_vm, id=14356, stack(0x000000046dc00000,0x000000046dd00000) (1024K)]
Total: 85

Other Threads:
  0x000001c0d3f806b0 VMThread "VM Thread"                           [id=1848, stack(0x000000046e500000,0x000000046e600000) (1024K)]
  0x000001c0d3f6a960 WatcherThread "VM Periodic Task Thread"        [id=12196, stack(0x000000046e400000,0x000000046e500000) (1024K)]
  0x000001c0b9d68760 WorkerThread "GC Thread#0"                     [id=9688, stack(0x000000046df00000,0x000000046e000000) (1024K)]
  0x000001c0ed4c6830 WorkerThread "GC Thread#1"                     [id=1736, stack(0x000000046f000000,0x000000046f100000) (1024K)]
  0x000001c0ed4c6be0 WorkerThread "GC Thread#2"                     [id=4848, stack(0x000000046f100000,0x000000046f200000) (1024K)]
  0x000001c0ed4c6f90 WorkerThread "GC Thread#3"                     [id=14656, stack(0x000000046f200000,0x000000046f300000) (1024K)]
  0x000001c0b9d6d500 ConcurrentGCThread "G1 Main Marker"            [id=3408, stack(0x000000046e000000,0x000000046e100000) (1024K)]
  0x000001c0b9d6ddc0 WorkerThread "G1 Conc#0"                       [id=4568, stack(0x000000046e100000,0x000000046e200000) (1024K)]
  0x000001c0b9e0e9b0 ConcurrentGCThread "G1 Refine#0"               [id=11540, stack(0x000000046e200000,0x000000046e300000) (1024K)]
  0x000001c0d3e3e730 ConcurrentGCThread "G1 Service"                [id=2744, stack(0x000000046e300000,0x000000046e400000) (1024K)]
Total: 10

Threads with active compile tasks:
C2 CompilerThread0  62916 9480   !   4       io.spring.gradle.dependencymanagement.org.codehaus.plexus.interpolation.StringSearchInterpolator::interpolate (668 bytes)
C2 CompilerThread1  62916 9499       4       java.util.regex.Pattern::split (325 bytes)
Total: 2

VM state: not at safepoint (normal execution)

VM Mutex/Monitor currently owned by a thread: None

Heap address: 0x00000000e0000000, size: 512 MB, Compressed Oops mode: 32-bit

CDS archive(s) mapped at: [0x000001c0d4000000-0x000001c0d4c60000-0x000001c0d4c60000), size 12976128, SharedBaseAddress: 0x000001c0d4000000, ArchiveRelocationMode: 1.
Compressed class space mapped at: 0x000001c0d5000000-0x000001c0e9000000, reserved size: 335544320
Narrow klass base: 0x000001c0d4000000, Narrow klass shift: 0, Narrow klass range: 0x15000000

GC Precious Log:
 CardTable entry size: 512
 Card Set container configuration: InlinePtr #cards 5 size 8 Array Of Cards #cards 12 size 40 Howl #buckets 4 coarsen threshold 1843 Howl Bitmap #cards 512 size 80 coarsen threshold 460 Card regions per heap region 1 cards per card region 2048
 CPUs: 4 total, 4 available
 Memory: 8076M
 Large Page Support: Disabled
 NUMA Support: Disabled
 Compressed Oops: Enabled (32-bit)
 Heap Region Size: 1M
 Heap Min Capacity: 256M
 Heap Initial Capacity: 256M
 Heap Max Capacity: 512M
 Pre-touch: Disabled
 Parallel Workers: 4
 Concurrent Workers: 1
 Concurrent Refinement Workers: 4
 Periodic GC: Disabled

Heap:
 garbage-first heap   total reserved 524288K, committed 262144K, used 92672K [0x00000000e0000000, 0x0000000100000000)
  region size 1024K, 44 young (45056K), 3 survivors (3072K)
 Metaspace       used 58432K, committed 60416K, reserved 393216K
  class space    used 8454K, committed 9408K, reserved 327680K

Heap Regions: E=young(eden), S=young(survivor), O=old, HS=humongous(starts), HC=humongous(continues), CS=collection set, F=free, TAMS=top-at-mark-start, PB=parsable bottom
|   0|0x00000000e0000000, 0x00000000e0100000, 0x00000000e0100000|100%|HS|  |TAMS 0x00000000e0000000| PB 0x00000000e0000000| Complete |  0
|   1|0x00000000e0100000, 0x00000000e0200000, 0x00000000e0200000|100%|HC|  |TAMS 0x00000000e0100000| PB 0x00000000e0100000| Complete |  0
|   2|0x00000000e0200000, 0x00000000e0300000, 0x00000000e0300000|100%|HC|  |TAMS 0x00000000e0200000| PB 0x00000000e0200000| Complete |  0
|   3|0x00000000e0300000, 0x00000000e0400000, 0x00000000e0400000|100%| O|  |TAMS 0x00000000e0300000| PB 0x00000000e0300000| Untracked |  0
|   4|0x00000000e0400000, 0x00000000e0500000, 0x00000000e0500000|100%| O|  |TAMS 0x00000000e0400000| PB 0x00000000e0400000| Untracked |  0
|   5|0x00000000e0500000, 0x00000000e0600000, 0x00000000e0600000|100%| O|  |TAMS 0x00000000e0500000| PB 0x00000000e0500000| Untracked |  0
|   6|0x00000000e0600000, 0x00000000e0700000, 0x00000000e0700000|100%| O|  |TAMS 0x00000000e0600000| PB 0x00000000e0600000| Untracked |  0
|   7|0x00000000e0700000, 0x00000000e0800000, 0x00000000e0800000|100%|HS|  |TAMS 0x00000000e0700000| PB 0x00000000e0700000| Complete |  0
|   8|0x00000000e0800000, 0x00000000e0900000, 0x00000000e0900000|100%| O|  |TAMS 0x00000000e0800000| PB 0x00000000e0800000| Untracked |  0
|   9|0x00000000e0900000, 0x00000000e0a00000, 0x00000000e0a00000|100%| O|  |TAMS 0x00000000e0900000| PB 0x00000000e0900000| Untracked |  0
|  10|0x00000000e0a00000, 0x00000000e0b00000, 0x00000000e0b00000|100%| O|  |TAMS 0x00000000e0a00000| PB 0x00000000e0a00000| Untracked |  0
|  11|0x00000000e0b00000, 0x00000000e0c00000, 0x00000000e0c00000|100%| O|  |TAMS 0x00000000e0b00000| PB 0x00000000e0b00000| Untracked |  0
|  12|0x00000000e0c00000, 0x00000000e0d00000, 0x00000000e0d00000|100%| O|  |TAMS 0x00000000e0c00000| PB 0x00000000e0c00000| Untracked |  0
|  13|0x00000000e0d00000, 0x00000000e0e00000, 0x00000000e0e00000|100%| O|  |TAMS 0x00000000e0d00000| PB 0x00000000e0d00000| Untracked |  0
|  14|0x00000000e0e00000, 0x00000000e0f00000, 0x00000000e0f00000|100%| O|  |TAMS 0x00000000e0e00000| PB 0x00000000e0e00000| Untracked |  0
|  15|0x00000000e0f00000, 0x00000000e1000000, 0x00000000e1000000|100%| O|  |TAMS 0x00000000e0f00000| PB 0x00000000e0f00000| Untracked |  0
|  16|0x00000000e1000000, 0x00000000e1100000, 0x00000000e1100000|100%| O|  |TAMS 0x00000000e1000000| PB 0x00000000e1000000| Untracked |  0
|  17|0x00000000e1100000, 0x00000000e1200000, 0x00000000e1200000|100%| O|  |TAMS 0x00000000e1100000| PB 0x00000000e1100000| Untracked |  0
|  18|0x00000000e1200000, 0x00000000e1300000, 0x00000000e1300000|100%| O|  |TAMS 0x00000000e1200000| PB 0x00000000e1200000| Untracked |  0
|  19|0x00000000e1300000, 0x00000000e1400000, 0x00000000e1400000|100%| O|  |TAMS 0x00000000e1300000| PB 0x00000000e1300000| Untracked |  0
|  20|0x00000000e1400000, 0x00000000e1500000, 0x00000000e1500000|100%| O|  |TAMS 0x00000000e1400000| PB 0x00000000e1400000| Untracked |  0
|  21|0x00000000e1500000, 0x00000000e1600000, 0x00000000e1600000|100%| O|  |TAMS 0x00000000e1500000| PB 0x00000000e1500000| Untracked |  0
|  22|0x00000000e1600000, 0x00000000e1700000, 0x00000000e1700000|100%| O|Cm|TAMS 0x00000000e1600000| PB 0x00000000e1600000| Complete |  0
|  23|0x00000000e1700000, 0x00000000e1800000, 0x00000000e1800000|100%| O|  |TAMS 0x00000000e1700000| PB 0x00000000e1700000| Untracked |  0
|  24|0x00000000e1800000, 0x00000000e1900000, 0x00000000e1900000|100%| O|  |TAMS 0x00000000e1800000| PB 0x00000000e1800000| Untracked |  0
|  25|0x00000000e1900000, 0x00000000e1a00000, 0x00000000e1a00000|100%| O|  |TAMS 0x00000000e1900000| PB 0x00000000e1900000| Untracked |  0
|  26|0x00000000e1a00000, 0x00000000e1b00000, 0x00000000e1b00000|100%| O|  |TAMS 0x00000000e1a00000| PB 0x00000000e1a00000| Untracked |  0
|  27|0x00000000e1b00000, 0x00000000e1c00000, 0x00000000e1c00000|100%| O|  |TAMS 0x00000000e1b00000| PB 0x00000000e1b00000| Untracked |  0
|  28|0x00000000e1c00000, 0x00000000e1d00000, 0x00000000e1d00000|100%| O|  |TAMS 0x00000000e1c00000| PB 0x00000000e1c00000| Untracked |  0
|  29|0x00000000e1d00000, 0x00000000e1e00000, 0x00000000e1e00000|100%| O|  |TAMS 0x00000000e1d00000| PB 0x00000000e1d00000| Untracked |  0
|  30|0x00000000e1e00000, 0x00000000e1f00000, 0x00000000e1f00000|100%| O|  |TAMS 0x00000000e1e00000| PB 0x00000000e1e00000| Untracked |  0
|  31|0x00000000e1f00000, 0x00000000e2000000, 0x00000000e2000000|100%| O|  |TAMS 0x00000000e1f00000| PB 0x00000000e1f00000| Untracked |  0
|  32|0x00000000e2000000, 0x00000000e2100000, 0x00000000e2100000|100%| O|  |TAMS 0x00000000e2000000| PB 0x00000000e2000000| Untracked |  0
|  33|0x00000000e2100000, 0x00000000e2200000, 0x00000000e2200000|100%| O|  |TAMS 0x00000000e2100000| PB 0x00000000e2100000| Untracked |  0
|  34|0x00000000e2200000, 0x00000000e2300000, 0x00000000e2300000|100%| O|  |TAMS 0x00000000e2200000| PB 0x00000000e2200000| Untracked |  0
|  35|0x00000000e2300000, 0x00000000e2400000, 0x00000000e2400000|100%| O|  |TAMS 0x00000000e2300000| PB 0x00000000e2300000| Untracked |  0
|  36|0x00000000e2400000, 0x00000000e2500000, 0x00000000e2500000|100%| O|  |TAMS 0x00000000e2400000| PB 0x00000000e2400000| Untracked |  0
|  37|0x00000000e2500000, 0x00000000e2600000, 0x00000000e2600000|100%| O|  |TAMS 0x00000000e2500000| PB 0x00000000e2500000| Untracked |  0
|  38|0x00000000e2600000, 0x00000000e2700000, 0x00000000e2700000|100%| O|  |TAMS 0x00000000e2600000| PB 0x00000000e2600000| Untracked |  0
|  39|0x00000000e2700000, 0x00000000e2800000, 0x00000000e2800000|100%| O|  |TAMS 0x00000000e2700000| PB 0x00000000e2700000| Untracked |  0
|  40|0x00000000e2800000, 0x00000000e2900000, 0x00000000e2900000|100%| O|  |TAMS 0x00000000e2800000| PB 0x00000000e2800000| Untracked |  0
|  41|0x00000000e2900000, 0x00000000e2a00000, 0x00000000e2a00000|100%| O|  |TAMS 0x00000000e2900000| PB 0x00000000e2900000| Untracked |  0
|  42|0x00000000e2a00000, 0x00000000e2b00000, 0x00000000e2b00000|100%| O|  |TAMS 0x00000000e2a00000| PB 0x00000000e2a00000| Untracked |  0
|  43|0x00000000e2b00000, 0x00000000e2c00000, 0x00000000e2c00000|100%| O|  |TAMS 0x00000000e2b00000| PB 0x00000000e2b00000| Untracked |  0
|  44|0x00000000e2c00000, 0x00000000e2d00000, 0x00000000e2d00000|100%| O|  |TAMS 0x00000000e2c00000| PB 0x00000000e2c00000| Untracked |  0
|  45|0x00000000e2d00000, 0x00000000e2e00000, 0x00000000e2e00000|100%| O|  |TAMS 0x00000000e2d00000| PB 0x00000000e2d00000| Untracked |  0
|  46|0x00000000e2e00000, 0x00000000e2f00000, 0x00000000e2f00000|100%| O|  |TAMS 0x00000000e2e00000| PB 0x00000000e2e00000| Untracked |  0
|  47|0x00000000e2f00000, 0x00000000e3000000, 0x00000000e3000000|100%| O|  |TAMS 0x00000000e2f00000| PB 0x00000000e2f00000| Untracked |  0
|  48|0x00000000e3000000, 0x00000000e3000000, 0x00000000e3100000|  0%| F|  |TAMS 0x00000000e3000000| PB 0x00000000e3000000| Untracked |  0
|  49|0x00000000e3100000, 0x00000000e3100000, 0x00000000e3200000|  0%| F|  |TAMS 0x00000000e3100000| PB 0x00000000e3100000| Untracked |  0
|  50|0x00000000e3200000, 0x00000000e3200000, 0x00000000e3300000|  0%| F|  |TAMS 0x00000000e3200000| PB 0x00000000e3200000| Untracked |  0
|  51|0x00000000e3300000, 0x00000000e3300000, 0x00000000e3400000|  0%| F|  |TAMS 0x00000000e3300000| PB 0x00000000e3300000| Untracked |  0
|  52|0x00000000e3400000, 0x00000000e3400000, 0x00000000e3500000|  0%| F|  |TAMS 0x00000000e3400000| PB 0x00000000e3400000| Untracked |  0
|  53|0x00000000e3500000, 0x00000000e3500000, 0x00000000e3600000|  0%| F|  |TAMS 0x00000000e3500000| PB 0x00000000e3500000| Untracked |  0
|  54|0x00000000e3600000, 0x00000000e3600000, 0x00000000e3700000|  0%| F|  |TAMS 0x00000000e3600000| PB 0x00000000e3600000| Untracked |  0
|  55|0x00000000e3700000, 0x00000000e3700000, 0x00000000e3800000|  0%| F|  |TAMS 0x00000000e3700000| PB 0x00000000e3700000| Untracked |  0
|  56|0x00000000e3800000, 0x00000000e3800000, 0x00000000e3900000|  0%| F|  |TAMS 0x00000000e3800000| PB 0x00000000e3800000| Untracked |  0
|  57|0x00000000e3900000, 0x00000000e3900000, 0x00000000e3a00000|  0%| F|  |TAMS 0x00000000e3900000| PB 0x00000000e3900000| Untracked |  0
|  58|0x00000000e3a00000, 0x00000000e3a00000, 0x00000000e3b00000|  0%| F|  |TAMS 0x00000000e3a00000| PB 0x00000000e3a00000| Untracked |  0
|  59|0x00000000e3b00000, 0x00000000e3b00000, 0x00000000e3c00000|  0%| F|  |TAMS 0x00000000e3b00000| PB 0x00000000e3b00000| Untracked |  0
|  60|0x00000000e3c00000, 0x00000000e3c00000, 0x00000000e3d00000|  0%| F|  |TAMS 0x00000000e3c00000| PB 0x00000000e3c00000| Untracked |  0
|  61|0x00000000e3d00000, 0x00000000e3d00000, 0x00000000e3e00000|  0%| F|  |TAMS 0x00000000e3d00000| PB 0x00000000e3d00000| Untracked |  0
|  62|0x00000000e3e00000, 0x00000000e3e00000, 0x00000000e3f00000|  0%| F|  |TAMS 0x00000000e3e00000| PB 0x00000000e3e00000| Untracked |  0
|  63|0x00000000e3f00000, 0x00000000e3f00000, 0x00000000e4000000|  0%| F|  |TAMS 0x00000000e3f00000| PB 0x00000000e3f00000| Untracked |  0
|  64|0x00000000e4000000, 0x00000000e4000000, 0x00000000e4100000|  0%| F|  |TAMS 0x00000000e4000000| PB 0x00000000e4000000| Untracked |  0
|  65|0x00000000e4100000, 0x00000000e4100000, 0x00000000e4200000|  0%| F|  |TAMS 0x00000000e4100000| PB 0x00000000e4100000| Untracked |  0
|  66|0x00000000e4200000, 0x00000000e4200000, 0x00000000e4300000|  0%| F|  |TAMS 0x00000000e4200000| PB 0x00000000e4200000| Untracked |  0
|  67|0x00000000e4300000, 0x00000000e4300000, 0x00000000e4400000|  0%| F|  |TAMS 0x00000000e4300000| PB 0x00000000e4300000| Untracked |  0
|  68|0x00000000e4400000, 0x00000000e4400000, 0x00000000e4500000|  0%| F|  |TAMS 0x00000000e4400000| PB 0x00000000e4400000| Untracked |  0
|  69|0x00000000e4500000, 0x00000000e4500000, 0x00000000e4600000|  0%| F|  |TAMS 0x00000000e4500000| PB 0x00000000e4500000| Untracked |  0
|  70|0x00000000e4600000, 0x00000000e4600000, 0x00000000e4700000|  0%| F|  |TAMS 0x00000000e4600000| PB 0x00000000e4600000| Untracked |  0
|  71|0x00000000e4700000, 0x00000000e4700000, 0x00000000e4800000|  0%| F|  |TAMS 0x00000000e4700000| PB 0x00000000e4700000| Untracked |  0
|  72|0x00000000e4800000, 0x00000000e4800000, 0x00000000e4900000|  0%| F|  |TAMS 0x00000000e4800000| PB 0x00000000e4800000| Untracked |  0
|  73|0x00000000e4900000, 0x00000000e4900000, 0x00000000e4a00000|  0%| F|  |TAMS 0x00000000e4900000| PB 0x00000000e4900000| Untracked |  0
|  74|0x00000000e4a00000, 0x00000000e4a00000, 0x00000000e4b00000|  0%| F|  |TAMS 0x00000000e4a00000| PB 0x00000000e4a00000| Untracked |  0
|  75|0x00000000e4b00000, 0x00000000e4b00000, 0x00000000e4c00000|  0%| F|  |TAMS 0x00000000e4b00000| PB 0x00000000e4b00000| Untracked |  0
|  76|0x00000000e4c00000, 0x00000000e4c00000, 0x00000000e4d00000|  0%| F|  |TAMS 0x00000000e4c00000| PB 0x00000000e4c00000| Untracked |  0
|  77|0x00000000e4d00000, 0x00000000e4d00000, 0x00000000e4e00000|  0%| F|  |TAMS 0x00000000e4d00000| PB 0x00000000e4d00000| Untracked |  0
|  78|0x00000000e4e00000, 0x00000000e4e00000, 0x00000000e4f00000|  0%| F|  |TAMS 0x00000000e4e00000| PB 0x00000000e4e00000| Untracked |  0
|  79|0x00000000e4f00000, 0x00000000e4f00000, 0x00000000e5000000|  0%| F|  |TAMS 0x00000000e4f00000| PB 0x00000000e4f00000| Untracked |  0
|  80|0x00000000e5000000, 0x00000000e5000000, 0x00000000e5100000|  0%| F|  |TAMS 0x00000000e5000000| PB 0x00000000e5000000| Untracked |  0
|  81|0x00000000e5100000, 0x00000000e5100000, 0x00000000e5200000|  0%| F|  |TAMS 0x00000000e5100000| PB 0x00000000e5100000| Untracked |  0
|  82|0x00000000e5200000, 0x00000000e5200000, 0x00000000e5300000|  0%| F|  |TAMS 0x00000000e5200000| PB 0x00000000e5200000| Untracked |  0
|  83|0x00000000e5300000, 0x00000000e5300000, 0x00000000e5400000|  0%| F|  |TAMS 0x00000000e5300000| PB 0x00000000e5300000| Untracked |  0
|  84|0x00000000e5400000, 0x00000000e5400000, 0x00000000e5500000|  0%| F|  |TAMS 0x00000000e5400000| PB 0x00000000e5400000| Untracked |  0
|  85|0x00000000e5500000, 0x00000000e5500000, 0x00000000e5600000|  0%| F|  |TAMS 0x00000000e5500000| PB 0x00000000e5500000| Untracked |  0
|  86|0x00000000e5600000, 0x00000000e5600000, 0x00000000e5700000|  0%| F|  |TAMS 0x00000000e5600000| PB 0x00000000e5600000| Untracked |  0
|  87|0x00000000e5700000, 0x00000000e5700000, 0x00000000e5800000|  0%| F|  |TAMS 0x00000000e5700000| PB 0x00000000e5700000| Untracked |  0
|  88|0x00000000e5800000, 0x00000000e5800000, 0x00000000e5900000|  0%| F|  |TAMS 0x00000000e5800000| PB 0x00000000e5800000| Untracked |  0
|  89|0x00000000e5900000, 0x00000000e5900000, 0x00000000e5a00000|  0%| F|  |TAMS 0x00000000e5900000| PB 0x00000000e5900000| Untracked |  0
|  90|0x00000000e5a00000, 0x00000000e5a00000, 0x00000000e5b00000|  0%| F|  |TAMS 0x00000000e5a00000| PB 0x00000000e5a00000| Untracked |  0
|  91|0x00000000e5b00000, 0x00000000e5b00000, 0x00000000e5c00000|  0%| F|  |TAMS 0x00000000e5b00000| PB 0x00000000e5b00000| Untracked |  0
|  92|0x00000000e5c00000, 0x00000000e5c00000, 0x00000000e5d00000|  0%| F|  |TAMS 0x00000000e5c00000| PB 0x00000000e5c00000| Untracked |  0
|  93|0x00000000e5d00000, 0x00000000e5d00000, 0x00000000e5e00000|  0%| F|  |TAMS 0x00000000e5d00000| PB 0x00000000e5d00000| Untracked |  0
|  94|0x00000000e5e00000, 0x00000000e5e00000, 0x00000000e5f00000|  0%| F|  |TAMS 0x00000000e5e00000| PB 0x00000000e5e00000| Untracked |  0
|  95|0x00000000e5f00000, 0x00000000e5f00000, 0x00000000e6000000|  0%| F|  |TAMS 0x00000000e5f00000| PB 0x00000000e5f00000| Untracked |  0
|  96|0x00000000e6000000, 0x00000000e6000000, 0x00000000e6100000|  0%| F|  |TAMS 0x00000000e6000000| PB 0x00000000e6000000| Untracked |  0
|  97|0x00000000e6100000, 0x00000000e6100000, 0x00000000e6200000|  0%| F|  |TAMS 0x00000000e6100000| PB 0x00000000e6100000| Untracked |  0
|  98|0x00000000e6200000, 0x00000000e6200000, 0x00000000e6300000|  0%| F|  |TAMS 0x00000000e6200000| PB 0x00000000e6200000| Untracked |  0
|  99|0x00000000e6300000, 0x00000000e6300000, 0x00000000e6400000|  0%| F|  |TAMS 0x00000000e6300000| PB 0x00000000e6300000| Untracked |  0
| 100|0x00000000e6400000, 0x00000000e6400000, 0x00000000e6500000|  0%| F|  |TAMS 0x00000000e6400000| PB 0x00000000e6400000| Untracked |  0
| 101|0x00000000e6500000, 0x00000000e6500000, 0x00000000e6600000|  0%| F|  |TAMS 0x00000000e6500000| PB 0x00000000e6500000| Untracked |  0
| 102|0x00000000e6600000, 0x00000000e6600000, 0x00000000e6700000|  0%| F|  |TAMS 0x00000000e6600000| PB 0x00000000e6600000| Untracked |  0
| 103|0x00000000e6700000, 0x00000000e6700000, 0x00000000e6800000|  0%| F|  |TAMS 0x00000000e6700000| PB 0x00000000e6700000| Untracked |  0
| 104|0x00000000e6800000, 0x00000000e6800000, 0x00000000e6900000|  0%| F|  |TAMS 0x00000000e6800000| PB 0x00000000e6800000| Untracked |  0
| 105|0x00000000e6900000, 0x00000000e6900000, 0x00000000e6a00000|  0%| F|  |TAMS 0x00000000e6900000| PB 0x00000000e6900000| Untracked |  0
| 106|0x00000000e6a00000, 0x00000000e6a00000, 0x00000000e6b00000|  0%| F|  |TAMS 0x00000000e6a00000| PB 0x00000000e6a00000| Untracked |  0
| 107|0x00000000e6b00000, 0x00000000e6b00000, 0x00000000e6c00000|  0%| F|  |TAMS 0x00000000e6b00000| PB 0x00000000e6b00000| Untracked |  0
| 108|0x00000000e6c00000, 0x00000000e6c00000, 0x00000000e6d00000|  0%| F|  |TAMS 0x00000000e6c00000| PB 0x00000000e6c00000| Untracked |  0
| 109|0x00000000e6d00000, 0x00000000e6d00000, 0x00000000e6e00000|  0%| F|  |TAMS 0x00000000e6d00000| PB 0x00000000e6d00000| Untracked |  0
| 110|0x00000000e6e00000, 0x00000000e6e00000, 0x00000000e6f00000|  0%| F|  |TAMS 0x00000000e6e00000| PB 0x00000000e6e00000| Untracked |  0
| 111|0x00000000e6f00000, 0x00000000e6f00000, 0x00000000e7000000|  0%| F|  |TAMS 0x00000000e6f00000| PB 0x00000000e6f00000| Untracked |  0
| 112|0x00000000e7000000, 0x00000000e7000000, 0x00000000e7100000|  0%| F|  |TAMS 0x00000000e7000000| PB 0x00000000e7000000| Untracked |  0
| 113|0x00000000e7100000, 0x00000000e7100000, 0x00000000e7200000|  0%| F|  |TAMS 0x00000000e7100000| PB 0x00000000e7100000| Untracked |  0
| 114|0x00000000e7200000, 0x00000000e7200000, 0x00000000e7300000|  0%| F|  |TAMS 0x00000000e7200000| PB 0x00000000e7200000| Untracked |  0
| 115|0x00000000e7300000, 0x00000000e7300000, 0x00000000e7400000|  0%| F|  |TAMS 0x00000000e7300000| PB 0x00000000e7300000| Untracked |  0
| 116|0x00000000e7400000, 0x00000000e7400000, 0x00000000e7500000|  0%| F|  |TAMS 0x00000000e7400000| PB 0x00000000e7400000| Untracked |  0
| 117|0x00000000e7500000, 0x00000000e7500000, 0x00000000e7600000|  0%| F|  |TAMS 0x00000000e7500000| PB 0x00000000e7500000| Untracked |  0
| 118|0x00000000e7600000, 0x00000000e7600000, 0x00000000e7700000|  0%| F|  |TAMS 0x00000000e7600000| PB 0x00000000e7600000| Untracked |  0
| 119|0x00000000e7700000, 0x00000000e7700000, 0x00000000e7800000|  0%| F|  |TAMS 0x00000000e7700000| PB 0x00000000e7700000| Untracked |  0
| 120|0x00000000e7800000, 0x00000000e7800000, 0x00000000e7900000|  0%| F|  |TAMS 0x00000000e7800000| PB 0x00000000e7800000| Untracked |  0
| 121|0x00000000e7900000, 0x00000000e7900000, 0x00000000e7a00000|  0%| F|  |TAMS 0x00000000e7900000| PB 0x00000000e7900000| Untracked |  0
| 122|0x00000000e7a00000, 0x00000000e7a00000, 0x00000000e7b00000|  0%| F|  |TAMS 0x00000000e7a00000| PB 0x00000000e7a00000| Untracked |  0
| 123|0x00000000e7b00000, 0x00000000e7b00000, 0x00000000e7c00000|  0%| F|  |TAMS 0x00000000e7b00000| PB 0x00000000e7b00000| Untracked |  0
| 124|0x00000000e7c00000, 0x00000000e7c00000, 0x00000000e7d00000|  0%| F|  |TAMS 0x00000000e7c00000| PB 0x00000000e7c00000| Untracked |  0
| 125|0x00000000e7d00000, 0x00000000e7d00000, 0x00000000e7e00000|  0%| F|  |TAMS 0x00000000e7d00000| PB 0x00000000e7d00000| Untracked |  0
| 126|0x00000000e7e00000, 0x00000000e7e00000, 0x00000000e7f00000|  0%| F|  |TAMS 0x00000000e7e00000| PB 0x00000000e7e00000| Untracked |  0
| 127|0x00000000e7f00000, 0x00000000e7f00000, 0x00000000e8000000|  0%| F|  |TAMS 0x00000000e7f00000| PB 0x00000000e7f00000| Untracked |  0
| 128|0x00000000e8000000, 0x00000000e8000000, 0x00000000e8100000|  0%| F|  |TAMS 0x00000000e8000000| PB 0x00000000e8000000| Untracked |  0
| 129|0x00000000e8100000, 0x00000000e8100000, 0x00000000e8200000|  0%| F|  |TAMS 0x00000000e8100000| PB 0x00000000e8100000| Untracked |  0
| 130|0x00000000e8200000, 0x00000000e8200000, 0x00000000e8300000|  0%| F|  |TAMS 0x00000000e8200000| PB 0x00000000e8200000| Untracked |  0
| 131|0x00000000e8300000, 0x00000000e8300000, 0x00000000e8400000|  0%| F|  |TAMS 0x00000000e8300000| PB 0x00000000e8300000| Untracked |  0
| 132|0x00000000e8400000, 0x00000000e8400000, 0x00000000e8500000|  0%| F|  |TAMS 0x00000000e8400000| PB 0x00000000e8400000| Untracked |  0
| 133|0x00000000e8500000, 0x00000000e8500000, 0x00000000e8600000|  0%| F|  |TAMS 0x00000000e8500000| PB 0x00000000e8500000| Untracked |  0
| 134|0x00000000e8600000, 0x00000000e8600000, 0x00000000e8700000|  0%| F|  |TAMS 0x00000000e8600000| PB 0x00000000e8600000| Untracked |  0
| 135|0x00000000e8700000, 0x00000000e8700000, 0x00000000e8800000|  0%| F|  |TAMS 0x00000000e8700000| PB 0x00000000e8700000| Untracked |  0
| 136|0x00000000e8800000, 0x00000000e8800000, 0x00000000e8900000|  0%| F|  |TAMS 0x00000000e8800000| PB 0x00000000e8800000| Untracked |  0
| 137|0x00000000e8900000, 0x00000000e8900000, 0x00000000e8a00000|  0%| F|  |TAMS 0x00000000e8900000| PB 0x00000000e8900000| Untracked |  0
| 138|0x00000000e8a00000, 0x00000000e8a00000, 0x00000000e8b00000|  0%| F|  |TAMS 0x00000000e8a00000| PB 0x00000000e8a00000| Untracked |  0
| 139|0x00000000e8b00000, 0x00000000e8b00000, 0x00000000e8c00000|  0%| F|  |TAMS 0x00000000e8b00000| PB 0x00000000e8b00000| Untracked |  0
| 140|0x00000000e8c00000, 0x00000000e8c00000, 0x00000000e8d00000|  0%| F|  |TAMS 0x00000000e8c00000| PB 0x00000000e8c00000| Untracked |  0
| 141|0x00000000e8d00000, 0x00000000e8d00000, 0x00000000e8e00000|  0%| F|  |TAMS 0x00000000e8d00000| PB 0x00000000e8d00000| Untracked |  0
| 142|0x00000000e8e00000, 0x00000000e8e00000, 0x00000000e8f00000|  0%| F|  |TAMS 0x00000000e8e00000| PB 0x00000000e8e00000| Untracked |  0
| 143|0x00000000e8f00000, 0x00000000e8f00000, 0x00000000e9000000|  0%| F|  |TAMS 0x00000000e8f00000| PB 0x00000000e8f00000| Untracked |  0
| 144|0x00000000e9000000, 0x00000000e9000000, 0x00000000e9100000|  0%| F|  |TAMS 0x00000000e9000000| PB 0x00000000e9000000| Untracked |  0
| 145|0x00000000e9100000, 0x00000000e9100000, 0x00000000e9200000|  0%| F|  |TAMS 0x00000000e9100000| PB 0x00000000e9100000| Untracked |  0
| 146|0x00000000e9200000, 0x00000000e9200000, 0x00000000e9300000|  0%| F|  |TAMS 0x00000000e9200000| PB 0x00000000e9200000| Untracked |  0
| 147|0x00000000e9300000, 0x00000000e9300000, 0x00000000e9400000|  0%| F|  |TAMS 0x00000000e9300000| PB 0x00000000e9300000| Untracked |  0
| 148|0x00000000e9400000, 0x00000000e9400000, 0x00000000e9500000|  0%| F|  |TAMS 0x00000000e9400000| PB 0x00000000e9400000| Untracked |  0
| 149|0x00000000e9500000, 0x00000000e9500000, 0x00000000e9600000|  0%| F|  |TAMS 0x00000000e9500000| PB 0x00000000e9500000| Untracked |  0
| 150|0x00000000e9600000, 0x00000000e9600000, 0x00000000e9700000|  0%| F|  |TAMS 0x00000000e9600000| PB 0x00000000e9600000| Untracked |  0
| 151|0x00000000e9700000, 0x00000000e9700000, 0x00000000e9800000|  0%| F|  |TAMS 0x00000000e9700000| PB 0x00000000e9700000| Untracked |  0
| 152|0x00000000e9800000, 0x00000000e9800000, 0x00000000e9900000|  0%| F|  |TAMS 0x00000000e9800000| PB 0x00000000e9800000| Untracked |  0
| 153|0x00000000e9900000, 0x00000000e9900000, 0x00000000e9a00000|  0%| F|  |TAMS 0x00000000e9900000| PB 0x00000000e9900000| Untracked |  0
| 154|0x00000000e9a00000, 0x00000000e9a00000, 0x00000000e9b00000|  0%| F|  |TAMS 0x00000000e9a00000| PB 0x00000000e9a00000| Untracked |  0
| 155|0x00000000e9b00000, 0x00000000e9b00000, 0x00000000e9c00000|  0%| F|  |TAMS 0x00000000e9b00000| PB 0x00000000e9b00000| Untracked |  0
| 156|0x00000000e9c00000, 0x00000000e9c00000, 0x00000000e9d00000|  0%| F|  |TAMS 0x00000000e9c00000| PB 0x00000000e9c00000| Untracked |  0
| 157|0x00000000e9d00000, 0x00000000e9d00000, 0x00000000e9e00000|  0%| F|  |TAMS 0x00000000e9d00000| PB 0x00000000e9d00000| Untracked |  0
| 158|0x00000000e9e00000, 0x00000000e9e00000, 0x00000000e9f00000|  0%| F|  |TAMS 0x00000000e9e00000| PB 0x00000000e9e00000| Untracked |  0
| 159|0x00000000e9f00000, 0x00000000e9f00000, 0x00000000ea000000|  0%| F|  |TAMS 0x00000000e9f00000| PB 0x00000000e9f00000| Untracked |  0
| 160|0x00000000ea000000, 0x00000000ea000000, 0x00000000ea100000|  0%| F|  |TAMS 0x00000000ea000000| PB 0x00000000ea000000| Untracked |  0
| 161|0x00000000ea100000, 0x00000000ea100000, 0x00000000ea200000|  0%| F|  |TAMS 0x00000000ea100000| PB 0x00000000ea100000| Untracked |  0
| 162|0x00000000ea200000, 0x00000000ea200000, 0x00000000ea300000|  0%| F|  |TAMS 0x00000000ea200000| PB 0x00000000ea200000| Untracked |  0
| 163|0x00000000ea300000, 0x00000000ea300000, 0x00000000ea400000|  0%| F|  |TAMS 0x00000000ea300000| PB 0x00000000ea300000| Untracked |  0
| 164|0x00000000ea400000, 0x00000000ea400000, 0x00000000ea500000|  0%| F|  |TAMS 0x00000000ea400000| PB 0x00000000ea400000| Untracked |  0
| 165|0x00000000ea500000, 0x00000000ea500000, 0x00000000ea600000|  0%| F|  |TAMS 0x00000000ea500000| PB 0x00000000ea500000| Untracked |  0
| 166|0x00000000ea600000, 0x00000000ea600000, 0x00000000ea700000|  0%| F|  |TAMS 0x00000000ea600000| PB 0x00000000ea600000| Untracked |  0
| 167|0x00000000ea700000, 0x00000000ea700000, 0x00000000ea800000|  0%| F|  |TAMS 0x00000000ea700000| PB 0x00000000ea700000| Untracked |  0
| 168|0x00000000ea800000, 0x00000000ea800000, 0x00000000ea900000|  0%| F|  |TAMS 0x00000000ea800000| PB 0x00000000ea800000| Untracked |  0
| 169|0x00000000ea900000, 0x00000000ea900000, 0x00000000eaa00000|  0%| F|  |TAMS 0x00000000ea900000| PB 0x00000000ea900000| Untracked |  0
| 170|0x00000000eaa00000, 0x00000000eaa00000, 0x00000000eab00000|  0%| F|  |TAMS 0x00000000eaa00000| PB 0x00000000eaa00000| Untracked |  0
| 171|0x00000000eab00000, 0x00000000eab00000, 0x00000000eac00000|  0%| F|  |TAMS 0x00000000eab00000| PB 0x00000000eab00000| Untracked |  0
| 172|0x00000000eac00000, 0x00000000eac00000, 0x00000000ead00000|  0%| F|  |TAMS 0x00000000eac00000| PB 0x00000000eac00000| Untracked |  0
| 173|0x00000000ead00000, 0x00000000ead00000, 0x00000000eae00000|  0%| F|  |TAMS 0x00000000ead00000| PB 0x00000000ead00000| Untracked |  0
| 174|0x00000000eae00000, 0x00000000eae00000, 0x00000000eaf00000|  0%| F|  |TAMS 0x00000000eae00000| PB 0x00000000eae00000| Untracked |  0
| 175|0x00000000eaf00000, 0x00000000eaf00000, 0x00000000eb000000|  0%| F|  |TAMS 0x00000000eaf00000| PB 0x00000000eaf00000| Untracked |  0
| 176|0x00000000eb000000, 0x00000000eb000000, 0x00000000eb100000|  0%| F|  |TAMS 0x00000000eb000000| PB 0x00000000eb000000| Untracked |  0
| 177|0x00000000eb100000, 0x00000000eb100000, 0x00000000eb200000|  0%| F|  |TAMS 0x00000000eb100000| PB 0x00000000eb100000| Untracked |  0
| 178|0x00000000eb200000, 0x00000000eb200000, 0x00000000eb300000|  0%| F|  |TAMS 0x00000000eb200000| PB 0x00000000eb200000| Untracked |  0
| 179|0x00000000eb300000, 0x00000000eb300000, 0x00000000eb400000|  0%| F|  |TAMS 0x00000000eb300000| PB 0x00000000eb300000| Untracked |  0
| 180|0x00000000eb400000, 0x00000000eb400000, 0x00000000eb500000|  0%| F|  |TAMS 0x00000000eb400000| PB 0x00000000eb400000| Untracked |  0
| 181|0x00000000eb500000, 0x00000000eb500000, 0x00000000eb600000|  0%| F|  |TAMS 0x00000000eb500000| PB 0x00000000eb500000| Untracked |  0
| 182|0x00000000eb600000, 0x00000000eb600000, 0x00000000eb700000|  0%| F|  |TAMS 0x00000000eb600000| PB 0x00000000eb600000| Untracked |  0
| 183|0x00000000eb700000, 0x00000000eb700000, 0x00000000eb800000|  0%| F|  |TAMS 0x00000000eb700000| PB 0x00000000eb700000| Untracked |  0
| 184|0x00000000eb800000, 0x00000000eb800000, 0x00000000eb900000|  0%| F|  |TAMS 0x00000000eb800000| PB 0x00000000eb800000| Untracked |  0
| 185|0x00000000eb900000, 0x00000000eb900000, 0x00000000eba00000|  0%| F|  |TAMS 0x00000000eb900000| PB 0x00000000eb900000| Untracked |  0
| 186|0x00000000eba00000, 0x00000000eba00000, 0x00000000ebb00000|  0%| F|  |TAMS 0x00000000eba00000| PB 0x00000000eba00000| Untracked |  0
| 187|0x00000000ebb00000, 0x00000000ebb00000, 0x00000000ebc00000|  0%| F|  |TAMS 0x00000000ebb00000| PB 0x00000000ebb00000| Untracked |  0
| 188|0x00000000ebc00000, 0x00000000ebc00000, 0x00000000ebd00000|  0%| F|  |TAMS 0x00000000ebc00000| PB 0x00000000ebc00000| Untracked |  0
| 189|0x00000000ebd00000, 0x00000000ebd00000, 0x00000000ebe00000|  0%| F|  |TAMS 0x00000000ebd00000| PB 0x00000000ebd00000| Untracked |  0
| 190|0x00000000ebe00000, 0x00000000ebe00000, 0x00000000ebf00000|  0%| F|  |TAMS 0x00000000ebe00000| PB 0x00000000ebe00000| Untracked |  0
| 191|0x00000000ebf00000, 0x00000000ebf00000, 0x00000000ec000000|  0%| F|  |TAMS 0x00000000ebf00000| PB 0x00000000ebf00000| Untracked |  0
| 192|0x00000000ec000000, 0x00000000ec000000, 0x00000000ec100000|  0%| F|  |TAMS 0x00000000ec000000| PB 0x00000000ec000000| Untracked |  0
| 193|0x00000000ec100000, 0x00000000ec100000, 0x00000000ec200000|  0%| F|  |TAMS 0x00000000ec100000| PB 0x00000000ec100000| Untracked |  0
| 194|0x00000000ec200000, 0x00000000ec200000, 0x00000000ec300000|  0%| F|  |TAMS 0x00000000ec200000| PB 0x00000000ec200000| Untracked |  0
| 195|0x00000000ec300000, 0x00000000ec300000, 0x00000000ec400000|  0%| F|  |TAMS 0x00000000ec300000| PB 0x00000000ec300000| Untracked |  0
| 196|0x00000000ec400000, 0x00000000ec400000, 0x00000000ec500000|  0%| F|  |TAMS 0x00000000ec400000| PB 0x00000000ec400000| Untracked |  0
| 197|0x00000000ec500000, 0x00000000ec500000, 0x00000000ec600000|  0%| F|  |TAMS 0x00000000ec500000| PB 0x00000000ec500000| Untracked |  0
| 198|0x00000000ec600000, 0x00000000ec600000, 0x00000000ec700000|  0%| F|  |TAMS 0x00000000ec600000| PB 0x00000000ec600000| Untracked |  0
| 199|0x00000000ec700000, 0x00000000ec700000, 0x00000000ec800000|  0%| F|  |TAMS 0x00000000ec700000| PB 0x00000000ec700000| Untracked |  0
| 200|0x00000000ec800000, 0x00000000ec800000, 0x00000000ec900000|  0%| F|  |TAMS 0x00000000ec800000| PB 0x00000000ec800000| Untracked |  0
| 201|0x00000000ec900000, 0x00000000ec900000, 0x00000000eca00000|  0%| F|  |TAMS 0x00000000ec900000| PB 0x00000000ec900000| Untracked |  0
| 202|0x00000000eca00000, 0x00000000eca00000, 0x00000000ecb00000|  0%| F|  |TAMS 0x00000000eca00000| PB 0x00000000eca00000| Untracked |  0
| 203|0x00000000ecb00000, 0x00000000ecb00000, 0x00000000ecc00000|  0%| F|  |TAMS 0x00000000ecb00000| PB 0x00000000ecb00000| Untracked |  0
| 204|0x00000000ecc00000, 0x00000000ecc00000, 0x00000000ecd00000|  0%| F|  |TAMS 0x00000000ecc00000| PB 0x00000000ecc00000| Untracked |  0
| 205|0x00000000ecd00000, 0x00000000ecd00000, 0x00000000ece00000|  0%| F|  |TAMS 0x00000000ecd00000| PB 0x00000000ecd00000| Untracked |  0
| 206|0x00000000ece00000, 0x00000000ece00000, 0x00000000ecf00000|  0%| F|  |TAMS 0x00000000ece00000| PB 0x00000000ece00000| Untracked |  0
| 207|0x00000000ecf00000, 0x00000000ecf00000, 0x00000000ed000000|  0%| F|  |TAMS 0x00000000ecf00000| PB 0x00000000ecf00000| Untracked |  0
| 208|0x00000000ed000000, 0x00000000ed000000, 0x00000000ed100000|  0%| F|  |TAMS 0x00000000ed000000| PB 0x00000000ed000000| Untracked |  0
| 209|0x00000000ed100000, 0x00000000ed100000, 0x00000000ed200000|  0%| F|  |TAMS 0x00000000ed100000| PB 0x00000000ed100000| Untracked |  0
| 210|0x00000000ed200000, 0x00000000ed200000, 0x00000000ed300000|  0%| F|  |TAMS 0x00000000ed200000| PB 0x00000000ed200000| Untracked |  0
| 211|0x00000000ed300000, 0x00000000ed300000, 0x00000000ed400000|  0%| F|  |TAMS 0x00000000ed300000| PB 0x00000000ed300000| Untracked |  0
| 212|0x00000000ed400000, 0x00000000ed484010, 0x00000000ed500000| 51%| E|  |TAMS 0x00000000ed400000| PB 0x00000000ed400000| Complete |  0
| 213|0x00000000ed500000, 0x00000000ed600000, 0x00000000ed600000|100%| E|CS|TAMS 0x00000000ed500000| PB 0x00000000ed500000| Complete |  0
| 214|0x00000000ed600000, 0x00000000ed700000, 0x00000000ed700000|100%| E|CS|TAMS 0x00000000ed600000| PB 0x00000000ed600000| Complete |  0
| 215|0x00000000ed700000, 0x00000000ed800000, 0x00000000ed800000|100%| E|CS|TAMS 0x00000000ed700000| PB 0x00000000ed700000| Complete |  0
| 216|0x00000000ed800000, 0x00000000ed900000, 0x00000000ed900000|100%| E|CS|TAMS 0x00000000ed800000| PB 0x00000000ed800000| Complete |  0
| 217|0x00000000ed900000, 0x00000000eda00000, 0x00000000eda00000|100%| E|CS|TAMS 0x00000000ed900000| PB 0x00000000ed900000| Complete |  0
| 218|0x00000000eda00000, 0x00000000edb00000, 0x00000000edb00000|100%| E|CS|TAMS 0x00000000eda00000| PB 0x00000000eda00000| Complete |  0
| 219|0x00000000edb00000, 0x00000000edc00000, 0x00000000edc00000|100%| E|CS|TAMS 0x00000000edb00000| PB 0x00000000edb00000| Complete |  0
| 220|0x00000000edc00000, 0x00000000edd00000, 0x00000000edd00000|100%| E|CS|TAMS 0x00000000edc00000| PB 0x00000000edc00000| Complete |  0
| 221|0x00000000edd00000, 0x00000000ede00000, 0x00000000ede00000|100%| E|CS|TAMS 0x00000000edd00000| PB 0x00000000edd00000| Complete |  0
| 222|0x00000000ede00000, 0x00000000edf00000, 0x00000000edf00000|100%| E|CS|TAMS 0x00000000ede00000| PB 0x00000000ede00000| Complete |  0
| 223|0x00000000edf00000, 0x00000000ee000000, 0x00000000ee000000|100%| E|CS|TAMS 0x00000000edf00000| PB 0x00000000edf00000| Complete |  0
| 224|0x00000000ee000000, 0x00000000ee100000, 0x00000000ee100000|100%| E|CS|TAMS 0x00000000ee000000| PB 0x00000000ee000000| Complete |  0
| 225|0x00000000ee100000, 0x00000000ee200000, 0x00000000ee200000|100%| E|CS|TAMS 0x00000000ee100000| PB 0x00000000ee100000| Complete |  0
| 226|0x00000000ee200000, 0x00000000ee300000, 0x00000000ee300000|100%| E|CS|TAMS 0x00000000ee200000| PB 0x00000000ee200000| Complete |  0
| 227|0x00000000ee300000, 0x00000000ee400000, 0x00000000ee400000|100%| E|CS|TAMS 0x00000000ee300000| PB 0x00000000ee300000| Complete |  0
| 228|0x00000000ee400000, 0x00000000ee500000, 0x00000000ee500000|100%| E|CS|TAMS 0x00000000ee400000| PB 0x00000000ee400000| Complete |  0
| 229|0x00000000ee500000, 0x00000000ee600000, 0x00000000ee600000|100%| E|CS|TAMS 0x00000000ee500000| PB 0x00000000ee500000| Complete |  0
| 230|0x00000000ee600000, 0x00000000ee700000, 0x00000000ee700000|100%| E|CS|TAMS 0x00000000ee600000| PB 0x00000000ee600000| Complete |  0
| 231|0x00000000ee700000, 0x00000000ee800000, 0x00000000ee800000|100%| E|CS|TAMS 0x00000000ee700000| PB 0x00000000ee700000| Complete |  0
| 232|0x00000000ee800000, 0x00000000ee900000, 0x00000000ee900000|100%| E|CS|TAMS 0x00000000ee800000| PB 0x00000000ee800000| Complete |  0
| 233|0x00000000ee900000, 0x00000000eea00000, 0x00000000eea00000|100%| E|CS|TAMS 0x00000000ee900000| PB 0x00000000ee900000| Complete |  0
| 234|0x00000000eea00000, 0x00000000eeb00000, 0x00000000eeb00000|100%| E|CS|TAMS 0x00000000eea00000| PB 0x00000000eea00000| Complete |  0
| 235|0x00000000eeb00000, 0x00000000eec00000, 0x00000000eec00000|100%| E|CS|TAMS 0x00000000eeb00000| PB 0x00000000eeb00000| Complete |  0
| 236|0x00000000eec00000, 0x00000000eed00000, 0x00000000eed00000|100%| E|CS|TAMS 0x00000000eec00000| PB 0x00000000eec00000| Complete |  0
| 237|0x00000000eed00000, 0x00000000eee00000, 0x00000000eee00000|100%| E|CS|TAMS 0x00000000eed00000| PB 0x00000000eed00000| Complete |  0
| 238|0x00000000eee00000, 0x00000000eef00000, 0x00000000eef00000|100%| E|CS|TAMS 0x00000000eee00000| PB 0x00000000eee00000| Complete |  0
| 239|0x00000000eef00000, 0x00000000ef000000, 0x00000000ef000000|100%| E|CS|TAMS 0x00000000eef00000| PB 0x00000000eef00000| Complete |  0
| 240|0x00000000ef000000, 0x00000000ef100000, 0x00000000ef100000|100%| E|CS|TAMS 0x00000000ef000000| PB 0x00000000ef000000| Complete |  0
| 241|0x00000000ef100000, 0x00000000ef200000, 0x00000000ef200000|100%| E|CS|TAMS 0x00000000ef100000| PB 0x00000000ef100000| Complete |  0
| 242|0x00000000ef200000, 0x00000000ef300000, 0x00000000ef300000|100%| E|CS|TAMS 0x00000000ef200000| PB 0x00000000ef200000| Complete |  0
| 243|0x00000000ef300000, 0x00000000ef400000, 0x00000000ef400000|100%| E|CS|TAMS 0x00000000ef300000| PB 0x00000000ef300000| Complete |  0
| 244|0x00000000ef400000, 0x00000000ef500000, 0x00000000ef500000|100%| E|CS|TAMS 0x00000000ef400000| PB 0x00000000ef400000| Complete |  0
| 245|0x00000000ef500000, 0x00000000ef600000, 0x00000000ef600000|100%| E|CS|TAMS 0x00000000ef500000| PB 0x00000000ef500000| Complete |  0
| 246|0x00000000ef600000, 0x00000000ef700000, 0x00000000ef700000|100%| E|CS|TAMS 0x00000000ef600000| PB 0x00000000ef600000| Complete |  0
| 247|0x00000000ef700000, 0x00000000ef780000, 0x00000000ef800000| 50%| S|CS|TAMS 0x00000000ef700000| PB 0x00000000ef700000| Complete |  0
| 248|0x00000000ef800000, 0x00000000ef900000, 0x00000000ef900000|100%| S|CS|TAMS 0x00000000ef800000| PB 0x00000000ef800000| Complete |  0
| 249|0x00000000ef900000, 0x00000000efa00000, 0x00000000efa00000|100%| S|CS|TAMS 0x00000000ef900000| PB 0x00000000ef900000| Complete |  0
| 250|0x00000000efa00000, 0x00000000efb00000, 0x00000000efb00000|100%| E|CS|TAMS 0x00000000efa00000| PB 0x00000000efa00000| Complete |  0
| 251|0x00000000efb00000, 0x00000000efc00000, 0x00000000efc00000|100%| E|CS|TAMS 0x00000000efb00000| PB 0x00000000efb00000| Complete |  0
| 252|0x00000000efc00000, 0x00000000efd00000, 0x00000000efd00000|100%| E|CS|TAMS 0x00000000efc00000| PB 0x00000000efc00000| Complete |  0
| 253|0x00000000efd00000, 0x00000000efe00000, 0x00000000efe00000|100%| E|CS|TAMS 0x00000000efd00000| PB 0x00000000efd00000| Complete |  0
| 254|0x00000000efe00000, 0x00000000eff00000, 0x00000000eff00000|100%| E|CS|TAMS 0x00000000efe00000| PB 0x00000000efe00000| Complete |  0
| 255|0x00000000eff00000, 0x00000000f0000000, 0x00000000f0000000|100%| E|CS|TAMS 0x00000000eff00000| PB 0x00000000eff00000| Complete |  0

Card table byte_map: [0x000001c0d1090000,0x000001c0d1190000] _byte_map_base: 0x000001c0d0990000

Marking Bits: (CMBitMap*) 0x000001c0b9d68c20
 Bits: [0x000001c0d1190000, 0x000001c0d1990000)

Polling page: 0x000001c0b7c00000

Metaspace:

Usage:
  Non-class:     48.81 MB used.
      Class:      8.26 MB used.
       Both:     57.06 MB used.

Virtual space:
  Non-class space:       64.00 MB reserved,      49.81 MB ( 78%) committed,  1 nodes.
      Class space:      320.00 MB reserved,       9.19 MB (  3%) committed,  1 nodes.
             Both:      384.00 MB reserved,      59.00 MB ( 15%) committed. 

Chunk freelists:
   Non-Class:  13.80 MB
       Class:  6.65 MB
        Both:  20.45 MB

MaxMetaspaceSize: 384.00 MB
CompressedClassSpaceSize: 320.00 MB
Initial GC threshold: 21.00 MB
Current GC threshold: 97.94 MB
CDS: on
 - commit_granule_bytes: 65536.
 - commit_granule_words: 8192.
 - virtual_space_node_default_size: 8388608.
 - enlarge_chunks_in_place: 1.
 - use_allocation_guard: 0.


Internal statistics:

num_allocs_failed_limit: 9.
num_arena_births: 3462.
num_arena_deaths: 0.
num_vsnodes_births: 2.
num_vsnodes_deaths: 0.
num_space_committed: 944.
num_space_uncommitted: 0.
num_chunks_returned_to_freelist: 9.
num_chunks_taken_from_freelist: 6313.
num_chunk_merges: 9.
num_chunk_splits: 3983.
num_chunks_enlarged: 2356.
num_inconsistent_stats: 0.

CodeHeap 'non-profiled nmethods': size=120000Kb used=4862Kb max_used=4862Kb free=115137Kb
 bounds [0x000001c0c9b60000, 0x000001c0ca020000, 0x000001c0d1090000]
CodeHeap 'profiled nmethods': size=120000Kb used=17233Kb max_used=17233Kb free=102767Kb
 bounds [0x000001c0c2090000, 0x000001c0c3170000, 0x000001c0c95c0000]
CodeHeap 'non-nmethods': size=5760Kb used=2773Kb max_used=2849Kb free=2986Kb
 bounds [0x000001c0c95c0000, 0x000001c0c98a0000, 0x000001c0c9b60000]
 total_blobs=9764 nmethods=8869 adapters=799
 compilation: enabled
              stopped_count=0, restarted_count=0
 full_count=0

Compilation events (20 events):
Event: 62.764 Thread 0x000001c0ed108070 9562       1       io.spring.gradle.dependencymanagement.org.apache.maven.model.ActivationProperty::getValue (5 bytes)
Event: 62.764 Thread 0x000001c0ed108070 nmethod 9562 0x000001c0c9c97d10 code [0x000001c0c9c97ea0, 0x000001c0c9c97f68]
Event: 62.764 Thread 0x000001c0ed108070 9563       3       io.spring.gradle.dependencymanagement.org.apache.maven.model.ConfigurationContainer::getOtherLocation (25 bytes)
Event: 62.765 Thread 0x000001c0ed108070 nmethod 9563 0x000001c0c3147790 code [0x000001c0c3147940, 0x000001c0c3147c58]
Event: 62.765 Thread 0x000001c0ed108070 9564       3       io.spring.gradle.dependencymanagement.org.apache.maven.model.ConfigurationContainer::getLocation (147 bytes)
Event: 62.765 Thread 0x000001c0ed108070 nmethod 9564 0x000001c0c3147d10 code [0x000001c0c3147f80, 0x000001c0c3148ac8]
Event: 62.765 Thread 0x000001c0ed108070 9565       3       io.spring.gradle.dependencymanagement.org.apache.maven.model.building.ModelData::getArtifactId (17 bytes)
Event: 62.765 Thread 0x000001c0ed108070 nmethod 9565 0x000001c0c3148d10 code [0x000001c0c3148ec0, 0x000001c0c3149040]
Event: 62.765 Thread 0x000001c0ed108070 9566       3       io.spring.gradle.dependencymanagement.org.apache.maven.model.DependencyManagement::getDependencies (23 bytes)
Event: 62.766 Thread 0x000001c0ed108070 nmethod 9566 0x000001c0c3149110 code [0x000001c0c31492e0, 0x000001c0c31496c0]
Event: 62.767 Thread 0x000001c0ed108070 9567       3       io.spring.gradle.dependencymanagement.org.apache.maven.model.Profile::<init> (17 bytes)
Event: 62.767 Thread 0x000001c0ed108070 nmethod 9567 0x000001c0c3149810 code [0x000001c0c31499c0, 0x000001c0c3149c60]
Event: 62.767 Thread 0x000001c0ed108070 9568       3       java.util.Collections::enumeration (9 bytes)
Event: 62.767 Thread 0x000001c0ed108070 nmethod 9568 0x000001c0c3149d90 code [0x000001c0c3149f60, 0x000001c0c314a2f0]
Event: 62.767 Thread 0x000001c0ed108070 9569       3       java.util.Collections$3::<init> (23 bytes)
Event: 62.767 Thread 0x000001c0ed108070 nmethod 9569 0x000001c0c314a410 code [0x000001c0c314a5c0, 0x000001c0c314a8b0]
Event: 62.767 Thread 0x000001c0ed108070 9570       3       io.spring.gradle.dependencymanagement.org.apache.maven.model.Repository::<init> (5 bytes)
Event: 62.767 Thread 0x000001c0ed108070 nmethod 9570 0x000001c0c314a990 code [0x000001c0c314ab40, 0x000001c0c314ad78]
Event: 62.768 Thread 0x000001c0ed108070 9571   !   3       jdk.internal.loader.URLClassPath::checkURL (16 bytes)
Event: 62.768 Thread 0x000001c0ed108070 nmethod 9571 0x000001c0c314ae90 code [0x000001c0c314b040, 0x000001c0c314b1f8]

GC Heap History (16 events):
Event: 1.121 GC heap before
{Heap before GC invocations=0 (full 0):
 garbage-first heap   total reserved 524288K, committed 262144K, used 13312K [0x00000000e0000000, 0x0000000100000000)
  region size 1024K, 14 young (14336K), 0 survivors (0K)
 Metaspace       used 814K, committed 960K, reserved 393216K
  class space    used 67K, committed 128K, reserved 327680K
}
Event: 1.142 GC heap after
{Heap after GC invocations=1 (full 0):
 garbage-first heap   total reserved 524288K, committed 262144K, used 1280K [0x00000000e0000000, 0x0000000100000000)
  region size 1024K, 2 young (2048K), 2 survivors (2048K)
 Metaspace       used 814K, committed 960K, reserved 393216K
  class space    used 67K, committed 128K, reserved 327680K
}
Event: 3.655 GC heap before
{Heap before GC invocations=1 (full 0):
 garbage-first heap   total reserved 524288K, committed 262144K, used 25856K [0x00000000e0000000, 0x0000000100000000)
  region size 1024K, 24 young (24576K), 2 survivors (2048K)
 Metaspace       used 3506K, committed 3712K, reserved 393216K
  class space    used 445K, committed 512K, reserved 327680K
}
Event: 3.662 GC heap after
{Heap after GC invocations=2 (full 0):
 garbage-first heap   total reserved 524288K, committed 262144K, used 9925K [0x00000000e0000000, 0x0000000100000000)
  region size 1024K, 3 young (3072K), 3 survivors (3072K)
 Metaspace       used 3506K, committed 3712K, reserved 393216K
  class space    used 445K, committed 512K, reserved 327680K
}
Event: 17.596 GC heap before
{Heap before GC invocations=2 (full 0):
 garbage-first heap   total reserved 524288K, committed 262144K, used 164549K [0x00000000e0000000, 0x0000000100000000)
  region size 1024K, 153 young (156672K), 3 survivors (3072K)
 Metaspace       used 20347K, committed 20992K, reserved 393216K
  class space    used 3008K, committed 3328K, reserved 327680K
}
Event: 17.622 GC heap after
{Heap after GC invocations=3 (full 0):
 garbage-first heap   total reserved 524288K, committed 262144K, used 23749K [0x00000000e0000000, 0x0000000100000000)
  region size 1024K, 16 young (16384K), 16 survivors (16384K)
 Metaspace       used 20347K, committed 20992K, reserved 393216K
  class space    used 3008K, committed 3328K, reserved 327680K
}
Event: 17.771 GC heap before
{Heap before GC invocations=3 (full 0):
 garbage-first heap   total reserved 524288K, committed 262144K, used 27845K [0x00000000e0000000, 0x0000000100000000)
  region size 1024K, 21 young (21504K), 16 survivors (16384K)
 Metaspace       used 20826K, committed 21504K, reserved 393216K
  class space    used 3095K, committed 3392K, reserved 327680K
}
Event: 17.792 GC heap after
{Heap after GC invocations=4 (full 0):
 garbage-first heap   total reserved 524288K, committed 262144K, used 25453K [0x00000000e0000000, 0x0000000100000000)
  region size 1024K, 2 young (2048K), 2 survivors (2048K)
 Metaspace       used 20826K, committed 21504K, reserved 393216K
  class space    used 3095K, committed 3392K, reserved 327680K
}
Event: 23.635 GC heap before
{Heap before GC invocations=5 (full 0):
 garbage-first heap   total reserved 524288K, committed 262144K, used 119661K [0x00000000e0000000, 0x0000000100000000)
  region size 1024K, 96 young (98304K), 2 survivors (2048K)
 Metaspace       used 34673K, committed 35968K, reserved 393216K
  class space    used 5209K, committed 5824K, reserved 327680K
}
Event: 23.643 GC heap after
{Heap after GC invocations=6 (full 0):
 garbage-first heap   total reserved 524288K, committed 262144K, used 30097K [0x00000000e0000000, 0x0000000100000000)
  region size 1024K, 7 young (7168K), 7 survivors (7168K)
 Metaspace       used 34673K, committed 35968K, reserved 393216K
  class space    used 5209K, committed 5824K, reserved 327680K
}
Event: 35.113 GC heap before
{Heap before GC invocations=7 (full 0):
 garbage-first heap   total reserved 524288K, committed 262144K, used 185745K [0x00000000e0000000, 0x0000000100000000)
  region size 1024K, 153 young (156672K), 7 survivors (7168K)
 Metaspace       used 48789K, committed 50560K, reserved 393216K
  class space    used 7137K, committed 7936K, reserved 327680K
}
Event: 35.135 GC heap after
{Heap after GC invocations=8 (full 0):
 garbage-first heap   total reserved 524288K, committed 262144K, used 39237K [0x00000000e0000000, 0x0000000100000000)
  region size 1024K, 16 young (16384K), 16 survivors (16384K)
 Metaspace       used 48789K, committed 50560K, reserved 393216K
  class space    used 7137K, committed 7936K, reserved 327680K
}
Event: 54.384 GC heap before
{Heap before GC invocations=8 (full 0):
 garbage-first heap   total reserved 524288K, committed 262144K, used 179525K [0x00000000e0000000, 0x0000000100000000)
  region size 1024K, 153 young (156672K), 16 survivors (16384K)
 Metaspace       used 57903K, committed 59840K, reserved 393216K
  class space    used 8440K, committed 9408K, reserved 327680K
}
Event: 54.410 GC heap after
{Heap after GC invocations=9 (full 0):
 garbage-first heap   total reserved 524288K, committed 262144K, used 49929K [0x00000000e0000000, 0x0000000100000000)
  region size 1024K, 20 young (20480K), 20 survivors (20480K)
 Metaspace       used 57903K, committed 59840K, reserved 393216K
  class space    used 8440K, committed 9408K, reserved 327680K
}
Event: 54.597 GC heap before
{Heap before GC invocations=9 (full 0):
 garbage-first heap   total reserved 524288K, committed 262144K, used 55049K [0x00000000e0000000, 0x0000000100000000)
  region size 1024K, 26 young (26624K), 20 survivors (20480K)
 Metaspace       used 58117K, committed 60096K, reserved 393216K
  class space    used 8445K, committed 9408K, reserved 327680K
}
Event: 54.616 GC heap after
{Heap after GC invocations=10 (full 0):
 garbage-first heap   total reserved 524288K, committed 262144K, used 51712K [0x00000000e0000000, 0x0000000100000000)
  region size 1024K, 3 young (3072K), 3 survivors (3072K)
 Metaspace       used 58117K, committed 60096K, reserved 393216K
  class space    used 8445K, committed 9408K, reserved 327680K
}

Dll operation events (15 events):
Event: 0.170 Loaded shared library C:\Users\ASUS\.jdks\openjdk-22.0.2\bin\java.dll
Event: 0.301 Loaded shared library C:\Users\ASUS\.jdks\openjdk-22.0.2\bin\jsvml.dll
Event: 0.406 Loaded shared library C:\Users\ASUS\.jdks\openjdk-22.0.2\bin\zip.dll
Event: 0.418 Loaded shared library C:\Users\ASUS\.jdks\openjdk-22.0.2\bin\instrument.dll
Event: 0.442 Loaded shared library C:\Users\ASUS\.jdks\openjdk-22.0.2\bin\net.dll
Event: 0.454 Loaded shared library C:\Users\ASUS\.jdks\openjdk-22.0.2\bin\nio.dll
Event: 0.458 Loaded shared library C:\Users\ASUS\.jdks\openjdk-22.0.2\bin\zip.dll
Event: 1.275 Loaded shared library C:\Users\ASUS\.jdks\openjdk-22.0.2\bin\jimage.dll
Event: 2.120 Loaded shared library C:\Users\ASUS\.jdks\openjdk-22.0.2\bin\verify.dll
Event: 3.033 Loaded shared library C:\Users\ASUS\.gradle\native\c067742578af261105cb4f569cf0c3c89f3d7b1fecec35dd04571415982c5e48\windows-amd64\native-platform.dll
Event: 3.181 Loaded shared library C:\Users\ASUS\.gradle\native\100fb08df4bc3b14c8652ba06237920a3bd2aa13389f12d3474272988ae205f9\windows-amd64\native-platform-file-events.dll
Event: 7.694 Loaded shared library C:\Users\ASUS\.jdks\openjdk-22.0.2\bin\management.dll
Event: 7.703 Loaded shared library C:\Users\ASUS\.jdks\openjdk-22.0.2\bin\management_ext.dll
Event: 8.559 Loaded shared library C:\Users\ASUS\.jdks\openjdk-22.0.2\bin\extnet.dll
Event: 9.397 Loaded shared library C:\Users\ASUS\.jdks\openjdk-22.0.2\bin\sunmscapi.dll

Deoptimization events (20 events):
Event: 54.511 Thread 0x000001c0eed252d0 Uncommon trap: trap_request=0xffffffde fr.pc=0x000001c0c9ff41fc relative=0x00000000000006bc
Event: 54.511 Thread 0x000001c0eed252d0 Uncommon trap: reason=class_check action=maybe_recompile pc=0x000001c0c9ff41fc method=org.gradle.api.internal.artifacts.ivyservice.resolveengine.result.DesugaredAttributeContainerSerializer.read(Lorg/gradle/internal/serialize/Decoder;)Lorg/gradle/api/inte
Event: 54.511 Thread 0x000001c0eed252d0 DEOPT PACKING pc=0x000001c0c9ff41fc sp=0x000000046f9f96c0
Event: 54.511 Thread 0x000001c0eed252d0 DEOPT UNPACKING pc=0x000001c0c96146a2 sp=0x000000046f9f9680 mode 2
Event: 62.025 Thread 0x000001c0eed252d0 DEOPT PACKING pc=0x000001c0c2e7132e sp=0x000000046f9f9480
Event: 62.025 Thread 0x000001c0eed252d0 DEOPT UNPACKING pc=0x000001c0c9614e42 sp=0x000000046f9f89a8 mode 0
Event: 62.062 Thread 0x000001c0eed252d0 Uncommon trap: trap_request=0xffffff45 fr.pc=0x000001c0c9f924f8 relative=0x0000000000000eb8
Event: 62.062 Thread 0x000001c0eed252d0 Uncommon trap: reason=unstable_if action=reinterpret pc=0x000001c0c9f924f8 method=io.spring.gradle.dependencymanagement.org.codehaus.plexus.util.xml.pull.MXParser.nextImpl()I @ 977 c2
Event: 62.062 Thread 0x000001c0eed252d0 DEOPT PACKING pc=0x000001c0c9f924f8 sp=0x000000046f9f91d0
Event: 62.062 Thread 0x000001c0eed252d0 DEOPT UNPACKING pc=0x000001c0c96146a2 sp=0x000000046f9f9150 mode 2
Event: 62.259 Thread 0x000001c0eed252d0 DEOPT PACKING pc=0x000001c0c2adbc24 sp=0x000000046f9f8c40
Event: 62.259 Thread 0x000001c0eed252d0 DEOPT UNPACKING pc=0x000001c0c9614e42 sp=0x000000046f9f8198 mode 0
Event: 62.473 Thread 0x000001c0eed252d0 Uncommon trap: trap_request=0xffffff45 fr.pc=0x000001c0c9f963c4 relative=0x00000000000013c4
Event: 62.473 Thread 0x000001c0eed252d0 Uncommon trap: reason=unstable_if action=reinterpret pc=0x000001c0c9f963c4 method=io.spring.gradle.dependencymanagement.org.codehaus.plexus.util.xml.pull.MXParser.isS(C)Z @ 21 c2
Event: 62.473 Thread 0x000001c0eed252d0 DEOPT PACKING pc=0x000001c0c9f963c4 sp=0x000000046f9f9550
Event: 62.473 Thread 0x000001c0eed252d0 DEOPT UNPACKING pc=0x000001c0c96146a2 sp=0x000000046f9f9498 mode 2
Event: 62.754 Thread 0x000001c0eed252d0 Uncommon trap: trap_request=0xffffff45 fr.pc=0x000001c0c9ca30cc relative=0x00000000000001ac
Event: 62.754 Thread 0x000001c0eed252d0 Uncommon trap: reason=unstable_if action=reinterpret pc=0x000001c0c9ca30cc method=io.spring.gradle.dependencymanagement.org.apache.maven.model.ConfigurationContainer.getLocation(Ljava/lang/Object;)Lio/spring/gradle/dependencymanagement/org/apache/maven/mo
Event: 62.754 Thread 0x000001c0eed252d0 DEOPT PACKING pc=0x000001c0c9ca30cc sp=0x000000046f9f9070
Event: 62.754 Thread 0x000001c0eed252d0 DEOPT UNPACKING pc=0x000001c0c96146a2 sp=0x000000046f9f9010 mode 2

Classes loaded (20 events):
Event: 40.231 Loading class sun/util/logging/internal/LoggingProviderImpl$JULWrapper
Event: 40.231 Loading class sun/util/logging/PlatformLogger$ConfigurableBridge$LoggerConfiguration
Event: 40.231 Loading class sun/util/logging/PlatformLogger$ConfigurableBridge$LoggerConfiguration done
Event: 40.231 Loading class sun/util/logging/internal/LoggingProviderImpl$JULWrapper done
Event: 40.232 Loading class java/lang/System$Logger$Level
Event: 40.232 Loading class java/lang/System$Logger$Level done
Event: 43.161 Loading class java/io/ObjectOutputStream$BlockDataOutputStream
Event: 43.161 Loading class java/io/ObjectOutputStream$BlockDataOutputStream done
Event: 43.161 Loading class java/io/ObjectOutputStream$HandleTable
Event: 43.161 Loading class java/io/ObjectOutputStream$HandleTable done
Event: 43.161 Loading class java/io/ObjectOutputStream$ReplaceTable
Event: 43.161 Loading class java/io/ObjectOutputStream$ReplaceTable done
Event: 43.448 Loading class java/util/stream/ReduceOps$2
Event: 43.449 Loading class java/util/stream/ReduceOps$2 done
Event: 43.449 Loading class java/util/stream/ReduceOps$2ReducingSink
Event: 43.449 Loading class java/util/stream/ReduceOps$2ReducingSink done
Event: 50.233 Loading class java/io/FileReader
Event: 50.233 Loading class java/io/FileReader done
Event: 50.234 Loading class java/text/MessageFormat
Event: 50.235 Loading class java/text/MessageFormat done

Classes unloaded (0 events):
No events

Classes redefined (0 events):
No events

Internal exceptions (20 events):
Event: 39.550 Thread 0x000001c0eed252d0 Exception <a 'java/lang/ClassNotFoundException'{0x00000000ebda3fa8}: org/gradle/api/internal/tasks/DefaultTaskContainerCustomizer> (0x00000000ebda3fa8) 
thrown [s\open\src\hotspot\share\classfile\systemDictionary.cpp, line 313]
Event: 39.553 Thread 0x000001c0eed252d0 Exception <a 'java/lang/ClassNotFoundException'{0x00000000ebc2fe30}: org/gradle/api/internal/tasks/DefaultTaskContainer_DecoratedCustomizer> (0x00000000ebc2fe30) 
thrown [s\open\src\hotspot\share\classfile\systemDictionary.cpp, line 313]
Event: 39.564 Thread 0x000001c0eed252d0 Exception <a 'java/lang/NoSuchMethodError'{0x00000000ebcb88a8}: 'void java.lang.invoke.DirectMethodHandle$Holder.invokeInterface(java.lang.Object, java.lang.Object, java.lang.Object, java.lang.Object)'> (0x00000000ebcb88a8) 
thrown [s\open\src\hotspot\share\interpreter\linkResolver.cpp, line 774]
Event: 39.920 Thread 0x000001c0eed252d0 Exception <a 'java/lang/NoSuchMethodError'{0x00000000eb640498}: 'int java.lang.invoke.DirectMethodHandle$Holder.invokeSpecialIFC(java.lang.Object, java.lang.Object, java.lang.Object, java.lang.Object, java.lang.Object)'> (0x00000000eb640498) 
thrown [s\open\src\hotspot\share\interpreter\linkResolver.cpp, line 774]
Event: 40.059 Thread 0x000001c0eed252d0 Exception <a 'java/lang/NoSuchMethodError'{0x00000000eb23d8b8}: 'java.lang.Object java.lang.invoke.DirectMethodHandle$Holder.newInvokeSpecial(java.lang.Object, java.lang.Object, java.lang.Object, java.lang.Object, java.lang.Object, java.lang.Object, int)'> (0x00000000eb23d8b8) 
thrown [s\open\src\hotspot\share\interpreter\linkResolver.cpp, line 774]
Event: 40.059 Thread 0x000001c0eed252d0 Exception <a 'java/lang/NoSuchMethodError'{0x00000000eb2427d0}: 'java.lang.Object java.lang.invoke.DirectMethodHandle$Holder.invokeSpecial(java.lang.Object, java.lang.Object, java.lang.Object, java.lang.Object, java.lang.Object, java.lang.Object, java.lang.Object, int)'> (0x00000000eb2427d0) 
thrown [s\open\src\hotspot\share\interpreter\linkResolver.cpp, line 774]
Event: 40.059 Thread 0x000001c0eed252d0 Exception <a 'java/lang/NoSuchMethodError'{0x00000000eb247090}: 'java.lang.Object java.lang.invoke.Invokers$Holder.linkToTargetMethod(java.lang.Object, java.lang.Object, java.lang.Object, java.lang.Object, java.lang.Object, int, java.lang.Object)'> (0x00000000eb247090) 
thrown [s\open\src\hotspot\share\interpreter\linkResolver.cpp, line 774]
Event: 40.140 Thread 0x000001c0ef7058e0 Implicit null exception at 0x000001c0c9b95f07 to 0x000001c0c9b95fe8
Event: 40.143 Thread 0x000001c0ef7058e0 Implicit null exception at 0x000001c0c9c447fc to 0x000001c0c9c44828
Event: 40.227 Thread 0x000001c0f081bff0 Exception <a 'java/lang/NoSuchMethodError'{0x00000000eb090670}: 'void java.lang.invoke.DirectMethodHandle$Holder.invokeStatic(java.lang.Object, long)'> (0x00000000eb090670) 
thrown [s\open\src\hotspot\share\interpreter\linkResolver.cpp, line 774]
Event: 40.228 Thread 0x000001c0f081bff0 Exception <a 'java/lang/NoSuchMethodError'{0x00000000eb09a9c0}: 'java.lang.Object java.lang.invoke.DirectMethodHandle$Holder.invokeStaticInit(java.lang.Object, long, java.lang.Object)'> (0x00000000eb09a9c0) 
thrown [s\open\src\hotspot\share\interpreter\linkResolver.cpp, line 774]
Event: 50.315 Thread 0x000001c0eed252d0 Exception <a 'java/lang/ClassNotFoundException'{0x00000000e9ec3f08}: org/gradle/api/internal/plugins/NaggingBasePluginConventionBeanInfo> (0x00000000e9ec3f08) 
thrown [s\open\src\hotspot\share\classfile\systemDictionary.cpp, line 313]
Event: 50.315 Thread 0x000001c0eed252d0 Exception <a 'java/lang/ClassNotFoundException'{0x00000000e9ed2328}: org/gradle/api/plugins/BasePluginConventionBeanInfo> (0x00000000e9ed2328) 
thrown [s\open\src\hotspot\share\classfile\systemDictionary.cpp, line 313]
Event: 50.316 Thread 0x000001c0eed252d0 Exception <a 'java/lang/ClassNotFoundException'{0x00000000e9ee0710}: org/gradle/api/plugins/BasePluginConventionCustomizer> (0x00000000e9ee0710) 
thrown [s\open\src\hotspot\share\classfile\systemDictionary.cpp, line 313]
Event: 50.317 Thread 0x000001c0eed252d0 Exception <a 'java/lang/ClassNotFoundException'{0x00000000e9efac20}: org/gradle/api/internal/plugins/NaggingBasePluginConventionCustomizer> (0x00000000e9efac20) 
thrown [s\open\src\hotspot\share\classfile\systemDictionary.cpp, line 313]
Event: 50.319 Thread 0x000001c0eed252d0 Exception <a 'java/lang/ClassNotFoundException'{0x00000000e9d39918}: org/gradle/api/plugins/internal/NaggingJavaPluginConventionBeanInfo> (0x00000000e9d39918) 
thrown [s\open\src\hotspot\share\classfile\systemDictionary.cpp, line 313]
Event: 50.320 Thread 0x000001c0eed252d0 Exception <a 'java/lang/ClassNotFoundException'{0x00000000e9d47d38}: org/gradle/api/plugins/JavaPluginConventionBeanInfo> (0x00000000e9d47d38) 
thrown [s\open\src\hotspot\share\classfile\systemDictionary.cpp, line 313]
Event: 50.320 Thread 0x000001c0eed252d0 Exception <a 'java/lang/ClassNotFoundException'{0x00000000e9d56120}: org/gradle/api/plugins/JavaPluginConventionCustomizer> (0x00000000e9d56120) 
thrown [s\open\src\hotspot\share\classfile\systemDictionary.cpp, line 313]
Event: 50.321 Thread 0x000001c0eed252d0 Exception <a 'java/lang/ClassNotFoundException'{0x00000000e9d7a0f8}: org/gradle/api/plugins/internal/NaggingJavaPluginConventionCustomizer> (0x00000000e9d7a0f8) 
thrown [s\open\src\hotspot\share\classfile\systemDictionary.cpp, line 313]
Event: 50.328 Thread 0x000001c0eed252d0 Exception <a 'java/lang/NoSuchMethodError'{0x00000000e9c46750}: 'void java.lang.invoke.Invokers$Holder.invokeExact_MT(java.lang.Object, java.lang.Object, java.lang.Object, java.lang.Object)'> (0x00000000e9c46750) 
thrown [s\open\src\hotspot\share\interpreter\linkResolver.cpp, line 774]

ZGC Phase Switch (0 events):
No events

VM Operations (20 events):
Event: 54.597 Executing VM operation: CollectForMetadataAllocation (Metadata GC Threshold)
Event: 54.616 Executing VM operation: CollectForMetadataAllocation (Metadata GC Threshold) done
Event: 54.677 Executing VM operation: G1PauseRemark
Event: 54.682 Executing VM operation: G1PauseRemark done
Event: 54.731 Executing VM operation: G1PauseCleanup
Event: 54.731 Executing VM operation: G1PauseCleanup done
Event: 55.744 Executing VM operation: Cleanup
Event: 55.744 Executing VM operation: Cleanup done
Event: 56.749 Executing VM operation: Cleanup
Event: 56.749 Executing VM operation: Cleanup done
Event: 59.773 Executing VM operation: Cleanup
Event: 59.773 Executing VM operation: Cleanup done
Event: 60.393 Executing VM operation: HandshakeAllThreads (HandshakeForDeflation)
Event: 60.393 Executing VM operation: HandshakeAllThreads (HandshakeForDeflation) done
Event: 60.393 Executing VM operation: RendezvousGCThreads
Event: 60.393 Executing VM operation: RendezvousGCThreads done
Event: 62.061 Executing VM operation: HandshakeAllThreads (Deoptimize)
Event: 62.061 Executing VM operation: HandshakeAllThreads (Deoptimize) done
Event: 62.061 Executing VM operation: Cleanup
Event: 62.062 Executing VM operation: Cleanup done

Memory protections (0 events):
No events

Nmethod flushes (20 events):
Event: 54.682 Thread 0x000001c0d3f806b0 flushing  nmethod 0x000001c0c242c290
Event: 54.682 Thread 0x000001c0d3f806b0 flushing  nmethod 0x000001c0c2462f90
Event: 54.682 Thread 0x000001c0d3f806b0 flushing  nmethod 0x000001c0c24dac90
Event: 54.682 Thread 0x000001c0d3f806b0 flushing  nmethod 0x000001c0c24dce90
Event: 54.682 Thread 0x000001c0d3f806b0 flushing  nmethod 0x000001c0c254c210
Event: 54.682 Thread 0x000001c0d3f806b0 flushing  nmethod 0x000001c0c254ea10
Event: 54.682 Thread 0x000001c0d3f806b0 flushing  nmethod 0x000001c0c2551810
Event: 54.682 Thread 0x000001c0d3f806b0 flushing  nmethod 0x000001c0c2595d10
Event: 54.682 Thread 0x000001c0d3f806b0 flushing  nmethod 0x000001c0c2699590
Event: 54.682 Thread 0x000001c0d3f806b0 flushing  nmethod 0x000001c0c26b8510
Event: 54.682 Thread 0x000001c0d3f806b0 flushing  nmethod 0x000001c0c26cd710
Event: 54.682 Thread 0x000001c0d3f806b0 flushing  nmethod 0x000001c0c26eec90
Event: 54.682 Thread 0x000001c0d3f806b0 flushing  nmethod 0x000001c0c273ac10
Event: 54.682 Thread 0x000001c0d3f806b0 flushing  nmethod 0x000001c0c273bd10
Event: 54.682 Thread 0x000001c0d3f806b0 flushing  nmethod 0x000001c0c27bf910
Event: 54.682 Thread 0x000001c0d3f806b0 flushing  nmethod 0x000001c0c27c0510
Event: 54.682 Thread 0x000001c0d3f806b0 flushing  nmethod 0x000001c0c27c1c90
Event: 54.682 Thread 0x000001c0d3f806b0 flushing  nmethod 0x000001c0c27c2110
Event: 54.682 Thread 0x000001c0d3f806b0 flushing  nmethod 0x000001c0c2817510
Event: 54.682 Thread 0x000001c0d3f806b0 flushing  nmethod 0x000001c0c2817890

Events (20 events):
Event: 53.817 Thread 0x000001c0eed252d0 Thread added: 0x000001c0f0816aa0
Event: 53.855 Thread 0x000001c0eed252d0 Thread added: 0x000001c0f0816410
Event: 53.880 Thread 0x000001c0eed252d0 Thread added: 0x000001c0efa584b0
Event: 53.889 Thread 0x000001c0eed252d0 Thread added: 0x000001c0efa57e20
Event: 53.911 Thread 0x000001c0eed252d0 Thread added: 0x000001c0efa5b930
Event: 53.928 Thread 0x000001c0eed252d0 Thread added: 0x000001c0efa5d370
Event: 53.945 Thread 0x000001c0eed252d0 Thread added: 0x000001c0efa5c650
Event: 53.954 Thread 0x000001c0eed252d0 Thread added: 0x000001c0efa5edb0
Event: 53.960 Thread 0x000001c0eed252d0 Thread added: 0x000001c0efa58b40
Event: 53.966 Thread 0x000001c0eed252d0 Thread added: 0x000001c0efa591d0
Event: 53.972 Thread 0x000001c0eed252d0 Thread added: 0x000001c0efa5e720
Event: 53.978 Thread 0x000001c0eed252d0 Thread added: 0x000001c0efa5f440
Event: 53.983 Thread 0x000001c0eed252d0 Thread added: 0x000001c0efa59ef0
Event: 53.998 Thread 0x000001c0eed252d0 Thread added: 0x000001c0efa5da00
Event: 54.006 Thread 0x000001c0eed252d0 Thread added: 0x000001c0efa5a580
Event: 54.021 Thread 0x000001c0eed252d0 Thread added: 0x000001c0efa5bfc0
Event: 54.031 Thread 0x000001c0eed252d0 Thread added: 0x000001c0efa59860
Event: 54.034 Thread 0x000001c0ed108070 Thread added: 0x000001c0f2297f20
Event: 54.038 Thread 0x000001c0eed252d0 Thread added: 0x000001c0efa5cce0
Event: 56.828 Thread 0x000001c0f2297f20 Thread exited: 0x000001c0f2297f20


Dynamic libraries:
0x00007ff7ba4c0000 - 0x00007ff7ba4ce000 	C:\Users\ASUS\.jdks\openjdk-22.0.2\bin\java.exe
0x00007ffd8b710000 - 0x00007ffd8b908000 	C:\Windows\SYSTEM32\ntdll.dll
0x00007ffd8a1d0000 - 0x00007ffd8a28f000 	C:\Windows\System32\KERNEL32.DLL
0x00007ffd893a0000 - 0x00007ffd89672000 	C:\Windows\System32\KERNELBASE.dll
0x00007ffd88fd0000 - 0x00007ffd890d0000 	C:\Windows\System32\ucrtbase.dll
0x00007ffd72bf0000 - 0x00007ffd72c07000 	C:\Users\ASUS\.jdks\openjdk-22.0.2\bin\jli.dll
0x00007ffd89810000 - 0x00007ffd899b1000 	C:\Windows\System32\USER32.dll
0x00007ffd89370000 - 0x00007ffd89392000 	C:\Windows\System32\win32u.dll
0x00007ffd8b4f0000 - 0x00007ffd8b51b000 	C:\Windows\System32\GDI32.dll
0x00007ffd890d0000 - 0x00007ffd891df000 	C:\Windows\System32\gdi32full.dll
0x00007ffd89680000 - 0x00007ffd8971d000 	C:\Windows\System32\msvcp_win.dll
0x00007ffd6db60000 - 0x00007ffd6db7b000 	C:\Users\ASUS\.jdks\openjdk-22.0.2\bin\VCRUNTIME140.dll
0x00007ffd88200000 - 0x00007ffd8849a000 	C:\Windows\WinSxS\amd64_microsoft.windows.common-controls_6595b64144ccf1df_6.0.19041.1110_none_60b5254171f9507e\COMCTL32.dll
0x00007ffd8a290000 - 0x00007ffd8a32e000 	C:\Windows\System32\msvcrt.dll
0x00007ffd89770000 - 0x00007ffd897a2000 	C:\Windows\System32\IMM32.DLL
0x00007ffd86f40000 - 0x00007ffd86f4c000 	C:\Users\ASUS\.jdks\openjdk-22.0.2\bin\vcruntime140_1.dll
0x00007ffd66bc0000 - 0x00007ffd66c4e000 	C:\Users\ASUS\.jdks\openjdk-22.0.2\bin\msvcp140.dll
0x00007ffd0bab0000 - 0x00007ffd0c7f9000 	C:\Users\ASUS\.jdks\openjdk-22.0.2\bin\server\jvm.dll
0x00007ffd89f60000 - 0x00007ffd8a00e000 	C:\Windows\System32\ADVAPI32.dll
0x00007ffd8b520000 - 0x00007ffd8b5bc000 	C:\Windows\System32\sechost.dll
0x00007ffd8b290000 - 0x00007ffd8b3b5000 	C:\Windows\System32\RPCRT4.dll
0x00007ffd8a330000 - 0x00007ffd8a39b000 	C:\Windows\System32\WS2_32.dll
0x00007ffd88880000 - 0x00007ffd888cb000 	C:\Windows\SYSTEM32\POWRPROF.dll
0x00007ffd7c630000 - 0x00007ffd7c657000 	C:\Windows\SYSTEM32\WINMM.dll
0x00007ffd81ea0000 - 0x00007ffd81eaa000 	C:\Windows\SYSTEM32\VERSION.dll
0x00007ffd884a0000 - 0x00007ffd884b2000 	C:\Windows\SYSTEM32\UMPDC.dll
0x00007ffd85fc0000 - 0x00007ffd85fd2000 	C:\Windows\SYSTEM32\kernel.appcore.dll
0x00007ffd72be0000 - 0x00007ffd72bea000 	C:\Users\ASUS\.jdks\openjdk-22.0.2\bin\jimage.dll
0x00007ffd88690000 - 0x00007ffd88874000 	C:\Windows\SYSTEM32\DBGHELP.DLL
0x00007ffd885d0000 - 0x00007ffd88605000 	C:\Windows\SYSTEM32\dbgcore.DLL
0x00007ffd892e0000 - 0x00007ffd89362000 	C:\Windows\System32\bcryptPrimitives.dll
0x00007ffd70a50000 - 0x00007ffd70a5f000 	C:\Users\ASUS\.jdks\openjdk-22.0.2\bin\instrument.dll
0x00007ffd6db40000 - 0x00007ffd6db5e000 	C:\Users\ASUS\.jdks\openjdk-22.0.2\bin\java.dll
0x00007ffd8a980000 - 0x00007ffd8b0c5000 	C:\Windows\System32\SHELL32.dll
0x00007ffd8b3c0000 - 0x00007ffd8b4ea000 	C:\Windows\System32\ole32.dll
0x00007ffd8a470000 - 0x00007ffd8a7c5000 	C:\Windows\System32\combase.dll
0x00007ffd861c0000 - 0x00007ffd86952000 	C:\Windows\SYSTEM32\windows.storage.dll
0x00007ffd88160000 - 0x00007ffd88190000 	C:\Windows\SYSTEM32\Wldp.dll
0x00007ffd8b620000 - 0x00007ffd8b6cd000 	C:\Windows\System32\SHCORE.dll
0x00007ffd8b5c0000 - 0x00007ffd8b615000 	C:\Windows\System32\shlwapi.dll
0x00007ffd88d40000 - 0x00007ffd88d5f000 	C:\Windows\SYSTEM32\profapi.dll
0x00007ffd55470000 - 0x00007ffd55547000 	C:\Users\ASUS\.jdks\openjdk-22.0.2\bin\jsvml.dll
0x00007ffd689c0000 - 0x00007ffd689d7000 	C:\Users\ASUS\.jdks\openjdk-22.0.2\bin\zip.dll
0x00007ffd6e4e0000 - 0x00007ffd6e4f0000 	C:\Users\ASUS\.jdks\openjdk-22.0.2\bin\net.dll
0x00007ffd88030000 - 0x00007ffd8809a000 	C:\Windows\system32\mswsock.dll
0x00007ffd68510000 - 0x00007ffd68526000 	C:\Users\ASUS\.jdks\openjdk-22.0.2\bin\nio.dll
0x00007ffd6dad0000 - 0x00007ffd6dae0000 	C:\Users\ASUS\.jdks\openjdk-22.0.2\bin\verify.dll
0x00007ffd5c9b0000 - 0x00007ffd5c9d7000 	C:\Users\ASUS\.gradle\native\c067742578af261105cb4f569cf0c3c89f3d7b1fecec35dd04571415982c5e48\windows-amd64\native-platform.dll
0x00007ffd1f800000 - 0x00007ffd1f944000 	C:\Users\ASUS\.gradle\native\100fb08df4bc3b14c8652ba06237920a3bd2aa13389f12d3474272988ae205f9\windows-amd64\native-platform-file-events.dll
0x00007ffd6dab0000 - 0x00007ffd6daba000 	C:\Users\ASUS\.jdks\openjdk-22.0.2\bin\management.dll
0x00007ffd6d8d0000 - 0x00007ffd6d8db000 	C:\Users\ASUS\.jdks\openjdk-22.0.2\bin\management_ext.dll
0x00007ffd8a010000 - 0x00007ffd8a018000 	C:\Windows\System32\PSAPI.DLL
0x00007ffd88b90000 - 0x00007ffd88ba8000 	C:\Windows\SYSTEM32\CRYPTSP.dll
0x00007ffd877d0000 - 0x00007ffd87804000 	C:\Windows\system32\rsaenh.dll
0x00007ffd89720000 - 0x00007ffd89747000 	C:\Windows\System32\bcrypt.dll
0x00007ffd88d00000 - 0x00007ffd88d2e000 	C:\Windows\SYSTEM32\USERENV.dll
0x00007ffd88120000 - 0x00007ffd8812c000 	C:\Windows\SYSTEM32\CRYPTBASE.dll
0x00007ffd87bb0000 - 0x00007ffd87beb000 	C:\Windows\SYSTEM32\IPHLPAPI.DLL
0x00007ffd89e40000 - 0x00007ffd89e48000 	C:\Windows\System32\NSI.dll
0x00007ffd6d7b0000 - 0x00007ffd6d7b9000 	C:\Users\ASUS\.jdks\openjdk-22.0.2\bin\extnet.dll
0x00007ffd6c870000 - 0x00007ffd6c87e000 	C:\Users\ASUS\.jdks\openjdk-22.0.2\bin\sunmscapi.dll
0x00007ffd88e00000 - 0x00007ffd88f56000 	C:\Windows\System32\CRYPT32.dll
0x00007ffd881d0000 - 0x00007ffd881f7000 	C:\Windows\SYSTEM32\ncrypt.dll
0x00007ffd88190000 - 0x00007ffd881cb000 	C:\Windows\SYSTEM32\NTASN1.dll
0x00007ffd75850000 - 0x00007ffd75857000 	C:\Windows\system32\wshunix.dll

dbghelp: loaded successfully - version: 4.0.5 - missing functions: none
symbol engine: initialized successfully - sym options: 0x614 - pdb path: .;C:\Users\ASUS\.jdks\openjdk-22.0.2\bin;C:\Windows\SYSTEM32;C:\Windows\WinSxS\amd64_microsoft.windows.common-controls_6595b64144ccf1df_6.0.19041.1110_none_60b5254171f9507e;C:\Users\ASUS\.jdks\openjdk-22.0.2\bin\server;C:\Users\ASUS\.gradle\native\c067742578af261105cb4f569cf0c3c89f3d7b1fecec35dd04571415982c5e48\windows-amd64;C:\Users\ASUS\.gradle\native\100fb08df4bc3b14c8652ba06237920a3bd2aa13389f12d3474272988ae205f9\windows-amd64

VM Arguments:
jvm_args: --add-opens=java.base/java.lang=ALL-UNNAMED --add-opens=java.base/java.lang.invoke=ALL-UNNAMED --add-opens=java.base/java.util=ALL-UNNAMED --add-opens=java.prefs/java.util.prefs=ALL-UNNAMED --add-exports=jdk.compiler/com.sun.tools.javac.api=ALL-UNNAMED --add-exports=jdk.compiler/com.sun.tools.javac.util=ALL-UNNAMED --add-opens=java.base/java.util=ALL-UNNAMED --add-opens=java.prefs/java.util.prefs=ALL-UNNAMED --add-opens=java.base/java.nio.charset=ALL-UNNAMED --add-opens=java.base/java.net=ALL-UNNAMED --add-opens=java.base/java.util.concurrent.atomic=ALL-UNNAMED --add-opens=java.xml/javax.xml.namespace=ALL-UNNAMED -XX:MaxMetaspaceSize=384m -XX:+HeapDumpOnOutOfMemoryError -Xms256m -Xmx512m -Dfile.encoding=windows-1252 -Duser.country=US -Duser.language=en -Duser.variant -javaagent:C:\Users\ASUS\.gradle\wrapper\dists\gradle-8.11.1-bin\bpt9gzteqjrbo1mjrsomdt32c\gradle-8.11.1\lib\agents\gradle-instrumentation-agent-8.11.1.jar 
java_command: org.gradle.launcher.daemon.bootstrap.GradleDaemon 8.11.1
java_class_path (initial): C:\Users\ASUS\.gradle\wrapper\dists\gradle-8.11.1-bin\bpt9gzteqjrbo1mjrsomdt32c\gradle-8.11.1\lib\gradle-daemon-main-8.11.1.jar
Launcher Type: SUN_STANDARD

[Global flags]
     intx CICompilerCount                          = 3                                         {product} {ergonomic}
   size_t CompressedClassSpaceSize                 = 335544320                                 {product} {ergonomic}
     uint ConcGCThreads                            = 1                                         {product} {ergonomic}
     uint G1ConcRefinementThreads                  = 4                                         {product} {ergonomic}
   size_t G1HeapRegionSize                         = 1048576                                   {product} {ergonomic}
     bool HeapDumpOnOutOfMemoryError               = true                                   {manageable} {command line}
   size_t InitialHeapSize                          = 268435456                                 {product} {command line}
   size_t MarkStackSize                            = 4194304                                   {product} {ergonomic}
   size_t MaxHeapSize                              = 536870912                                 {product} {command line}
   size_t MaxMetaspaceSize                         = 402653184                                 {product} {command line}
   size_t MaxNewSize                               = 321912832                                 {product} {ergonomic}
   size_t MinHeapDeltaBytes                        = 1048576                                   {product} {ergonomic}
   size_t MinHeapSize                              = 268435456                                 {product} {command line}
    uintx NonNMethodCodeHeapSize                   = 5832780                                {pd product} {ergonomic}
    uintx NonProfiledCodeHeapSize                  = 122912730                              {pd product} {ergonomic}
    uintx ProfiledCodeHeapSize                     = 122912730                              {pd product} {ergonomic}
    uintx ReservedCodeCacheSize                    = 251658240                              {pd product} {ergonomic}
     bool SegmentedCodeCache                       = true                                      {product} {ergonomic}
   size_t SoftMaxHeapSize                          = 536870912                              {manageable} {ergonomic}
     bool UseCompressedOops                        = true                           {product lp64_product} {ergonomic}
     bool UseG1GC                                  = true                                      {product} {ergonomic}
     bool UseLargePagesIndividualAllocation        = false                                  {pd product} {ergonomic}

Logging:
Log output configuration:
 #0: stdout all=warning uptime,level,tags foldmultilines=false
 #1: stderr all=off uptime,level,tags foldmultilines=false

Environment Variables:
PATH=C:\Windows\system32;C:\Windows;C:\Windows\System32\Wbem;C:\Windows\System32\WindowsPowerShell\v1.0\;C:\Windows\System32\OpenSSH\;C:\Program Files\Git\cmd;C:\Users\ASUS\AppData\Local\Microsoft\WindowsApps;;D:\WebStorm 2024.1.5\bin;
USERNAME=ASUS
OS=Windows_NT
PROCESSOR_IDENTIFIER=Intel64 Family 6 Model 158 Stepping 9, GenuineIntel
TMP=C:\Users\ASUS\AppData\Local\Temp
TEMP=C:\Users\ASUS\AppData\Local\Temp




Periodic native trim disabled

---------------  S Y S T E M  ---------------

OS:
 Windows 10 , 64 bit Build 19041 (10.0.19041.2546)
OS uptime: 0 days 11:31 hours

CPU: total 4 (initial active 4) (4 cores per cpu, 1 threads per core) family 6 model 158 stepping 9 microcode 0xb4, cx8, cmov, fxsr, mmx, 3dnowpref, sse, sse2, sse3, ssse3, sse4.1, sse4.2, popcnt, lzcnt, tsc, tscinvbit, avx, avx2, aes, erms, clmul, bmi1, bmi2, adx, fma, vzeroupper, clflush, clflushopt, rdtscp, f16c
Processor Information for all 4 processors :
  Max Mhz: 2501, Current Mhz: 2501, Mhz Limit: 2501

Memory: 4k page, system-wide physical 8076M (473M free)
TotalPageFile size 16542M (AvailPageFile size 26M)
current process WorkingSet (physical memory assigned to process): 385M, peak: 385M
current process commit charge ("private bytes"): 488M, peak: 488M

vm_info: OpenJDK 64-Bit Server VM (22.0.2+9-70) for windows-amd64 JRE (22.0.2+9-70), built on 2024-06-04T16:52:23Z by "mach5one" with MS VC++ 17.6 (VS2022)

END.
