#
# There is insufficient memory for the Java Runtime Environment to continue.
# Native memory allocation (malloc) failed to allocate 796016 bytes. Error detail: Chunk::new
# Possible reasons:
#   The system is out of physical RAM or swap space
#   This process is running with CompressedOops enabled, and the Java Heap may be blocking the growth of the native heap
# Possible solutions:
#   Reduce memory load on the system
#   Increase physical memory or swap space
#   Check if swap backing store is full
#   Decrease Java heap size (-Xmx/-Xms)
#   Decrease number of Java threads
#   Decrease Java thread stack sizes (-Xss)
#   Set larger code cache with -XX:ReservedCodeCacheSize=
#   JVM is running with Unscaled Compressed Oops mode in which the Java heap is
#     placed in the first 4GB address space. The Java Heap base address is the
#     maximum limit for the native heap growth. Please use -XX:HeapBaseMinAddress
#     to set the Java Heap base and to place the Java Heap above 4GB virtual address.
# This output file may be truncated or incomplete.
#
#  Out of Memory Error (arena.cpp:191), pid=992, tid=11256
#
# JRE version: OpenJDK Runtime Environment JBR-17.0.11+1-1207.24-jcef (17.0.11+1) (build 17.0.11+1-b1207.24)
# Java VM: OpenJDK 64-Bit Server VM JBR-17.0.11+1-1207.24-jcef (17.0.11+1-b1207.24, mixed mode, tiered, compressed oops, compressed class ptrs, g1 gc, windows-amd64)
# No core dump will be written. Minidumps are not enabled by default on client versions of Windows
#

---------------  S U M M A R Y ------------

Command Line: -Djava.rmi.server.hostname=127.0.0.1 -Duser.timezone=UTC -Xmx2048m -Xms128m -Djdbc.classpath=D:\Java\IntelliJ IDEA 2024.1.4\plugins\DatabaseTools\lib\jdbc-console.jar;C:\Users\ASUS\AppData\Roaming\JetBrains\IntelliJIdea2024.1\jdbc-drivers\MySQL ConnectorJ\8.2.0\com\mysql\mysql-connector-j\8.2.0\mysql-connector-j-8.2.0.jar;C:\Users\ASUS\AppData\Roaming\JetBrains\IntelliJIdea2024.1\jdbc-drivers\MySQL ConnectorJ\8.2.0\com\google\protobuf\protobuf-java\3.21.9\protobuf-java-3.21.9.jar --add-exports=java.desktop/sun.awt=ALL-UNNAMED --add-exports=java.desktop/java.awt.peer=ALL-UNNAMED --add-opens=java.desktop/java.awt=ALL-UNNAMED --add-opens=jdk.unsupported/sun.misc=ALL-UNNAMED --add-opens=java.base/java.nio=ALL-UNNAMED --add-opens=java.base/java.util=ALL-UNNAMED -Dfile.encoding=UTF-8 com.intellij.database.remote.RemoteJdbcServer com.mysql.cj.jdbc.Driver

Host: Intel(R) Core(TM) i5-7300HQ CPU @ 2.50GHz, 4 cores, 7G,  Windows 10 , 64 bit Build 19041 (10.0.19041.2546)
Time: Thu Jan  9 13:44:27 2025 SE Asia Standard Time elapsed time: 0.994549 seconds (0d 0h 0m 0s)

---------------  T H R E A D  ---------------

Current thread (0x000002715f01a720):  JavaThread "C2 CompilerThread0" daemon [_thread_in_native, id=11256, stack(0x000000ae95700000,0x000000ae95800000)]


Current CompileTask:
C2:    994 1651       4       jdk.internal.org.objectweb.asm.Frame::execute (2305 bytes)

Stack: [0x000000ae95700000,0x000000ae95800000]
Native frames: (J=compiled Java code, j=interpreted, Vv=VM code, C=native code)
V  [jvm.dll+0x6877f9]
V  [jvm.dll+0x8411aa]
V  [jvm.dll+0x842e2e]
V  [jvm.dll+0x843493]
V  [jvm.dll+0x249fdf]
V  [jvm.dll+0xac544]
V  [jvm.dll+0xacb8c]
V  [jvm.dll+0x2b15af]
V  [jvm.dll+0x58e827]
V  [jvm.dll+0x224492]
V  [jvm.dll+0x21d702]
V  [jvm.dll+0x21aeb1]
V  [jvm.dll+0x1a637d]
V  [jvm.dll+0x22ae8e]
V  [jvm.dll+0x229015]
V  [jvm.dll+0x7f53a7]
V  [jvm.dll+0x7ef7aa]
V  [jvm.dll+0x686675]
C  [ucrtbase.dll+0x21bb2]
C  [KERNEL32.DLL+0x17614]
C  [ntdll.dll+0x526a1]


---------------  P R O C E S S  ---------------

Threads class SMR info:
_java_thread_list=0x000002715f4fd1a0, length=24, elements={
0x000002713f59a630, 0x000002715adce260, 0x000002715adceff0, 0x000002715addcee0,
0x000002715addd7b0, 0x000002715adde080, 0x000002715adde950, 0x000002715f01a720,
0x000002715f01b030, 0x000002715f020e50, 0x000002715f1b74e0, 0x000002715f1d3d00,
0x000002715f2b33d0, 0x000002715f2666b0, 0x000002715f4db140, 0x000002715f4e2af0,
0x000002715f4e2fd0, 0x000002715f2c9f30, 0x000002715f4cf2d0, 0x000002715f51f430,
0x000002715f521f80, 0x000002715f5242f0, 0x000002715f523de0, 0x000002715f521560
}

Java Threads: ( => current thread )
  0x000002713f59a630 JavaThread "main" [_thread_blocked, id=13968, stack(0x000000ae94a00000,0x000000ae94b00000)]
  0x000002715adce260 JavaThread "Reference Handler" daemon [_thread_blocked, id=11072, stack(0x000000ae95100000,0x000000ae95200000)]
  0x000002715adceff0 JavaThread "Finalizer" daemon [_thread_blocked, id=10516, stack(0x000000ae95200000,0x000000ae95300000)]
  0x000002715addcee0 JavaThread "Signal Dispatcher" daemon [_thread_blocked, id=13936, stack(0x000000ae95300000,0x000000ae95400000)]
  0x000002715addd7b0 JavaThread "Attach Listener" daemon [_thread_blocked, id=12928, stack(0x000000ae95400000,0x000000ae95500000)]
  0x000002715adde080 JavaThread "Service Thread" daemon [_thread_blocked, id=6140, stack(0x000000ae95500000,0x000000ae95600000)]
  0x000002715adde950 JavaThread "Monitor Deflation Thread" daemon [_thread_blocked, id=10084, stack(0x000000ae95600000,0x000000ae95700000)]
=>0x000002715f01a720 JavaThread "C2 CompilerThread0" daemon [_thread_in_native, id=11256, stack(0x000000ae95700000,0x000000ae95800000)]
  0x000002715f01b030 JavaThread "C1 CompilerThread0" daemon [_thread_blocked, id=1596, stack(0x000000ae95800000,0x000000ae95900000)]
  0x000002715f020e50 JavaThread "Sweeper thread" daemon [_thread_blocked, id=13144, stack(0x000000ae95900000,0x000000ae95a00000)]
  0x000002715f1b74e0 JavaThread "Common-Cleaner" daemon [_thread_blocked, id=12188, stack(0x000000ae95a00000,0x000000ae95b00000)]
  0x000002715f1d3d00 JavaThread "Notification Thread" daemon [_thread_blocked, id=17268, stack(0x000000ae95b00000,0x000000ae95c00000)]
  0x000002715f2b33d0 JavaThread "C2 CompilerThread1" daemon [_thread_blocked, id=2540, stack(0x000000ae95d00000,0x000000ae95e00000)]
  0x000002715f2666b0 JavaThread "mysql-cj-abandoned-connection-cleanup" daemon [_thread_blocked, id=6056, stack(0x000000ae95e00000,0x000000ae95f00000)]
  0x000002715f4db140 JavaThread "RMI TCP Accept-56222" daemon [_thread_in_native, id=2648, stack(0x000000ae95f00000,0x000000ae96000000)]
  0x000002715f4e2af0 JavaThread "RMI TCP Accept-0" daemon [_thread_in_native, id=2968, stack(0x000000ae96000000,0x000000ae96100000)]
  0x000002715f4e2fd0 JavaThread "RMI Reaper" [_thread_blocked, id=3316, stack(0x000000ae96100000,0x000000ae96200000)]
  0x000002715f2c9f30 JavaThread "RMI GC Daemon" daemon [_thread_blocked, id=16580, stack(0x000000ae96200000,0x000000ae96300000)]
  0x000002715f4cf2d0 JavaThread "RMI TCP Connection(1)-127.0.0.1" daemon [_thread_in_native, id=14984, stack(0x000000ae96300000,0x000000ae96400000)]
  0x000002715f51f430 JavaThread "RMI TCP Connection(2)-127.0.0.1" daemon [_thread_in_native, id=8680, stack(0x000000ae96400000,0x000000ae96500000)]
  0x000002715f521f80 JavaThread "RMI TCP Connection(3)-127.0.0.1" daemon [_thread_in_native, id=10580, stack(0x000000ae96500000,0x000000ae96600000)]
  0x000002715f5242f0 JavaThread "RMI TCP Connection(4)-127.0.0.1" daemon [_thread_in_native, id=13372, stack(0x000000ae96600000,0x000000ae96700000)]
  0x000002715f523de0 JavaThread "RMI Scheduler(0)" daemon [_thread_blocked, id=1380, stack(0x000000ae96700000,0x000000ae96800000)]
  0x000002715f521560 JavaThread "RMI RenewClean-[127.0.0.1:57301]" daemon [_thread_blocked, id=11176, stack(0x000000ae96800000,0x000000ae96900000)]

Other Threads:
  0x000002715adab130 VMThread "VM Thread" [stack: 0x000000ae95000000,0x000000ae95100000] [id=11476]
  0x000002715f1d5200 WatcherThread [stack: 0x000000ae95c00000,0x000000ae95d00000] [id=8272]
  0x000002713f5f28b0 GCTaskThread "GC Thread#0" [stack: 0x000000ae94b00000,0x000000ae94c00000] [id=15144]
  0x000002715f5c2a70 GCTaskThread "GC Thread#1" [stack: 0x000000ae96900000,0x000000ae96a00000] [id=12388]
  0x000002715f82d1f0 GCTaskThread "GC Thread#2" [stack: 0x000000ae96a00000,0x000000ae96b00000] [id=13300]
  0x000002715f82d4b0 GCTaskThread "GC Thread#3" [stack: 0x000000ae96b00000,0x000000ae96c00000] [id=1260]
  0x000002713f603710 ConcurrentGCThread "G1 Main Marker" [stack: 0x000000ae94c00000,0x000000ae94d00000] [id=1140]
  0x000002713f6057f0 ConcurrentGCThread "G1 Conc#0" [stack: 0x000000ae94d00000,0x000000ae94e00000] [id=13404]
  0x000002713f65c630 ConcurrentGCThread "G1 Refine#0" [stack: 0x000000ae94e00000,0x000000ae94f00000] [id=5700]
  0x000002715f8a8c00 ConcurrentGCThread "G1 Refine#1" [stack: 0x000000ae96c00000,0x000000ae96d00000] [id=7572]
  0x000002713f65df80 ConcurrentGCThread "G1 Service" [stack: 0x000000ae94f00000,0x000000ae95000000] [id=7300]

Threads with active compile tasks:
C2 CompilerThread0     1015 1651       4       jdk.internal.org.objectweb.asm.Frame::execute (2305 bytes)

VM state: not at safepoint (normal execution)

VM Mutex/Monitor currently owned by a thread: None

Heap address: 0x0000000080000000, size: 2048 MB, Compressed Oops mode: 32-bit

CDS archive(s) not mapped
Compressed class space mapped at: 0x0000000100000000-0x0000000140000000, reserved size: 1073741824
Narrow klass base: 0x0000000000000000, Narrow klass shift: 3, Narrow klass range: 0x140000000

GC Precious Log:
 CPUs: 4 total, 4 available
 Memory: 8076M
 Large Page Support: Disabled
 NUMA Support: Disabled
 Compressed Oops: Enabled (32-bit)
 Heap Region Size: 1M
 Heap Min Capacity: 128M
 Heap Initial Capacity: 128M
 Heap Max Capacity: 2G
 Pre-touch: Disabled
 Parallel Workers: 4
 Concurrent Workers: 1
 Concurrent Refinement Workers: 4
 Periodic GC: Disabled

Heap:
 garbage-first heap   total 131072K, used 14248K [0x0000000080000000, 0x0000000100000000)
  region size 1024K, 8 young (8192K), 2 survivors (2048K)
 Metaspace       used 23372K, committed 23680K, reserved 1114112K
  class space    used 2522K, committed 2688K, reserved 1048576K

Heap Regions: E=young(eden), S=young(survivor), O=old, HS=humongous(starts), HC=humongous(continues), CS=collection set, F=free, OA=open archive, CA=closed archive, TAMS=top-at-mark-start (previous, next)
|   0|0x0000000080000000, 0x0000000080100000, 0x0000000080100000|100%|HS|  |TAMS 0x0000000080100000, 0x0000000080000000| Complete 
|   1|0x0000000080100000, 0x0000000080200000, 0x0000000080200000|100%|HC|  |TAMS 0x0000000080200000, 0x0000000080100000| Complete 
|   2|0x0000000080200000, 0x0000000080300000, 0x0000000080300000|100%|HC|  |TAMS 0x0000000080300000, 0x0000000080200000| Complete 
|   3|0x0000000080300000, 0x0000000080400000, 0x0000000080400000|100%| O|  |TAMS 0x0000000080400000, 0x0000000080300000| Untracked 
|   4|0x0000000080400000, 0x0000000080500000, 0x0000000080500000|100%| O|  |TAMS 0x0000000080500000, 0x0000000080400000| Untracked 
|   5|0x0000000080500000, 0x0000000080600000, 0x0000000080600000|100%| O|  |TAMS 0x0000000080502000, 0x0000000080500000| Untracked 
|   6|0x0000000080600000, 0x0000000080700000, 0x0000000080700000|100%| O|  |TAMS 0x0000000080600000, 0x0000000080600000| Untracked 
|   7|0x0000000080700000, 0x0000000080740000, 0x0000000080800000| 25%| O|  |TAMS 0x0000000080700000, 0x0000000080700000| Untracked 
|   8|0x0000000080800000, 0x0000000080800000, 0x0000000080900000|  0%| F|  |TAMS 0x0000000080800000, 0x0000000080800000| Untracked 
|   9|0x0000000080900000, 0x0000000080900000, 0x0000000080a00000|  0%| F|  |TAMS 0x0000000080900000, 0x0000000080900000| Untracked 
|  10|0x0000000080a00000, 0x0000000080a00000, 0x0000000080b00000|  0%| F|  |TAMS 0x0000000080a00000, 0x0000000080a00000| Untracked 
|  11|0x0000000080b00000, 0x0000000080b00000, 0x0000000080c00000|  0%| F|  |TAMS 0x0000000080b00000, 0x0000000080b00000| Untracked 
|  12|0x0000000080c00000, 0x0000000080c00000, 0x0000000080d00000|  0%| F|  |TAMS 0x0000000080c00000, 0x0000000080c00000| Untracked 
|  13|0x0000000080d00000, 0x0000000080d00000, 0x0000000080e00000|  0%| F|  |TAMS 0x0000000080d00000, 0x0000000080d00000| Untracked 
|  14|0x0000000080e00000, 0x0000000080e00000, 0x0000000080f00000|  0%| F|  |TAMS 0x0000000080e00000, 0x0000000080e00000| Untracked 
|  15|0x0000000080f00000, 0x0000000080f00000, 0x0000000081000000|  0%| F|  |TAMS 0x0000000080f00000, 0x0000000080f00000| Untracked 
|  16|0x0000000081000000, 0x0000000081000000, 0x0000000081100000|  0%| F|  |TAMS 0x0000000081000000, 0x0000000081000000| Untracked 
|  17|0x0000000081100000, 0x0000000081100000, 0x0000000081200000|  0%| F|  |TAMS 0x0000000081100000, 0x0000000081100000| Untracked 
|  18|0x0000000081200000, 0x0000000081200000, 0x0000000081300000|  0%| F|  |TAMS 0x0000000081200000, 0x0000000081200000| Untracked 
|  19|0x0000000081300000, 0x0000000081300000, 0x0000000081400000|  0%| F|  |TAMS 0x0000000081300000, 0x0000000081300000| Untracked 
|  20|0x0000000081400000, 0x0000000081400000, 0x0000000081500000|  0%| F|  |TAMS 0x0000000081400000, 0x0000000081400000| Untracked 
|  21|0x0000000081500000, 0x0000000081500000, 0x0000000081600000|  0%| F|  |TAMS 0x0000000081500000, 0x0000000081500000| Untracked 
|  22|0x0000000081600000, 0x0000000081600000, 0x0000000081700000|  0%| F|  |TAMS 0x0000000081600000, 0x0000000081600000| Untracked 
|  23|0x0000000081700000, 0x0000000081700000, 0x0000000081800000|  0%| F|  |TAMS 0x0000000081700000, 0x0000000081700000| Untracked 
|  24|0x0000000081800000, 0x0000000081800000, 0x0000000081900000|  0%| F|  |TAMS 0x0000000081800000, 0x0000000081800000| Untracked 
|  25|0x0000000081900000, 0x0000000081900000, 0x0000000081a00000|  0%| F|  |TAMS 0x0000000081900000, 0x0000000081900000| Untracked 
|  26|0x0000000081a00000, 0x0000000081a00000, 0x0000000081b00000|  0%| F|  |TAMS 0x0000000081a00000, 0x0000000081a00000| Untracked 
|  27|0x0000000081b00000, 0x0000000081b00000, 0x0000000081c00000|  0%| F|  |TAMS 0x0000000081b00000, 0x0000000081b00000| Untracked 
|  28|0x0000000081c00000, 0x0000000081c00000, 0x0000000081d00000|  0%| F|  |TAMS 0x0000000081c00000, 0x0000000081c00000| Untracked 
|  29|0x0000000081d00000, 0x0000000081d00000, 0x0000000081e00000|  0%| F|  |TAMS 0x0000000081d00000, 0x0000000081d00000| Untracked 
|  30|0x0000000081e00000, 0x0000000081e00000, 0x0000000081f00000|  0%| F|  |TAMS 0x0000000081e00000, 0x0000000081e00000| Untracked 
|  31|0x0000000081f00000, 0x0000000081f00000, 0x0000000082000000|  0%| F|  |TAMS 0x0000000081f00000, 0x0000000081f00000| Untracked 
|  32|0x0000000082000000, 0x0000000082000000, 0x0000000082100000|  0%| F|  |TAMS 0x0000000082000000, 0x0000000082000000| Untracked 
|  33|0x0000000082100000, 0x0000000082100000, 0x0000000082200000|  0%| F|  |TAMS 0x0000000082100000, 0x0000000082100000| Untracked 
|  34|0x0000000082200000, 0x0000000082200000, 0x0000000082300000|  0%| F|  |TAMS 0x0000000082200000, 0x0000000082200000| Untracked 
|  35|0x0000000082300000, 0x0000000082300000, 0x0000000082400000|  0%| F|  |TAMS 0x0000000082300000, 0x0000000082300000| Untracked 
|  36|0x0000000082400000, 0x0000000082400000, 0x0000000082500000|  0%| F|  |TAMS 0x0000000082400000, 0x0000000082400000| Untracked 
|  37|0x0000000082500000, 0x0000000082500000, 0x0000000082600000|  0%| F|  |TAMS 0x0000000082500000, 0x0000000082500000| Untracked 
|  38|0x0000000082600000, 0x0000000082600000, 0x0000000082700000|  0%| F|  |TAMS 0x0000000082600000, 0x0000000082600000| Untracked 
|  39|0x0000000082700000, 0x0000000082700000, 0x0000000082800000|  0%| F|  |TAMS 0x0000000082700000, 0x0000000082700000| Untracked 
|  40|0x0000000082800000, 0x0000000082800000, 0x0000000082900000|  0%| F|  |TAMS 0x0000000082800000, 0x0000000082800000| Untracked 
|  41|0x0000000082900000, 0x0000000082900000, 0x0000000082a00000|  0%| F|  |TAMS 0x0000000082900000, 0x0000000082900000| Untracked 
|  42|0x0000000082a00000, 0x0000000082a00000, 0x0000000082b00000|  0%| F|  |TAMS 0x0000000082a00000, 0x0000000082a00000| Untracked 
|  43|0x0000000082b00000, 0x0000000082b00000, 0x0000000082c00000|  0%| F|  |TAMS 0x0000000082b00000, 0x0000000082b00000| Untracked 
|  44|0x0000000082c00000, 0x0000000082c00000, 0x0000000082d00000|  0%| F|  |TAMS 0x0000000082c00000, 0x0000000082c00000| Untracked 
|  45|0x0000000082d00000, 0x0000000082d00000, 0x0000000082e00000|  0%| F|  |TAMS 0x0000000082d00000, 0x0000000082d00000| Untracked 
|  46|0x0000000082e00000, 0x0000000082e00000, 0x0000000082f00000|  0%| F|  |TAMS 0x0000000082e00000, 0x0000000082e00000| Untracked 
|  47|0x0000000082f00000, 0x0000000082f00000, 0x0000000083000000|  0%| F|  |TAMS 0x0000000082f00000, 0x0000000082f00000| Untracked 
|  48|0x0000000083000000, 0x0000000083000000, 0x0000000083100000|  0%| F|  |TAMS 0x0000000083000000, 0x0000000083000000| Untracked 
|  49|0x0000000083100000, 0x0000000083100000, 0x0000000083200000|  0%| F|  |TAMS 0x0000000083100000, 0x0000000083100000| Untracked 
|  50|0x0000000083200000, 0x0000000083200000, 0x0000000083300000|  0%| F|  |TAMS 0x0000000083200000, 0x0000000083200000| Untracked 
|  51|0x0000000083300000, 0x0000000083300000, 0x0000000083400000|  0%| F|  |TAMS 0x0000000083300000, 0x0000000083300000| Untracked 
|  52|0x0000000083400000, 0x0000000083400000, 0x0000000083500000|  0%| F|  |TAMS 0x0000000083400000, 0x0000000083400000| Untracked 
|  53|0x0000000083500000, 0x0000000083500000, 0x0000000083600000|  0%| F|  |TAMS 0x0000000083500000, 0x0000000083500000| Untracked 
|  54|0x0000000083600000, 0x0000000083600000, 0x0000000083700000|  0%| F|  |TAMS 0x0000000083600000, 0x0000000083600000| Untracked 
|  55|0x0000000083700000, 0x0000000083700000, 0x0000000083800000|  0%| F|  |TAMS 0x0000000083700000, 0x0000000083700000| Untracked 
|  56|0x0000000083800000, 0x0000000083800000, 0x0000000083900000|  0%| F|  |TAMS 0x0000000083800000, 0x0000000083800000| Untracked 
|  57|0x0000000083900000, 0x0000000083900000, 0x0000000083a00000|  0%| F|  |TAMS 0x0000000083900000, 0x0000000083900000| Untracked 
|  58|0x0000000083a00000, 0x0000000083a00000, 0x0000000083b00000|  0%| F|  |TAMS 0x0000000083a00000, 0x0000000083a00000| Untracked 
|  59|0x0000000083b00000, 0x0000000083b00000, 0x0000000083c00000|  0%| F|  |TAMS 0x0000000083b00000, 0x0000000083b00000| Untracked 
|  60|0x0000000083c00000, 0x0000000083c00000, 0x0000000083d00000|  0%| F|  |TAMS 0x0000000083c00000, 0x0000000083c00000| Untracked 
|  61|0x0000000083d00000, 0x0000000083d00000, 0x0000000083e00000|  0%| F|  |TAMS 0x0000000083d00000, 0x0000000083d00000| Untracked 
|  62|0x0000000083e00000, 0x0000000083e00000, 0x0000000083f00000|  0%| F|  |TAMS 0x0000000083e00000, 0x0000000083e00000| Untracked 
|  63|0x0000000083f00000, 0x0000000083f00000, 0x0000000084000000|  0%| F|  |TAMS 0x0000000083f00000, 0x0000000083f00000| Untracked 
|  64|0x0000000084000000, 0x0000000084000000, 0x0000000084100000|  0%| F|  |TAMS 0x0000000084000000, 0x0000000084000000| Untracked 
|  65|0x0000000084100000, 0x0000000084100000, 0x0000000084200000|  0%| F|  |TAMS 0x0000000084100000, 0x0000000084100000| Untracked 
|  66|0x0000000084200000, 0x0000000084200000, 0x0000000084300000|  0%| F|  |TAMS 0x0000000084200000, 0x0000000084200000| Untracked 
|  67|0x0000000084300000, 0x0000000084300000, 0x0000000084400000|  0%| F|  |TAMS 0x0000000084300000, 0x0000000084300000| Untracked 
|  68|0x0000000084400000, 0x0000000084400000, 0x0000000084500000|  0%| F|  |TAMS 0x0000000084400000, 0x0000000084400000| Untracked 
|  69|0x0000000084500000, 0x0000000084500000, 0x0000000084600000|  0%| F|  |TAMS 0x0000000084500000, 0x0000000084500000| Untracked 
|  70|0x0000000084600000, 0x0000000084600000, 0x0000000084700000|  0%| F|  |TAMS 0x0000000084600000, 0x0000000084600000| Untracked 
|  71|0x0000000084700000, 0x0000000084700000, 0x0000000084800000|  0%| F|  |TAMS 0x0000000084700000, 0x0000000084700000| Untracked 
|  72|0x0000000084800000, 0x0000000084800000, 0x0000000084900000|  0%| F|  |TAMS 0x0000000084800000, 0x0000000084800000| Untracked 
|  73|0x0000000084900000, 0x0000000084900000, 0x0000000084a00000|  0%| F|  |TAMS 0x0000000084900000, 0x0000000084900000| Untracked 
|  74|0x0000000084a00000, 0x0000000084a00000, 0x0000000084b00000|  0%| F|  |TAMS 0x0000000084a00000, 0x0000000084a00000| Untracked 
|  75|0x0000000084b00000, 0x0000000084b00000, 0x0000000084c00000|  0%| F|  |TAMS 0x0000000084b00000, 0x0000000084b00000| Untracked 
|  76|0x0000000084c00000, 0x0000000084c00000, 0x0000000084d00000|  0%| F|  |TAMS 0x0000000084c00000, 0x0000000084c00000| Untracked 
|  77|0x0000000084d00000, 0x0000000084d00000, 0x0000000084e00000|  0%| F|  |TAMS 0x0000000084d00000, 0x0000000084d00000| Untracked 
|  78|0x0000000084e00000, 0x0000000084e00000, 0x0000000084f00000|  0%| F|  |TAMS 0x0000000084e00000, 0x0000000084e00000| Untracked 
|  79|0x0000000084f00000, 0x0000000084f00000, 0x0000000085000000|  0%| F|  |TAMS 0x0000000084f00000, 0x0000000084f00000| Untracked 
|  80|0x0000000085000000, 0x0000000085000000, 0x0000000085100000|  0%| F|  |TAMS 0x0000000085000000, 0x0000000085000000| Untracked 
|  81|0x0000000085100000, 0x0000000085100000, 0x0000000085200000|  0%| F|  |TAMS 0x0000000085100000, 0x0000000085100000| Untracked 
|  82|0x0000000085200000, 0x0000000085200000, 0x0000000085300000|  0%| F|  |TAMS 0x0000000085200000, 0x0000000085200000| Untracked 
|  83|0x0000000085300000, 0x0000000085300000, 0x0000000085400000|  0%| F|  |TAMS 0x0000000085300000, 0x0000000085300000| Untracked 
|  84|0x0000000085400000, 0x0000000085400000, 0x0000000085500000|  0%| F|  |TAMS 0x0000000085400000, 0x0000000085400000| Untracked 
|  85|0x0000000085500000, 0x0000000085500000, 0x0000000085600000|  0%| F|  |TAMS 0x0000000085500000, 0x0000000085500000| Untracked 
|  86|0x0000000085600000, 0x0000000085600000, 0x0000000085700000|  0%| F|  |TAMS 0x0000000085600000, 0x0000000085600000| Untracked 
|  87|0x0000000085700000, 0x0000000085700000, 0x0000000085800000|  0%| F|  |TAMS 0x0000000085700000, 0x0000000085700000| Untracked 
|  88|0x0000000085800000, 0x0000000085800000, 0x0000000085900000|  0%| F|  |TAMS 0x0000000085800000, 0x0000000085800000| Untracked 
|  89|0x0000000085900000, 0x0000000085900000, 0x0000000085a00000|  0%| F|  |TAMS 0x0000000085900000, 0x0000000085900000| Untracked 
|  90|0x0000000085a00000, 0x0000000085a00000, 0x0000000085b00000|  0%| F|  |TAMS 0x0000000085a00000, 0x0000000085a00000| Untracked 
|  91|0x0000000085b00000, 0x0000000085b00000, 0x0000000085c00000|  0%| F|  |TAMS 0x0000000085b00000, 0x0000000085b00000| Untracked 
|  92|0x0000000085c00000, 0x0000000085c00000, 0x0000000085d00000|  0%| F|  |TAMS 0x0000000085c00000, 0x0000000085c00000| Untracked 
|  93|0x0000000085d00000, 0x0000000085d00000, 0x0000000085e00000|  0%| F|  |TAMS 0x0000000085d00000, 0x0000000085d00000| Untracked 
|  94|0x0000000085e00000, 0x0000000085e00000, 0x0000000085f00000|  0%| F|  |TAMS 0x0000000085e00000, 0x0000000085e00000| Untracked 
|  95|0x0000000085f00000, 0x0000000085f00000, 0x0000000086000000|  0%| F|  |TAMS 0x0000000085f00000, 0x0000000085f00000| Untracked 
|  96|0x0000000086000000, 0x0000000086000000, 0x0000000086100000|  0%| F|  |TAMS 0x0000000086000000, 0x0000000086000000| Untracked 
|  97|0x0000000086100000, 0x0000000086100000, 0x0000000086200000|  0%| F|  |TAMS 0x0000000086100000, 0x0000000086100000| Untracked 
|  98|0x0000000086200000, 0x0000000086200000, 0x0000000086300000|  0%| F|  |TAMS 0x0000000086200000, 0x0000000086200000| Untracked 
|  99|0x0000000086300000, 0x0000000086300000, 0x0000000086400000|  0%| F|  |TAMS 0x0000000086300000, 0x0000000086300000| Untracked 
| 100|0x0000000086400000, 0x0000000086400000, 0x0000000086500000|  0%| F|  |TAMS 0x0000000086400000, 0x0000000086400000| Untracked 
| 101|0x0000000086500000, 0x0000000086500000, 0x0000000086600000|  0%| F|  |TAMS 0x0000000086500000, 0x0000000086500000| Untracked 
| 102|0x0000000086600000, 0x0000000086600000, 0x0000000086700000|  0%| F|  |TAMS 0x0000000086600000, 0x0000000086600000| Untracked 
| 103|0x0000000086700000, 0x0000000086700000, 0x0000000086800000|  0%| F|  |TAMS 0x0000000086700000, 0x0000000086700000| Untracked 
| 104|0x0000000086800000, 0x0000000086800000, 0x0000000086900000|  0%| F|  |TAMS 0x0000000086800000, 0x0000000086800000| Untracked 
| 105|0x0000000086900000, 0x0000000086900000, 0x0000000086a00000|  0%| F|  |TAMS 0x0000000086900000, 0x0000000086900000| Untracked 
| 106|0x0000000086a00000, 0x0000000086a00000, 0x0000000086b00000|  0%| F|  |TAMS 0x0000000086a00000, 0x0000000086a00000| Untracked 
| 107|0x0000000086b00000, 0x0000000086b00000, 0x0000000086c00000|  0%| F|  |TAMS 0x0000000086b00000, 0x0000000086b00000| Untracked 
| 108|0x0000000086c00000, 0x0000000086c00000, 0x0000000086d00000|  0%| F|  |TAMS 0x0000000086c00000, 0x0000000086c00000| Untracked 
| 109|0x0000000086d00000, 0x0000000086d00000, 0x0000000086e00000|  0%| F|  |TAMS 0x0000000086d00000, 0x0000000086d00000| Untracked 
| 110|0x0000000086e00000, 0x0000000086e00000, 0x0000000086f00000|  0%| F|  |TAMS 0x0000000086e00000, 0x0000000086e00000| Untracked 
| 111|0x0000000086f00000, 0x0000000086f00000, 0x0000000087000000|  0%| F|  |TAMS 0x0000000086f00000, 0x0000000086f00000| Untracked 
| 112|0x0000000087000000, 0x0000000087000000, 0x0000000087100000|  0%| F|  |TAMS 0x0000000087000000, 0x0000000087000000| Untracked 
| 113|0x0000000087100000, 0x0000000087100000, 0x0000000087200000|  0%| F|  |TAMS 0x0000000087100000, 0x0000000087100000| Untracked 
| 114|0x0000000087200000, 0x0000000087200000, 0x0000000087300000|  0%| F|  |TAMS 0x0000000087200000, 0x0000000087200000| Untracked 
| 115|0x0000000087300000, 0x00000000873aa398, 0x0000000087400000| 66%| S|CS|TAMS 0x0000000087300000, 0x0000000087300000| Complete 
| 116|0x0000000087400000, 0x0000000087500000, 0x0000000087500000|100%| S|CS|TAMS 0x0000000087400000, 0x0000000087400000| Complete 
| 117|0x0000000087500000, 0x0000000087500000, 0x0000000087600000|  0%| F|  |TAMS 0x0000000087500000, 0x0000000087500000| Untracked 
| 118|0x0000000087600000, 0x0000000087600000, 0x0000000087700000|  0%| F|  |TAMS 0x0000000087600000, 0x0000000087600000| Untracked 
| 119|0x0000000087700000, 0x0000000087700000, 0x0000000087800000|  0%| F|  |TAMS 0x0000000087700000, 0x0000000087700000| Untracked 
| 120|0x0000000087800000, 0x0000000087800000, 0x0000000087900000|  0%| F|  |TAMS 0x0000000087800000, 0x0000000087800000| Untracked 
| 121|0x0000000087900000, 0x0000000087900000, 0x0000000087a00000|  0%| F|  |TAMS 0x0000000087900000, 0x0000000087900000| Untracked 
| 122|0x0000000087a00000, 0x0000000087afa8b0, 0x0000000087b00000| 97%| E|  |TAMS 0x0000000087a00000, 0x0000000087a00000| Complete 
| 123|0x0000000087b00000, 0x0000000087c00000, 0x0000000087c00000|100%| E|CS|TAMS 0x0000000087b00000, 0x0000000087b00000| Complete 
| 124|0x0000000087c00000, 0x0000000087d00000, 0x0000000087d00000|100%| E|CS|TAMS 0x0000000087c00000, 0x0000000087c00000| Complete 
| 125|0x0000000087d00000, 0x0000000087e00000, 0x0000000087e00000|100%| E|CS|TAMS 0x0000000087d00000, 0x0000000087d00000| Complete 
| 126|0x0000000087e00000, 0x0000000087f00000, 0x0000000087f00000|100%| E|CS|TAMS 0x0000000087e00000, 0x0000000087e00000| Complete 
| 127|0x0000000087f00000, 0x0000000088000000, 0x0000000088000000|100%| E|CS|TAMS 0x0000000087f00000, 0x0000000087f00000| Complete 

Card table byte_map: [0x0000027153f40000,0x0000027154340000] _byte_map_base: 0x0000027153b40000

Marking Bits (Prev, Next): (CMBitMap*) 0x000002713f5f2e20, (CMBitMap*) 0x000002713f5f2de0
 Prev Bits: [0x0000027156740000, 0x0000027158740000)
 Next Bits: [0x0000027154740000, 0x0000027156740000)

Polling page: 0x000002713f660000

Metaspace:

Usage:
  Non-class:     20.37 MB used.
      Class:      2.46 MB used.
       Both:     22.83 MB used.

Virtual space:
  Non-class space:       64.00 MB reserved,      20.50 MB ( 32%) committed,  1 nodes.
      Class space:        1.00 GB reserved,       2.62 MB ( <1%) committed,  1 nodes.
             Both:        1.06 GB reserved,      23.12 MB (  2%) committed. 

Chunk freelists:
   Non-Class:  10.64 MB
       Class:  13.22 MB
        Both:  23.86 MB

MaxMetaspaceSize: unlimited
CompressedClassSpaceSize: 1.00 GB
Initial GC threshold: 21.00 MB
Current GC threshold: 35.44 MB
CDS: off
MetaspaceReclaimPolicy: balanced
 - commit_granule_bytes: 65536.
 - commit_granule_words: 8192.
 - virtual_space_node_default_size: 8388608.
 - enlarge_chunks_in_place: 1.
 - new_chunks_are_fully_committed: 0.
 - uncommit_free_chunks: 1.
 - use_allocation_guard: 0.
 - handle_deallocations: 1.


Internal statistics:

num_allocs_failed_limit: 3.
num_arena_births: 278.
num_arena_deaths: 18.
num_vsnodes_births: 2.
num_vsnodes_deaths: 0.
num_space_committed: 370.
num_space_uncommitted: 0.
num_chunks_returned_to_freelist: 28.
num_chunks_taken_from_freelist: 647.
num_chunk_merges: 1.
num_chunk_splits: 377.
num_chunks_enlarged: 198.
num_inconsistent_stats: 0.

CodeHeap 'non-profiled nmethods': size=120000Kb used=559Kb max_used=559Kb free=119440Kb
 bounds [0x000002714bff0000, 0x000002714c260000, 0x0000027153520000]
CodeHeap 'profiled nmethods': size=120000Kb used=3254Kb max_used=3254Kb free=116746Kb
 bounds [0x0000027144520000, 0x0000027144850000, 0x000002714ba50000]
CodeHeap 'non-nmethods': size=5760Kb used=1238Kb max_used=1260Kb free=4521Kb
 bounds [0x000002714ba50000, 0x000002714bcc0000, 0x000002714bff0000]
 total_blobs=2331 nmethods=1784 adapters=460
 compilation: enabled
              stopped_count=0, restarted_count=0
 full_count=0

Compilation events (20 events):
Event: 0.987 Thread 0x000002715f01b030 1748       3       java.io.ObjectInputStream$BlockDataInputStream::peek (55 bytes)
Event: 0.988 Thread 0x000002715f01b030 nmethod 1748 0x0000027144834d90 code [0x0000027144834f60, 0x0000027144835238]
Event: 0.988 Thread 0x000002715f01b030 1749       3       java.io.ObjectInputStream$BlockDataInputStream::peekByte (20 bytes)
Event: 0.988 Thread 0x000002715f01b030 nmethod 1749 0x0000027144835390 code [0x0000027144835540, 0x0000027144835798]
Event: 0.988 Thread 0x000002715f01b030 1750       3       java.io.ObjectOutputStream$BlockDataOutputStream::writeBytes (144 bytes)
Event: 0.988 Thread 0x000002715f01b030 nmethod 1750 0x0000027144835890 code [0x0000027144835aa0, 0x0000027144836158]
Event: 0.989 Thread 0x000002715f01b030 1751       3       java.io.ObjectOutputStream$BlockDataOutputStream::getUTFLength (124 bytes)
Event: 0.989 Thread 0x000002715f01b030 nmethod 1751 0x0000027144836490 code [0x0000027144836680, 0x0000027144836c68]
Event: 0.990 Thread 0x000002715f01b030 1752       3       jdk.internal.misc.Unsafe::checkNativeAddress (28 bytes)
Event: 0.990 Thread 0x000002715f01b030 nmethod 1752 0x0000027144836f10 code [0x00000271448370a0, 0x00000271448371b8]
Event: 0.991 Thread 0x000002715f01b030 1753       3       java.io.ObjectOutputStream$BlockDataOutputStream::drain (45 bytes)
Event: 0.991 Thread 0x000002715f01b030 nmethod 1753 0x0000027144837290 code [0x0000027144837440, 0x0000027144837718]
Event: 0.991 Thread 0x000002715f01b030 1754       3       java.io.ObjectInputStream$BlockDataInputStream::readByte (20 bytes)
Event: 0.992 Thread 0x000002715f01b030 nmethod 1754 0x0000027144837810 code [0x00000271448379c0, 0x0000027144837c18]
Event: 0.992 Thread 0x000002715f01b030 1755       3       java.io.ObjectInputStream$PeekInputStream::read (47 bytes)
Event: 0.992 Thread 0x000002715f01b030 nmethod 1755 0x0000027144837d10 code [0x0000027144837ec0, 0x0000027144838188]
Event: 0.992 Thread 0x000002715f01b030 1756       3       java.io.ObjectInputStream$BlockDataInputStream::setBlockDataMode (74 bytes)
Event: 0.992 Thread 0x000002715f01b030 nmethod 1756 0x0000027144838290 code [0x0000027144838440, 0x0000027144838788]
Event: 0.993 Thread 0x000002715f01b030 1757       1       java.nio.DirectByteBuffer::base (2 bytes)
Event: 0.993 Thread 0x000002715f01b030 nmethod 1757 0x000002714c078210 code [0x000002714c0783a0, 0x000002714c078478]

GC Heap History (4 events):
Event: 0.573 GC heap before
{Heap before GC invocations=0 (full 0):
 garbage-first heap   total 131072K, used 15360K [0x0000000080000000, 0x0000000100000000)
  region size 1024K, 13 young (13312K), 0 survivors (0K)
 Metaspace       used 14523K, committed 14784K, reserved 1114112K
  class space    used 1531K, committed 1664K, reserved 1048576K
}
Event: 0.577 GC heap after
{Heap after GC invocations=1 (full 0):
 garbage-first heap   total 131072K, used 7176K [0x0000000080000000, 0x0000000100000000)
  region size 1024K, 2 young (2048K), 2 survivors (2048K)
 Metaspace       used 14523K, committed 14784K, reserved 1114112K
  class space    used 1531K, committed 1664K, reserved 1048576K
}
Event: 0.850 GC heap before
{Heap before GC invocations=1 (full 0):
 garbage-first heap   total 131072K, used 17416K [0x0000000080000000, 0x0000000100000000)
  region size 1024K, 13 young (13312K), 2 survivors (2048K)
 Metaspace       used 21259K, committed 21504K, reserved 1114112K
  class space    used 2305K, committed 2432K, reserved 1048576K
}
Event: 0.853 GC heap after
{Heap after GC invocations=2 (full 0):
 garbage-first heap   total 131072K, used 9128K [0x0000000080000000, 0x0000000100000000)
  region size 1024K, 2 young (2048K), 2 survivors (2048K)
 Metaspace       used 21259K, committed 21504K, reserved 1114112K
  class space    used 2305K, committed 2432K, reserved 1048576K
}

Dll operation events (1 events):
Event: 0.007 Loaded shared library D:\Java\IntelliJ IDEA 2024.1.4\jbr\bin\java.dll

Deoptimization events (20 events):
Event: 0.884 Thread 0x000002715f5242f0 DEOPT PACKING pc=0x000002714c0582f0 sp=0x000000ae966fcf60
Event: 0.884 Thread 0x000002715f5242f0 DEOPT UNPACKING pc=0x000002714baa69a3 sp=0x000000ae966fcea8 mode 2
Event: 0.884 Thread 0x000002715f5242f0 Uncommon trap: trap_request=0xffffffde fr.pc=0x000002714c0582f0 relative=0x0000000000000e50
Event: 0.884 Thread 0x000002715f5242f0 Uncommon trap: reason=class_check action=maybe_recompile pc=0x000002714c0582f0 method=java.util.HashMap.putVal(ILjava/lang/Object;Ljava/lang/Object;ZZ)Ljava/lang/Object; @ 253 c2
Event: 0.884 Thread 0x000002715f5242f0 DEOPT PACKING pc=0x000002714c0582f0 sp=0x000000ae966fcf60
Event: 0.884 Thread 0x000002715f5242f0 DEOPT UNPACKING pc=0x000002714baa69a3 sp=0x000000ae966fcea8 mode 2
Event: 0.902 Thread 0x000002715f5242f0 Uncommon trap: trap_request=0xffffffc6 fr.pc=0x000002714c05b2dc relative=0x000000000000029c
Event: 0.902 Thread 0x000002715f5242f0 Uncommon trap: reason=bimorphic_or_optimized_type_check action=maybe_recompile pc=0x000002714c05b2dc method=java.util.regex.Pattern$SliceI.match(Ljava/util/regex/Matcher;ILjava/lang/CharSequence;)Z @ 92 c2
Event: 0.902 Thread 0x000002715f5242f0 DEOPT PACKING pc=0x000002714c05b2dc sp=0x000000ae966fdb70
Event: 0.902 Thread 0x000002715f5242f0 DEOPT UNPACKING pc=0x000002714baa69a3 sp=0x000000ae966fdb18 mode 2
Event: 0.902 Thread 0x000002715f5242f0 Uncommon trap: trap_request=0xffffffc6 fr.pc=0x000002714c05b2dc relative=0x000000000000029c
Event: 0.902 Thread 0x000002715f5242f0 Uncommon trap: reason=bimorphic_or_optimized_type_check action=maybe_recompile pc=0x000002714c05b2dc method=java.util.regex.Pattern$SliceI.match(Ljava/util/regex/Matcher;ILjava/lang/CharSequence;)Z @ 92 c2
Event: 0.902 Thread 0x000002715f5242f0 DEOPT PACKING pc=0x000002714c05b2dc sp=0x000000ae966fdbc0
Event: 0.902 Thread 0x000002715f5242f0 DEOPT UNPACKING pc=0x000002714baa69a3 sp=0x000000ae966fdb68 mode 2
Event: 0.939 Thread 0x000002715f5242f0 Uncommon trap: trap_request=0xffffff45 fr.pc=0x000002714c064154 relative=0x0000000000000694
Event: 0.939 Thread 0x000002715f5242f0 Uncommon trap: reason=unstable_if action=reinterpret pc=0x000002714c064154 method=java.lang.AbstractStringBuilder.append(Ljava/lang/String;)Ljava/lang/AbstractStringBuilder; @ 1 c2
Event: 0.939 Thread 0x000002715f5242f0 DEOPT PACKING pc=0x000002714c064154 sp=0x000000ae966fdde0
Event: 0.939 Thread 0x000002715f5242f0 DEOPT UNPACKING pc=0x000002714baa69a3 sp=0x000000ae966fdd60 mode 2
Event: 0.985 Thread 0x000002715f5242f0 DEOPT PACKING pc=0x000002714464aa3e sp=0x000000ae966fe220
Event: 0.985 Thread 0x000002715f5242f0 DEOPT UNPACKING pc=0x000002714baa7143 sp=0x000000ae966fd698 mode 0

Classes unloaded (9 events):
Event: 0.858 Thread 0x000002715adab130 Unloading class 0x0000000100153800 'jdk/internal/reflect/GeneratedSerializationConstructorAccessor15'
Event: 0.858 Thread 0x000002715adab130 Unloading class 0x0000000100153400 'jdk/internal/reflect/GeneratedSerializationConstructorAccessor14'
Event: 0.858 Thread 0x000002715adab130 Unloading class 0x0000000100152c00 'jdk/internal/reflect/GeneratedSerializationConstructorAccessor11'
Event: 0.858 Thread 0x000002715adab130 Unloading class 0x0000000100152400 'jdk/internal/reflect/GeneratedSerializationConstructorAccessor9'
Event: 0.858 Thread 0x000002715adab130 Unloading class 0x0000000100151c00 'jdk/internal/reflect/GeneratedSerializationConstructorAccessor8'
Event: 0.858 Thread 0x000002715adab130 Unloading class 0x0000000100151400 'jdk/internal/reflect/GeneratedSerializationConstructorAccessor6'
Event: 0.858 Thread 0x000002715adab130 Unloading class 0x0000000100150000 'jdk/internal/reflect/GeneratedSerializationConstructorAccessor2'
Event: 0.858 Thread 0x000002715adab130 Unloading class 0x000000010014e800 'java/lang/invoke/LambdaForm$MH+0x000000010014e800'
Event: 0.858 Thread 0x000002715adab130 Unloading class 0x000000010014d800 'java/lang/invoke/LambdaForm$MH+0x000000010014d800'

Classes redefined (0 events):
No events

Internal exceptions (20 events):
Event: 0.216 Thread 0x000002713f59a630 Exception <a 'java/lang/NoSuchMethodError'{0x0000000087b10fd8}: 'void java.lang.invoke.DirectMethodHandle$Holder.invokeStaticInit(java.lang.Object, java.lang.Object)'> (0x0000000087b10fd8) 
thrown [s\src\hotspot\share\interpreter\linkResolver.cpp, line 771]
Event: 0.233 Thread 0x000002713f59a630 Exception <a 'java/lang/NoSuchMethodError'{0x0000000087b239b0}: 'java.lang.Object java.lang.invoke.DirectMethodHandle$Holder.invokeStaticInit(java.lang.Object)'> (0x0000000087b239b0) 
thrown [s\src\hotspot\share\interpreter\linkResolver.cpp, line 771]
Event: 0.274 Thread 0x000002713f59a630 Exception <a 'java/lang/NoSuchMethodError'{0x0000000087ba04c8}: 'java.lang.Object java.lang.invoke.DirectMethodHandle$Holder.invokeStaticInit(java.lang.Object, int, int, int, int)'> (0x0000000087ba04c8) 
thrown [s\src\hotspot\share\interpreter\linkResolver.cpp, line 771]
Event: 0.338 Thread 0x000002713f59a630 Exception <a 'java/lang/NoSuchMethodError'{0x0000000087be5b60}: 'java.lang.Object java.lang.invoke.DirectMethodHandle$Holder.invokeStaticInit(java.lang.Object, java.lang.Object, int, int, int, int)'> (0x0000000087be5b60) 
thrown [s\src\hotspot\share\interpreter\linkResolver.cpp, line 771]
Event: 0.404 Thread 0x000002713f59a630 Exception <a 'java/lang/NoSuchMethodError'{0x00000000879f8550}: 'java.lang.Object java.lang.invoke.Invokers$Holder.linkToTargetMethod(java.lang.Object, long, java.lang.Object)'> (0x00000000879f8550) 
thrown [s\src\hotspot\share\interpreter\linkResolver.cpp, line 771]
Event: 0.459 Thread 0x000002715f521f80 Exception <a 'java/lang/NoSuchMethodError'{0x00000000877677d0}: static [B.<clinit>()V> (0x00000000877677d0) 
thrown [s\src\hotspot\share\prims\jni.cpp, line 1127]
Event: 0.460 Thread 0x000002715f5242f0 Exception <a 'java/lang/NoSuchMethodError'{0x00000000877a88a8}: static [B.<clinit>()V> (0x00000000877a88a8) 
thrown [s\src\hotspot\share\prims\jni.cpp, line 1127]
Event: 0.469 Thread 0x000002715f5242f0 Exception <a 'java/lang/NoSuchMethodError'{0x0000000087610960}: static [Ljava/rmi/server/ObjID;.<clinit>()V> (0x0000000087610960) 
thrown [s\src\hotspot\share\prims\jni.cpp, line 1127]
Event: 0.470 Thread 0x000002715f521560 Exception <a 'java/lang/InterruptedException'{0x0000000087643110}> (0x0000000087643110) 
thrown [s\src\hotspot\share\runtime\objectMonitor.cpp, line 1658]
Event: 0.471 Thread 0x000002715f5242f0 Exception <a 'java/lang/NoSuchMethodError'{0x00000000876182a0}: 'void java.lang.invoke.DirectMethodHandle$Holder.invokeSpecial(java.lang.Object, java.lang.Object, java.lang.Object)'> (0x00000000876182a0) 
thrown [s\src\hotspot\share\interpreter\linkResolver.cpp, line 771]
Event: 0.471 Thread 0x000002715f5242f0 Exception <a 'java/lang/NoSuchMethodError'{0x000000008761b808}: 'void java.lang.invoke.Invokers$Holder.invoke_MT(java.lang.Object, java.lang.Object, java.lang.Object)'> (0x000000008761b808) 
thrown [s\src\hotspot\share\interpreter\linkResolver.cpp, line 771]
Event: 0.471 Thread 0x000002715f521560 Exception <a 'java/lang/NoSuchMethodError'{0x000000008764b8b0}: 'java.lang.Object java.lang.invoke.DirectMethodHandle$Holder.newInvokeSpecial(java.lang.Object, java.lang.Object, int, java.lang.Object, long)'> (0x000000008764b8b0) 
thrown [s\src\hotspot\share\interpreter\linkResolver.cpp, line 771]
Event: 0.534 Thread 0x000002715f5242f0 Exception <a 'java/lang/NoSuchMethodError'{0x00000000874c5948}: 'java.lang.Object java.lang.invoke.DirectMethodHandle$Holder.invokeInterface(java.lang.Object, java.lang.Object)'> (0x00000000874c5948) 
thrown [s\src\hotspot\share\interpreter\linkResolver.cpp, line 771]
Event: 0.578 Thread 0x000002715f5242f0 Exception <a 'java/lang/NoSuchMethodError'{0x0000000087f00ae8}: 'java.lang.Object java.lang.invoke.DirectMethodHandle$Holder.invokeVirtual(java.lang.Object, java.lang.Object, java.lang.Object)'> (0x0000000087f00ae8) 
thrown [s\src\hotspot\share\interpreter\linkResolver.cpp, line 771]
Event: 0.728 Thread 0x000002715f5242f0 Exception <a 'sun/nio/fs/WindowsException'{0x000000008789a908}> (0x000000008789a908) 
thrown [s\src\hotspot\share\prims\jni.cpp, line 531]
Event: 0.737 Thread 0x000002715f5242f0 Exception <a 'java/lang/NoSuchMethodError'{0x00000000878beba0}: 'int java.lang.invoke.DirectMethodHandle$Holder.invokeStaticInit(java.lang.Object, java.lang.Object, java.lang.Object, java.lang.Object)'> (0x00000000878beba0) 
thrown [s\src\hotspot\share\interpreter\linkResolver.cpp, line 771]
Event: 0.738 Thread 0x000002715f5242f0 Exception <a 'java/lang/IncompatibleClassChangeError'{0x00000000878c7ff0}: Found class java.lang.Object, but interface was expected> (0x00000000878c7ff0) 
thrown [s\src\hotspot\share\interpreter\linkResolver.cpp, line 838]
Event: 0.738 Thread 0x000002715f5242f0 Exception <a 'java/lang/NoSuchMethodError'{0x00000000878cd4d8}: 'int java.lang.invoke.DirectMethodHandle$Holder.invokeStaticInit(java.lang.Object, java.lang.Object)'> (0x00000000878cd4d8) 
thrown [s\src\hotspot\share\interpreter\linkResolver.cpp, line 771]
Event: 0.939 Thread 0x000002715f5242f0 Implicit null exception at 0x000002714c063af2 to 0x000002714c06413c
Event: 0.940 Thread 0x000002715f5242f0 Exception <a 'java/lang/NoSuchMethodError'{0x0000000087c0ecb8}: 'java.lang.Object java.lang.invoke.DirectMethodHandle$Holder.newInvokeSpecial(java.lang.Object, java.lang.Object, int)'> (0x0000000087c0ecb8) 
thrown [s\src\hotspot\share\interpreter\linkResolver.cpp, line 771]

VM Operations (20 events):
Event: 0.172 Executing VM operation: HandshakeAllThreads
Event: 0.172 Executing VM operation: HandshakeAllThreads done
Event: 0.221 Executing VM operation: HandshakeAllThreads
Event: 0.221 Executing VM operation: HandshakeAllThreads done
Event: 0.480 Executing VM operation: HandshakeAllThreads
Event: 0.480 Executing VM operation: HandshakeAllThreads done
Event: 0.573 Executing VM operation: G1CollectForAllocation
Event: 0.578 Executing VM operation: G1CollectForAllocation done
Event: 0.708 Executing VM operation: HandshakeAllThreads
Event: 0.708 Executing VM operation: HandshakeAllThreads done
Event: 0.733 Executing VM operation: HandshakeAllThreads
Event: 0.733 Executing VM operation: HandshakeAllThreads done
Event: 0.848 Executing VM operation: HandshakeAllThreads
Event: 0.848 Executing VM operation: HandshakeAllThreads done
Event: 0.850 Executing VM operation: CollectForMetadataAllocation
Event: 0.853 Executing VM operation: CollectForMetadataAllocation done
Event: 0.858 Executing VM operation: G1PauseRemark
Event: 0.860 Executing VM operation: G1PauseRemark done
Event: 0.862 Executing VM operation: G1PauseCleanup
Event: 0.862 Executing VM operation: G1PauseCleanup done

Events (20 events):
Event: 0.935 loading class java/util/ResourceBundle$ResourceBundleProviderHelper
Event: 0.935 loading class java/util/ResourceBundle$ResourceBundleProviderHelper done
Event: 0.935 loading class sun/util/resources/Bundles$BundleReference
Event: 0.935 loading class sun/util/resources/Bundles$CacheKeyReference
Event: 0.935 loading class sun/util/resources/Bundles$CacheKeyReference done
Event: 0.935 loading class sun/util/resources/Bundles$BundleReference done
Event: 0.935 loading class sun/util/locale/provider/LocaleResources$ResourceReference
Event: 0.936 loading class sun/util/locale/provider/LocaleResources$ResourceReference done
Event: 0.937 loading class java/time/format/DateTimeParseException
Event: 0.937 loading class java/time/DateTimeException
Event: 0.937 loading class java/time/DateTimeException done
Event: 0.937 loading class java/time/format/DateTimeParseException done
Event: 0.955 loading class jdk/internal/reflect/UnsafeQualifiedStaticObjectFieldAccessorImpl
Event: 0.955 loading class jdk/internal/reflect/UnsafeQualifiedStaticObjectFieldAccessorImpl done
Event: 0.955 loading class java/nio/charset/CharacterCodingException
Event: 0.955 loading class java/nio/charset/CharacterCodingException done
Event: 0.955 loading class java/util/stream/IntStream
Event: 0.956 loading class java/util/stream/IntStream done
Event: 0.985 loading class java/util/AbstractList$ListItr
Event: 0.985 loading class java/util/AbstractList$ListItr done


Dynamic libraries:
0x00007ff659790000 - 0x00007ff65979a000 	D:\Java\IntelliJ IDEA 2024.1.4\jbr\bin\java.exe
0x00007ffd536f0000 - 0x00007ffd538e8000 	C:\Windows\SYSTEM32\ntdll.dll
0x00007ffd51b70000 - 0x00007ffd51c2f000 	C:\Windows\System32\KERNEL32.DLL
0x00007ffd511f0000 - 0x00007ffd514c2000 	C:\Windows\System32\KERNELBASE.dll
0x00007ffd51590000 - 0x00007ffd51690000 	C:\Windows\System32\ucrtbase.dll
0x00007ffd23a30000 - 0x00007ffd23a47000 	D:\Java\IntelliJ IDEA 2024.1.4\jbr\bin\jli.dll
0x00007ffd35be0000 - 0x00007ffd35bfb000 	D:\Java\IntelliJ IDEA 2024.1.4\jbr\bin\VCRUNTIME140.dll
0x00007ffd51dd0000 - 0x00007ffd51f71000 	C:\Windows\System32\USER32.dll
0x00007ffd50f20000 - 0x00007ffd50f42000 	C:\Windows\System32\win32u.dll
0x00007ffd52b70000 - 0x00007ffd52b9b000 	C:\Windows\System32\GDI32.dll
0x00007ffd50de0000 - 0x00007ffd50eef000 	C:\Windows\System32\gdi32full.dll
0x00007ffd51690000 - 0x00007ffd5172d000 	C:\Windows\System32\msvcp_win.dll
0x00007ffd39320000 - 0x00007ffd395ba000 	C:\Windows\WinSxS\amd64_microsoft.windows.common-controls_6595b64144ccf1df_6.0.19041.1110_none_60b5254171f9507e\COMCTL32.dll
0x00007ffd52e90000 - 0x00007ffd52f2e000 	C:\Windows\System32\msvcrt.dll
0x00007ffd51b30000 - 0x00007ffd51b62000 	C:\Windows\System32\IMM32.DLL
0x00007ffd4cbe0000 - 0x00007ffd4cbec000 	D:\Java\IntelliJ IDEA 2024.1.4\jbr\bin\vcruntime140_1.dll
0x00007ffd2fef0000 - 0x00007ffd2ff7d000 	D:\Java\IntelliJ IDEA 2024.1.4\jbr\bin\msvcp140.dll
0x00007ffce6430000 - 0x00007ffce70b3000 	D:\Java\IntelliJ IDEA 2024.1.4\jbr\bin\server\jvm.dll
0x00007ffd520b0000 - 0x00007ffd5215e000 	C:\Windows\System32\ADVAPI32.dll
0x00007ffd52c70000 - 0x00007ffd52d0c000 	C:\Windows\System32\sechost.dll
0x00007ffd52160000 - 0x00007ffd52285000 	C:\Windows\System32\RPCRT4.dll
0x00007ffd50360000 - 0x00007ffd503ab000 	C:\Windows\SYSTEM32\POWRPROF.dll
0x00007ffd47640000 - 0x00007ffd47649000 	C:\Windows\SYSTEM32\WSOCK32.dll
0x00007ffd52d10000 - 0x00007ffd52d7b000 	C:\Windows\System32\WS2_32.dll
0x00007ffd44880000 - 0x00007ffd448a7000 	C:\Windows\SYSTEM32\WINMM.dll
0x00007ffd4ac10000 - 0x00007ffd4ac1a000 	C:\Windows\SYSTEM32\VERSION.dll
0x00007ffd50220000 - 0x00007ffd50232000 	C:\Windows\SYSTEM32\UMPDC.dll
0x00007ffd4ebc0000 - 0x00007ffd4ebd2000 	C:\Windows\SYSTEM32\kernel.appcore.dll
0x00007ffd236b0000 - 0x00007ffd236ba000 	D:\Java\IntelliJ IDEA 2024.1.4\jbr\bin\jimage.dll
0x00007ffd3b1e0000 - 0x00007ffd3b3c4000 	C:\Windows\SYSTEM32\DBGHELP.DLL
0x00007ffd3a230000 - 0x00007ffd3a265000 	C:\Windows\SYSTEM32\dbgcore.DLL
0x00007ffd51000000 - 0x00007ffd51082000 	C:\Windows\System32\bcryptPrimitives.dll
0x00007ffd22d30000 - 0x00007ffd22d55000 	D:\Java\IntelliJ IDEA 2024.1.4\jbr\bin\java.dll
0x00007ffd22d10000 - 0x00007ffd22d28000 	D:\Java\IntelliJ IDEA 2024.1.4\jbr\bin\zip.dll
0x00007ffd52420000 - 0x00007ffd52b65000 	C:\Windows\System32\SHELL32.dll
0x00007ffd4eea0000 - 0x00007ffd4f632000 	C:\Windows\SYSTEM32\windows.storage.dll
0x00007ffd51730000 - 0x00007ffd51a85000 	C:\Windows\System32\combase.dll
0x00007ffd50840000 - 0x00007ffd50870000 	C:\Windows\SYSTEM32\Wldp.dll
0x00007ffd52370000 - 0x00007ffd5241d000 	C:\Windows\System32\SHCORE.dll
0x00007ffd52d80000 - 0x00007ffd52dd5000 	C:\Windows\System32\shlwapi.dll
0x00007ffd50d20000 - 0x00007ffd50d3f000 	C:\Windows\SYSTEM32\profapi.dll
0x00007ffd22cf0000 - 0x00007ffd22d09000 	D:\Java\IntelliJ IDEA 2024.1.4\jbr\bin\net.dll
0x00007ffd493f0000 - 0x00007ffd494fc000 	C:\Windows\SYSTEM32\WINHTTP.dll
0x00007ffd505a0000 - 0x00007ffd5060a000 	C:\Windows\system32\mswsock.dll
0x00007ffd22cd0000 - 0x00007ffd22ce6000 	D:\Java\IntelliJ IDEA 2024.1.4\jbr\bin\nio.dll
0x00007ffd50240000 - 0x00007ffd5027b000 	C:\Windows\SYSTEM32\IPHLPAPI.DLL
0x00007ffd51b20000 - 0x00007ffd51b28000 	C:\Windows\System32\NSI.dll
0x00007ffd498a0000 - 0x00007ffd498b7000 	C:\Windows\SYSTEM32\dhcpcsvc6.DLL
0x00007ffd4a310000 - 0x00007ffd4a32d000 	C:\Windows\SYSTEM32\dhcpcsvc.DLL
0x00007ffd50290000 - 0x00007ffd5035b000 	C:\Windows\SYSTEM32\DNSAPI.dll
0x00007ffd50790000 - 0x00007ffd507a8000 	C:\Windows\SYSTEM32\CRYPTSP.dll
0x00007ffd4fe50000 - 0x00007ffd4fe84000 	C:\Windows\system32\rsaenh.dll
0x00007ffd50ef0000 - 0x00007ffd50f17000 	C:\Windows\System32\bcrypt.dll
0x00007ffd50ce0000 - 0x00007ffd50d0e000 	C:\Windows\SYSTEM32\USERENV.dll
0x00007ffd507b0000 - 0x00007ffd507bc000 	C:\Windows\SYSTEM32\CRYPTBASE.dll
0x00007ffd22a10000 - 0x00007ffd22a19000 	D:\Java\IntelliJ IDEA 2024.1.4\jbr\bin\extnet.dll
0x00007ffd4cb30000 - 0x00007ffd4cb37000 	D:\Java\IntelliJ IDEA 2024.1.4\jbr\bin\rmi.dll
0x00007ffd49140000 - 0x00007ffd4914a000 	C:\Windows\System32\rasadhlp.dll
0x00007ffd46990000 - 0x00007ffd46a10000 	C:\Windows\System32\fwpuclnt.dll
0x00007ffd22a40000 - 0x00007ffd22a4e000 	D:\Java\IntelliJ IDEA 2024.1.4\jbr\bin\sunmscapi.dll
0x00007ffd51090000 - 0x00007ffd511e6000 	C:\Windows\System32\CRYPT32.dll
0x00007ffd508b0000 - 0x00007ffd508d7000 	C:\Windows\SYSTEM32\ncrypt.dll
0x00007ffd50870000 - 0x00007ffd508ab000 	C:\Windows\SYSTEM32\NTASN1.dll

dbghelp: loaded successfully - version: 4.0.5 - missing functions: none
symbol engine: initialized successfully - sym options: 0x614 - pdb path: .;D:\Java\IntelliJ IDEA 2024.1.4\jbr\bin;C:\Windows\SYSTEM32;C:\Windows\WinSxS\amd64_microsoft.windows.common-controls_6595b64144ccf1df_6.0.19041.1110_none_60b5254171f9507e;D:\Java\IntelliJ IDEA 2024.1.4\jbr\bin\server

VM Arguments:
jvm_args: -Djava.rmi.server.hostname=127.0.0.1 -Duser.timezone=UTC -Xmx2048m -Xms128m -Djdbc.classpath=D:\Java\IntelliJ IDEA 2024.1.4\plugins\DatabaseTools\lib\jdbc-console.jar;C:\Users\ASUS\AppData\Roaming\JetBrains\IntelliJIdea2024.1\jdbc-drivers\MySQL ConnectorJ\8.2.0\com\mysql\mysql-connector-j\8.2.0\mysql-connector-j-8.2.0.jar;C:\Users\ASUS\AppData\Roaming\JetBrains\IntelliJIdea2024.1\jdbc-drivers\MySQL ConnectorJ\8.2.0\com\google\protobuf\protobuf-java\3.21.9\protobuf-java-3.21.9.jar --add-exports=java.desktop/sun.awt=ALL-UNNAMED --add-exports=java.desktop/java.awt.peer=ALL-UNNAMED --add-opens=java.desktop/java.awt=ALL-UNNAMED --add-opens=jdk.unsupported/sun.misc=ALL-UNNAMED --add-opens=java.base/java.nio=ALL-UNNAMED --add-opens=java.base/java.util=ALL-UNNAMED -Dfile.encoding=UTF-8 
java_command: com.intellij.database.remote.RemoteJdbcServer com.mysql.cj.jdbc.Driver
java_class_path (initial): D:\Java\IntelliJ IDEA 2024.1.4\lib\util_rt.jar;D:\Java\IntelliJ IDEA 2024.1.4\lib\util-8.jar;D:\Java\IntelliJ IDEA 2024.1.4\lib\groovy.jar;D:\Java\IntelliJ IDEA 2024.1.4\plugins\DatabaseTools\lib\jdbc-console.jar;D:\Java\IntelliJ IDEA 2024.1.4\plugins\grid-core-impl\lib\jdbc-console-types.jar;D:\Java\IntelliJ IDEA 2024.1.4\lib\util.jar
Launcher Type: SUN_STANDARD

[Global flags]
     intx CICompilerCount                          = 3                                         {product} {ergonomic}
     uint ConcGCThreads                            = 1                                         {product} {ergonomic}
     uint G1ConcRefinementThreads                  = 4                                         {product} {ergonomic}
   size_t G1HeapRegionSize                         = 1048576                                   {product} {ergonomic}
    uintx GCDrainStackTargetSize                   = 64                                        {product} {ergonomic}
   size_t InitialHeapSize                          = 134217728                                 {product} {command line}
   size_t MarkStackSize                            = 4194304                                   {product} {ergonomic}
   size_t MaxHeapSize                              = 2147483648                                {product} {command line}
   size_t MaxNewSize                               = 1287651328                                {product} {ergonomic}
   size_t MinHeapDeltaBytes                        = 1048576                                   {product} {ergonomic}
   size_t MinHeapSize                              = 134217728                                 {product} {command line}
    uintx NonNMethodCodeHeapSize                   = 5832780                                {pd product} {ergonomic}
    uintx NonProfiledCodeHeapSize                  = 122912730                              {pd product} {ergonomic}
    uintx ProfiledCodeHeapSize                     = 122912730                              {pd product} {ergonomic}
    uintx ReservedCodeCacheSize                    = 251658240                              {pd product} {ergonomic}
     bool SegmentedCodeCache                       = true                                      {product} {ergonomic}
   size_t SoftMaxHeapSize                          = 2147483648                             {manageable} {ergonomic}
     bool UseCompressedClassPointers               = true                           {product lp64_product} {ergonomic}
     bool UseCompressedOops                        = true                           {product lp64_product} {ergonomic}
     bool UseG1GC                                  = true                                      {product} {ergonomic}
     bool UseLargePagesIndividualAllocation        = false                                  {pd product} {ergonomic}

Logging:
Log output configuration:
 #0: stdout all=warning uptime,level,tags
 #1: stderr all=off uptime,level,tags

Environment Variables:
PATH=C:\Windows\system32;C:\Windows;C:\Windows\System32\Wbem;C:\Windows\System32\WindowsPowerShell\v1.0\;C:\Windows\System32\OpenSSH\;C:\Program Files\Git\cmd;C:\Users\ASUS\AppData\Local\Microsoft\WindowsApps;;D:\WebStorm 2024.1.5\bin;
USERNAME=ASUS
OS=Windows_NT
PROCESSOR_IDENTIFIER=Intel64 Family 6 Model 158 Stepping 9, GenuineIntel
TMP=C:\Users\ASUS\AppData\Local\Temp
TEMP=C:\Users\ASUS\AppData\Local\Temp



Periodic native trim disabled

JNI global refs:
JNI global refs: 16, weak refs: 0

JNI global refs memory usage: 843, weak refs: 841

Process memory usage:
Resident Set Size: 103224K (1% of 8269984K total physical memory with 413948K free physical memory)

OOME stack traces (most recent first):
Classloader memory used:
Loader bootstrap                                                                       : 2307K
Loader com.intellij.database.remote.jdbc.impl.JdbcClassLoader$JdbcClassLoaderImpl      : 323K
Loader jdk.internal.loader.ClassLoaders$AppClassLoader                                 : 201K
Loader jdk.internal.loader.ClassLoaders$PlatformClassLoader                            : 90388B
Loader jdk.internal.reflect.DelegatingClassLoader                                      : 9379B
Loader com.intellij.database.remote.jdbc.impl.JdbcClassLoader$1                        : 827B


---------------  S Y S T E M  ---------------

OS:
 Windows 10 , 64 bit Build 19041 (10.0.19041.2546)
OS uptime: 2 days 14:25 hours

CPU: total 4 (initial active 4) (4 cores per cpu, 1 threads per core) family 6 model 158 stepping 9 microcode 0xb4, cx8, cmov, fxsr, mmx, 3dnowpref, sse, sse2, sse3, ssse3, sse4.1, sse4.2, popcnt, lzcnt, tsc, tscinvbit, avx, avx2, aes, erms, clmul, bmi1, bmi2, adx, fma, vzeroupper, clflush, clflushopt
Processor Information for all 4 processors :
  Max Mhz: 2501, Current Mhz: 2501, Mhz Limit: 2501

Memory: 4k page, system-wide physical 8076M (404M free)
TotalPageFile size 16542M (AvailPageFile size 5M)
current process WorkingSet (physical memory assigned to process): 100M, peak: 100M
current process commit charge ("private bytes"): 233M, peak: 234M

vm_info: OpenJDK 64-Bit Server VM (17.0.11+1-b1207.24) for windows-amd64 JRE (17.0.11+1-b1207.24), built on 2024-05-15 by "builduser" with MS VC++ 16.10 / 16.11 (VS2019)

END.
