#
# There is insufficient memory for the Java Runtime Environment to continue.
# Native memory allocation (malloc) failed to allocate 1228496 bytes. Error detail: Chunk::new
# Possible reasons:
#   The system is out of physical RAM or swap space
#   This process is running with CompressedOops enabled, and the Java Heap may be blocking the growth of the native heap
# Possible solutions:
#   Reduce memory load on the system
#   Increase physical memory or swap space
#   Check if swap backing store is full
#   Decrease Java heap size (-Xmx/-Xms)
#   Decrease number of Java threads
#   Decrease Java thread stack sizes (-Xss)
#   Set larger code cache with -XX:ReservedCodeCacheSize=
#   JVM is running with Unscaled Compressed Oops mode in which the Java heap is
#     placed in the first 4GB address space. The Java Heap base address is the
#     maximum limit for the native heap growth. Please use -XX:HeapBaseMinAddress
#     to set the Java Heap base and to place the Java Heap above 4GB virtual address.
# This output file may be truncated or incomplete.
#
#  Out of Memory Error (arena.cpp:150), pid=11516, tid=6080
#
# JRE version: OpenJDK Runtime Environment (22.0.2+9) (build 22.0.2+9-70)
# Java VM: OpenJDK 64-Bit Server VM (22.0.2+9-70, mixed mode, sharing, tiered, compressed oops, compressed class ptrs, g1 gc, windows-amd64)
# No core dump will be written. Minidumps are not enabled by default on client versions of Windows
#

---------------  S U M M A R Y ------------

Command Line: --add-opens=java.base/java.lang=ALL-UNNAMED --add-opens=java.base/java.lang.invoke=ALL-UNNAMED --add-opens=java.base/java.util=ALL-UNNAMED --add-opens=java.prefs/java.util.prefs=ALL-UNNAMED --add-exports=jdk.compiler/com.sun.tools.javac.api=ALL-UNNAMED --add-exports=jdk.compiler/com.sun.tools.javac.util=ALL-UNNAMED --add-opens=java.base/java.util=ALL-UNNAMED --add-opens=java.prefs/java.util.prefs=ALL-UNNAMED --add-opens=java.base/java.nio.charset=ALL-UNNAMED --add-opens=java.base/java.net=ALL-UNNAMED --add-opens=java.base/java.util.concurrent.atomic=ALL-UNNAMED --add-opens=java.xml/javax.xml.namespace=ALL-UNNAMED -XX:MaxMetaspaceSize=384m -XX:+HeapDumpOnOutOfMemoryError -Xms256m -Xmx512m -Dfile.encoding=windows-1252 -Duser.country=US -Duser.language=en -Duser.variant -javaagent:C:\Users\ASUS\.gradle\wrapper\dists\gradle-8.11.1-bin\bpt9gzteqjrbo1mjrsomdt32c\gradle-8.11.1\lib\agents\gradle-instrumentation-agent-8.11.1.jar org.gradle.launcher.daemon.bootstrap.GradleDaemon 8.11.1

Host: Intel(R) Core(TM) i5-7300HQ CPU @ 2.50GHz, 4 cores, 7G,  Windows 10 , 64 bit Build 19041 (10.0.19041.2546)
Time: Mon Jan  6 22:14:12 2025 SE Asia Standard Time elapsed time: 473.463511 seconds (0d 0h 7m 53s)

---------------  T H R E A D  ---------------

Current thread (0x00000236f374f950):  JavaThread "C2 CompilerThread1" daemon [_thread_in_native, id=6080, stack(0x000000e9aa300000,0x000000e9aa400000) (1024K)]


Current CompileTask:
C2:473463 15960       4       org.gradle.api.internal.artifacts.ivyservice.resolveengine.graph.builder.DependencyGraphBuilder::assembleResult (492 bytes)

Stack: [0x000000e9aa300000,0x000000e9aa400000]
Native frames: (J=compiled Java code, j=interpreted, Vv=VM code, C=native code)
V  [jvm.dll+0x6e26e9]  (no source info available)
V  [jvm.dll+0x875753]  (no source info available)
V  [jvm.dll+0x877b7e]  (no source info available)
V  [jvm.dll+0x878253]  (no source info available)
V  [jvm.dll+0x27fc86]  (no source info available)
V  [jvm.dll+0xc3d0f]  (no source info available)
V  [jvm.dll+0xc3f6b]  (no source info available)
V  [jvm.dll+0x2f3c7f]  (no source info available)
V  [jvm.dll+0x60c0fa]  (no source info available)
V  [jvm.dll+0x250c92]  (no source info available)
V  [jvm.dll+0x2492a6]  (no source info available)
V  [jvm.dll+0x246da6]  (no source info available)
V  [jvm.dll+0x1c4e80]  (no source info available)
V  [jvm.dll+0x2568f3]  (no source info available)
V  [jvm.dll+0x254baa]  (no source info available)
V  [jvm.dll+0x3f57a6]  (no source info available)
V  [jvm.dll+0x81dc0b]  (no source info available)
V  [jvm.dll+0x6e0d85]  (no source info available)
C  [ucrtbase.dll+0x21bb2]  (no source info available)
C  [KERNEL32.DLL+0x17614]  (no source info available)
C  [ntdll.dll+0x526a1]  (no source info available)


---------------  P R O C E S S  ---------------

Threads class SMR info:
_java_thread_list=0x00000236f2b1aab0, length=91, elements={
0x00000236bbc847a0, 0x00000236d5ef3bf0, 0x00000236d5ef4800, 0x00000236d5ef71c0,
0x00000236d5ef7c20, 0x00000236d5ef9840, 0x00000236d5efa2a0, 0x00000236d5f063a0,
0x00000236d5f06a60, 0x00000236ef1c1d10, 0x00000236ef31e920, 0x00000236f0b92ed0,
0x00000236f0bdb020, 0x00000236f0cdd430, 0x00000236f0dd51b0, 0x00000236f0dd5840,
0x00000236f0dd30e0, 0x00000236f0dd2a50, 0x00000236f3c51560, 0x00000236f3c50ed0,
0x00000236f3c577d0, 0x00000236f3c52910, 0x00000236f3c55070, 0x00000236f3c52280,
0x00000236f3504970, 0x00000236f3505d20, 0x00000236f3501b80, 0x00000236f30267e0,
0x00000236f3028f40, 0x00000236f30295d0, 0x00000236f3c56420, 0x00000236f0dd4b20,
0x00000236f6c63710, 0x00000236f6c678b0, 0x00000236f6c65150, 0x00000236f6c68c60,
0x00000236f6c63da0, 0x00000236f35035c0, 0x00000236f3507760, 0x00000236f3502f30,
0x00000236f3503c50, 0x00000236f35042e0, 0x00000236f3505000, 0x00000236f35007d0,
0x00000236f35070d0, 0x00000236f3502210, 0x00000236f3500e60, 0x00000236f35014f0,
0x00000236f3500140, 0x00000236f35063b0, 0x00000236f35028a0, 0x00000236f2da5b40,
0x00000236f2da61d0, 0x00000236f2da7580, 0x00000236f2da8930, 0x00000236f2dabdb0,
0x00000236f2da6860, 0x00000236f2da6ef0, 0x00000236f2da7c10, 0x00000236f2da9650,
0x00000236f2daaa00, 0x00000236f2dab090, 0x00000236f2daa370, 0x00000236f2da9ce0,
0x00000236f2dab720, 0x00000236f2dac440, 0x00000236f2da54b0, 0x00000236f2dacad0,
0x00000236f3024da0, 0x00000236f3027500, 0x00000236f302c3c0, 0x00000236f3029c60,
0x00000236f302a2f0, 0x00000236f302a980, 0x00000236f302b010, 0x00000236f302b6a0,
0x00000236f3028220, 0x00000236f3027b90, 0x00000236f3026e70, 0x00000236f302bd30,
0x00000236f3026150, 0x00000236f3025430, 0x00000236f3025ac0, 0x00000236f6c6a010,
0x00000236f6c63080, 0x00000236f6c67f40, 0x00000236f6c64430, 0x00000236f6c66500,
0x00000236f6c685d0, 0x00000236f6c69980, 0x00000236f374f950
}

Java Threads: ( => current thread )
  0x00000236bbc847a0 JavaThread "main"                              [_thread_blocked, id=15948, stack(0x000000e9a4600000,0x000000e9a4700000) (1024K)]
  0x00000236d5ef3bf0 JavaThread "Reference Handler"          daemon [_thread_blocked, id=11820, stack(0x000000e9a4e00000,0x000000e9a4f00000) (1024K)]
  0x00000236d5ef4800 JavaThread "Finalizer"                  daemon [_thread_blocked, id=13972, stack(0x000000e9a4f00000,0x000000e9a5000000) (1024K)]
  0x00000236d5ef71c0 JavaThread "Signal Dispatcher"          daemon [_thread_blocked, id=12368, stack(0x000000e9a5000000,0x000000e9a5100000) (1024K)]
  0x00000236d5ef7c20 JavaThread "Attach Listener"            daemon [_thread_blocked, id=5372, stack(0x000000e9a5100000,0x000000e9a5200000) (1024K)]
  0x00000236d5ef9840 JavaThread "Service Thread"             daemon [_thread_blocked, id=15048, stack(0x000000e9a5200000,0x000000e9a5300000) (1024K)]
  0x00000236d5efa2a0 JavaThread "Monitor Deflation Thread"   daemon [_thread_blocked, id=14932, stack(0x000000e9a5300000,0x000000e9a5400000) (1024K)]
  0x00000236d5f063a0 JavaThread "C2 CompilerThread0"         daemon [_thread_blocked, id=5740, stack(0x000000e9a5400000,0x000000e9a5500000) (1024K)]
  0x00000236d5f06a60 JavaThread "C1 CompilerThread0"         daemon [_thread_blocked, id=14324, stack(0x000000e9a5500000,0x000000e9a5600000) (1024K)]
  0x00000236ef1c1d10 JavaThread "Common-Cleaner"             daemon [_thread_blocked, id=12544, stack(0x000000e9a5600000,0x000000e9a5700000) (1024K)]
  0x00000236ef31e920 JavaThread "Notification Thread"        daemon [_thread_blocked, id=15688, stack(0x000000e9a5700000,0x000000e9a5800000) (1024K)]
  0x00000236f0b92ed0 JavaThread "Daemon health stats"               [_thread_blocked, id=8992, stack(0x000000e9a5c00000,0x000000e9a5d00000) (1024K)]
  0x00000236f0bdb020 JavaThread "Incoming local TCP Connector on port 50903"        [_thread_in_native, id=12880, stack(0x000000e9a5d00000,0x000000e9a5e00000) (1024K)]
  0x00000236f0cdd430 JavaThread "Daemon periodic checks"            [_thread_blocked, id=12952, stack(0x000000e9a5e00000,0x000000e9a5f00000) (1024K)]
  0x00000236f0dd51b0 JavaThread "Cache worker for journal cache (C:\Users\ASUS\.gradle\caches\journal-1)"        [_thread_blocked, id=8124, stack(0x000000e9a6600000,0x000000e9a6700000) (1024K)]
  0x00000236f0dd5840 JavaThread "File lock request listener"        [_thread_in_native, id=15648, stack(0x000000e9a6700000,0x000000e9a6800000) (1024K)]
  0x00000236f0dd30e0 JavaThread "Cache worker for file hash cache (C:\Users\ASUS\.gradle\caches\8.11.1\fileHashes)"        [_thread_blocked, id=10300, stack(0x000000e9a6800000,0x000000e9a6900000) (1024K)]
  0x00000236f0dd2a50 JavaThread "Cache worker for file content cache (C:\Users\ASUS\.gradle\caches\8.11.1\fileContent)"        [_thread_blocked, id=2452, stack(0x000000e9a6900000,0x000000e9a6a00000) (1024K)]
  0x00000236f3c51560 JavaThread "File watcher server"        daemon [_thread_in_native, id=9544, stack(0x000000e9a6c00000,0x000000e9a6d00000) (1024K)]
  0x00000236f3c50ed0 JavaThread "File watcher consumer"      daemon [_thread_blocked, id=5552, stack(0x000000e9a6d00000,0x000000e9a6e00000) (1024K)]
  0x00000236f3c577d0 JavaThread "jar transforms"                    [_thread_blocked, id=15524, stack(0x000000e9a7100000,0x000000e9a7200000) (1024K)]
  0x00000236f3c52910 JavaThread "jar transforms Thread 2"           [_thread_blocked, id=10756, stack(0x000000e9a7200000,0x000000e9a7300000) (1024K)]
  0x00000236f3c55070 JavaThread "jar transforms Thread 3"           [_thread_blocked, id=8168, stack(0x000000e9a7300000,0x000000e9a7400000) (1024K)]
  0x00000236f3c52280 JavaThread "jar transforms Thread 4"           [_thread_blocked, id=10848, stack(0x000000e9a7400000,0x000000e9a7500000) (1024K)]
  0x00000236f3504970 JavaThread "Memory manager"                    [_thread_blocked, id=16016, stack(0x000000e9a7e00000,0x000000e9a7f00000) (1024K)]
  0x00000236f3505d20 JavaThread "Daemon Thread 4"                   [_thread_blocked, id=14564, stack(0x000000e9a5b00000,0x000000e9a5c00000) (1024K)]
  0x00000236f3501b80 JavaThread "Daemon worker Thread 3"            [_thread_in_native, id=10752, stack(0x000000e9a6200000,0x000000e9a6300000) (1024K)]
  0x00000236f30267e0 JavaThread "ForkJoinPool.commonPool-worker-7" daemon [_thread_blocked, id=4028, stack(0x000000e9a7a00000,0x000000e9a7b00000) (1024K)]
  0x00000236f3028f40 JavaThread "ForkJoinPool.commonPool-worker-8" daemon [_thread_blocked, id=11696, stack(0x000000e9a7b00000,0x000000e9a7c00000) (1024K)]
  0x00000236f30295d0 JavaThread "ForkJoinPool.commonPool-worker-9" daemon [_thread_blocked, id=3140, stack(0x000000e9a7c00000,0x000000e9a7d00000) (1024K)]
  0x00000236f3c56420 JavaThread "Cache worker for Java compile cache (C:\Users\ASUS\.gradle\caches\8.11.1\javaCompile)"        [_thread_blocked, id=1976, stack(0x000000e9aa600000,0x000000e9aa700000) (1024K)]
  0x00000236f0dd4b20 JavaThread "Exec process Thread 4"             [_thread_blocked, id=11808, stack(0x000000e9aaa00000,0x000000e9aab00000) (1024K)]
  0x00000236f6c63710 JavaThread "Exec process Thread 5"             [_thread_blocked, id=15324, stack(0x000000e9aac00000,0x000000e9aad00000) (1024K)]
  0x00000236f6c678b0 JavaThread "Exec process Thread 6"             [_thread_blocked, id=6840, stack(0x000000e9aad00000,0x000000e9aae00000) (1024K)]
  0x00000236f6c65150 JavaThread "Exec process Thread 7"             [_thread_blocked, id=12104, stack(0x000000e9aae00000,0x000000e9aaf00000) (1024K)]
  0x00000236f6c68c60 JavaThread "File lock release action executor"        [_thread_blocked, id=14560, stack(0x000000e9ab300000,0x000000e9ab400000) (1024K)]
  0x00000236f6c63da0 JavaThread "VFS cleanup Thread 3"              [_thread_blocked, id=13876, stack(0x000000e9a5f00000,0x000000e9a6000000) (1024K)]
  0x00000236f35035c0 JavaThread "included builds"                   [_thread_blocked, id=12420, stack(0x000000e9a9f00000,0x000000e9aa000000) (1024K)]
  0x00000236f3507760 JavaThread "included builds"                   [_thread_blocked, id=2204, stack(0x000000e9aa000000,0x000000e9aa100000) (1024K)]
  0x00000236f3502f30 JavaThread "Daemon Thread 5"                   [_thread_blocked, id=16160, stack(0x000000e9a4400000,0x000000e9a4500000) (1024K)]
  0x00000236f3503c50 JavaThread "Handler for socket connection from /127.0.0.1:50903 to /127.0.0.1:52009"        [_thread_in_native, id=2700, stack(0x000000e9a6000000,0x000000e9a6100000) (1024K)]
  0x00000236f35042e0 JavaThread "Cancel handler"                    [_thread_blocked, id=2124, stack(0x000000e9a6100000,0x000000e9a6200000) (1024K)]
  0x00000236f3505000 JavaThread "Asynchronous log dispatcher for DefaultDaemonConnection: socket connection from /127.0.0.1:50903 to /127.0.0.1:52009"        [_thread_blocked, id=11076, stack(0x000000e9a6400000,0x000000e9a6500000) (1024K)]
  0x00000236f35007d0 JavaThread "Stdin handler"                     [_thread_blocked, id=16076, stack(0x000000e9a6500000,0x000000e9a6600000) (1024K)]
  0x00000236f35070d0 JavaThread "Daemon client event forwarder"        [_thread_blocked, id=14588, stack(0x000000e9a6a00000,0x000000e9a6b00000) (1024K)]
  0x00000236f3502210 JavaThread "Cache worker for file hash cache (D:\codegym\case_module_4\case-study\case-study\case-study\.gradle\8.11.1\fileHashes)"        [_thread_blocked, id=13040, stack(0x000000e9a6b00000,0x000000e9a6c00000) (1024K)]
  0x00000236f3500e60 JavaThread "Cache worker for Build Output Cleanup Cache (D:\codegym\case_module_4\case-study\case-study\case-study\.gradle\buildOutputCleanup)"        [_thread_blocked, id=14748, stack(0x000000e9a4500000,0x000000e9a4600000) (1024K)]
  0x00000236f35014f0 JavaThread "Cache worker for checksums cache (D:\codegym\case_module_4\case-study\case-study\case-study\.gradle\8.11.1\checksums)"        [_thread_blocked, id=14656, stack(0x000000e9a6300000,0x000000e9a6400000) (1024K)]
  0x00000236f3500140 JavaThread "Cache worker for cache directory md-rule (C:\Users\ASUS\.gradle\caches\8.11.1\md-rule)"        [_thread_blocked, id=3700, stack(0x000000e9a6e00000,0x000000e9a6f00000) (1024K)]
  0x00000236f35063b0 JavaThread "Cache worker for cache directory md-supplier (C:\Users\ASUS\.gradle\caches\8.11.1\md-supplier)"        [_thread_blocked, id=9432, stack(0x000000e9a6f00000,0x000000e9a7000000) (1024K)]
  0x00000236f35028a0 JavaThread "Unconstrained build operations"        [_thread_blocked, id=11620, stack(0x000000e9a7000000,0x000000e9a7100000) (1024K)]
  0x00000236f2da5b40 JavaThread "Unconstrained build operations Thread 2"        [_thread_blocked, id=13164, stack(0x000000e9a7500000,0x000000e9a7600000) (1024K)]
  0x00000236f2da61d0 JavaThread "Unconstrained build operations Thread 3"        [_thread_blocked, id=15380, stack(0x000000e9a7600000,0x000000e9a7700000) (1024K)]
  0x00000236f2da7580 JavaThread "Unconstrained build operations Thread 4"        [_thread_blocked, id=14232, stack(0x000000e9a7700000,0x000000e9a7800000) (1024K)]
  0x00000236f2da8930 JavaThread "Unconstrained build operations Thread 5"        [_thread_blocked, id=9936, stack(0x000000e9a7800000,0x000000e9a7900000) (1024K)]
  0x00000236f2dabdb0 JavaThread "Unconstrained build operations Thread 6"        [_thread_blocked, id=1108, stack(0x000000e9a7900000,0x000000e9a7a00000) (1024K)]
  0x00000236f2da6860 JavaThread "Unconstrained build operations Thread 7"        [_thread_blocked, id=13176, stack(0x000000e9a7d00000,0x000000e9a7e00000) (1024K)]
  0x00000236f2da6ef0 JavaThread "Unconstrained build operations Thread 8"        [_thread_blocked, id=2796, stack(0x000000e9a7f00000,0x000000e9a8000000) (1024K)]
  0x00000236f2da7c10 JavaThread "Unconstrained build operations Thread 9"        [_thread_blocked, id=5048, stack(0x000000e9a8000000,0x000000e9a8100000) (1024K)]
  0x00000236f2da9650 JavaThread "Unconstrained build operations Thread 10"        [_thread_blocked, id=16032, stack(0x000000e9a8100000,0x000000e9a8200000) (1024K)]
  0x00000236f2daaa00 JavaThread "Unconstrained build operations Thread 11"        [_thread_blocked, id=13852, stack(0x000000e9a8200000,0x000000e9a8300000) (1024K)]
  0x00000236f2dab090 JavaThread "Unconstrained build operations Thread 12"        [_thread_blocked, id=5896, stack(0x000000e9a8300000,0x000000e9a8400000) (1024K)]
  0x00000236f2daa370 JavaThread "Unconstrained build operations Thread 13"        [_thread_blocked, id=15280, stack(0x000000e9a8400000,0x000000e9a8500000) (1024K)]
  0x00000236f2da9ce0 JavaThread "Unconstrained build operations Thread 14"        [_thread_blocked, id=13800, stack(0x000000e9a8500000,0x000000e9a8600000) (1024K)]
  0x00000236f2dab720 JavaThread "Unconstrained build operations Thread 15"        [_thread_blocked, id=5452, stack(0x000000e9a8600000,0x000000e9a8700000) (1024K)]
  0x00000236f2dac440 JavaThread "Unconstrained build operations Thread 16"        [_thread_blocked, id=8160, stack(0x000000e9a8700000,0x000000e9a8800000) (1024K)]
  0x00000236f2da54b0 JavaThread "Unconstrained build operations Thread 17"        [_thread_blocked, id=7348, stack(0x000000e9a8800000,0x000000e9a8900000) (1024K)]
  0x00000236f2dacad0 JavaThread "Unconstrained build operations Thread 18"        [_thread_blocked, id=4764, stack(0x000000e9a8900000,0x000000e9a8a00000) (1024K)]
  0x00000236f3024da0 JavaThread "Unconstrained build operations Thread 19"        [_thread_blocked, id=16360, stack(0x000000e9a8a00000,0x000000e9a8b00000) (1024K)]
  0x00000236f3027500 JavaThread "Unconstrained build operations Thread 20"        [_thread_blocked, id=5512, stack(0x000000e9a8b00000,0x000000e9a8c00000) (1024K)]
  0x00000236f302c3c0 JavaThread "Unconstrained build operations Thread 21"        [_thread_blocked, id=15936, stack(0x000000e9a8c00000,0x000000e9a8d00000) (1024K)]
  0x00000236f3029c60 JavaThread "Unconstrained build operations Thread 22"        [_thread_blocked, id=3448, stack(0x000000e9a8d00000,0x000000e9a8e00000) (1024K)]
  0x00000236f302a2f0 JavaThread "Unconstrained build operations Thread 23"        [_thread_blocked, id=8196, stack(0x000000e9a8e00000,0x000000e9a8f00000) (1024K)]
  0x00000236f302a980 JavaThread "Unconstrained build operations Thread 24"        [_thread_blocked, id=13144, stack(0x000000e9a8f00000,0x000000e9a9000000) (1024K)]
  0x00000236f302b010 JavaThread "Unconstrained build operations Thread 25"        [_thread_blocked, id=13328, stack(0x000000e9a9000000,0x000000e9a9100000) (1024K)]
  0x00000236f302b6a0 JavaThread "Unconstrained build operations Thread 26"        [_thread_blocked, id=14772, stack(0x000000e9a9100000,0x000000e9a9200000) (1024K)]
  0x00000236f3028220 JavaThread "Unconstrained build operations Thread 27"        [_thread_blocked, id=15900, stack(0x000000e9a9200000,0x000000e9a9300000) (1024K)]
  0x00000236f3027b90 JavaThread "Unconstrained build operations Thread 28"        [_thread_blocked, id=16296, stack(0x000000e9a9300000,0x000000e9a9400000) (1024K)]
  0x00000236f3026e70 JavaThread "Unconstrained build operations Thread 29"        [_thread_blocked, id=14220, stack(0x000000e9a9400000,0x000000e9a9500000) (1024K)]
  0x00000236f302bd30 JavaThread "Unconstrained build operations Thread 30"        [_thread_blocked, id=8860, stack(0x000000e9a9500000,0x000000e9a9600000) (1024K)]
  0x00000236f3026150 JavaThread "Unconstrained build operations Thread 31"        [_thread_blocked, id=14872, stack(0x000000e9a9600000,0x000000e9a9700000) (1024K)]
  0x00000236f3025430 JavaThread "Unconstrained build operations Thread 32"        [_thread_blocked, id=13208, stack(0x000000e9a9700000,0x000000e9a9800000) (1024K)]
  0x00000236f3025ac0 JavaThread "Unconstrained build operations Thread 33"        [_thread_blocked, id=3580, stack(0x000000e9a9800000,0x000000e9a9900000) (1024K)]
  0x00000236f6c6a010 JavaThread "Unconstrained build operations Thread 34"        [_thread_blocked, id=12664, stack(0x000000e9a9900000,0x000000e9a9a00000) (1024K)]
  0x00000236f6c63080 JavaThread "Unconstrained build operations Thread 35"        [_thread_blocked, id=3996, stack(0x000000e9a9a00000,0x000000e9a9b00000) (1024K)]
  0x00000236f6c67f40 JavaThread "Unconstrained build operations Thread 36"        [_thread_blocked, id=14492, stack(0x000000e9a9b00000,0x000000e9a9c00000) (1024K)]
  0x00000236f6c64430 JavaThread "Unconstrained build operations Thread 37"        [_thread_blocked, id=11160, stack(0x000000e9a9c00000,0x000000e9a9d00000) (1024K)]
  0x00000236f6c66500 JavaThread "Unconstrained build operations Thread 38"        [_thread_blocked, id=15192, stack(0x000000e9a9d00000,0x000000e9a9e00000) (1024K)]
  0x00000236f6c685d0 JavaThread "Unconstrained build operations Thread 39"        [_thread_blocked, id=12200, stack(0x000000e9a9e00000,0x000000e9a9f00000) (1024K)]
  0x00000236f6c69980 JavaThread "Unconstrained build operations Thread 40"        [_thread_blocked, id=8536, stack(0x000000e9aa200000,0x000000e9aa300000) (1024K)]
=>0x00000236f374f950 JavaThread "C2 CompilerThread1"         daemon [_thread_in_native, id=6080, stack(0x000000e9aa300000,0x000000e9aa400000) (1024K)]
Total: 91

Other Threads:
  0x00000236d5ed3290 VMThread "VM Thread"                           [id=3396, stack(0x000000e9a4d00000,0x000000e9a4e00000) (1024K)]
  0x00000236bbc77100 WatcherThread "VM Periodic Task Thread"        [id=12688, stack(0x000000e9a4c00000,0x000000e9a4d00000) (1024K)]
  0x00000236bbcae520 WorkerThread "GC Thread#0"                     [id=7912, stack(0x000000e9a4700000,0x000000e9a4800000) (1024K)]
  0x00000236ef3daad0 WorkerThread "GC Thread#1"                     [id=15140, stack(0x000000e9a5800000,0x000000e9a5900000) (1024K)]
  0x00000236ef4959c0 WorkerThread "GC Thread#2"                     [id=14724, stack(0x000000e9a5900000,0x000000e9a5a00000) (1024K)]
  0x00000236ef496580 WorkerThread "GC Thread#3"                     [id=9500, stack(0x000000e9a5a00000,0x000000e9a5b00000) (1024K)]
  0x00000236b9c1e680 ConcurrentGCThread "G1 Main Marker"            [id=13124, stack(0x000000e9a4800000,0x000000e9a4900000) (1024K)]
  0x00000236bbcaf560 WorkerThread "G1 Conc#0"                       [id=12440, stack(0x000000e9a4900000,0x000000e9a4a00000) (1024K)]
  0x00000236d5d931a0 ConcurrentGCThread "G1 Refine#0"               [id=13564, stack(0x000000e9a4a00000,0x000000e9a4b00000) (1024K)]
  0x00000236d5d936e0 ConcurrentGCThread "G1 Service"                [id=11636, stack(0x000000e9a4b00000,0x000000e9a4c00000) (1024K)]
Total: 10

Threads with active compile tasks:
C2 CompilerThread1  473575 15960       4       org.gradle.api.internal.artifacts.ivyservice.resolveengine.graph.builder.DependencyGraphBuilder::assembleResult (492 bytes)
Total: 1

VM state: not at safepoint (normal execution)

VM Mutex/Monitor currently owned by a thread: None

Heap address: 0x00000000e0000000, size: 512 MB, Compressed Oops mode: 32-bit

CDS archive(s) mapped at: [0x00000236d6000000-0x00000236d6c60000-0x00000236d6c60000), size 12976128, SharedBaseAddress: 0x00000236d6000000, ArchiveRelocationMode: 1.
Compressed class space mapped at: 0x00000236d7000000-0x00000236eb000000, reserved size: 335544320
Narrow klass base: 0x00000236d6000000, Narrow klass shift: 0, Narrow klass range: 0x15000000

GC Precious Log:
 CardTable entry size: 512
 Card Set container configuration: InlinePtr #cards 5 size 8 Array Of Cards #cards 12 size 40 Howl #buckets 4 coarsen threshold 1843 Howl Bitmap #cards 512 size 80 coarsen threshold 460 Card regions per heap region 1 cards per card region 2048
 CPUs: 4 total, 4 available
 Memory: 8076M
 Large Page Support: Disabled
 NUMA Support: Disabled
 Compressed Oops: Enabled (32-bit)
 Heap Region Size: 1M
 Heap Min Capacity: 256M
 Heap Initial Capacity: 256M
 Heap Max Capacity: 512M
 Pre-touch: Disabled
 Parallel Workers: 4
 Concurrent Workers: 1
 Concurrent Refinement Workers: 4
 Periodic GC: Disabled

Heap:
 garbage-first heap   total reserved 524288K, committed 262144K, used 117663K [0x00000000e0000000, 0x0000000100000000)
  region size 1024K, 43 young (44032K), 5 survivors (5120K)
 Metaspace       used 66709K, committed 68864K, reserved 393216K
  class space    used 9388K, committed 10496K, reserved 327680K

Heap Regions: E=young(eden), S=young(survivor), O=old, HS=humongous(starts), HC=humongous(continues), CS=collection set, F=free, TAMS=top-at-mark-start, PB=parsable bottom
|   0|0x00000000e0000000, 0x00000000e0100000, 0x00000000e0100000|100%|HS|  |TAMS 0x00000000e0000000| PB 0x00000000e0000000| Complete |  0
|   1|0x00000000e0100000, 0x00000000e0200000, 0x00000000e0200000|100%|HC|  |TAMS 0x00000000e0100000| PB 0x00000000e0100000| Complete |  0
|   2|0x00000000e0200000, 0x00000000e0300000, 0x00000000e0300000|100%|HC|  |TAMS 0x00000000e0200000| PB 0x00000000e0200000| Complete |  0
|   3|0x00000000e0300000, 0x00000000e0400000, 0x00000000e0400000|100%| O|  |TAMS 0x00000000e0300000| PB 0x00000000e0300000| Untracked |  0
|   4|0x00000000e0400000, 0x00000000e0500000, 0x00000000e0500000|100%| O|  |TAMS 0x00000000e0400000| PB 0x00000000e0400000| Untracked |  0
|   5|0x00000000e0500000, 0x00000000e0600000, 0x00000000e0600000|100%| O|  |TAMS 0x00000000e0500000| PB 0x00000000e0500000| Untracked |  0
|   6|0x00000000e0600000, 0x00000000e0700000, 0x00000000e0700000|100%|HS|  |TAMS 0x00000000e0600000| PB 0x00000000e0600000| Complete |  0
|   7|0x00000000e0700000, 0x00000000e0800000, 0x00000000e0800000|100%| O|  |TAMS 0x00000000e0700000| PB 0x00000000e0700000| Untracked |  0
|   8|0x00000000e0800000, 0x00000000e0900000, 0x00000000e0900000|100%| O|  |TAMS 0x00000000e0800000| PB 0x00000000e0800000| Untracked |  0
|   9|0x00000000e0900000, 0x00000000e0a00000, 0x00000000e0a00000|100%| O|  |TAMS 0x00000000e0900000| PB 0x00000000e0900000| Untracked |  0
|  10|0x00000000e0a00000, 0x00000000e0b00000, 0x00000000e0b00000|100%| O|  |TAMS 0x00000000e0a00000| PB 0x00000000e0a00000| Untracked |  0
|  11|0x00000000e0b00000, 0x00000000e0c00000, 0x00000000e0c00000|100%| O|  |TAMS 0x00000000e0b00000| PB 0x00000000e0b00000| Untracked |  0
|  12|0x00000000e0c00000, 0x00000000e0d00000, 0x00000000e0d00000|100%| O|  |TAMS 0x00000000e0c00000| PB 0x00000000e0c00000| Untracked |  0
|  13|0x00000000e0d00000, 0x00000000e0e00000, 0x00000000e0e00000|100%| O|  |TAMS 0x00000000e0d00000| PB 0x00000000e0d00000| Untracked |  0
|  14|0x00000000e0e00000, 0x00000000e0f00000, 0x00000000e0f00000|100%| O|  |TAMS 0x00000000e0e00000| PB 0x00000000e0e00000| Untracked |  0
|  15|0x00000000e0f00000, 0x00000000e1000000, 0x00000000e1000000|100%| O|  |TAMS 0x00000000e0f00000| PB 0x00000000e0f00000| Untracked |  0
|  16|0x00000000e1000000, 0x00000000e1100000, 0x00000000e1100000|100%| O|  |TAMS 0x00000000e1000000| PB 0x00000000e1000000| Untracked |  0
|  17|0x00000000e1100000, 0x00000000e1200000, 0x00000000e1200000|100%| O|  |TAMS 0x00000000e1100000| PB 0x00000000e1100000| Untracked |  0
|  18|0x00000000e1200000, 0x00000000e1300000, 0x00000000e1300000|100%| O|  |TAMS 0x00000000e1200000| PB 0x00000000e1200000| Untracked |  0
|  19|0x00000000e1300000, 0x00000000e1400000, 0x00000000e1400000|100%| O|  |TAMS 0x00000000e1300000| PB 0x00000000e1300000| Untracked |  0
|  20|0x00000000e1400000, 0x00000000e1500000, 0x00000000e1500000|100%| O|  |TAMS 0x00000000e1400000| PB 0x00000000e1400000| Untracked |  0
|  21|0x00000000e1500000, 0x00000000e1600000, 0x00000000e1600000|100%| O|  |TAMS 0x00000000e1500000| PB 0x00000000e1500000| Untracked |  0
|  22|0x00000000e1600000, 0x00000000e1700000, 0x00000000e1700000|100%| O|  |TAMS 0x00000000e1600000| PB 0x00000000e1600000| Untracked |  0
|  23|0x00000000e1700000, 0x00000000e1800000, 0x00000000e1800000|100%| O|  |TAMS 0x00000000e1700000| PB 0x00000000e1700000| Untracked |  0
|  24|0x00000000e1800000, 0x00000000e1900000, 0x00000000e1900000|100%| O|  |TAMS 0x00000000e1800000| PB 0x00000000e1800000| Untracked |  0
|  25|0x00000000e1900000, 0x00000000e1a00000, 0x00000000e1a00000|100%| O|  |TAMS 0x00000000e1900000| PB 0x00000000e1900000| Untracked |  0
|  26|0x00000000e1a00000, 0x00000000e1b00000, 0x00000000e1b00000|100%| O|  |TAMS 0x00000000e1a00000| PB 0x00000000e1a00000| Untracked |  0
|  27|0x00000000e1b00000, 0x00000000e1c00000, 0x00000000e1c00000|100%| O|  |TAMS 0x00000000e1b00000| PB 0x00000000e1b00000| Untracked |  0
|  28|0x00000000e1c00000, 0x00000000e1d00000, 0x00000000e1d00000|100%| O|  |TAMS 0x00000000e1c00000| PB 0x00000000e1c00000| Untracked |  0
|  29|0x00000000e1d00000, 0x00000000e1e00000, 0x00000000e1e00000|100%| O|  |TAMS 0x00000000e1d00000| PB 0x00000000e1d00000| Untracked |  0
|  30|0x00000000e1e00000, 0x00000000e1f00000, 0x00000000e1f00000|100%| O|  |TAMS 0x00000000e1e00000| PB 0x00000000e1e00000| Untracked |  0
|  31|0x00000000e1f00000, 0x00000000e2000000, 0x00000000e2000000|100%| O|  |TAMS 0x00000000e1f00000| PB 0x00000000e1f00000| Untracked |  0
|  32|0x00000000e2000000, 0x00000000e2100000, 0x00000000e2100000|100%| O|  |TAMS 0x00000000e2000000| PB 0x00000000e2000000| Untracked |  0
|  33|0x00000000e2100000, 0x00000000e2200000, 0x00000000e2200000|100%| O|  |TAMS 0x00000000e2100000| PB 0x00000000e2100000| Untracked |  0
|  34|0x00000000e2200000, 0x00000000e2300000, 0x00000000e2300000|100%| O|  |TAMS 0x00000000e2200000| PB 0x00000000e2200000| Untracked |  0
|  35|0x00000000e2300000, 0x00000000e2400000, 0x00000000e2400000|100%| O|  |TAMS 0x00000000e2300000| PB 0x00000000e2300000| Untracked |  0
|  36|0x00000000e2400000, 0x00000000e2500000, 0x00000000e2500000|100%| O|  |TAMS 0x00000000e2400000| PB 0x00000000e2400000| Untracked |  0
|  37|0x00000000e2500000, 0x00000000e2600000, 0x00000000e2600000|100%| O|  |TAMS 0x00000000e2500000| PB 0x00000000e2500000| Untracked |  0
|  38|0x00000000e2600000, 0x00000000e2700000, 0x00000000e2700000|100%| O|  |TAMS 0x00000000e2600000| PB 0x00000000e2600000| Untracked |  0
|  39|0x00000000e2700000, 0x00000000e2800000, 0x00000000e2800000|100%| O|  |TAMS 0x00000000e2700000| PB 0x00000000e2700000| Untracked |  0
|  40|0x00000000e2800000, 0x00000000e2900000, 0x00000000e2900000|100%| O|  |TAMS 0x00000000e2800000| PB 0x00000000e2800000| Untracked |  0
|  41|0x00000000e2900000, 0x00000000e2a00000, 0x00000000e2a00000|100%| O|  |TAMS 0x00000000e2900000| PB 0x00000000e2900000| Untracked |  0
|  42|0x00000000e2a00000, 0x00000000e2b00000, 0x00000000e2b00000|100%| O|  |TAMS 0x00000000e2a00000| PB 0x00000000e2a00000| Untracked |  0
|  43|0x00000000e2b00000, 0x00000000e2c00000, 0x00000000e2c00000|100%| O|  |TAMS 0x00000000e2b00000| PB 0x00000000e2b00000| Untracked |  0
|  44|0x00000000e2c00000, 0x00000000e2d00000, 0x00000000e2d00000|100%| O|  |TAMS 0x00000000e2c00000| PB 0x00000000e2c00000| Untracked |  0
|  45|0x00000000e2d00000, 0x00000000e2e00000, 0x00000000e2e00000|100%| O|  |TAMS 0x00000000e2d00000| PB 0x00000000e2d00000| Untracked |  0
|  46|0x00000000e2e00000, 0x00000000e2f00000, 0x00000000e2f00000|100%| O|  |TAMS 0x00000000e2e00000| PB 0x00000000e2e00000| Untracked |  0
|  47|0x00000000e2f00000, 0x00000000e3000000, 0x00000000e3000000|100%| O|  |TAMS 0x00000000e2f00000| PB 0x00000000e2f00000| Untracked |  0
|  48|0x00000000e3000000, 0x00000000e3100000, 0x00000000e3100000|100%| O|  |TAMS 0x00000000e3000000| PB 0x00000000e3000000| Untracked |  0
|  49|0x00000000e3100000, 0x00000000e3200000, 0x00000000e3200000|100%| O|  |TAMS 0x00000000e3100000| PB 0x00000000e3100000| Untracked |  0
|  50|0x00000000e3200000, 0x00000000e3300000, 0x00000000e3300000|100%| O|  |TAMS 0x00000000e3200000| PB 0x00000000e3200000| Untracked |  0
|  51|0x00000000e3300000, 0x00000000e3400000, 0x00000000e3400000|100%| O|  |TAMS 0x00000000e3300000| PB 0x00000000e3300000| Untracked |  0
|  52|0x00000000e3400000, 0x00000000e3500000, 0x00000000e3500000|100%| O|  |TAMS 0x00000000e3400000| PB 0x00000000e3400000| Untracked |  0
|  53|0x00000000e3500000, 0x00000000e3600000, 0x00000000e3600000|100%| O|  |TAMS 0x00000000e3500000| PB 0x00000000e3500000| Untracked |  0
|  54|0x00000000e3600000, 0x00000000e3700000, 0x00000000e3700000|100%| O|  |TAMS 0x00000000e3600000| PB 0x00000000e3600000| Untracked |  0
|  55|0x00000000e3700000, 0x00000000e3800000, 0x00000000e3800000|100%| O|  |TAMS 0x00000000e3700000| PB 0x00000000e3700000| Untracked |  0
|  56|0x00000000e3800000, 0x00000000e3900000, 0x00000000e3900000|100%| O|  |TAMS 0x00000000e3800000| PB 0x00000000e3800000| Untracked |  0
|  57|0x00000000e3900000, 0x00000000e3a00000, 0x00000000e3a00000|100%| O|  |TAMS 0x00000000e3900000| PB 0x00000000e3900000| Untracked |  0
|  58|0x00000000e3a00000, 0x00000000e3b00000, 0x00000000e3b00000|100%| O|  |TAMS 0x00000000e3a00000| PB 0x00000000e3a00000| Untracked |  0
|  59|0x00000000e3b00000, 0x00000000e3c00000, 0x00000000e3c00000|100%| O|  |TAMS 0x00000000e3b00000| PB 0x00000000e3b00000| Untracked |  0
|  60|0x00000000e3c00000, 0x00000000e3d00000, 0x00000000e3d00000|100%| O|  |TAMS 0x00000000e3c00000| PB 0x00000000e3c00000| Untracked |  0
|  61|0x00000000e3d00000, 0x00000000e3e00000, 0x00000000e3e00000|100%| O|  |TAMS 0x00000000e3d00000| PB 0x00000000e3d00000| Untracked |  0
|  62|0x00000000e3e00000, 0x00000000e3f00000, 0x00000000e3f00000|100%| O|  |TAMS 0x00000000e3e00000| PB 0x00000000e3e00000| Untracked |  0
|  63|0x00000000e3f00000, 0x00000000e4000000, 0x00000000e4000000|100%| O|  |TAMS 0x00000000e3f00000| PB 0x00000000e3f00000| Untracked |  0
|  64|0x00000000e4000000, 0x00000000e4100000, 0x00000000e4100000|100%| O|  |TAMS 0x00000000e4000000| PB 0x00000000e4000000| Untracked |  0
|  65|0x00000000e4100000, 0x00000000e4200000, 0x00000000e4200000|100%| O|  |TAMS 0x00000000e4100000| PB 0x00000000e4100000| Untracked |  0
|  66|0x00000000e4200000, 0x00000000e4300000, 0x00000000e4300000|100%| O|  |TAMS 0x00000000e4200000| PB 0x00000000e4200000| Untracked |  0
|  67|0x00000000e4300000, 0x00000000e4400000, 0x00000000e4400000|100%| O|  |TAMS 0x00000000e4300000| PB 0x00000000e4300000| Untracked |  0
|  68|0x00000000e4400000, 0x00000000e4500000, 0x00000000e4500000|100%| O|  |TAMS 0x00000000e4400000| PB 0x00000000e4400000| Untracked |  0
|  69|0x00000000e4500000, 0x00000000e4600000, 0x00000000e4600000|100%| O|  |TAMS 0x00000000e4500000| PB 0x00000000e4500000| Untracked |  0
|  70|0x00000000e4600000, 0x00000000e4700000, 0x00000000e4700000|100%| O|  |TAMS 0x00000000e4600000| PB 0x00000000e4600000| Untracked |  0
|  71|0x00000000e4700000, 0x00000000e4800000, 0x00000000e4800000|100%| O|  |TAMS 0x00000000e4700000| PB 0x00000000e4700000| Untracked |  0
|  72|0x00000000e4800000, 0x00000000e4900000, 0x00000000e4900000|100%| O|  |TAMS 0x00000000e4800000| PB 0x00000000e4800000| Untracked |  0
|  73|0x00000000e4900000, 0x00000000e49f6cf0, 0x00000000e4a00000| 96%| O|  |TAMS 0x00000000e4900000| PB 0x00000000e4900000| Untracked |  0
|  74|0x00000000e4a00000, 0x00000000e4a00000, 0x00000000e4b00000|  0%| F|  |TAMS 0x00000000e4a00000| PB 0x00000000e4a00000| Untracked |  0
|  75|0x00000000e4b00000, 0x00000000e4b00000, 0x00000000e4c00000|  0%| F|  |TAMS 0x00000000e4b00000| PB 0x00000000e4b00000| Untracked |  0
|  76|0x00000000e4c00000, 0x00000000e4c00000, 0x00000000e4d00000|  0%| F|  |TAMS 0x00000000e4c00000| PB 0x00000000e4c00000| Untracked |  0
|  77|0x00000000e4d00000, 0x00000000e4d00000, 0x00000000e4e00000|  0%| F|  |TAMS 0x00000000e4d00000| PB 0x00000000e4d00000| Untracked |  0
|  78|0x00000000e4e00000, 0x00000000e4e00000, 0x00000000e4f00000|  0%| F|  |TAMS 0x00000000e4e00000| PB 0x00000000e4e00000| Untracked |  0
|  79|0x00000000e4f00000, 0x00000000e4f00000, 0x00000000e5000000|  0%| F|  |TAMS 0x00000000e4f00000| PB 0x00000000e4f00000| Untracked |  0
|  80|0x00000000e5000000, 0x00000000e5000000, 0x00000000e5100000|  0%| F|  |TAMS 0x00000000e5000000| PB 0x00000000e5000000| Untracked |  0
|  81|0x00000000e5100000, 0x00000000e5100000, 0x00000000e5200000|  0%| F|  |TAMS 0x00000000e5100000| PB 0x00000000e5100000| Untracked |  0
|  82|0x00000000e5200000, 0x00000000e5200000, 0x00000000e5300000|  0%| F|  |TAMS 0x00000000e5200000| PB 0x00000000e5200000| Untracked |  0
|  83|0x00000000e5300000, 0x00000000e5300000, 0x00000000e5400000|  0%| F|  |TAMS 0x00000000e5300000| PB 0x00000000e5300000| Untracked |  0
|  84|0x00000000e5400000, 0x00000000e5400000, 0x00000000e5500000|  0%| F|  |TAMS 0x00000000e5400000| PB 0x00000000e5400000| Untracked |  0
|  85|0x00000000e5500000, 0x00000000e5500000, 0x00000000e5600000|  0%| F|  |TAMS 0x00000000e5500000| PB 0x00000000e5500000| Untracked |  0
|  86|0x00000000e5600000, 0x00000000e5600000, 0x00000000e5700000|  0%| F|  |TAMS 0x00000000e5600000| PB 0x00000000e5600000| Untracked |  0
|  87|0x00000000e5700000, 0x00000000e5700000, 0x00000000e5800000|  0%| F|  |TAMS 0x00000000e5700000| PB 0x00000000e5700000| Untracked |  0
|  88|0x00000000e5800000, 0x00000000e5800000, 0x00000000e5900000|  0%| F|  |TAMS 0x00000000e5800000| PB 0x00000000e5800000| Untracked |  0
|  89|0x00000000e5900000, 0x00000000e5900000, 0x00000000e5a00000|  0%| F|  |TAMS 0x00000000e5900000| PB 0x00000000e5900000| Untracked |  0
|  90|0x00000000e5a00000, 0x00000000e5a00000, 0x00000000e5b00000|  0%| F|  |TAMS 0x00000000e5a00000| PB 0x00000000e5a00000| Untracked |  0
|  91|0x00000000e5b00000, 0x00000000e5b00000, 0x00000000e5c00000|  0%| F|  |TAMS 0x00000000e5b00000| PB 0x00000000e5b00000| Untracked |  0
|  92|0x00000000e5c00000, 0x00000000e5c00000, 0x00000000e5d00000|  0%| F|  |TAMS 0x00000000e5c00000| PB 0x00000000e5c00000| Untracked |  0
|  93|0x00000000e5d00000, 0x00000000e5d00000, 0x00000000e5e00000|  0%| F|  |TAMS 0x00000000e5d00000| PB 0x00000000e5d00000| Untracked |  0
|  94|0x00000000e5e00000, 0x00000000e5e00000, 0x00000000e5f00000|  0%| F|  |TAMS 0x00000000e5e00000| PB 0x00000000e5e00000| Untracked |  0
|  95|0x00000000e5f00000, 0x00000000e5f00000, 0x00000000e6000000|  0%| F|  |TAMS 0x00000000e5f00000| PB 0x00000000e5f00000| Untracked |  0
|  96|0x00000000e6000000, 0x00000000e6000000, 0x00000000e6100000|  0%| F|  |TAMS 0x00000000e6000000| PB 0x00000000e6000000| Untracked |  0
|  97|0x00000000e6100000, 0x00000000e6100000, 0x00000000e6200000|  0%| F|  |TAMS 0x00000000e6100000| PB 0x00000000e6100000| Untracked |  0
|  98|0x00000000e6200000, 0x00000000e6200000, 0x00000000e6300000|  0%| F|  |TAMS 0x00000000e6200000| PB 0x00000000e6200000| Untracked |  0
|  99|0x00000000e6300000, 0x00000000e6300000, 0x00000000e6400000|  0%| F|  |TAMS 0x00000000e6300000| PB 0x00000000e6300000| Untracked |  0
| 100|0x00000000e6400000, 0x00000000e6400000, 0x00000000e6500000|  0%| F|  |TAMS 0x00000000e6400000| PB 0x00000000e6400000| Untracked |  0
| 101|0x00000000e6500000, 0x00000000e6500000, 0x00000000e6600000|  0%| F|  |TAMS 0x00000000e6500000| PB 0x00000000e6500000| Untracked |  0
| 102|0x00000000e6600000, 0x00000000e6600000, 0x00000000e6700000|  0%| F|  |TAMS 0x00000000e6600000| PB 0x00000000e6600000| Untracked |  0
| 103|0x00000000e6700000, 0x00000000e6700000, 0x00000000e6800000|  0%| F|  |TAMS 0x00000000e6700000| PB 0x00000000e6700000| Untracked |  0
| 104|0x00000000e6800000, 0x00000000e6800000, 0x00000000e6900000|  0%| F|  |TAMS 0x00000000e6800000| PB 0x00000000e6800000| Untracked |  0
| 105|0x00000000e6900000, 0x00000000e6900000, 0x00000000e6a00000|  0%| F|  |TAMS 0x00000000e6900000| PB 0x00000000e6900000| Untracked |  0
| 106|0x00000000e6a00000, 0x00000000e6a00000, 0x00000000e6b00000|  0%| F|  |TAMS 0x00000000e6a00000| PB 0x00000000e6a00000| Untracked |  0
| 107|0x00000000e6b00000, 0x00000000e6b00000, 0x00000000e6c00000|  0%| F|  |TAMS 0x00000000e6b00000| PB 0x00000000e6b00000| Untracked |  0
| 108|0x00000000e6c00000, 0x00000000e6c00000, 0x00000000e6d00000|  0%| F|  |TAMS 0x00000000e6c00000| PB 0x00000000e6c00000| Untracked |  0
| 109|0x00000000e6d00000, 0x00000000e6df10b8, 0x00000000e6e00000| 94%| S|CS|TAMS 0x00000000e6d00000| PB 0x00000000e6d00000| Complete |  0
| 110|0x00000000e6e00000, 0x00000000e6f00000, 0x00000000e6f00000|100%| S|CS|TAMS 0x00000000e6e00000| PB 0x00000000e6e00000| Complete |  0
| 111|0x00000000e6f00000, 0x00000000e7000000, 0x00000000e7000000|100%| S|CS|TAMS 0x00000000e6f00000| PB 0x00000000e6f00000| Complete |  0
| 112|0x00000000e7000000, 0x00000000e7100000, 0x00000000e7100000|100%| S|CS|TAMS 0x00000000e7000000| PB 0x00000000e7000000| Complete |  0
| 113|0x00000000e7100000, 0x00000000e7200000, 0x00000000e7200000|100%| S|CS|TAMS 0x00000000e7100000| PB 0x00000000e7100000| Complete |  0
| 114|0x00000000e7200000, 0x00000000e7200000, 0x00000000e7300000|  0%| F|  |TAMS 0x00000000e7200000| PB 0x00000000e7200000| Untracked |  0
| 115|0x00000000e7300000, 0x00000000e7300000, 0x00000000e7400000|  0%| F|  |TAMS 0x00000000e7300000| PB 0x00000000e7300000| Untracked |  0
| 116|0x00000000e7400000, 0x00000000e7400000, 0x00000000e7500000|  0%| F|  |TAMS 0x00000000e7400000| PB 0x00000000e7400000| Untracked |  0
| 117|0x00000000e7500000, 0x00000000e7500000, 0x00000000e7600000|  0%| F|  |TAMS 0x00000000e7500000| PB 0x00000000e7500000| Untracked |  0
| 118|0x00000000e7600000, 0x00000000e7600000, 0x00000000e7700000|  0%| F|  |TAMS 0x00000000e7600000| PB 0x00000000e7600000| Untracked |  0
| 119|0x00000000e7700000, 0x00000000e7700000, 0x00000000e7800000|  0%| F|  |TAMS 0x00000000e7700000| PB 0x00000000e7700000| Untracked |  0
| 120|0x00000000e7800000, 0x00000000e7800000, 0x00000000e7900000|  0%| F|  |TAMS 0x00000000e7800000| PB 0x00000000e7800000| Untracked |  0
| 121|0x00000000e7900000, 0x00000000e7900000, 0x00000000e7a00000|  0%| F|  |TAMS 0x00000000e7900000| PB 0x00000000e7900000| Untracked |  0
| 122|0x00000000e7a00000, 0x00000000e7a00000, 0x00000000e7b00000|  0%| F|  |TAMS 0x00000000e7a00000| PB 0x00000000e7a00000| Untracked |  0
| 123|0x00000000e7b00000, 0x00000000e7b00000, 0x00000000e7c00000|  0%| F|  |TAMS 0x00000000e7b00000| PB 0x00000000e7b00000| Untracked |  0
| 124|0x00000000e7c00000, 0x00000000e7c00000, 0x00000000e7d00000|  0%| F|  |TAMS 0x00000000e7c00000| PB 0x00000000e7c00000| Untracked |  0
| 125|0x00000000e7d00000, 0x00000000e7d00000, 0x00000000e7e00000|  0%| F|  |TAMS 0x00000000e7d00000| PB 0x00000000e7d00000| Untracked |  0
| 126|0x00000000e7e00000, 0x00000000e7e00000, 0x00000000e7f00000|  0%| F|  |TAMS 0x00000000e7e00000| PB 0x00000000e7e00000| Untracked |  0
| 127|0x00000000e7f00000, 0x00000000e7f00000, 0x00000000e8000000|  0%| F|  |TAMS 0x00000000e7f00000| PB 0x00000000e7f00000| Untracked |  0
| 128|0x00000000e8000000, 0x00000000e8000000, 0x00000000e8100000|  0%| F|  |TAMS 0x00000000e8000000| PB 0x00000000e8000000| Untracked |  0
| 129|0x00000000e8100000, 0x00000000e8100000, 0x00000000e8200000|  0%| F|  |TAMS 0x00000000e8100000| PB 0x00000000e8100000| Untracked |  0
| 130|0x00000000e8200000, 0x00000000e8200000, 0x00000000e8300000|  0%| F|  |TAMS 0x00000000e8200000| PB 0x00000000e8200000| Untracked |  0
| 131|0x00000000e8300000, 0x00000000e8300000, 0x00000000e8400000|  0%| F|  |TAMS 0x00000000e8300000| PB 0x00000000e8300000| Untracked |  0
| 132|0x00000000e8400000, 0x00000000e8400000, 0x00000000e8500000|  0%| F|  |TAMS 0x00000000e8400000| PB 0x00000000e8400000| Untracked |  0
| 133|0x00000000e8500000, 0x00000000e8500000, 0x00000000e8600000|  0%| F|  |TAMS 0x00000000e8500000| PB 0x00000000e8500000| Untracked |  0
| 134|0x00000000e8600000, 0x00000000e8600000, 0x00000000e8700000|  0%| F|  |TAMS 0x00000000e8600000| PB 0x00000000e8600000| Untracked |  0
| 135|0x00000000e8700000, 0x00000000e8700000, 0x00000000e8800000|  0%| F|  |TAMS 0x00000000e8700000| PB 0x00000000e8700000| Untracked |  0
| 136|0x00000000e8800000, 0x00000000e8800000, 0x00000000e8900000|  0%| F|  |TAMS 0x00000000e8800000| PB 0x00000000e8800000| Untracked |  0
| 137|0x00000000e8900000, 0x00000000e8900000, 0x00000000e8a00000|  0%| F|  |TAMS 0x00000000e8900000| PB 0x00000000e8900000| Untracked |  0
| 138|0x00000000e8a00000, 0x00000000e8a00000, 0x00000000e8b00000|  0%| F|  |TAMS 0x00000000e8a00000| PB 0x00000000e8a00000| Untracked |  0
| 139|0x00000000e8b00000, 0x00000000e8b00000, 0x00000000e8c00000|  0%| F|  |TAMS 0x00000000e8b00000| PB 0x00000000e8b00000| Untracked |  0
| 140|0x00000000e8c00000, 0x00000000e8c00000, 0x00000000e8d00000|  0%| F|  |TAMS 0x00000000e8c00000| PB 0x00000000e8c00000| Untracked |  0
| 141|0x00000000e8d00000, 0x00000000e8d00000, 0x00000000e8e00000|  0%| F|  |TAMS 0x00000000e8d00000| PB 0x00000000e8d00000| Untracked |  0
| 142|0x00000000e8e00000, 0x00000000e8e00000, 0x00000000e8f00000|  0%| F|  |TAMS 0x00000000e8e00000| PB 0x00000000e8e00000| Untracked |  0
| 143|0x00000000e8f00000, 0x00000000e8f00000, 0x00000000e9000000|  0%| F|  |TAMS 0x00000000e8f00000| PB 0x00000000e8f00000| Untracked |  0
| 144|0x00000000e9000000, 0x00000000e9000000, 0x00000000e9100000|  0%| F|  |TAMS 0x00000000e9000000| PB 0x00000000e9000000| Untracked |  0
| 145|0x00000000e9100000, 0x00000000e9100000, 0x00000000e9200000|  0%| F|  |TAMS 0x00000000e9100000| PB 0x00000000e9100000| Untracked |  0
| 146|0x00000000e9200000, 0x00000000e9200000, 0x00000000e9300000|  0%| F|  |TAMS 0x00000000e9200000| PB 0x00000000e9200000| Untracked |  0
| 147|0x00000000e9300000, 0x00000000e9300000, 0x00000000e9400000|  0%| F|  |TAMS 0x00000000e9300000| PB 0x00000000e9300000| Untracked |  0
| 148|0x00000000e9400000, 0x00000000e9400000, 0x00000000e9500000|  0%| F|  |TAMS 0x00000000e9400000| PB 0x00000000e9400000| Untracked |  0
| 149|0x00000000e9500000, 0x00000000e9500000, 0x00000000e9600000|  0%| F|  |TAMS 0x00000000e9500000| PB 0x00000000e9500000| Untracked |  0
| 150|0x00000000e9600000, 0x00000000e9600000, 0x00000000e9700000|  0%| F|  |TAMS 0x00000000e9600000| PB 0x00000000e9600000| Untracked |  0
| 151|0x00000000e9700000, 0x00000000e9700000, 0x00000000e9800000|  0%| F|  |TAMS 0x00000000e9700000| PB 0x00000000e9700000| Untracked |  0
| 152|0x00000000e9800000, 0x00000000e9800000, 0x00000000e9900000|  0%| F|  |TAMS 0x00000000e9800000| PB 0x00000000e9800000| Untracked |  0
| 153|0x00000000e9900000, 0x00000000e9900000, 0x00000000e9a00000|  0%| F|  |TAMS 0x00000000e9900000| PB 0x00000000e9900000| Untracked |  0
| 154|0x00000000e9a00000, 0x00000000e9a00000, 0x00000000e9b00000|  0%| F|  |TAMS 0x00000000e9a00000| PB 0x00000000e9a00000| Untracked |  0
| 155|0x00000000e9b00000, 0x00000000e9b00000, 0x00000000e9c00000|  0%| F|  |TAMS 0x00000000e9b00000| PB 0x00000000e9b00000| Untracked |  0
| 156|0x00000000e9c00000, 0x00000000e9c00000, 0x00000000e9d00000|  0%| F|  |TAMS 0x00000000e9c00000| PB 0x00000000e9c00000| Untracked |  0
| 157|0x00000000e9d00000, 0x00000000e9d00000, 0x00000000e9e00000|  0%| F|  |TAMS 0x00000000e9d00000| PB 0x00000000e9d00000| Untracked |  0
| 158|0x00000000e9e00000, 0x00000000e9e00000, 0x00000000e9f00000|  0%| F|  |TAMS 0x00000000e9e00000| PB 0x00000000e9e00000| Untracked |  0
| 159|0x00000000e9f00000, 0x00000000e9f00000, 0x00000000ea000000|  0%| F|  |TAMS 0x00000000e9f00000| PB 0x00000000e9f00000| Untracked |  0
| 160|0x00000000ea000000, 0x00000000ea000000, 0x00000000ea100000|  0%| F|  |TAMS 0x00000000ea000000| PB 0x00000000ea000000| Untracked |  0
| 161|0x00000000ea100000, 0x00000000ea100000, 0x00000000ea200000|  0%| F|  |TAMS 0x00000000ea100000| PB 0x00000000ea100000| Untracked |  0
| 162|0x00000000ea200000, 0x00000000ea200000, 0x00000000ea300000|  0%| F|  |TAMS 0x00000000ea200000| PB 0x00000000ea200000| Untracked |  0
| 163|0x00000000ea300000, 0x00000000ea300000, 0x00000000ea400000|  0%| F|  |TAMS 0x00000000ea300000| PB 0x00000000ea300000| Untracked |  0
| 164|0x00000000ea400000, 0x00000000ea400000, 0x00000000ea500000|  0%| F|  |TAMS 0x00000000ea400000| PB 0x00000000ea400000| Untracked |  0
| 165|0x00000000ea500000, 0x00000000ea500000, 0x00000000ea600000|  0%| F|  |TAMS 0x00000000ea500000| PB 0x00000000ea500000| Untracked |  0
| 166|0x00000000ea600000, 0x00000000ea600000, 0x00000000ea700000|  0%| F|  |TAMS 0x00000000ea600000| PB 0x00000000ea600000| Untracked |  0
| 167|0x00000000ea700000, 0x00000000ea700000, 0x00000000ea800000|  0%| F|  |TAMS 0x00000000ea700000| PB 0x00000000ea700000| Untracked |  0
| 168|0x00000000ea800000, 0x00000000ea800000, 0x00000000ea900000|  0%| F|  |TAMS 0x00000000ea800000| PB 0x00000000ea800000| Untracked |  0
| 169|0x00000000ea900000, 0x00000000ea900000, 0x00000000eaa00000|  0%| F|  |TAMS 0x00000000ea900000| PB 0x00000000ea900000| Untracked |  0
| 170|0x00000000eaa00000, 0x00000000eaa00000, 0x00000000eab00000|  0%| F|  |TAMS 0x00000000eaa00000| PB 0x00000000eaa00000| Untracked |  0
| 171|0x00000000eab00000, 0x00000000eab00000, 0x00000000eac00000|  0%| F|  |TAMS 0x00000000eab00000| PB 0x00000000eab00000| Untracked |  0
| 172|0x00000000eac00000, 0x00000000eac00000, 0x00000000ead00000|  0%| F|  |TAMS 0x00000000eac00000| PB 0x00000000eac00000| Untracked |  0
| 173|0x00000000ead00000, 0x00000000ead00000, 0x00000000eae00000|  0%| F|  |TAMS 0x00000000ead00000| PB 0x00000000ead00000| Untracked |  0
| 174|0x00000000eae00000, 0x00000000eae00000, 0x00000000eaf00000|  0%| F|  |TAMS 0x00000000eae00000| PB 0x00000000eae00000| Untracked |  0
| 175|0x00000000eaf00000, 0x00000000eaf00000, 0x00000000eb000000|  0%| F|  |TAMS 0x00000000eaf00000| PB 0x00000000eaf00000| Untracked |  0
| 176|0x00000000eb000000, 0x00000000eb000000, 0x00000000eb100000|  0%| F|  |TAMS 0x00000000eb000000| PB 0x00000000eb000000| Untracked |  0
| 177|0x00000000eb100000, 0x00000000eb100000, 0x00000000eb200000|  0%| F|  |TAMS 0x00000000eb100000| PB 0x00000000eb100000| Untracked |  0
| 178|0x00000000eb200000, 0x00000000eb200000, 0x00000000eb300000|  0%| F|  |TAMS 0x00000000eb200000| PB 0x00000000eb200000| Untracked |  0
| 179|0x00000000eb300000, 0x00000000eb300000, 0x00000000eb400000|  0%| F|  |TAMS 0x00000000eb300000| PB 0x00000000eb300000| Untracked |  0
| 180|0x00000000eb400000, 0x00000000eb400000, 0x00000000eb500000|  0%| F|  |TAMS 0x00000000eb400000| PB 0x00000000eb400000| Untracked |  0
| 181|0x00000000eb500000, 0x00000000eb500000, 0x00000000eb600000|  0%| F|  |TAMS 0x00000000eb500000| PB 0x00000000eb500000| Untracked |  0
| 182|0x00000000eb600000, 0x00000000eb600000, 0x00000000eb700000|  0%| F|  |TAMS 0x00000000eb600000| PB 0x00000000eb600000| Untracked |  0
| 183|0x00000000eb700000, 0x00000000eb700000, 0x00000000eb800000|  0%| F|  |TAMS 0x00000000eb700000| PB 0x00000000eb700000| Untracked |  0
| 184|0x00000000eb800000, 0x00000000eb800000, 0x00000000eb900000|  0%| F|  |TAMS 0x00000000eb800000| PB 0x00000000eb800000| Untracked |  0
| 185|0x00000000eb900000, 0x00000000eb900000, 0x00000000eba00000|  0%| F|  |TAMS 0x00000000eb900000| PB 0x00000000eb900000| Untracked |  0
| 186|0x00000000eba00000, 0x00000000eba00000, 0x00000000ebb00000|  0%| F|  |TAMS 0x00000000eba00000| PB 0x00000000eba00000| Untracked |  0
| 187|0x00000000ebb00000, 0x00000000ebb00000, 0x00000000ebc00000|  0%| F|  |TAMS 0x00000000ebb00000| PB 0x00000000ebb00000| Untracked |  0
| 188|0x00000000ebc00000, 0x00000000ebc00000, 0x00000000ebd00000|  0%| F|  |TAMS 0x00000000ebc00000| PB 0x00000000ebc00000| Untracked |  0
| 189|0x00000000ebd00000, 0x00000000ebd00000, 0x00000000ebe00000|  0%| F|  |TAMS 0x00000000ebd00000| PB 0x00000000ebd00000| Untracked |  0
| 190|0x00000000ebe00000, 0x00000000ebe00000, 0x00000000ebf00000|  0%| F|  |TAMS 0x00000000ebe00000| PB 0x00000000ebe00000| Untracked |  0
| 191|0x00000000ebf00000, 0x00000000ebf00000, 0x00000000ec000000|  0%| F|  |TAMS 0x00000000ebf00000| PB 0x00000000ebf00000| Untracked |  0
| 192|0x00000000ec000000, 0x00000000ec000000, 0x00000000ec100000|  0%| F|  |TAMS 0x00000000ec000000| PB 0x00000000ec000000| Untracked |  0
| 193|0x00000000ec100000, 0x00000000ec100000, 0x00000000ec200000|  0%| F|  |TAMS 0x00000000ec100000| PB 0x00000000ec100000| Untracked |  0
| 194|0x00000000ec200000, 0x00000000ec200000, 0x00000000ec300000|  0%| F|  |TAMS 0x00000000ec200000| PB 0x00000000ec200000| Untracked |  0
| 195|0x00000000ec300000, 0x00000000ec300000, 0x00000000ec400000|  0%| F|  |TAMS 0x00000000ec300000| PB 0x00000000ec300000| Untracked |  0
| 196|0x00000000ec400000, 0x00000000ec400000, 0x00000000ec500000|  0%| F|  |TAMS 0x00000000ec400000| PB 0x00000000ec400000| Untracked |  0
| 197|0x00000000ec500000, 0x00000000ec500000, 0x00000000ec600000|  0%| F|  |TAMS 0x00000000ec500000| PB 0x00000000ec500000| Untracked |  0
| 198|0x00000000ec600000, 0x00000000ec600000, 0x00000000ec700000|  0%| F|  |TAMS 0x00000000ec600000| PB 0x00000000ec600000| Untracked |  0
| 199|0x00000000ec700000, 0x00000000ec700000, 0x00000000ec800000|  0%| F|  |TAMS 0x00000000ec700000| PB 0x00000000ec700000| Untracked |  0
| 200|0x00000000ec800000, 0x00000000ec800000, 0x00000000ec900000|  0%| F|  |TAMS 0x00000000ec800000| PB 0x00000000ec800000| Untracked |  0
| 201|0x00000000ec900000, 0x00000000ec900000, 0x00000000eca00000|  0%| F|  |TAMS 0x00000000ec900000| PB 0x00000000ec900000| Untracked |  0
| 202|0x00000000eca00000, 0x00000000eca00000, 0x00000000ecb00000|  0%| F|  |TAMS 0x00000000eca00000| PB 0x00000000eca00000| Untracked |  0
| 203|0x00000000ecb00000, 0x00000000ecb00000, 0x00000000ecc00000|  0%| F|  |TAMS 0x00000000ecb00000| PB 0x00000000ecb00000| Untracked |  0
| 204|0x00000000ecc00000, 0x00000000ecc00000, 0x00000000ecd00000|  0%| F|  |TAMS 0x00000000ecc00000| PB 0x00000000ecc00000| Untracked |  0
| 205|0x00000000ecd00000, 0x00000000ecd00000, 0x00000000ece00000|  0%| F|  |TAMS 0x00000000ecd00000| PB 0x00000000ecd00000| Untracked |  0
| 206|0x00000000ece00000, 0x00000000ece00000, 0x00000000ecf00000|  0%| F|  |TAMS 0x00000000ece00000| PB 0x00000000ece00000| Untracked |  0
| 207|0x00000000ecf00000, 0x00000000ecf00000, 0x00000000ed000000|  0%| F|  |TAMS 0x00000000ecf00000| PB 0x00000000ecf00000| Untracked |  0
| 208|0x00000000ed000000, 0x00000000ed000000, 0x00000000ed100000|  0%| F|  |TAMS 0x00000000ed000000| PB 0x00000000ed000000| Untracked |  0
| 209|0x00000000ed100000, 0x00000000ed100000, 0x00000000ed200000|  0%| F|  |TAMS 0x00000000ed100000| PB 0x00000000ed100000| Untracked |  0
| 210|0x00000000ed200000, 0x00000000ed200000, 0x00000000ed300000|  0%| F|  |TAMS 0x00000000ed200000| PB 0x00000000ed200000| Untracked |  0
| 211|0x00000000ed300000, 0x00000000ed300000, 0x00000000ed400000|  0%| F|  |TAMS 0x00000000ed300000| PB 0x00000000ed300000| Untracked |  0
| 212|0x00000000ed400000, 0x00000000ed400000, 0x00000000ed500000|  0%| F|  |TAMS 0x00000000ed400000| PB 0x00000000ed400000| Untracked |  0
| 213|0x00000000ed500000, 0x00000000ed500000, 0x00000000ed600000|  0%| F|  |TAMS 0x00000000ed500000| PB 0x00000000ed500000| Untracked |  0
| 214|0x00000000ed600000, 0x00000000ed600000, 0x00000000ed700000|  0%| F|  |TAMS 0x00000000ed600000| PB 0x00000000ed600000| Untracked |  0
| 215|0x00000000ed700000, 0x00000000ed700000, 0x00000000ed800000|  0%| F|  |TAMS 0x00000000ed700000| PB 0x00000000ed700000| Untracked |  0
| 216|0x00000000ed800000, 0x00000000ed800000, 0x00000000ed900000|  0%| F|  |TAMS 0x00000000ed800000| PB 0x00000000ed800000| Untracked |  0
| 217|0x00000000ed900000, 0x00000000ed900000, 0x00000000eda00000|  0%| F|  |TAMS 0x00000000ed900000| PB 0x00000000ed900000| Untracked |  0
| 218|0x00000000eda00000, 0x00000000edaa0830, 0x00000000edb00000| 62%| E|  |TAMS 0x00000000eda00000| PB 0x00000000eda00000| Complete |  0
| 219|0x00000000edb00000, 0x00000000edc00000, 0x00000000edc00000|100%| E|CS|TAMS 0x00000000edb00000| PB 0x00000000edb00000| Complete |  0
| 220|0x00000000edc00000, 0x00000000edd00000, 0x00000000edd00000|100%| E|CS|TAMS 0x00000000edc00000| PB 0x00000000edc00000| Complete |  0
| 221|0x00000000edd00000, 0x00000000ede00000, 0x00000000ede00000|100%| E|CS|TAMS 0x00000000edd00000| PB 0x00000000edd00000| Complete |  0
| 222|0x00000000ede00000, 0x00000000edf00000, 0x00000000edf00000|100%| E|CS|TAMS 0x00000000ede00000| PB 0x00000000ede00000| Complete |  0
| 223|0x00000000edf00000, 0x00000000ee000000, 0x00000000ee000000|100%| E|CS|TAMS 0x00000000edf00000| PB 0x00000000edf00000| Complete |  0
| 224|0x00000000ee000000, 0x00000000ee100000, 0x00000000ee100000|100%| E|CS|TAMS 0x00000000ee000000| PB 0x00000000ee000000| Complete |  0
| 225|0x00000000ee100000, 0x00000000ee200000, 0x00000000ee200000|100%| E|CS|TAMS 0x00000000ee100000| PB 0x00000000ee100000| Complete |  0
| 226|0x00000000ee200000, 0x00000000ee300000, 0x00000000ee300000|100%| E|CS|TAMS 0x00000000ee200000| PB 0x00000000ee200000| Complete |  0
| 227|0x00000000ee300000, 0x00000000ee400000, 0x00000000ee400000|100%| E|CS|TAMS 0x00000000ee300000| PB 0x00000000ee300000| Complete |  0
| 228|0x00000000ee400000, 0x00000000ee500000, 0x00000000ee500000|100%| E|CS|TAMS 0x00000000ee400000| PB 0x00000000ee400000| Complete |  0
| 229|0x00000000ee500000, 0x00000000ee600000, 0x00000000ee600000|100%| E|  |TAMS 0x00000000ee500000| PB 0x00000000ee500000| Complete |  0
| 230|0x00000000ee600000, 0x00000000ee700000, 0x00000000ee700000|100%| E|CS|TAMS 0x00000000ee600000| PB 0x00000000ee600000| Complete |  0
| 231|0x00000000ee700000, 0x00000000ee800000, 0x00000000ee800000|100%| E|CS|TAMS 0x00000000ee700000| PB 0x00000000ee700000| Complete |  0
| 232|0x00000000ee800000, 0x00000000ee900000, 0x00000000ee900000|100%| E|CS|TAMS 0x00000000ee800000| PB 0x00000000ee800000| Complete |  0
| 233|0x00000000ee900000, 0x00000000eea00000, 0x00000000eea00000|100%| E|CS|TAMS 0x00000000ee900000| PB 0x00000000ee900000| Complete |  0
| 234|0x00000000eea00000, 0x00000000eeb00000, 0x00000000eeb00000|100%| E|CS|TAMS 0x00000000eea00000| PB 0x00000000eea00000| Complete |  0
| 235|0x00000000eeb00000, 0x00000000eec00000, 0x00000000eec00000|100%| E|CS|TAMS 0x00000000eeb00000| PB 0x00000000eeb00000| Complete |  0
| 236|0x00000000eec00000, 0x00000000eed00000, 0x00000000eed00000|100%| E|CS|TAMS 0x00000000eec00000| PB 0x00000000eec00000| Complete |  0
| 237|0x00000000eed00000, 0x00000000eee00000, 0x00000000eee00000|100%| E|CS|TAMS 0x00000000eed00000| PB 0x00000000eed00000| Complete |  0
| 238|0x00000000eee00000, 0x00000000eef00000, 0x00000000eef00000|100%| E|CS|TAMS 0x00000000eee00000| PB 0x00000000eee00000| Complete |  0
| 239|0x00000000eef00000, 0x00000000ef000000, 0x00000000ef000000|100%| E|CS|TAMS 0x00000000eef00000| PB 0x00000000eef00000| Complete |  0
| 240|0x00000000ef000000, 0x00000000ef100000, 0x00000000ef100000|100%| E|CS|TAMS 0x00000000ef000000| PB 0x00000000ef000000| Complete |  0
| 241|0x00000000ef100000, 0x00000000ef200000, 0x00000000ef200000|100%| E|CS|TAMS 0x00000000ef100000| PB 0x00000000ef100000| Complete |  0
| 242|0x00000000ef200000, 0x00000000ef300000, 0x00000000ef300000|100%| E|CS|TAMS 0x00000000ef200000| PB 0x00000000ef200000| Complete |  0
| 243|0x00000000ef300000, 0x00000000ef400000, 0x00000000ef400000|100%| E|CS|TAMS 0x00000000ef300000| PB 0x00000000ef300000| Complete |  0
| 244|0x00000000ef400000, 0x00000000ef500000, 0x00000000ef500000|100%| E|CS|TAMS 0x00000000ef400000| PB 0x00000000ef400000| Complete |  0
| 245|0x00000000ef500000, 0x00000000ef600000, 0x00000000ef600000|100%| E|CS|TAMS 0x00000000ef500000| PB 0x00000000ef500000| Complete |  0
| 246|0x00000000ef600000, 0x00000000ef700000, 0x00000000ef700000|100%| E|CS|TAMS 0x00000000ef600000| PB 0x00000000ef600000| Complete |  0
| 247|0x00000000ef700000, 0x00000000ef800000, 0x00000000ef800000|100%| E|CS|TAMS 0x00000000ef700000| PB 0x00000000ef700000| Complete |  0
| 248|0x00000000ef800000, 0x00000000ef900000, 0x00000000ef900000|100%| E|CS|TAMS 0x00000000ef800000| PB 0x00000000ef800000| Complete |  0
| 249|0x00000000ef900000, 0x00000000efa00000, 0x00000000efa00000|100%| E|CS|TAMS 0x00000000ef900000| PB 0x00000000ef900000| Complete |  0
| 250|0x00000000efa00000, 0x00000000efb00000, 0x00000000efb00000|100%| E|CS|TAMS 0x00000000efa00000| PB 0x00000000efa00000| Complete |  0
| 251|0x00000000efb00000, 0x00000000efc00000, 0x00000000efc00000|100%| E|CS|TAMS 0x00000000efb00000| PB 0x00000000efb00000| Complete |  0
| 252|0x00000000efc00000, 0x00000000efd00000, 0x00000000efd00000|100%| E|CS|TAMS 0x00000000efc00000| PB 0x00000000efc00000| Complete |  0
| 253|0x00000000efd00000, 0x00000000efe00000, 0x00000000efe00000|100%| E|CS|TAMS 0x00000000efd00000| PB 0x00000000efd00000| Complete |  0
| 254|0x00000000efe00000, 0x00000000eff00000, 0x00000000eff00000|100%| E|CS|TAMS 0x00000000efe00000| PB 0x00000000efe00000| Complete |  0
| 255|0x00000000eff00000, 0x00000000f0000000, 0x00000000f0000000|100%| E|CS|TAMS 0x00000000eff00000| PB 0x00000000eff00000| Complete |  0

Card table byte_map: [0x00000236d2fd0000,0x00000236d30d0000] _byte_map_base: 0x00000236d28d0000

Marking Bits: (CMBitMap*) 0x00000236b9c19fe0
 Bits: [0x00000236d30d0000, 0x00000236d38d0000)

Polling page: 0x00000236b9c20000

Metaspace:

Usage:
  Non-class:     55.98 MB used.
      Class:      9.17 MB used.
       Both:     65.15 MB used.

Virtual space:
  Non-class space:       64.00 MB reserved,      57.00 MB ( 89%) committed,  1 nodes.
      Class space:      320.00 MB reserved,      10.25 MB (  3%) committed,  1 nodes.
             Both:      384.00 MB reserved,      67.25 MB ( 18%) committed. 

Chunk freelists:
   Non-Class:  6.12 MB
       Class:  5.62 MB
        Both:  11.75 MB

MaxMetaspaceSize: 384.00 MB
CompressedClassSpaceSize: 320.00 MB
Initial GC threshold: 21.00 MB
Current GC threshold: 98.69 MB
CDS: on
 - commit_granule_bytes: 65536.
 - commit_granule_words: 8192.
 - virtual_space_node_default_size: 8388608.
 - enlarge_chunks_in_place: 1.
 - use_allocation_guard: 0.


Internal statistics:

num_allocs_failed_limit: 9.
num_arena_births: 3858.
num_arena_deaths: 0.
num_vsnodes_births: 2.
num_vsnodes_deaths: 0.
num_space_committed: 1076.
num_space_uncommitted: 0.
num_chunks_returned_to_freelist: 9.
num_chunks_taken_from_freelist: 7282.
num_chunk_merges: 6.
num_chunk_splits: 4566.
num_chunks_enlarged: 2643.
num_inconsistent_stats: 0.

CodeHeap 'non-profiled nmethods': size=120000Kb used=11280Kb max_used=11280Kb free=108719Kb
 bounds [0x00000236cbaa0000, 0x00000236cc5b0000, 0x00000236d2fd0000]
CodeHeap 'profiled nmethods': size=120000Kb used=31227Kb max_used=31227Kb free=88772Kb
 bounds [0x00000236c3fd0000, 0x00000236c5e50000, 0x00000236cb500000]
CodeHeap 'non-nmethods': size=5760Kb used=2794Kb max_used=2877Kb free=2965Kb
 bounds [0x00000236cb500000, 0x00000236cb7e0000, 0x00000236cbaa0000]
 total_blobs=16197 nmethods=15285 adapters=816
 compilation: enabled
              stopped_count=0, restarted_count=0
 full_count=0

Compilation events (20 events):
Event: 473.201 Thread 0x00000236d5f063a0 15953       4       org.gradle.api.internal.artifacts.ivyservice.resolveengine.result.DependencyResultSerializer::write (149 bytes)
Event: 473.226 Thread 0x00000236f374f950 nmethod 15952 0x00000236cc59be10 code [0x00000236cc59bfe0, 0x00000236cc59c620]
Event: 473.227 Thread 0x00000236f374f950 15954       4       org.gradle.api.internal.artifacts.ivyservice.resolveengine.graph.CompositeDependencyArtifactsVisitor::visitArtifacts (49 bytes)
Event: 473.237 Thread 0x00000236f374f950 nmethod 15954 0x00000236cc59c910 code [0x00000236cc59cae0, 0x00000236cc59cf28]
Event: 473.237 Thread 0x00000236f374f950 15958       4       org.gradle.internal.component.external.model.DefaultModuleComponentIdentifier::getGroup (10 bytes)
Event: 473.238 Thread 0x00000236f374f950 nmethod 15958 0x00000236cc59d290 code [0x00000236cc59d420, 0x00000236cc59d4f0]
Event: 473.238 Thread 0x00000236f374f950 15959       4       org.gradle.internal.component.external.model.DefaultModuleComponentIdentifier::getModule (10 bytes)
Event: 473.238 Thread 0x00000236f374f950 nmethod 15959 0x00000236cc59d590 code [0x00000236cc59d720, 0x00000236cc59d7f0]
Event: 473.238 Thread 0x00000236f374f950 15956   !   4       org.gradle.internal.serialize.kryo.StringDeduplicatingKryoBackedDecoder::readNullableString (53 bytes)
Event: 473.256 Thread 0x00000236f374f950 nmethod 15956 0x00000236cc59d890 code [0x00000236cc59dae0, 0x00000236cc59e738]
Event: 473.257 Thread 0x00000236f374f950 15960       4       org.gradle.api.internal.artifacts.ivyservice.resolveengine.graph.builder.DependencyGraphBuilder::assembleResult (492 bytes)
Event: 473.298 Thread 0x00000236d5f063a0 nmethod 15953 0x00000236cc59ed10 code [0x00000236cc59efc0, 0x00000236cc59fce0]
Event: 473.299 Thread 0x00000236d5f063a0 15957       4       java.lang.Long::equals (30 bytes)
Event: 473.299 Thread 0x00000236d5f063a0 nmethod 15957 0x00000236cc5a0c10 code [0x00000236cc5a0da0, 0x00000236cc5a0e80]
Event: 473.299 Thread 0x00000236d5f063a0 15955   !   4       org.gradle.internal.serialize.kryo.StringDeduplicatingKryoBackedDecoder::readByte (15 bytes)
Event: 473.304 Thread 0x00000236d5f063a0 nmethod 15955 0x00000236cc5a0f90 code [0x00000236cc5a1180, 0x00000236cc5a1688]
Event: 473.359 Thread 0x00000236d5f063a0 15961       4       java.io.File::exists (34 bytes)
Event: 473.394 Thread 0x00000236d5f063a0 nmethod 15961 0x00000236cc5a1a10 code [0x00000236cc5a1be0, 0x00000236cc5a2068]
Event: 473.411 Thread 0x00000236d5f063a0 15962  s    4       java.io.FileDescriptor::attach (73 bytes)
Event: 473.412 Thread 0x00000236d5f063a0 nmethod 15962 0x00000236cc5a2410 code [0x00000236cc5a25a0, 0x00000236cc5a2898]

GC Heap History (20 events):
Event: 136.027 GC heap before
{Heap before GC invocations=11 (full 0):
 garbage-first heap   total reserved 524288K, committed 262144K, used 205824K [0x00000000e0000000, 0x0000000100000000)
  region size 1024K, 153 young (156672K), 6 survivors (6144K)
 Metaspace       used 61670K, committed 63872K, reserved 393216K
  class space    used 8913K, committed 9984K, reserved 327680K
}
Event: 136.039 GC heap after
{Heap after GC invocations=12 (full 0):
 garbage-first heap   total reserved 524288K, committed 262144K, used 62857K [0x00000000e0000000, 0x0000000100000000)
  region size 1024K, 12 young (12288K), 12 survivors (12288K)
 Metaspace       used 61670K, committed 63872K, reserved 393216K
  class space    used 8913K, committed 9984K, reserved 327680K
}
Event: 141.931 GC heap before
{Heap before GC invocations=12 (full 0):
 garbage-first heap   total reserved 524288K, committed 262144K, used 206217K [0x00000000e0000000, 0x0000000100000000)
  region size 1024K, 153 young (156672K), 12 survivors (12288K)
 Metaspace       used 62354K, committed 64512K, reserved 393216K
  class space    used 8927K, committed 9984K, reserved 327680K
}
Event: 141.946 GC heap after
{Heap after GC invocations=13 (full 0):
 garbage-first heap   total reserved 524288K, committed 262144K, used 63872K [0x00000000e0000000, 0x0000000100000000)
  region size 1024K, 12 young (12288K), 12 survivors (12288K)
 Metaspace       used 62354K, committed 64512K, reserved 393216K
  class space    used 8927K, committed 9984K, reserved 327680K
}
Event: 160.912 GC heap before
{Heap before GC invocations=13 (full 0):
 garbage-first heap   total reserved 524288K, committed 262144K, used 208256K [0x00000000e0000000, 0x0000000100000000)
  region size 1024K, 153 young (156672K), 12 survivors (12288K)
 Metaspace       used 62918K, committed 65088K, reserved 393216K
  class space    used 8933K, committed 9984K, reserved 327680K
}
Event: 160.927 GC heap after
{Heap after GC invocations=14 (full 0):
 garbage-first heap   total reserved 524288K, committed 262144K, used 65753K [0x00000000e0000000, 0x0000000100000000)
  region size 1024K, 12 young (12288K), 12 survivors (12288K)
 Metaspace       used 62918K, committed 65088K, reserved 393216K
  class space    used 8933K, committed 9984K, reserved 327680K
}
Event: 345.640 GC heap before
{Heap before GC invocations=14 (full 0):
 garbage-first heap   total reserved 524288K, committed 262144K, used 209113K [0x00000000e0000000, 0x0000000100000000)
  region size 1024K, 153 young (156672K), 12 survivors (12288K)
 Metaspace       used 63532K, committed 65728K, reserved 393216K
  class space    used 9019K, committed 10112K, reserved 327680K
}
Event: 345.647 GC heap after
{Heap after GC invocations=15 (full 0):
 garbage-first heap   total reserved 524288K, committed 262144K, used 61783K [0x00000000e0000000, 0x0000000100000000)
  region size 1024K, 7 young (7168K), 7 survivors (7168K)
 Metaspace       used 63532K, committed 65728K, reserved 393216K
  class space    used 9019K, committed 10112K, reserved 327680K
}
Event: 374.556 GC heap before
{Heap before GC invocations=15 (full 0):
 garbage-first heap   total reserved 524288K, committed 262144K, used 210263K [0x00000000e0000000, 0x0000000100000000)
  region size 1024K, 153 young (156672K), 7 survivors (7168K)
 Metaspace       used 66125K, committed 68288K, reserved 393216K
  class space    used 9357K, committed 10432K, reserved 327680K
}
Event: 375.251 GC heap after
{Heap after GC invocations=16 (full 0):
 garbage-first heap   total reserved 524288K, committed 262144K, used 73559K [0x00000000e0000000, 0x0000000100000000)
  region size 1024K, 19 young (19456K), 19 survivors (19456K)
 Metaspace       used 66125K, committed 68288K, reserved 393216K
  class space    used 9357K, committed 10432K, reserved 327680K
}
Event: 375.307 GC heap before
{Heap before GC invocations=16 (full 0):
 garbage-first heap   total reserved 524288K, committed 262144K, used 74583K [0x00000000e0000000, 0x0000000100000000)
  region size 1024K, 20 young (20480K), 19 survivors (19456K)
 Metaspace       used 66125K, committed 68288K, reserved 393216K
  class space    used 9357K, committed 10432K, reserved 327680K
}
Event: 375.331 GC heap after
{Heap after GC invocations=17 (full 0):
 garbage-first heap   total reserved 524288K, committed 262144K, used 74397K [0x00000000e0000000, 0x0000000100000000)
  region size 1024K, 1 young (1024K), 1 survivors (1024K)
 Metaspace       used 66125K, committed 68288K, reserved 393216K
  class space    used 9357K, committed 10432K, reserved 327680K
}
Event: 378.800 GC heap before
{Heap before GC invocations=17 (full 0):
 garbage-first heap   total reserved 524288K, committed 262144K, used 147101K [0x00000000e0000000, 0x0000000100000000)
  region size 1024K, 72 young (73728K), 1 survivors (1024K)
 Metaspace       used 66146K, committed 68288K, reserved 393216K
  class space    used 9358K, committed 10432K, reserved 327680K
}
Event: 378.808 GC heap after
{Heap after GC invocations=18 (full 0):
 garbage-first heap   total reserved 524288K, committed 262144K, used 81565K [0x00000000e0000000, 0x0000000100000000)
  region size 1024K, 8 young (8192K), 8 survivors (8192K)
 Metaspace       used 66146K, committed 68288K, reserved 393216K
  class space    used 9358K, committed 10432K, reserved 327680K
}
Event: 414.261 GC heap before
{Heap before GC invocations=18 (full 0):
 garbage-first heap   total reserved 524288K, committed 262144K, used 152221K [0x00000000e0000000, 0x0000000100000000)
  region size 1024K, 78 young (79872K), 8 survivors (8192K)
 Metaspace       used 66361K, committed 68480K, reserved 393216K
  class space    used 9374K, committed 10432K, reserved 327680K
}
Event: 414.280 GC heap after
{Heap after GC invocations=19 (full 0):
 garbage-first heap   total reserved 524288K, committed 262144K, used 81186K [0x00000000e0000000, 0x0000000100000000)
  region size 1024K, 6 young (6144K), 6 survivors (6144K)
 Metaspace       used 66361K, committed 68480K, reserved 393216K
  class space    used 9374K, committed 10432K, reserved 327680K
}
Event: 444.313 GC heap before
{Heap before GC invocations=19 (full 0):
 garbage-first heap   total reserved 524288K, committed 262144K, used 185634K [0x00000000e0000000, 0x0000000100000000)
  region size 1024K, 109 young (111616K), 6 survivors (6144K)
 Metaspace       used 66553K, committed 68672K, reserved 393216K
  class space    used 9381K, committed 10432K, reserved 327680K
}
Event: 444.320 GC heap after
{Heap after GC invocations=20 (full 0):
 garbage-first heap   total reserved 524288K, committed 262144K, used 79631K [0x00000000e0000000, 0x0000000100000000)
  region size 1024K, 4 young (4096K), 4 survivors (4096K)
 Metaspace       used 66553K, committed 68672K, reserved 393216K
  class space    used 9381K, committed 10432K, reserved 327680K
}
Event: 470.496 GC heap before
{Heap before GC invocations=20 (full 0):
 garbage-first heap   total reserved 524288K, committed 262144K, used 220943K [0x00000000e0000000, 0x0000000100000000)
  region size 1024K, 142 young (145408K), 4 survivors (4096K)
 Metaspace       used 66686K, committed 68864K, reserved 393216K
  class space    used 9388K, committed 10496K, reserved 327680K
}
Event: 470.550 GC heap after
{Heap after GC invocations=21 (full 0):
 garbage-first heap   total reserved 524288K, committed 262144K, used 80799K [0x00000000e0000000, 0x0000000100000000)
  region size 1024K, 5 young (5120K), 5 survivors (5120K)
 Metaspace       used 66686K, committed 68864K, reserved 393216K
  class space    used 9388K, committed 10496K, reserved 327680K
}

Dll operation events (15 events):
Event: 0.013 Loaded shared library C:\Users\ASUS\.jdks\openjdk-22.0.2\bin\java.dll
Event: 0.047 Loaded shared library C:\Users\ASUS\.jdks\openjdk-22.0.2\bin\jsvml.dll
Event: 0.091 Loaded shared library C:\Users\ASUS\.jdks\openjdk-22.0.2\bin\zip.dll
Event: 0.096 Loaded shared library C:\Users\ASUS\.jdks\openjdk-22.0.2\bin\instrument.dll
Event: 0.103 Loaded shared library C:\Users\ASUS\.jdks\openjdk-22.0.2\bin\net.dll
Event: 0.106 Loaded shared library C:\Users\ASUS\.jdks\openjdk-22.0.2\bin\nio.dll
Event: 0.109 Loaded shared library C:\Users\ASUS\.jdks\openjdk-22.0.2\bin\zip.dll
Event: 0.360 Loaded shared library C:\Users\ASUS\.jdks\openjdk-22.0.2\bin\jimage.dll
Event: 0.570 Loaded shared library C:\Users\ASUS\.jdks\openjdk-22.0.2\bin\verify.dll
Event: 0.719 Loaded shared library C:\Users\ASUS\.gradle\native\c067742578af261105cb4f569cf0c3c89f3d7b1fecec35dd04571415982c5e48\windows-amd64\native-platform.dll
Event: 0.730 Loaded shared library C:\Users\ASUS\.gradle\native\100fb08df4bc3b14c8652ba06237920a3bd2aa13389f12d3474272988ae205f9\windows-amd64\native-platform-file-events.dll
Event: 2.356 Loaded shared library C:\Users\ASUS\.jdks\openjdk-22.0.2\bin\management.dll
Event: 2.362 Loaded shared library C:\Users\ASUS\.jdks\openjdk-22.0.2\bin\management_ext.dll
Event: 2.656 Loaded shared library C:\Users\ASUS\.jdks\openjdk-22.0.2\bin\extnet.dll
Event: 2.842 Loaded shared library C:\Users\ASUS\.jdks\openjdk-22.0.2\bin\sunmscapi.dll

Deoptimization events (20 events):
Event: 463.383 Thread 0x00000236f3501b80 Uncommon trap: trap_request=0xffffffd6 fr.pc=0x00000236cc54c48c relative=0x0000000000001c8c
Event: 463.383 Thread 0x00000236f3501b80 Uncommon trap: reason=array_check action=maybe_recompile pc=0x00000236cc54c48c method=org.gradle.internal.service.DefaultServiceRegistry$FactoryService.bind()V @ 131 c2
Event: 463.383 Thread 0x00000236f3501b80 DEOPT PACKING pc=0x00000236cc54c48c sp=0x000000e9a62f98b0
Event: 463.383 Thread 0x00000236f3501b80 DEOPT UNPACKING pc=0x00000236cb5546a2 sp=0x000000e9a62f9880 mode 2
Event: 470.601 Thread 0x00000236f3c50ed0 Uncommon trap: trap_request=0xffffffde fr.pc=0x00000236cc486c60 relative=0x0000000000000c00
Event: 470.601 Thread 0x00000236f3c50ed0 Uncommon trap: reason=class_check action=maybe_recompile pc=0x00000236cc486c60 method=org.gradle.internal.file.FileHierarchySet$Node.contains(Ljava/lang/String;I)Z @ 55 c2
Event: 470.602 Thread 0x00000236f3c50ed0 DEOPT PACKING pc=0x00000236cc486c60 sp=0x000000e9a6dff1b0
Event: 470.602 Thread 0x00000236f3c50ed0 DEOPT UNPACKING pc=0x00000236cb5546a2 sp=0x000000e9a6dff170 mode 2
Event: 470.603 Thread 0x00000236f3c50ed0 Uncommon trap: trap_request=0xffffffde fr.pc=0x00000236cc486c60 relative=0x0000000000000c00
Event: 470.603 Thread 0x00000236f3c50ed0 Uncommon trap: reason=class_check action=maybe_recompile pc=0x00000236cc486c60 method=org.gradle.internal.file.FileHierarchySet$Node.contains(Ljava/lang/String;I)Z @ 55 c2
Event: 470.603 Thread 0x00000236f3c50ed0 DEOPT PACKING pc=0x00000236cc486c60 sp=0x000000e9a6dff1b0
Event: 470.603 Thread 0x00000236f3c50ed0 DEOPT UNPACKING pc=0x00000236cb5546a2 sp=0x000000e9a6dff170 mode 2
Event: 470.682 Thread 0x00000236f3c50ed0 Uncommon trap: trap_request=0xffffffde fr.pc=0x00000236cc486c60 relative=0x0000000000000c00
Event: 470.682 Thread 0x00000236f3c50ed0 Uncommon trap: reason=class_check action=maybe_recompile pc=0x00000236cc486c60 method=org.gradle.internal.file.FileHierarchySet$Node.contains(Ljava/lang/String;I)Z @ 55 c2
Event: 470.682 Thread 0x00000236f3c50ed0 DEOPT PACKING pc=0x00000236cc486c60 sp=0x000000e9a6dff1b0
Event: 470.682 Thread 0x00000236f3c50ed0 DEOPT UNPACKING pc=0x00000236cb5546a2 sp=0x000000e9a6dff170 mode 2
Event: 470.716 Thread 0x00000236f3c50ed0 Uncommon trap: trap_request=0xffffffde fr.pc=0x00000236cc486c60 relative=0x0000000000000c00
Event: 470.716 Thread 0x00000236f3c50ed0 Uncommon trap: reason=class_check action=maybe_recompile pc=0x00000236cc486c60 method=org.gradle.internal.file.FileHierarchySet$Node.contains(Ljava/lang/String;I)Z @ 55 c2
Event: 470.716 Thread 0x00000236f3c50ed0 DEOPT PACKING pc=0x00000236cc486c60 sp=0x000000e9a6dff1b0
Event: 470.716 Thread 0x00000236f3c50ed0 DEOPT UNPACKING pc=0x00000236cb5546a2 sp=0x000000e9a6dff170 mode 2

Classes loaded (20 events):
Event: 359.883 Loading class java/lang/Throwable$WrappedPrintWriter
Event: 359.884 Loading class java/lang/Throwable$WrappedPrintWriter done
Event: 359.889 Loading class java/lang/StackTraceElement$HashedModules
Event: 359.891 Loading class java/lang/StackTraceElement$HashedModules done
Event: 359.927 Loading class java/util/logging/LogRecord
Event: 359.935 Loading class java/util/logging/LogRecord done
Event: 360.067 Loading class sun/nio/fs/WindowsSecurity$Privilege
Event: 360.067 Loading class sun/nio/fs/WindowsSecurity$Privilege done
Event: 361.902 Loading class java/lang/Short$ShortCache
Event: 361.908 Loading class java/lang/Short$ShortCache done
Event: 361.935 Loading class java/io/NotSerializableException
Event: 361.935 Loading class java/io/NotSerializableException done
Event: 361.944 Loading class java/util/Collections$EmptyListIterator
Event: 361.950 Loading class java/util/Collections$EmptyListIterator done
Event: 362.181 Loading class java/net/UrlDeserializedState
Event: 362.182 Loading class java/net/UrlDeserializedState done
Event: 362.183 Loading class java/net/Proxy
Event: 362.184 Loading class java/net/Proxy done
Event: 462.429 Loading class sun/net/ConnectionResetException
Event: 462.431 Loading class sun/net/ConnectionResetException done

Classes unloaded (0 events):
No events

Classes redefined (0 events):
No events

Internal exceptions (20 events):
Event: 427.440 Thread 0x00000236f6c65e70 Exception <a 'sun/nio/fs/WindowsException'{0x00000000ea5f84a0}> (0x00000000ea5f84a0) 
thrown [s\open\src\hotspot\share\prims\jni.cpp, line 520]
Event: 427.469 Thread 0x00000236f6c65e70 Exception <a 'sun/nio/fs/WindowsException'{0x00000000ea5f8738}> (0x00000000ea5f8738) 
thrown [s\open\src\hotspot\share\prims\jni.cpp, line 520]
Event: 443.055 Thread 0x00000236f3501b80 Exception <a 'sun/nio/fs/WindowsException'{0x00000000e9eb6338}> (0x00000000e9eb6338) 
thrown [s\open\src\hotspot\share\prims\jni.cpp, line 520]
Event: 443.056 Thread 0x00000236f3501b80 Exception <a 'sun/nio/fs/WindowsException'{0x00000000e9ee8578}> (0x00000000e9ee8578) 
thrown [s\open\src\hotspot\share\prims\jni.cpp, line 520]
Event: 443.056 Thread 0x00000236f3501b80 Exception <a 'sun/nio/fs/WindowsException'{0x00000000e9ee9a38}> (0x00000000e9ee9a38) 
thrown [s\open\src\hotspot\share\prims\jni.cpp, line 520]
Event: 443.057 Thread 0x00000236f3501b80 Exception <a 'sun/nio/fs/WindowsException'{0x00000000e9eeaee8}> (0x00000000e9eeaee8) 
thrown [s\open\src\hotspot\share\prims\jni.cpp, line 520]
Event: 443.652 Thread 0x00000236f3501b80 Exception <a 'java/lang/NoClassDefFoundError'{0x00000000e98727a8}: org/jetbrains/kotlin/gradle/plugin/KotlinPluginWrapper> (0x00000000e98727a8) 
thrown [s\open\src\hotspot\share\oops\constantPool.cpp, line 872]
Event: 443.652 Thread 0x00000236f3501b80 Exception <a 'java/lang/NoClassDefFoundError'{0x00000000e9874900}: org/graalvm/buildtools/gradle/NativeImagePlugin> (0x00000000e9874900) 
thrown [s\open\src\hotspot\share\oops\constantPool.cpp, line 872]
Event: 443.652 Thread 0x00000236f3501b80 Exception <a 'java/lang/NoClassDefFoundError'{0x00000000e9876a48}: org/cyclonedx/gradle/CycloneDxPlugin> (0x00000000e9876a48) 
thrown [s\open\src\hotspot\share\oops\constantPool.cpp, line 872]
Event: 453.600 Thread 0x00000236f3507760 Implicit null exception at 0x00000236cc0ca9c0 to 0x00000236cc0caac2
Event: 453.600 Thread 0x00000236f35070d0 Exception <a 'java/io/IOException'{0x00000000e8bf27e0}> (0x00000000e8bf27e0) 
thrown [s\open\src\hotspot\share\prims\jni.cpp, line 520]
Event: 453.750 Thread 0x00000236f3501b80 Exception <a 'java/lang/NoSuchMethodError'{0x00000000e975e598}: 'void java.lang.invoke.DirectMethodHandle$Holder.invokeStatic(java.lang.Object, int, java.lang.Object)'> (0x00000000e975e598) 
thrown [s\open\src\hotspot\share\interpreter\linkResolver.cpp, line 774]
Event: 462.432 Thread 0x00000236f35014f0 Exception <a 'sun/net/ConnectionResetException'{0x00000000e87a5678}: Connection reset> (0x00000000e87a5678) 
thrown [s\open\src\hotspot\share\prims\jni.cpp, line 539]
Event: 464.367 Thread 0x00000236f3501b80 Exception <a 'sun/nio/fs/WindowsException'{0x00000000e85ef068}> (0x00000000e85ef068) 
thrown [s\open\src\hotspot\share\prims\jni.cpp, line 520]
Event: 464.368 Thread 0x00000236f3501b80 Exception <a 'sun/nio/fs/WindowsException'{0x00000000e85f0520}> (0x00000000e85f0520) 
thrown [s\open\src\hotspot\share\prims\jni.cpp, line 520]
Event: 464.404 Thread 0x00000236f3501b80 Exception <a 'sun/nio/fs/WindowsException'{0x00000000e85f19d0}> (0x00000000e85f19d0) 
thrown [s\open\src\hotspot\share\prims\jni.cpp, line 520]
Event: 464.405 Thread 0x00000236f3501b80 Exception <a 'sun/nio/fs/WindowsException'{0x00000000e85f2e70}> (0x00000000e85f2e70) 
thrown [s\open\src\hotspot\share\prims\jni.cpp, line 520]
Event: 467.494 Thread 0x00000236f3501b80 Exception <a 'java/lang/NoClassDefFoundError'{0x00000000e7fcc0a8}: org/jetbrains/kotlin/gradle/plugin/KotlinPluginWrapper> (0x00000000e7fcc0a8) 
thrown [s\open\src\hotspot\share\oops\constantPool.cpp, line 872]
Event: 467.494 Thread 0x00000236f3501b80 Exception <a 'java/lang/NoClassDefFoundError'{0x00000000e7fce200}: org/graalvm/buildtools/gradle/NativeImagePlugin> (0x00000000e7fce200) 
thrown [s\open\src\hotspot\share\oops\constantPool.cpp, line 872]
Event: 467.494 Thread 0x00000236f3501b80 Exception <a 'java/lang/NoClassDefFoundError'{0x00000000e7fd0348}: org/cyclonedx/gradle/CycloneDxPlugin> (0x00000000e7fd0348) 
thrown [s\open\src\hotspot\share\oops\constantPool.cpp, line 872]

ZGC Phase Switch (0 events):
No events

VM Operations (20 events):
Event: 463.454 Executing VM operation: Cleanup
Event: 463.454 Executing VM operation: Cleanup done
Event: 464.469 Executing VM operation: Cleanup
Event: 464.469 Executing VM operation: Cleanup done
Event: 465.479 Executing VM operation: Cleanup
Event: 465.574 Executing VM operation: Cleanup done
Event: 466.580 Executing VM operation: Cleanup
Event: 466.580 Executing VM operation: Cleanup done
Event: 467.589 Executing VM operation: Cleanup
Event: 467.760 Executing VM operation: Cleanup done
Event: 468.769 Executing VM operation: Cleanup
Event: 468.769 Executing VM operation: Cleanup done
Event: 469.791 Executing VM operation: Cleanup
Event: 470.090 Executing VM operation: Cleanup done
Event: 470.473 Executing VM operation: G1CollectForAllocation (G1 Evacuation Pause)
Event: 470.550 Executing VM operation: G1CollectForAllocation (G1 Evacuation Pause) done
Event: 471.557 Executing VM operation: Cleanup
Event: 471.557 Executing VM operation: Cleanup done
Event: 472.565 Executing VM operation: Cleanup
Event: 472.580 Executing VM operation: Cleanup done

Memory protections (0 events):
No events

Nmethod flushes (20 events):
Event: 12.708 Thread 0x00000236d5ed3290 flushing  nmethod 0x00000236c4344b90
Event: 12.708 Thread 0x00000236d5ed3290 flushing  nmethod 0x00000236c435f690
Event: 12.708 Thread 0x00000236d5ed3290 flushing  nmethod 0x00000236c4375f90
Event: 12.708 Thread 0x00000236d5ed3290 flushing  nmethod 0x00000236c4376a90
Event: 12.708 Thread 0x00000236d5ed3290 flushing  nmethod 0x00000236c43d6a90
Event: 12.708 Thread 0x00000236d5ed3290 flushing  nmethod 0x00000236c441ce90
Event: 12.708 Thread 0x00000236d5ed3290 flushing  nmethod 0x00000236c441e210
Event: 12.708 Thread 0x00000236d5ed3290 flushing  nmethod 0x00000236c443fd10
Event: 12.708 Thread 0x00000236d5ed3290 flushing  nmethod 0x00000236c4462010
Event: 12.708 Thread 0x00000236d5ed3290 flushing  nmethod 0x00000236c4492a10
Event: 12.708 Thread 0x00000236d5ed3290 flushing  nmethod 0x00000236c4549b90
Event: 12.708 Thread 0x00000236d5ed3290 flushing  nmethod 0x00000236c4549e90
Event: 12.708 Thread 0x00000236d5ed3290 flushing  nmethod 0x00000236c462e710
Event: 12.708 Thread 0x00000236d5ed3290 flushing  nmethod 0x00000236c467a990
Event: 12.708 Thread 0x00000236d5ed3290 flushing  nmethod 0x00000236c4720490
Event: 12.708 Thread 0x00000236d5ed3290 flushing  nmethod 0x00000236c4720f10
Event: 12.708 Thread 0x00000236d5ed3290 flushing  nmethod 0x00000236c4721790
Event: 12.708 Thread 0x00000236d5ed3290 flushing  nmethod 0x00000236c4738010
Event: 12.708 Thread 0x00000236d5ed3290 flushing  nmethod 0x00000236c4756c10
Event: 12.708 Thread 0x00000236d5ed3290 flushing  nmethod 0x00000236c4759e90

Events (20 events):
Event: 469.502 Thread 0x00000236f3501b80 Thread added: 0x00000236f3029c60
Event: 469.559 Thread 0x00000236f3501b80 Thread added: 0x00000236f302a2f0
Event: 469.641 Thread 0x00000236f3501b80 Thread added: 0x00000236f302a980
Event: 470.178 Thread 0x00000236f3501b80 Thread added: 0x00000236f302b010
Event: 470.239 Thread 0x00000236f3501b80 Thread added: 0x00000236f302b6a0
Event: 470.379 Thread 0x00000236f3501b80 Thread added: 0x00000236f3028220
Event: 470.559 Thread 0x00000236f3501b80 Thread added: 0x00000236f3027b90
Event: 470.576 Thread 0x00000236f3501b80 Thread added: 0x00000236f3026e70
Event: 470.581 Thread 0x00000236f3501b80 Thread added: 0x00000236f302bd30
Event: 470.592 Thread 0x00000236f3501b80 Thread added: 0x00000236f3026150
Event: 470.613 Thread 0x00000236f3501b80 Thread added: 0x00000236f3025430
Event: 470.779 Thread 0x00000236f3501b80 Thread added: 0x00000236f3025ac0
Event: 470.853 Thread 0x00000236f3501b80 Thread added: 0x00000236f6c6a010
Event: 470.898 Thread 0x00000236f3501b80 Thread added: 0x00000236f6c63080
Event: 470.939 Thread 0x00000236f3501b80 Thread added: 0x00000236f6c67f40
Event: 470.980 Thread 0x00000236f3501b80 Thread added: 0x00000236f6c64430
Event: 471.326 Thread 0x00000236f3501b80 Thread added: 0x00000236f6c66500
Event: 471.787 Thread 0x00000236f3501b80 Thread added: 0x00000236f6c685d0
Event: 471.904 Thread 0x00000236f3501b80 Thread added: 0x00000236f6c69980
Event: 472.847 Thread 0x00000236d5f063a0 Thread added: 0x00000236f374f950


Dynamic libraries:
0x00007ff7ba4c0000 - 0x00007ff7ba4ce000 	C:\Users\ASUS\.jdks\openjdk-22.0.2\bin\java.exe
0x00007ffd8b710000 - 0x00007ffd8b908000 	C:\Windows\SYSTEM32\ntdll.dll
0x00007ffd8a1d0000 - 0x00007ffd8a28f000 	C:\Windows\System32\KERNEL32.DLL
0x00007ffd893a0000 - 0x00007ffd89672000 	C:\Windows\System32\KERNELBASE.dll
0x00007ffd88fd0000 - 0x00007ffd890d0000 	C:\Windows\System32\ucrtbase.dll
0x00007ffd6db60000 - 0x00007ffd6db7b000 	C:\Users\ASUS\.jdks\openjdk-22.0.2\bin\VCRUNTIME140.dll
0x00007ffd72bf0000 - 0x00007ffd72c07000 	C:\Users\ASUS\.jdks\openjdk-22.0.2\bin\jli.dll
0x00007ffd89810000 - 0x00007ffd899b1000 	C:\Windows\System32\USER32.dll
0x00007ffd89370000 - 0x00007ffd89392000 	C:\Windows\System32\win32u.dll
0x00007ffd88200000 - 0x00007ffd8849a000 	C:\Windows\WinSxS\amd64_microsoft.windows.common-controls_6595b64144ccf1df_6.0.19041.1110_none_60b5254171f9507e\COMCTL32.dll
0x00007ffd8b4f0000 - 0x00007ffd8b51b000 	C:\Windows\System32\GDI32.dll
0x00007ffd8a290000 - 0x00007ffd8a32e000 	C:\Windows\System32\msvcrt.dll
0x00007ffd890d0000 - 0x00007ffd891df000 	C:\Windows\System32\gdi32full.dll
0x00007ffd89680000 - 0x00007ffd8971d000 	C:\Windows\System32\msvcp_win.dll
0x00007ffd89770000 - 0x00007ffd897a2000 	C:\Windows\System32\IMM32.DLL
0x00007ffd86f40000 - 0x00007ffd86f4c000 	C:\Users\ASUS\.jdks\openjdk-22.0.2\bin\vcruntime140_1.dll
0x00007ffd66bc0000 - 0x00007ffd66c4e000 	C:\Users\ASUS\.jdks\openjdk-22.0.2\bin\msvcp140.dll
0x00007ffd0bab0000 - 0x00007ffd0c7f9000 	C:\Users\ASUS\.jdks\openjdk-22.0.2\bin\server\jvm.dll
0x00007ffd89f60000 - 0x00007ffd8a00e000 	C:\Windows\System32\ADVAPI32.dll
0x00007ffd8b520000 - 0x00007ffd8b5bc000 	C:\Windows\System32\sechost.dll
0x00007ffd8b290000 - 0x00007ffd8b3b5000 	C:\Windows\System32\RPCRT4.dll
0x00007ffd8a330000 - 0x00007ffd8a39b000 	C:\Windows\System32\WS2_32.dll
0x00007ffd88880000 - 0x00007ffd888cb000 	C:\Windows\SYSTEM32\POWRPROF.dll
0x00007ffd7c630000 - 0x00007ffd7c657000 	C:\Windows\SYSTEM32\WINMM.dll
0x00007ffd81ea0000 - 0x00007ffd81eaa000 	C:\Windows\SYSTEM32\VERSION.dll
0x00007ffd884a0000 - 0x00007ffd884b2000 	C:\Windows\SYSTEM32\UMPDC.dll
0x00007ffd85fc0000 - 0x00007ffd85fd2000 	C:\Windows\SYSTEM32\kernel.appcore.dll
0x00007ffd72be0000 - 0x00007ffd72bea000 	C:\Users\ASUS\.jdks\openjdk-22.0.2\bin\jimage.dll
0x00007ffd88690000 - 0x00007ffd88874000 	C:\Windows\SYSTEM32\DBGHELP.DLL
0x00007ffd885d0000 - 0x00007ffd88605000 	C:\Windows\SYSTEM32\dbgcore.DLL
0x00007ffd892e0000 - 0x00007ffd89362000 	C:\Windows\System32\bcryptPrimitives.dll
0x00007ffd70a50000 - 0x00007ffd70a5f000 	C:\Users\ASUS\.jdks\openjdk-22.0.2\bin\instrument.dll
0x00007ffd6db40000 - 0x00007ffd6db5e000 	C:\Users\ASUS\.jdks\openjdk-22.0.2\bin\java.dll
0x00007ffd8a980000 - 0x00007ffd8b0c5000 	C:\Windows\System32\SHELL32.dll
0x00007ffd8b3c0000 - 0x00007ffd8b4ea000 	C:\Windows\System32\ole32.dll
0x00007ffd8a470000 - 0x00007ffd8a7c5000 	C:\Windows\System32\combase.dll
0x00007ffd861c0000 - 0x00007ffd86952000 	C:\Windows\SYSTEM32\windows.storage.dll
0x00007ffd88160000 - 0x00007ffd88190000 	C:\Windows\SYSTEM32\Wldp.dll
0x00007ffd8b620000 - 0x00007ffd8b6cd000 	C:\Windows\System32\SHCORE.dll
0x00007ffd8b5c0000 - 0x00007ffd8b615000 	C:\Windows\System32\shlwapi.dll
0x00007ffd88d40000 - 0x00007ffd88d5f000 	C:\Windows\SYSTEM32\profapi.dll
0x00007ffd55470000 - 0x00007ffd55547000 	C:\Users\ASUS\.jdks\openjdk-22.0.2\bin\jsvml.dll
0x00007ffd689c0000 - 0x00007ffd689d7000 	C:\Users\ASUS\.jdks\openjdk-22.0.2\bin\zip.dll
0x00007ffd6e4e0000 - 0x00007ffd6e4f0000 	C:\Users\ASUS\.jdks\openjdk-22.0.2\bin\net.dll
0x00007ffd88030000 - 0x00007ffd8809a000 	C:\Windows\system32\mswsock.dll
0x00007ffd68510000 - 0x00007ffd68526000 	C:\Users\ASUS\.jdks\openjdk-22.0.2\bin\nio.dll
0x00007ffd6dad0000 - 0x00007ffd6dae0000 	C:\Users\ASUS\.jdks\openjdk-22.0.2\bin\verify.dll
0x00007ffd5c9b0000 - 0x00007ffd5c9d7000 	C:\Users\ASUS\.gradle\native\c067742578af261105cb4f569cf0c3c89f3d7b1fecec35dd04571415982c5e48\windows-amd64\native-platform.dll
0x00007ffd1f800000 - 0x00007ffd1f944000 	C:\Users\ASUS\.gradle\native\100fb08df4bc3b14c8652ba06237920a3bd2aa13389f12d3474272988ae205f9\windows-amd64\native-platform-file-events.dll
0x00007ffd6dab0000 - 0x00007ffd6daba000 	C:\Users\ASUS\.jdks\openjdk-22.0.2\bin\management.dll
0x00007ffd6d8d0000 - 0x00007ffd6d8db000 	C:\Users\ASUS\.jdks\openjdk-22.0.2\bin\management_ext.dll
0x00007ffd8a010000 - 0x00007ffd8a018000 	C:\Windows\System32\PSAPI.DLL
0x00007ffd88b90000 - 0x00007ffd88ba8000 	C:\Windows\SYSTEM32\CRYPTSP.dll
0x00007ffd877d0000 - 0x00007ffd87804000 	C:\Windows\system32\rsaenh.dll
0x00007ffd89720000 - 0x00007ffd89747000 	C:\Windows\System32\bcrypt.dll
0x00007ffd88d00000 - 0x00007ffd88d2e000 	C:\Windows\SYSTEM32\USERENV.dll
0x00007ffd88120000 - 0x00007ffd8812c000 	C:\Windows\SYSTEM32\CRYPTBASE.dll
0x00007ffd87bb0000 - 0x00007ffd87beb000 	C:\Windows\SYSTEM32\IPHLPAPI.DLL
0x00007ffd89e40000 - 0x00007ffd89e48000 	C:\Windows\System32\NSI.dll
0x00007ffd6d7b0000 - 0x00007ffd6d7b9000 	C:\Users\ASUS\.jdks\openjdk-22.0.2\bin\extnet.dll
0x00007ffd6c870000 - 0x00007ffd6c87e000 	C:\Users\ASUS\.jdks\openjdk-22.0.2\bin\sunmscapi.dll
0x00007ffd88e00000 - 0x00007ffd88f56000 	C:\Windows\System32\CRYPT32.dll
0x00007ffd881d0000 - 0x00007ffd881f7000 	C:\Windows\SYSTEM32\ncrypt.dll
0x00007ffd88190000 - 0x00007ffd881cb000 	C:\Windows\SYSTEM32\NTASN1.dll
0x00007ffd75850000 - 0x00007ffd75857000 	C:\Windows\system32\wshunix.dll
0x00007ffd88a70000 - 0x00007ffd88aa3000 	C:\Windows\SYSTEM32\ntmarta.dll

dbghelp: loaded successfully - version: 4.0.5 - missing functions: none
symbol engine: initialized successfully - sym options: 0x614 - pdb path: .;C:\Users\ASUS\.jdks\openjdk-22.0.2\bin;C:\Windows\SYSTEM32;C:\Windows\WinSxS\amd64_microsoft.windows.common-controls_6595b64144ccf1df_6.0.19041.1110_none_60b5254171f9507e;C:\Users\ASUS\.jdks\openjdk-22.0.2\bin\server;C:\Users\ASUS\.gradle\native\c067742578af261105cb4f569cf0c3c89f3d7b1fecec35dd04571415982c5e48\windows-amd64;C:\Users\ASUS\.gradle\native\100fb08df4bc3b14c8652ba06237920a3bd2aa13389f12d3474272988ae205f9\windows-amd64

VM Arguments:
jvm_args: --add-opens=java.base/java.lang=ALL-UNNAMED --add-opens=java.base/java.lang.invoke=ALL-UNNAMED --add-opens=java.base/java.util=ALL-UNNAMED --add-opens=java.prefs/java.util.prefs=ALL-UNNAMED --add-exports=jdk.compiler/com.sun.tools.javac.api=ALL-UNNAMED --add-exports=jdk.compiler/com.sun.tools.javac.util=ALL-UNNAMED --add-opens=java.base/java.util=ALL-UNNAMED --add-opens=java.prefs/java.util.prefs=ALL-UNNAMED --add-opens=java.base/java.nio.charset=ALL-UNNAMED --add-opens=java.base/java.net=ALL-UNNAMED --add-opens=java.base/java.util.concurrent.atomic=ALL-UNNAMED --add-opens=java.xml/javax.xml.namespace=ALL-UNNAMED -XX:MaxMetaspaceSize=384m -XX:+HeapDumpOnOutOfMemoryError -Xms256m -Xmx512m -Dfile.encoding=windows-1252 -Duser.country=US -Duser.language=en -Duser.variant -javaagent:C:\Users\ASUS\.gradle\wrapper\dists\gradle-8.11.1-bin\bpt9gzteqjrbo1mjrsomdt32c\gradle-8.11.1\lib\agents\gradle-instrumentation-agent-8.11.1.jar 
java_command: org.gradle.launcher.daemon.bootstrap.GradleDaemon 8.11.1
java_class_path (initial): C:\Users\ASUS\.gradle\wrapper\dists\gradle-8.11.1-bin\bpt9gzteqjrbo1mjrsomdt32c\gradle-8.11.1\lib\gradle-daemon-main-8.11.1.jar
Launcher Type: SUN_STANDARD

[Global flags]
     intx CICompilerCount                          = 3                                         {product} {ergonomic}
   size_t CompressedClassSpaceSize                 = 335544320                                 {product} {ergonomic}
     uint ConcGCThreads                            = 1                                         {product} {ergonomic}
     uint G1ConcRefinementThreads                  = 4                                         {product} {ergonomic}
   size_t G1HeapRegionSize                         = 1048576                                   {product} {ergonomic}
     bool HeapDumpOnOutOfMemoryError               = true                                   {manageable} {command line}
   size_t InitialHeapSize                          = 268435456                                 {product} {command line}
   size_t MarkStackSize                            = 4194304                                   {product} {ergonomic}
   size_t MaxHeapSize                              = 536870912                                 {product} {command line}
   size_t MaxMetaspaceSize                         = 402653184                                 {product} {command line}
   size_t MaxNewSize                               = 321912832                                 {product} {ergonomic}
   size_t MinHeapDeltaBytes                        = 1048576                                   {product} {ergonomic}
   size_t MinHeapSize                              = 268435456                                 {product} {command line}
    uintx NonNMethodCodeHeapSize                   = 5832780                                {pd product} {ergonomic}
    uintx NonProfiledCodeHeapSize                  = 122912730                              {pd product} {ergonomic}
    uintx ProfiledCodeHeapSize                     = 122912730                              {pd product} {ergonomic}
    uintx ReservedCodeCacheSize                    = 251658240                              {pd product} {ergonomic}
     bool SegmentedCodeCache                       = true                                      {product} {ergonomic}
   size_t SoftMaxHeapSize                          = 536870912                              {manageable} {ergonomic}
     bool UseCompressedOops                        = true                           {product lp64_product} {ergonomic}
     bool UseG1GC                                  = true                                      {product} {ergonomic}
     bool UseLargePagesIndividualAllocation        = false                                  {pd product} {ergonomic}

Logging:
Log output configuration:
 #0: stdout all=warning uptime,level,tags foldmultilines=false
 #1: stderr all=off uptime,level,tags foldmultilines=false

Environment Variables:
PATH=C:\Windows\system32;C:\Windows;C:\Windows\System32\Wbem;C:\Windows\System32\WindowsPowerShell\v1.0\;C:\Windows\System32\OpenSSH\;C:\Program Files\Git\cmd;C:\Users\ASUS\AppData\Local\Microsoft\WindowsApps;;D:\WebStorm 2024.1.5\bin;
USERNAME=ASUS
OS=Windows_NT
PROCESSOR_IDENTIFIER=Intel64 Family 6 Model 158 Stepping 9, GenuineIntel
TMP=C:\Users\ASUS\AppData\Local\Temp
TEMP=C:\Users\ASUS\AppData\Local\Temp




Periodic native trim disabled

---------------  S Y S T E M  ---------------

OS:
 Windows 10 , 64 bit Build 19041 (10.0.19041.2546)
OS uptime: 0 days 11:41 hours

CPU: total 4 (initial active 4) (4 cores per cpu, 1 threads per core) family 6 model 158 stepping 9 microcode 0xb4, cx8, cmov, fxsr, mmx, 3dnowpref, sse, sse2, sse3, ssse3, sse4.1, sse4.2, popcnt, lzcnt, tsc, tscinvbit, avx, avx2, aes, erms, clmul, bmi1, bmi2, adx, fma, vzeroupper, clflush, clflushopt, rdtscp, f16c
Processor Information for all 4 processors :
  Max Mhz: 2501, Current Mhz: 2501, Mhz Limit: 2501

Memory: 4k page, system-wide physical 8076M (784M free)
TotalPageFile size 16542M (AvailPageFile size 103M)
current process WorkingSet (physical memory assigned to process): 230M, peak: 445M
current process commit charge ("private bytes"): 537M, peak: 558M

vm_info: OpenJDK 64-Bit Server VM (22.0.2+9-70) for windows-amd64 JRE (22.0.2+9-70), built on 2024-06-04T16:52:23Z by "mach5one" with MS VC++ 17.6 (VS2022)

END.
