#
# There is insufficient memory for the Java Runtime Environment to continue.
# Native memory allocation (malloc) failed to allocate 32744 bytes. Error detail: ChunkPool::allocate
# Possible reasons:
#   The system is out of physical RAM or swap space
#   This process is running with CompressedOops enabled, and the Java Heap may be blocking the growth of the native heap
# Possible solutions:
#   Reduce memory load on the system
#   Increase physical memory or swap space
#   Check if swap backing store is full
#   Decrease Java heap size (-Xmx/-Xms)
#   Decrease number of Java threads
#   Decrease Java thread stack sizes (-Xss)
#   Set larger code cache with -XX:ReservedCodeCacheSize=
#   JVM is running with Unscaled Compressed Oops mode in which the Java heap is
#     placed in the first 4GB address space. The Java Heap base address is the
#     maximum limit for the native heap growth. Please use -XX:HeapBaseMinAddress
#     to set the Java Heap base and to place the Java Heap above 4GB virtual address.
# This output file may be truncated or incomplete.
#
#  Out of Memory Error (arena.cpp:79), pid=12468, tid=17372
#
# JRE version: OpenJDK Runtime Environment JBR-17.0.11+1-1207.24-jcef (17.0.11+1) (build 17.0.11+1-b1207.24)
# Java VM: OpenJDK 64-Bit Server VM JBR-17.0.11+1-1207.24-jcef (17.0.11+1-b1207.24, mixed mode, tiered, compressed oops, compressed class ptrs, g1 gc, windows-amd64)
# No core dump will be written. Minidumps are not enabled by default on client versions of Windows
#

---------------  S U M M A R Y ------------

Command Line: -Djava.rmi.server.hostname=127.0.0.1 -Duser.timezone=UTC -Xmx2048m -Xms128m -Djdbc.classpath=D:\Java\IntelliJ IDEA 2024.1.4\plugins\DatabaseTools\lib\jdbc-console.jar;C:\Users\ASUS\AppData\Roaming\JetBrains\IntelliJIdea2024.1\jdbc-drivers\MySQL ConnectorJ\8.2.0\com\mysql\mysql-connector-j\8.2.0\mysql-connector-j-8.2.0.jar;C:\Users\ASUS\AppData\Roaming\JetBrains\IntelliJIdea2024.1\jdbc-drivers\MySQL ConnectorJ\8.2.0\com\google\protobuf\protobuf-java\3.21.9\protobuf-java-3.21.9.jar --add-exports=java.desktop/sun.awt=ALL-UNNAMED --add-exports=java.desktop/java.awt.peer=ALL-UNNAMED --add-opens=java.desktop/java.awt=ALL-UNNAMED --add-opens=jdk.unsupported/sun.misc=ALL-UNNAMED --add-opens=java.base/java.nio=ALL-UNNAMED --add-opens=java.base/java.util=ALL-UNNAMED -Dfile.encoding=UTF-8 com.intellij.database.remote.RemoteJdbcServer com.mysql.cj.jdbc.Driver

Host: Intel(R) Core(TM) i5-7300HQ CPU @ 2.50GHz, 4 cores, 7G,  Windows 10 , 64 bit Build 19041 (10.0.19041.2546)
Time: Thu Jan  9 13:44:11 2025 SE Asia Standard Time elapsed time: 2.499754 seconds (0d 0h 0m 2s)

---------------  T H R E A D  ---------------

Current thread (0x000001a4fe8696f0):  JavaThread "C1 CompilerThread0" daemon [_thread_in_native, id=17372, stack(0x00000076f9d00000,0x00000076f9e00000)]


Current CompileTask:
C1:   2499 1725       3       jdk.internal.org.objectweb.asm.SymbolTable::addConstant (330 bytes)

Stack: [0x00000076f9d00000,0x00000076f9e00000]
Native frames: (J=compiled Java code, j=interpreted, Vv=VM code, C=native code)
V  [jvm.dll+0x6877f9]
V  [jvm.dll+0x8411aa]
V  [jvm.dll+0x842e2e]
V  [jvm.dll+0x843493]
V  [jvm.dll+0x249fdf]
V  [jvm.dll+0xac741]
V  [jvm.dll+0xacb8c]
V  [jvm.dll+0x17afca]
V  [jvm.dll+0x17d0a1]
V  [jvm.dll+0x137653]
V  [jvm.dll+0x136f5f]
V  [jvm.dll+0x137196]
V  [jvm.dll+0x13662a]
V  [jvm.dll+0x1382e1]
V  [jvm.dll+0x22ae8e]
V  [jvm.dll+0x229015]
V  [jvm.dll+0x7f53a7]
V  [jvm.dll+0x7ef7aa]
V  [jvm.dll+0x686675]
C  [ucrtbase.dll+0x21bb2]
C  [KERNEL32.DLL+0x17614]
C  [ntdll.dll+0x526a1]


---------------  P R O C E S S  ---------------

Threads class SMR info:
_java_thread_list=0x000001a4ff27cee0, length=24, elements={
0x000001a4f5d498e0, 0x000001a4fe5ff620, 0x000001a4fe6004f0, 0x000001a4fe60dfb0,
0x000001a4fe60e880, 0x000001a4fe85a3f0, 0x000001a4fe85acc0, 0x000001a4fe866dd0,
0x000001a4fe8696f0, 0x000001a4fe86a410, 0x000001a4fe9efac0, 0x000001a4fe9f3fc0,
0x000001a4feaf12c0, 0x000001a4fed1ac80, 0x000001a4fed175a0, 0x000001a4fed17a80,
0x000001a4fed17f60, 0x000001a4fed6f960, 0x000001a4fed71e50, 0x000001a4fed78580,
0x000001a4fed78070, 0x000001a4fed77b60, 0x000001a4fed78a90, 0x000001a4ff25e010
}

Java Threads: ( => current thread )
  0x000001a4f5d498e0 JavaThread "main" [_thread_blocked, id=16392, stack(0x00000076f8f00000,0x00000076f9000000)]
  0x000001a4fe5ff620 JavaThread "Reference Handler" daemon [_thread_blocked, id=10060, stack(0x00000076f9600000,0x00000076f9700000)]
  0x000001a4fe6004f0 JavaThread "Finalizer" daemon [_thread_blocked, id=14328, stack(0x00000076f9700000,0x00000076f9800000)]
  0x000001a4fe60dfb0 JavaThread "Signal Dispatcher" daemon [_thread_blocked, id=13828, stack(0x00000076f9800000,0x00000076f9900000)]
  0x000001a4fe60e880 JavaThread "Attach Listener" daemon [_thread_blocked, id=14304, stack(0x00000076f9900000,0x00000076f9a00000)]
  0x000001a4fe85a3f0 JavaThread "Service Thread" daemon [_thread_blocked, id=15544, stack(0x00000076f9a00000,0x00000076f9b00000)]
  0x000001a4fe85acc0 JavaThread "Monitor Deflation Thread" daemon [_thread_blocked, id=15052, stack(0x00000076f9b00000,0x00000076f9c00000)]
  0x000001a4fe866dd0 JavaThread "C2 CompilerThread0" daemon [_thread_in_native, id=11520, stack(0x00000076f9c00000,0x00000076f9d00000)]
=>0x000001a4fe8696f0 JavaThread "C1 CompilerThread0" daemon [_thread_in_native, id=17372, stack(0x00000076f9d00000,0x00000076f9e00000)]
  0x000001a4fe86a410 JavaThread "Sweeper thread" daemon [_thread_blocked, id=1488, stack(0x00000076f9e00000,0x00000076f9f00000)]
  0x000001a4fe9efac0 JavaThread "Common-Cleaner" daemon [_thread_blocked, id=13912, stack(0x00000076f9f00000,0x00000076fa000000)]
  0x000001a4fe9f3fc0 JavaThread "Notification Thread" daemon [_thread_blocked, id=9916, stack(0x00000076fa000000,0x00000076fa100000)]
  0x000001a4feaf12c0 JavaThread "mysql-cj-abandoned-connection-cleanup" daemon [_thread_blocked, id=10040, stack(0x00000076fa300000,0x00000076fa400000)]
  0x000001a4fed1ac80 JavaThread "RMI TCP Accept-49240" daemon [_thread_in_native, id=14548, stack(0x00000076fa200000,0x00000076fa300000)]
  0x000001a4fed175a0 JavaThread "RMI TCP Accept-0" daemon [_thread_in_native, id=6008, stack(0x00000076fa400000,0x00000076fa500000)]
  0x000001a4fed17a80 JavaThread "RMI Reaper" [_thread_blocked, id=13048, stack(0x00000076fa500000,0x00000076fa600000)]
  0x000001a4fed17f60 JavaThread "RMI GC Daemon" daemon [_thread_blocked, id=2060, stack(0x00000076fa600000,0x00000076fa700000)]
  0x000001a4fed6f960 JavaThread "RMI TCP Connection(2)-127.0.0.1" daemon [_thread_in_native, id=568, stack(0x00000076fa800000,0x00000076fa900000)]
  0x000001a4fed71e50 JavaThread "RMI TCP Connection(1)-127.0.0.1" daemon [_thread_in_native, id=5800, stack(0x00000076fa900000,0x00000076faa00000)]
  0x000001a4fed78580 JavaThread "RMI Scheduler(0)" daemon [_thread_blocked, id=14712, stack(0x00000076faa00000,0x00000076fab00000)]
  0x000001a4fed78070 JavaThread "RMI TCP Connection(3)-127.0.0.1" daemon [_thread_in_vm, id=16656, stack(0x00000076fab00000,0x00000076fac00000)]
  0x000001a4fed77b60 JavaThread "RMI TCP Connection(4)-127.0.0.1" daemon [_thread_in_native, id=16396, stack(0x00000076fac00000,0x00000076fad00000)]
  0x000001a4fed78a90 JavaThread "RMI RenewClean-[127.0.0.1:57301]" daemon [_thread_blocked, id=1228, stack(0x00000076fad00000,0x00000076fae00000)]
  0x000001a4ff25e010 JavaThread "C2 CompilerThread1" daemon [_thread_in_native, id=2412, stack(0x00000076fa700000,0x00000076fa800000)]

Other Threads:
  0x000001a4fe5db890 VMThread "VM Thread" [stack: 0x00000076f9500000,0x00000076f9600000] [id=14944]
  0x000001a4fe9f48b0 WatcherThread [stack: 0x00000076fa100000,0x00000076fa200000] [id=1792]
  0x000001a4f5da2ed0 GCTaskThread "GC Thread#0" [stack: 0x00000076f9000000,0x00000076f9100000] [id=10488]
  0x000001a4feec5530 GCTaskThread "GC Thread#1" [stack: 0x00000076fae00000,0x00000076faf00000] [id=16788]
  0x000001a4ff05d360 GCTaskThread "GC Thread#2" [stack: 0x00000076faf00000,0x00000076fb000000] [id=7192]
  0x000001a4ff05d620 GCTaskThread "GC Thread#3" [stack: 0x00000076fb000000,0x00000076fb100000] [id=10860]
  0x000001a4f5db5d40 ConcurrentGCThread "G1 Main Marker" [stack: 0x00000076f9100000,0x00000076f9200000] [id=13260]
  0x000001a4f5db7680 ConcurrentGCThread "G1 Conc#0" [stack: 0x00000076f9200000,0x00000076f9300000] [id=14612]
  0x000001a4f5e0dde0 ConcurrentGCThread "G1 Refine#0" [stack: 0x00000076f9300000,0x00000076f9400000] [id=16776]
  0x000001a4ff05e910 ConcurrentGCThread "G1 Refine#1" [stack: 0x00000076fb100000,0x00000076fb200000] [id=3944]
  0x000001a4f5e0e720 ConcurrentGCThread "G1 Service" [stack: 0x00000076f9400000,0x00000076f9500000] [id=16760]

Threads with active compile tasks:
C2 CompilerThread0     2535 1668       4       jdk.internal.org.objectweb.asm.Frame::execute (2305 bytes)
C1 CompilerThread0     2535 1725       3       jdk.internal.org.objectweb.asm.SymbolTable::addConstant (330 bytes)
C2 CompilerThread1     2535 1720       4       jdk.internal.org.objectweb.asm.SymbolTable::addConstantUtf8Reference (101 bytes)

VM state: not at safepoint (normal execution)

VM Mutex/Monitor currently owned by a thread: None

Heap address: 0x0000000080000000, size: 2048 MB, Compressed Oops mode: 32-bit

CDS archive(s) not mapped
Compressed class space mapped at: 0x0000000100000000-0x0000000140000000, reserved size: 1073741824
Narrow klass base: 0x0000000000000000, Narrow klass shift: 3, Narrow klass range: 0x140000000

GC Precious Log:
 CPUs: 4 total, 4 available
 Memory: 8076M
 Large Page Support: Disabled
 NUMA Support: Disabled
 Compressed Oops: Enabled (32-bit)
 Heap Region Size: 1M
 Heap Min Capacity: 128M
 Heap Initial Capacity: 128M
 Heap Max Capacity: 2G
 Pre-touch: Disabled
 Parallel Workers: 4
 Concurrent Workers: 1
 Concurrent Refinement Workers: 4
 Periodic GC: Disabled

Heap:
 garbage-first heap   total 131072K, used 14022K [0x0000000080000000, 0x0000000100000000)
  region size 1024K, 8 young (8192K), 2 survivors (2048K)
 Metaspace       used 23318K, committed 23552K, reserved 1114112K
  class space    used 2513K, committed 2624K, reserved 1048576K

Heap Regions: E=young(eden), S=young(survivor), O=old, HS=humongous(starts), HC=humongous(continues), CS=collection set, F=free, OA=open archive, CA=closed archive, TAMS=top-at-mark-start (previous, next)
|   0|0x0000000080000000, 0x0000000080100000, 0x0000000080100000|100%|HS|  |TAMS 0x0000000080100000, 0x0000000080000000| Complete 
|   1|0x0000000080100000, 0x0000000080200000, 0x0000000080200000|100%|HC|  |TAMS 0x0000000080200000, 0x0000000080100000| Complete 
|   2|0x0000000080200000, 0x0000000080300000, 0x0000000080300000|100%|HC|  |TAMS 0x0000000080300000, 0x0000000080200000| Complete 
|   3|0x0000000080300000, 0x0000000080400000, 0x0000000080400000|100%| O|  |TAMS 0x0000000080400000, 0x0000000080300000| Untracked 
|   4|0x0000000080400000, 0x0000000080500000, 0x0000000080500000|100%| O|  |TAMS 0x0000000080500000, 0x0000000080400000| Untracked 
|   5|0x0000000080500000, 0x0000000080600000, 0x0000000080600000|100%| O|  |TAMS 0x0000000080600000, 0x0000000080500000| Complete 
|   6|0x0000000080600000, 0x00000000806b6e00, 0x0000000080700000| 71%| O|  |TAMS 0x00000000806b6e00, 0x0000000080600000| Untracked 
|   7|0x0000000080700000, 0x0000000080700000, 0x0000000080800000|  0%| F|  |TAMS 0x0000000080700000, 0x0000000080700000| Untracked 
|   8|0x0000000080800000, 0x0000000080800000, 0x0000000080900000|  0%| F|  |TAMS 0x0000000080800000, 0x0000000080800000| Untracked 
|   9|0x0000000080900000, 0x0000000080900000, 0x0000000080a00000|  0%| F|  |TAMS 0x0000000080900000, 0x0000000080900000| Untracked 
|  10|0x0000000080a00000, 0x0000000080a00000, 0x0000000080b00000|  0%| F|  |TAMS 0x0000000080a00000, 0x0000000080a00000| Untracked 
|  11|0x0000000080b00000, 0x0000000080b00000, 0x0000000080c00000|  0%| F|  |TAMS 0x0000000080b00000, 0x0000000080b00000| Untracked 
|  12|0x0000000080c00000, 0x0000000080c00000, 0x0000000080d00000|  0%| F|  |TAMS 0x0000000080c00000, 0x0000000080c00000| Untracked 
|  13|0x0000000080d00000, 0x0000000080d00000, 0x0000000080e00000|  0%| F|  |TAMS 0x0000000080d00000, 0x0000000080d00000| Untracked 
|  14|0x0000000080e00000, 0x0000000080e00000, 0x0000000080f00000|  0%| F|  |TAMS 0x0000000080e00000, 0x0000000080e00000| Untracked 
|  15|0x0000000080f00000, 0x0000000080f00000, 0x0000000081000000|  0%| F|  |TAMS 0x0000000080f00000, 0x0000000080f00000| Untracked 
|  16|0x0000000081000000, 0x0000000081000000, 0x0000000081100000|  0%| F|  |TAMS 0x0000000081000000, 0x0000000081000000| Untracked 
|  17|0x0000000081100000, 0x0000000081100000, 0x0000000081200000|  0%| F|  |TAMS 0x0000000081100000, 0x0000000081100000| Untracked 
|  18|0x0000000081200000, 0x0000000081200000, 0x0000000081300000|  0%| F|  |TAMS 0x0000000081200000, 0x0000000081200000| Untracked 
|  19|0x0000000081300000, 0x0000000081300000, 0x0000000081400000|  0%| F|  |TAMS 0x0000000081300000, 0x0000000081300000| Untracked 
|  20|0x0000000081400000, 0x0000000081400000, 0x0000000081500000|  0%| F|  |TAMS 0x0000000081400000, 0x0000000081400000| Untracked 
|  21|0x0000000081500000, 0x0000000081500000, 0x0000000081600000|  0%| F|  |TAMS 0x0000000081500000, 0x0000000081500000| Untracked 
|  22|0x0000000081600000, 0x0000000081600000, 0x0000000081700000|  0%| F|  |TAMS 0x0000000081600000, 0x0000000081600000| Untracked 
|  23|0x0000000081700000, 0x0000000081700000, 0x0000000081800000|  0%| F|  |TAMS 0x0000000081700000, 0x0000000081700000| Untracked 
|  24|0x0000000081800000, 0x0000000081800000, 0x0000000081900000|  0%| F|  |TAMS 0x0000000081800000, 0x0000000081800000| Untracked 
|  25|0x0000000081900000, 0x0000000081900000, 0x0000000081a00000|  0%| F|  |TAMS 0x0000000081900000, 0x0000000081900000| Untracked 
|  26|0x0000000081a00000, 0x0000000081a00000, 0x0000000081b00000|  0%| F|  |TAMS 0x0000000081a00000, 0x0000000081a00000| Untracked 
|  27|0x0000000081b00000, 0x0000000081b00000, 0x0000000081c00000|  0%| F|  |TAMS 0x0000000081b00000, 0x0000000081b00000| Untracked 
|  28|0x0000000081c00000, 0x0000000081c00000, 0x0000000081d00000|  0%| F|  |TAMS 0x0000000081c00000, 0x0000000081c00000| Untracked 
|  29|0x0000000081d00000, 0x0000000081d00000, 0x0000000081e00000|  0%| F|  |TAMS 0x0000000081d00000, 0x0000000081d00000| Untracked 
|  30|0x0000000081e00000, 0x0000000081e00000, 0x0000000081f00000|  0%| F|  |TAMS 0x0000000081e00000, 0x0000000081e00000| Untracked 
|  31|0x0000000081f00000, 0x0000000081f00000, 0x0000000082000000|  0%| F|  |TAMS 0x0000000081f00000, 0x0000000081f00000| Untracked 
|  32|0x0000000082000000, 0x0000000082000000, 0x0000000082100000|  0%| F|  |TAMS 0x0000000082000000, 0x0000000082000000| Untracked 
|  33|0x0000000082100000, 0x0000000082100000, 0x0000000082200000|  0%| F|  |TAMS 0x0000000082100000, 0x0000000082100000| Untracked 
|  34|0x0000000082200000, 0x0000000082200000, 0x0000000082300000|  0%| F|  |TAMS 0x0000000082200000, 0x0000000082200000| Untracked 
|  35|0x0000000082300000, 0x0000000082300000, 0x0000000082400000|  0%| F|  |TAMS 0x0000000082300000, 0x0000000082300000| Untracked 
|  36|0x0000000082400000, 0x0000000082400000, 0x0000000082500000|  0%| F|  |TAMS 0x0000000082400000, 0x0000000082400000| Untracked 
|  37|0x0000000082500000, 0x0000000082500000, 0x0000000082600000|  0%| F|  |TAMS 0x0000000082500000, 0x0000000082500000| Untracked 
|  38|0x0000000082600000, 0x0000000082600000, 0x0000000082700000|  0%| F|  |TAMS 0x0000000082600000, 0x0000000082600000| Untracked 
|  39|0x0000000082700000, 0x0000000082700000, 0x0000000082800000|  0%| F|  |TAMS 0x0000000082700000, 0x0000000082700000| Untracked 
|  40|0x0000000082800000, 0x0000000082800000, 0x0000000082900000|  0%| F|  |TAMS 0x0000000082800000, 0x0000000082800000| Untracked 
|  41|0x0000000082900000, 0x0000000082900000, 0x0000000082a00000|  0%| F|  |TAMS 0x0000000082900000, 0x0000000082900000| Untracked 
|  42|0x0000000082a00000, 0x0000000082a00000, 0x0000000082b00000|  0%| F|  |TAMS 0x0000000082a00000, 0x0000000082a00000| Untracked 
|  43|0x0000000082b00000, 0x0000000082b00000, 0x0000000082c00000|  0%| F|  |TAMS 0x0000000082b00000, 0x0000000082b00000| Untracked 
|  44|0x0000000082c00000, 0x0000000082c00000, 0x0000000082d00000|  0%| F|  |TAMS 0x0000000082c00000, 0x0000000082c00000| Untracked 
|  45|0x0000000082d00000, 0x0000000082d00000, 0x0000000082e00000|  0%| F|  |TAMS 0x0000000082d00000, 0x0000000082d00000| Untracked 
|  46|0x0000000082e00000, 0x0000000082e00000, 0x0000000082f00000|  0%| F|  |TAMS 0x0000000082e00000, 0x0000000082e00000| Untracked 
|  47|0x0000000082f00000, 0x0000000082f00000, 0x0000000083000000|  0%| F|  |TAMS 0x0000000082f00000, 0x0000000082f00000| Untracked 
|  48|0x0000000083000000, 0x0000000083000000, 0x0000000083100000|  0%| F|  |TAMS 0x0000000083000000, 0x0000000083000000| Untracked 
|  49|0x0000000083100000, 0x0000000083100000, 0x0000000083200000|  0%| F|  |TAMS 0x0000000083100000, 0x0000000083100000| Untracked 
|  50|0x0000000083200000, 0x0000000083200000, 0x0000000083300000|  0%| F|  |TAMS 0x0000000083200000, 0x0000000083200000| Untracked 
|  51|0x0000000083300000, 0x0000000083300000, 0x0000000083400000|  0%| F|  |TAMS 0x0000000083300000, 0x0000000083300000| Untracked 
|  52|0x0000000083400000, 0x0000000083400000, 0x0000000083500000|  0%| F|  |TAMS 0x0000000083400000, 0x0000000083400000| Untracked 
|  53|0x0000000083500000, 0x0000000083500000, 0x0000000083600000|  0%| F|  |TAMS 0x0000000083500000, 0x0000000083500000| Untracked 
|  54|0x0000000083600000, 0x0000000083600000, 0x0000000083700000|  0%| F|  |TAMS 0x0000000083600000, 0x0000000083600000| Untracked 
|  55|0x0000000083700000, 0x0000000083700000, 0x0000000083800000|  0%| F|  |TAMS 0x0000000083700000, 0x0000000083700000| Untracked 
|  56|0x0000000083800000, 0x0000000083800000, 0x0000000083900000|  0%| F|  |TAMS 0x0000000083800000, 0x0000000083800000| Untracked 
|  57|0x0000000083900000, 0x0000000083900000, 0x0000000083a00000|  0%| F|  |TAMS 0x0000000083900000, 0x0000000083900000| Untracked 
|  58|0x0000000083a00000, 0x0000000083a00000, 0x0000000083b00000|  0%| F|  |TAMS 0x0000000083a00000, 0x0000000083a00000| Untracked 
|  59|0x0000000083b00000, 0x0000000083b00000, 0x0000000083c00000|  0%| F|  |TAMS 0x0000000083b00000, 0x0000000083b00000| Untracked 
|  60|0x0000000083c00000, 0x0000000083c00000, 0x0000000083d00000|  0%| F|  |TAMS 0x0000000083c00000, 0x0000000083c00000| Untracked 
|  61|0x0000000083d00000, 0x0000000083d00000, 0x0000000083e00000|  0%| F|  |TAMS 0x0000000083d00000, 0x0000000083d00000| Untracked 
|  62|0x0000000083e00000, 0x0000000083e00000, 0x0000000083f00000|  0%| F|  |TAMS 0x0000000083e00000, 0x0000000083e00000| Untracked 
|  63|0x0000000083f00000, 0x0000000083f00000, 0x0000000084000000|  0%| F|  |TAMS 0x0000000083f00000, 0x0000000083f00000| Untracked 
|  64|0x0000000084000000, 0x0000000084000000, 0x0000000084100000|  0%| F|  |TAMS 0x0000000084000000, 0x0000000084000000| Untracked 
|  65|0x0000000084100000, 0x0000000084100000, 0x0000000084200000|  0%| F|  |TAMS 0x0000000084100000, 0x0000000084100000| Untracked 
|  66|0x0000000084200000, 0x0000000084200000, 0x0000000084300000|  0%| F|  |TAMS 0x0000000084200000, 0x0000000084200000| Untracked 
|  67|0x0000000084300000, 0x0000000084300000, 0x0000000084400000|  0%| F|  |TAMS 0x0000000084300000, 0x0000000084300000| Untracked 
|  68|0x0000000084400000, 0x0000000084400000, 0x0000000084500000|  0%| F|  |TAMS 0x0000000084400000, 0x0000000084400000| Untracked 
|  69|0x0000000084500000, 0x0000000084500000, 0x0000000084600000|  0%| F|  |TAMS 0x0000000084500000, 0x0000000084500000| Untracked 
|  70|0x0000000084600000, 0x0000000084600000, 0x0000000084700000|  0%| F|  |TAMS 0x0000000084600000, 0x0000000084600000| Untracked 
|  71|0x0000000084700000, 0x0000000084700000, 0x0000000084800000|  0%| F|  |TAMS 0x0000000084700000, 0x0000000084700000| Untracked 
|  72|0x0000000084800000, 0x0000000084800000, 0x0000000084900000|  0%| F|  |TAMS 0x0000000084800000, 0x0000000084800000| Untracked 
|  73|0x0000000084900000, 0x0000000084900000, 0x0000000084a00000|  0%| F|  |TAMS 0x0000000084900000, 0x0000000084900000| Untracked 
|  74|0x0000000084a00000, 0x0000000084a00000, 0x0000000084b00000|  0%| F|  |TAMS 0x0000000084a00000, 0x0000000084a00000| Untracked 
|  75|0x0000000084b00000, 0x0000000084b00000, 0x0000000084c00000|  0%| F|  |TAMS 0x0000000084b00000, 0x0000000084b00000| Untracked 
|  76|0x0000000084c00000, 0x0000000084c00000, 0x0000000084d00000|  0%| F|  |TAMS 0x0000000084c00000, 0x0000000084c00000| Untracked 
|  77|0x0000000084d00000, 0x0000000084d00000, 0x0000000084e00000|  0%| F|  |TAMS 0x0000000084d00000, 0x0000000084d00000| Untracked 
|  78|0x0000000084e00000, 0x0000000084e00000, 0x0000000084f00000|  0%| F|  |TAMS 0x0000000084e00000, 0x0000000084e00000| Untracked 
|  79|0x0000000084f00000, 0x0000000084f00000, 0x0000000085000000|  0%| F|  |TAMS 0x0000000084f00000, 0x0000000084f00000| Untracked 
|  80|0x0000000085000000, 0x0000000085000000, 0x0000000085100000|  0%| F|  |TAMS 0x0000000085000000, 0x0000000085000000| Untracked 
|  81|0x0000000085100000, 0x0000000085100000, 0x0000000085200000|  0%| F|  |TAMS 0x0000000085100000, 0x0000000085100000| Untracked 
|  82|0x0000000085200000, 0x0000000085200000, 0x0000000085300000|  0%| F|  |TAMS 0x0000000085200000, 0x0000000085200000| Untracked 
|  83|0x0000000085300000, 0x0000000085300000, 0x0000000085400000|  0%| F|  |TAMS 0x0000000085300000, 0x0000000085300000| Untracked 
|  84|0x0000000085400000, 0x0000000085400000, 0x0000000085500000|  0%| F|  |TAMS 0x0000000085400000, 0x0000000085400000| Untracked 
|  85|0x0000000085500000, 0x0000000085500000, 0x0000000085600000|  0%| F|  |TAMS 0x0000000085500000, 0x0000000085500000| Untracked 
|  86|0x0000000085600000, 0x0000000085600000, 0x0000000085700000|  0%| F|  |TAMS 0x0000000085600000, 0x0000000085600000| Untracked 
|  87|0x0000000085700000, 0x0000000085700000, 0x0000000085800000|  0%| F|  |TAMS 0x0000000085700000, 0x0000000085700000| Untracked 
|  88|0x0000000085800000, 0x0000000085800000, 0x0000000085900000|  0%| F|  |TAMS 0x0000000085800000, 0x0000000085800000| Untracked 
|  89|0x0000000085900000, 0x0000000085900000, 0x0000000085a00000|  0%| F|  |TAMS 0x0000000085900000, 0x0000000085900000| Untracked 
|  90|0x0000000085a00000, 0x0000000085a00000, 0x0000000085b00000|  0%| F|  |TAMS 0x0000000085a00000, 0x0000000085a00000| Untracked 
|  91|0x0000000085b00000, 0x0000000085b00000, 0x0000000085c00000|  0%| F|  |TAMS 0x0000000085b00000, 0x0000000085b00000| Untracked 
|  92|0x0000000085c00000, 0x0000000085c00000, 0x0000000085d00000|  0%| F|  |TAMS 0x0000000085c00000, 0x0000000085c00000| Untracked 
|  93|0x0000000085d00000, 0x0000000085d00000, 0x0000000085e00000|  0%| F|  |TAMS 0x0000000085d00000, 0x0000000085d00000| Untracked 
|  94|0x0000000085e00000, 0x0000000085e00000, 0x0000000085f00000|  0%| F|  |TAMS 0x0000000085e00000, 0x0000000085e00000| Untracked 
|  95|0x0000000085f00000, 0x0000000085f00000, 0x0000000086000000|  0%| F|  |TAMS 0x0000000085f00000, 0x0000000085f00000| Untracked 
|  96|0x0000000086000000, 0x0000000086000000, 0x0000000086100000|  0%| F|  |TAMS 0x0000000086000000, 0x0000000086000000| Untracked 
|  97|0x0000000086100000, 0x0000000086100000, 0x0000000086200000|  0%| F|  |TAMS 0x0000000086100000, 0x0000000086100000| Untracked 
|  98|0x0000000086200000, 0x0000000086200000, 0x0000000086300000|  0%| F|  |TAMS 0x0000000086200000, 0x0000000086200000| Untracked 
|  99|0x0000000086300000, 0x0000000086300000, 0x0000000086400000|  0%| F|  |TAMS 0x0000000086300000, 0x0000000086300000| Untracked 
| 100|0x0000000086400000, 0x0000000086400000, 0x0000000086500000|  0%| F|  |TAMS 0x0000000086400000, 0x0000000086400000| Untracked 
| 101|0x0000000086500000, 0x0000000086500000, 0x0000000086600000|  0%| F|  |TAMS 0x0000000086500000, 0x0000000086500000| Untracked 
| 102|0x0000000086600000, 0x0000000086600000, 0x0000000086700000|  0%| F|  |TAMS 0x0000000086600000, 0x0000000086600000| Untracked 
| 103|0x0000000086700000, 0x0000000086700000, 0x0000000086800000|  0%| F|  |TAMS 0x0000000086700000, 0x0000000086700000| Untracked 
| 104|0x0000000086800000, 0x0000000086800000, 0x0000000086900000|  0%| F|  |TAMS 0x0000000086800000, 0x0000000086800000| Untracked 
| 105|0x0000000086900000, 0x0000000086900000, 0x0000000086a00000|  0%| F|  |TAMS 0x0000000086900000, 0x0000000086900000| Untracked 
| 106|0x0000000086a00000, 0x0000000086a00000, 0x0000000086b00000|  0%| F|  |TAMS 0x0000000086a00000, 0x0000000086a00000| Untracked 
| 107|0x0000000086b00000, 0x0000000086b00000, 0x0000000086c00000|  0%| F|  |TAMS 0x0000000086b00000, 0x0000000086b00000| Untracked 
| 108|0x0000000086c00000, 0x0000000086c00000, 0x0000000086d00000|  0%| F|  |TAMS 0x0000000086c00000, 0x0000000086c00000| Untracked 
| 109|0x0000000086d00000, 0x0000000086d00000, 0x0000000086e00000|  0%| F|  |TAMS 0x0000000086d00000, 0x0000000086d00000| Untracked 
| 110|0x0000000086e00000, 0x0000000086e00000, 0x0000000086f00000|  0%| F|  |TAMS 0x0000000086e00000, 0x0000000086e00000| Untracked 
| 111|0x0000000086f00000, 0x0000000086f00000, 0x0000000087000000|  0%| F|  |TAMS 0x0000000086f00000, 0x0000000086f00000| Untracked 
| 112|0x0000000087000000, 0x0000000087000000, 0x0000000087100000|  0%| F|  |TAMS 0x0000000087000000, 0x0000000087000000| Untracked 
| 113|0x0000000087100000, 0x0000000087100000, 0x0000000087200000|  0%| F|  |TAMS 0x0000000087100000, 0x0000000087100000| Untracked 
| 114|0x0000000087200000, 0x0000000087200000, 0x0000000087300000|  0%| F|  |TAMS 0x0000000087200000, 0x0000000087200000| Untracked 
| 115|0x0000000087300000, 0x0000000087300000, 0x0000000087400000|  0%| F|  |TAMS 0x0000000087300000, 0x0000000087300000| Untracked 
| 116|0x0000000087400000, 0x0000000087400000, 0x0000000087500000|  0%| F|  |TAMS 0x0000000087400000, 0x0000000087400000| Untracked 
| 117|0x0000000087500000, 0x0000000087500000, 0x0000000087600000|  0%| F|  |TAMS 0x0000000087500000, 0x0000000087500000| Untracked 
| 118|0x0000000087600000, 0x0000000087600000, 0x0000000087700000|  0%| F|  |TAMS 0x0000000087600000, 0x0000000087600000| Untracked 
| 119|0x0000000087700000, 0x0000000087700000, 0x0000000087800000|  0%| F|  |TAMS 0x0000000087700000, 0x0000000087700000| Untracked 
| 120|0x0000000087800000, 0x0000000087880800, 0x0000000087900000| 50%| E|  |TAMS 0x0000000087800000, 0x0000000087800000| Complete 
| 121|0x0000000087900000, 0x0000000087a00000, 0x0000000087a00000|100%| E|CS|TAMS 0x0000000087900000, 0x0000000087900000| Complete 
| 122|0x0000000087a00000, 0x0000000087b00000, 0x0000000087b00000|100%| E|CS|TAMS 0x0000000087a00000, 0x0000000087a00000| Complete 
| 123|0x0000000087b00000, 0x0000000087c00000, 0x0000000087c00000|100%| E|CS|TAMS 0x0000000087b00000, 0x0000000087b00000| Complete 
| 124|0x0000000087c00000, 0x0000000087d00000, 0x0000000087d00000|100%| E|CS|TAMS 0x0000000087c00000, 0x0000000087c00000| Complete 
| 125|0x0000000087d00000, 0x0000000087dfabb0, 0x0000000087e00000| 97%| S|CS|TAMS 0x0000000087d00000, 0x0000000087d00000| Complete 
| 126|0x0000000087e00000, 0x0000000087f00000, 0x0000000087f00000|100%| S|CS|TAMS 0x0000000087e00000, 0x0000000087e00000| Complete 
| 127|0x0000000087f00000, 0x0000000088000000, 0x0000000088000000|100%| E|CS|TAMS 0x0000000087f00000, 0x0000000087f00000| Complete 

Card table byte_map: [0x000001a4f98e0000,0x000001a4f9ce0000] _byte_map_base: 0x000001a4f94e0000

Marking Bits (Prev, Next): (CMBitMap*) 0x000001a4f5da3440, (CMBitMap*) 0x000001a4f5da3400
 Prev Bits: [0x000001a4fc0e0000, 0x000001a4fe0e0000)
 Next Bits: [0x000001a4fa0e0000, 0x000001a4fc0e0000)

Polling page: 0x000001a4f3ca0000

Metaspace:

Usage:
  Non-class:     20.32 MB used.
      Class:      2.46 MB used.
       Both:     22.78 MB used.

Virtual space:
  Non-class space:       64.00 MB reserved,      20.44 MB ( 32%) committed,  1 nodes.
      Class space:        1.00 GB reserved,       2.56 MB ( <1%) committed,  1 nodes.
             Both:        1.06 GB reserved,      23.00 MB (  2%) committed. 

Chunk freelists:
   Non-Class:  11.57 MB
       Class:  13.45 MB
        Both:  25.02 MB

MaxMetaspaceSize: unlimited
CompressedClassSpaceSize: 1.00 GB
Initial GC threshold: 21.00 MB
Current GC threshold: 35.31 MB
CDS: off
MetaspaceReclaimPolicy: balanced
 - commit_granule_bytes: 65536.
 - commit_granule_words: 8192.
 - virtual_space_node_default_size: 8388608.
 - enlarge_chunks_in_place: 1.
 - new_chunks_are_fully_committed: 0.
 - uncommit_free_chunks: 1.
 - use_allocation_guard: 0.
 - handle_deallocations: 1.


Internal statistics:

num_allocs_failed_limit: 3.
num_arena_births: 276.
num_arena_deaths: 18.
num_vsnodes_births: 2.
num_vsnodes_deaths: 0.
num_space_committed: 368.
num_space_uncommitted: 0.
num_chunks_returned_to_freelist: 28.
num_chunks_taken_from_freelist: 637.
num_chunk_merges: 0.
num_chunk_splits: 373.
num_chunks_enlarged: 198.
num_inconsistent_stats: 0.

CodeHeap 'non-profiled nmethods': size=120000Kb used=540Kb max_used=540Kb free=119459Kb
 bounds [0x000001a487ad0000, 0x000001a487d40000, 0x000001a48f000000]
CodeHeap 'profiled nmethods': size=120000Kb used=3185Kb max_used=3185Kb free=116815Kb
 bounds [0x000001a480000000, 0x000001a480320000, 0x000001a487530000]
CodeHeap 'non-nmethods': size=5760Kb used=1238Kb max_used=1262Kb free=4521Kb
 bounds [0x000001a487530000, 0x000001a4877a0000, 0x000001a487ad0000]
 total_blobs=2267 nmethods=1720 adapters=460
 compilation: enabled
              stopped_count=0, restarted_count=0
 full_count=0

Compilation events (20 events):
Event: 2.491 Thread 0x000001a4fe8696f0 nmethod 1713 0x000001a48030e290 code [0x000001a48030e7c0, 0x000001a480310eb8]
Event: 2.491 Thread 0x000001a4fe8696f0 1714       3       jdk.internal.org.objectweb.asm.Type::getArgumentTypes (154 bytes)
Event: 2.491 Thread 0x000001a4ff25e010 nmethod 1709 0x000001a487b56510 code [0x000001a487b566a0, 0x000001a487b56b48]
Event: 2.491 Thread 0x000001a4ff25e010 1716       4       jdk.internal.org.objectweb.asm.ByteVector::put12 (64 bytes)
Event: 2.492 Thread 0x000001a4ff25e010 nmethod 1716 0x000001a487b56d90 code [0x000001a487b56f20, 0x000001a487b570e8]
Event: 2.492 Thread 0x000001a4ff25e010 1720       4       jdk.internal.org.objectweb.asm.SymbolTable::addConstantUtf8Reference (101 bytes)
Event: 2.493 Thread 0x000001a4fe8696f0 nmethod 1714 0x000001a480311c10 code [0x000001a4803120e0, 0x000001a480314968]
Event: 2.493 Thread 0x000001a4fe8696f0 1717       3       jdk.internal.org.objectweb.asm.MethodWriter::putFrame (549 bytes)
Event: 2.494 Thread 0x000001a4fe8696f0 nmethod 1717 0x000001a480315890 code [0x000001a480315d00, 0x000001a480317838]
Event: 2.494 Thread 0x000001a4fe8696f0 1718       3       jdk.internal.org.objectweb.asm.SymbolTable::addMergedType (164 bytes)
Event: 2.494 Thread 0x000001a4fe8696f0 nmethod 1718 0x000001a480318490 code [0x000001a4803186a0, 0x000001a480318d18]
Event: 2.494 Thread 0x000001a4fe8696f0 1715       3       jdk.internal.org.objectweb.asm.SymbolTable::hash (7 bytes)
Event: 2.494 Thread 0x000001a4fe8696f0 nmethod 1715 0x000001a480319110 code [0x000001a4803192a0, 0x000001a480319398]
Event: 2.494 Thread 0x000001a4fe8696f0 1723       3       jdk.internal.org.objectweb.asm.SymbolTable::getType (7 bytes)
Event: 2.494 Thread 0x000001a4fe8696f0 nmethod 1723 0x000001a480319410 code [0x000001a4803195a0, 0x000001a4803196d8]
Event: 2.494 Thread 0x000001a4fe8696f0 1719       3       jdk.internal.org.objectweb.asm.Frame::getConcreteOutputType (111 bytes)
Event: 2.494 Thread 0x000001a4fe8696f0 nmethod 1719 0x000001a480319790 code [0x000001a480319940, 0x000001a480319d18]
Event: 2.494 Thread 0x000001a4fe8696f0 1721       3       jdk.internal.org.objectweb.asm.Frame::putAbstractType (379 bytes)
Event: 2.495 Thread 0x000001a4fe8696f0 nmethod 1721 0x000001a480319e90 code [0x000001a48031a2c0, 0x000001a48031b9d8]
Event: 2.495 Thread 0x000001a4fe8696f0 1725       3       jdk.internal.org.objectweb.asm.SymbolTable::addConstant (330 bytes)

GC Heap History (6 events):
Event: 1.685 GC heap before
{Heap before GC invocations=0 (full 0):
 garbage-first heap   total 131072K, used 15360K [0x0000000080000000, 0x0000000100000000)
  region size 1024K, 13 young (13312K), 0 survivors (0K)
 Metaspace       used 14389K, committed 14656K, reserved 1114112K
  class space    used 1513K, committed 1664K, reserved 1048576K
}
Event: 1.690 GC heap after
{Heap after GC invocations=1 (full 0):
 garbage-first heap   total 131072K, used 7216K [0x0000000080000000, 0x0000000100000000)
  region size 1024K, 2 young (2048K), 2 survivors (2048K)
 Metaspace       used 14389K, committed 14656K, reserved 1114112K
  class space    used 1513K, committed 1664K, reserved 1048576K
}
Event: 2.205 GC heap before
{Heap before GC invocations=1 (full 0):
 garbage-first heap   total 131072K, used 16432K [0x0000000080000000, 0x0000000100000000)
  region size 1024K, 12 young (12288K), 2 survivors (2048K)
 Metaspace       used 20539K, committed 20800K, reserved 1114112K
  class space    used 2223K, committed 2368K, reserved 1048576K
}
Event: 2.208 GC heap after
{Heap after GC invocations=2 (full 0):
 garbage-first heap   total 131072K, used 8783K [0x0000000080000000, 0x0000000100000000)
  region size 1024K, 2 young (2048K), 2 survivors (2048K)
 Metaspace       used 20539K, committed 20800K, reserved 1114112K
  class space    used 2223K, committed 2368K, reserved 1048576K
}
Event: 2.254 GC heap before
{Heap before GC invocations=2 (full 0):
 garbage-first heap   total 131072K, used 8783K [0x0000000080000000, 0x0000000100000000)
  region size 1024K, 3 young (3072K), 2 survivors (2048K)
 Metaspace       used 21218K, committed 21504K, reserved 1114112K
  class space    used 2295K, committed 2432K, reserved 1048576K
}
Event: 2.256 GC heap after
{Heap after GC invocations=3 (full 0):
 garbage-first heap   total 131072K, used 8902K [0x0000000080000000, 0x0000000100000000)
  region size 1024K, 2 young (2048K), 2 survivors (2048K)
 Metaspace       used 21218K, committed 21504K, reserved 1114112K
  class space    used 2295K, committed 2432K, reserved 1048576K
}

Dll operation events (1 events):
Event: 0.153 Loaded shared library D:\Java\IntelliJ IDEA 2024.1.4\jbr\bin\java.dll

Deoptimization events (20 events):
Event: 2.291 Thread 0x000001a4fed78070 Uncommon trap: trap_request=0xffffffde fr.pc=0x000001a487b37f3c relative=0x000000000000061c
Event: 2.291 Thread 0x000001a4fed78070 Uncommon trap: reason=class_check action=maybe_recompile pc=0x000001a487b37f3c method=java.util.HashMap.putVal(ILjava/lang/Object;Ljava/lang/Object;ZZ)Ljava/lang/Object; @ 253 c2
Event: 2.291 Thread 0x000001a4fed78070 DEOPT PACKING pc=0x000001a487b37f3c sp=0x00000076fabfd010
Event: 2.291 Thread 0x000001a4fed78070 DEOPT UNPACKING pc=0x000001a4875869a3 sp=0x00000076fabfcfc0 mode 2
Event: 2.316 Thread 0x000001a4fed78070 Uncommon trap: trap_request=0xffffffc6 fr.pc=0x000001a487b3fe64 relative=0x00000000000002a4
Event: 2.316 Thread 0x000001a4fed78070 Uncommon trap: reason=bimorphic_or_optimized_type_check action=maybe_recompile pc=0x000001a487b3fe64 method=java.util.regex.Pattern$SliceI.match(Ljava/util/regex/Matcher;ILjava/lang/CharSequence;)Z @ 92 c2
Event: 2.316 Thread 0x000001a4fed78070 DEOPT PACKING pc=0x000001a487b3fe64 sp=0x00000076fabfdc90
Event: 2.316 Thread 0x000001a4fed78070 DEOPT UNPACKING pc=0x000001a4875869a3 sp=0x00000076fabfdc38 mode 2
Event: 2.316 Thread 0x000001a4fed78070 Uncommon trap: trap_request=0xffffffc6 fr.pc=0x000001a487b3fe64 relative=0x00000000000002a4
Event: 2.316 Thread 0x000001a4fed78070 Uncommon trap: reason=bimorphic_or_optimized_type_check action=maybe_recompile pc=0x000001a487b3fe64 method=java.util.regex.Pattern$SliceI.match(Ljava/util/regex/Matcher;ILjava/lang/CharSequence;)Z @ 92 c2
Event: 2.316 Thread 0x000001a4fed78070 DEOPT PACKING pc=0x000001a487b3fe64 sp=0x00000076fabfdce0
Event: 2.316 Thread 0x000001a4fed78070 DEOPT UNPACKING pc=0x000001a4875869a3 sp=0x00000076fabfdc88 mode 2
Event: 2.352 Thread 0x000001a4fed78070 DEOPT PACKING pc=0x000001a480253e92 sp=0x00000076fabfc7e0
Event: 2.352 Thread 0x000001a4fed78070 DEOPT UNPACKING pc=0x000001a487587143 sp=0x00000076fabfbcf0 mode 0
Event: 2.360 Thread 0x000001a4fed78070 DEOPT PACKING pc=0x000001a480253e92 sp=0x00000076fabfc750
Event: 2.360 Thread 0x000001a4fed78070 DEOPT UNPACKING pc=0x000001a487587143 sp=0x00000076fabfbc60 mode 0
Event: 2.370 Thread 0x000001a4fed78070 Uncommon trap: trap_request=0xffffff45 fr.pc=0x000001a487b3cbd4 relative=0x0000000000000694
Event: 2.370 Thread 0x000001a4fed78070 Uncommon trap: reason=unstable_if action=reinterpret pc=0x000001a487b3cbd4 method=java.lang.AbstractStringBuilder.append(Ljava/lang/String;)Ljava/lang/AbstractStringBuilder; @ 1 c2
Event: 2.370 Thread 0x000001a4fed78070 DEOPT PACKING pc=0x000001a487b3cbd4 sp=0x00000076fabfded0
Event: 2.370 Thread 0x000001a4fed78070 DEOPT UNPACKING pc=0x000001a4875869a3 sp=0x00000076fabfde50 mode 2

Classes unloaded (9 events):
Event: 2.262 Thread 0x000001a4fe5db890 Unloading class 0x0000000100153c00 'jdk/internal/reflect/GeneratedSerializationConstructorAccessor16'
Event: 2.262 Thread 0x000001a4fe5db890 Unloading class 0x0000000100153000 'jdk/internal/reflect/GeneratedSerializationConstructorAccessor13'
Event: 2.262 Thread 0x000001a4fe5db890 Unloading class 0x0000000100152c00 'jdk/internal/reflect/GeneratedSerializationConstructorAccessor12'
Event: 2.262 Thread 0x000001a4fe5db890 Unloading class 0x0000000100152000 'jdk/internal/reflect/GeneratedSerializationConstructorAccessor9'
Event: 2.262 Thread 0x000001a4fe5db890 Unloading class 0x0000000100151800 'jdk/internal/reflect/GeneratedSerializationConstructorAccessor7'
Event: 2.262 Thread 0x000001a4fe5db890 Unloading class 0x0000000100151000 'jdk/internal/reflect/GeneratedSerializationConstructorAccessor6'
Event: 2.262 Thread 0x000001a4fe5db890 Unloading class 0x0000000100150000 'jdk/internal/reflect/GeneratedSerializationConstructorAccessor1'
Event: 2.262 Thread 0x000001a4fe5db890 Unloading class 0x000000010014e400 'java/lang/invoke/LambdaForm$MH+0x000000010014e400'
Event: 2.262 Thread 0x000001a4fe5db890 Unloading class 0x000000010014d800 'java/lang/invoke/LambdaForm$MH+0x000000010014d800'

Classes redefined (0 events):
No events

Internal exceptions (20 events):
Event: 1.110 Thread 0x000001a4f5d498e0 Exception <a 'java/lang/NoSuchMethodError'{0x0000000087b0f6b0}: 'void java.lang.invoke.DirectMethodHandle$Holder.invokeStaticInit(java.lang.Object, java.lang.Object)'> (0x0000000087b0f6b0) 
thrown [s\src\hotspot\share\interpreter\linkResolver.cpp, line 771]
Event: 1.131 Thread 0x000001a4f5d498e0 Exception <a 'java/lang/NoSuchMethodError'{0x0000000087b22088}: 'java.lang.Object java.lang.invoke.DirectMethodHandle$Holder.invokeStaticInit(java.lang.Object)'> (0x0000000087b22088) 
thrown [s\src\hotspot\share\interpreter\linkResolver.cpp, line 771]
Event: 1.179 Thread 0x000001a4f5d498e0 Exception <a 'java/lang/NoSuchMethodError'{0x0000000087b9ea28}: 'java.lang.Object java.lang.invoke.DirectMethodHandle$Holder.invokeStaticInit(java.lang.Object, int, int, int, int)'> (0x0000000087b9ea28) 
thrown [s\src\hotspot\share\interpreter\linkResolver.cpp, line 771]
Event: 1.241 Thread 0x000001a4f5d498e0 Exception <a 'java/lang/NoSuchMethodError'{0x0000000087be4118}: 'java.lang.Object java.lang.invoke.DirectMethodHandle$Holder.invokeStaticInit(java.lang.Object, java.lang.Object, int, int, int, int)'> (0x0000000087be4118) 
thrown [s\src\hotspot\share\interpreter\linkResolver.cpp, line 771]
Event: 1.400 Thread 0x000001a4f5d498e0 Exception <a 'java/lang/NoSuchMethodError'{0x00000000879f6eb8}: 'java.lang.Object java.lang.invoke.Invokers$Holder.linkToTargetMethod(java.lang.Object, long, java.lang.Object)'> (0x00000000879f6eb8) 
thrown [s\src\hotspot\share\interpreter\linkResolver.cpp, line 771]
Event: 1.494 Thread 0x000001a4fed77b60 Exception <a 'java/lang/NoSuchMethodError'{0x00000000876251b0}: static [B.<clinit>()V> (0x00000000876251b0) 
thrown [s\src\hotspot\share\prims\jni.cpp, line 1127]
Event: 1.494 Thread 0x000001a4fed78070 Exception <a 'java/lang/NoSuchMethodError'{0x00000000877eb070}: static [B.<clinit>()V> (0x00000000877eb070) 
thrown [s\src\hotspot\share\prims\jni.cpp, line 1127]
Event: 1.522 Thread 0x000001a4fed78070 Exception <a 'java/lang/NoSuchMethodError'{0x0000000087660788}: static [Ljava/rmi/server/ObjID;.<clinit>()V> (0x0000000087660788) 
thrown [s\src\hotspot\share\prims\jni.cpp, line 1127]
Event: 1.524 Thread 0x000001a4fed78a90 Exception <a 'java/lang/InterruptedException'{0x0000000087688208}> (0x0000000087688208) 
thrown [s\src\hotspot\share\runtime\objectMonitor.cpp, line 1658]
Event: 1.525 Thread 0x000001a4fed78070 Exception <a 'java/lang/NoSuchMethodError'{0x00000000876680c8}: 'void java.lang.invoke.DirectMethodHandle$Holder.invokeSpecial(java.lang.Object, java.lang.Object, java.lang.Object)'> (0x00000000876680c8) 
thrown [s\src\hotspot\share\interpreter\linkResolver.cpp, line 771]
Event: 1.525 Thread 0x000001a4fed78070 Exception <a 'java/lang/NoSuchMethodError'{0x000000008766b630}: 'void java.lang.invoke.Invokers$Holder.invoke_MT(java.lang.Object, java.lang.Object, java.lang.Object)'> (0x000000008766b630) 
thrown [s\src\hotspot\share\interpreter\linkResolver.cpp, line 771]
Event: 1.525 Thread 0x000001a4fed78a90 Exception <a 'java/lang/NoSuchMethodError'{0x00000000876909a8}: 'java.lang.Object java.lang.invoke.DirectMethodHandle$Holder.newInvokeSpecial(java.lang.Object, java.lang.Object, int, java.lang.Object, long)'> (0x00000000876909a8) 
thrown [s\src\hotspot\share\interpreter\linkResolver.cpp, line 771]
Event: 1.645 Thread 0x000001a4fed78070 Exception <a 'java/lang/NoSuchMethodError'{0x0000000087316f10}: 'java.lang.Object java.lang.invoke.DirectMethodHandle$Holder.invokeInterface(java.lang.Object, java.lang.Object)'> (0x0000000087316f10) 
thrown [s\src\hotspot\share\interpreter\linkResolver.cpp, line 771]
Event: 1.712 Thread 0x000001a4fed78070 Exception <a 'java/lang/NoSuchMethodError'{0x0000000087f78450}: 'java.lang.Object java.lang.invoke.DirectMethodHandle$Holder.invokeVirtual(java.lang.Object, java.lang.Object, java.lang.Object)'> (0x0000000087f78450) 
thrown [s\src\hotspot\share\interpreter\linkResolver.cpp, line 771]
Event: 2.043 Thread 0x000001a4fed78070 Exception <a 'sun/nio/fs/WindowsException'{0x00000000877058f0}> (0x00000000877058f0) 
thrown [s\src\hotspot\share\prims\jni.cpp, line 531]
Event: 2.084 Thread 0x000001a4fed78070 Exception <a 'java/lang/NoSuchMethodError'{0x0000000087729918}: 'int java.lang.invoke.DirectMethodHandle$Holder.invokeStaticInit(java.lang.Object, java.lang.Object, java.lang.Object, java.lang.Object)'> (0x0000000087729918) 
thrown [s\src\hotspot\share\interpreter\linkResolver.cpp, line 771]
Event: 2.084 Thread 0x000001a4fed78070 Exception <a 'java/lang/IncompatibleClassChangeError'{0x0000000087733010}: Found class java.lang.Object, but interface was expected> (0x0000000087733010) 
thrown [s\src\hotspot\share\interpreter\linkResolver.cpp, line 838]
Event: 2.085 Thread 0x000001a4fed78070 Exception <a 'java/lang/NoSuchMethodError'{0x0000000087739d98}: 'int java.lang.invoke.DirectMethodHandle$Holder.invokeStaticInit(java.lang.Object, java.lang.Object)'> (0x0000000087739d98) 
thrown [s\src\hotspot\share\interpreter\linkResolver.cpp, line 771]
Event: 2.370 Thread 0x000001a4fed78070 Implicit null exception at 0x000001a487b3c572 to 0x000001a487b3cbbc
Event: 2.370 Thread 0x000001a4fed78070 Exception <a 'java/lang/NoSuchMethodError'{0x0000000087a0a1e8}: 'java.lang.Object java.lang.invoke.DirectMethodHandle$Holder.newInvokeSpecial(java.lang.Object, java.lang.Object, int)'> (0x0000000087a0a1e8) 
thrown [s\src\hotspot\share\interpreter\linkResolver.cpp, line 771]

VM Operations (20 events):
Event: 1.554 Executing VM operation: HandshakeAllThreads
Event: 1.554 Executing VM operation: HandshakeAllThreads done
Event: 1.554 Executing VM operation: Cleanup
Event: 1.554 Executing VM operation: Cleanup done
Event: 1.684 Executing VM operation: G1CollectForAllocation
Event: 1.692 Executing VM operation: G1CollectForAllocation done
Event: 2.008 Executing VM operation: HandshakeAllThreads
Event: 2.008 Executing VM operation: HandshakeAllThreads done
Event: 2.077 Executing VM operation: HandshakeAllThreads
Event: 2.077 Executing VM operation: HandshakeAllThreads done
Event: 2.205 Executing VM operation: G1CollectForAllocation
Event: 2.208 Executing VM operation: G1CollectForAllocation done
Event: 2.253 Executing VM operation: HandshakeAllThreads
Event: 2.253 Executing VM operation: HandshakeAllThreads done
Event: 2.254 Executing VM operation: CollectForMetadataAllocation
Event: 2.257 Executing VM operation: CollectForMetadataAllocation done
Event: 2.262 Executing VM operation: G1PauseRemark
Event: 2.264 Executing VM operation: G1PauseRemark done
Event: 2.266 Executing VM operation: G1PauseCleanup
Event: 2.266 Executing VM operation: G1PauseCleanup done

Events (20 events):
Event: 2.365 loading class java/util/ListResourceBundle done
Event: 2.365 loading class sun/util/resources/cldr/CalendarData done
Event: 2.365 loading class java/util/ResourceBundle$ResourceBundleProviderHelper
Event: 2.365 loading class java/util/ResourceBundle$ResourceBundleProviderHelper done
Event: 2.365 loading class sun/util/resources/Bundles$BundleReference
Event: 2.365 loading class sun/util/resources/Bundles$CacheKeyReference
Event: 2.365 loading class sun/util/resources/Bundles$CacheKeyReference done
Event: 2.365 loading class sun/util/resources/Bundles$BundleReference done
Event: 2.365 loading class sun/util/locale/provider/LocaleResources$ResourceReference
Event: 2.365 loading class sun/util/locale/provider/LocaleResources$ResourceReference done
Event: 2.368 loading class java/time/format/DateTimeParseException
Event: 2.368 loading class java/time/DateTimeException
Event: 2.368 loading class java/time/DateTimeException done
Event: 2.368 loading class java/time/format/DateTimeParseException done
Event: 2.478 loading class jdk/internal/reflect/UnsafeQualifiedStaticObjectFieldAccessorImpl
Event: 2.478 loading class jdk/internal/reflect/UnsafeQualifiedStaticObjectFieldAccessorImpl done
Event: 2.478 loading class java/nio/charset/CharacterCodingException
Event: 2.478 loading class java/nio/charset/CharacterCodingException done
Event: 2.478 loading class java/util/stream/IntStream
Event: 2.479 loading class java/util/stream/IntStream done


Dynamic libraries:
0x00007ff659790000 - 0x00007ff65979a000 	D:\Java\IntelliJ IDEA 2024.1.4\jbr\bin\java.exe
0x00007ffd536f0000 - 0x00007ffd538e8000 	C:\Windows\SYSTEM32\ntdll.dll
0x00007ffd51b70000 - 0x00007ffd51c2f000 	C:\Windows\System32\KERNEL32.DLL
0x00007ffd511f0000 - 0x00007ffd514c2000 	C:\Windows\System32\KERNELBASE.dll
0x00007ffd51590000 - 0x00007ffd51690000 	C:\Windows\System32\ucrtbase.dll
0x00007ffd23a30000 - 0x00007ffd23a47000 	D:\Java\IntelliJ IDEA 2024.1.4\jbr\bin\jli.dll
0x00007ffd51dd0000 - 0x00007ffd51f71000 	C:\Windows\System32\USER32.dll
0x00007ffd50f20000 - 0x00007ffd50f42000 	C:\Windows\System32\win32u.dll
0x00007ffd52b70000 - 0x00007ffd52b9b000 	C:\Windows\System32\GDI32.dll
0x00007ffd39320000 - 0x00007ffd395ba000 	C:\Windows\WinSxS\amd64_microsoft.windows.common-controls_6595b64144ccf1df_6.0.19041.1110_none_60b5254171f9507e\COMCTL32.dll
0x00007ffd50de0000 - 0x00007ffd50eef000 	C:\Windows\System32\gdi32full.dll
0x00007ffd51690000 - 0x00007ffd5172d000 	C:\Windows\System32\msvcp_win.dll
0x00007ffd52e90000 - 0x00007ffd52f2e000 	C:\Windows\System32\msvcrt.dll
0x00007ffd35be0000 - 0x00007ffd35bfb000 	D:\Java\IntelliJ IDEA 2024.1.4\jbr\bin\VCRUNTIME140.dll
0x00007ffd51b30000 - 0x00007ffd51b62000 	C:\Windows\System32\IMM32.DLL
0x00007ffd4cbe0000 - 0x00007ffd4cbec000 	D:\Java\IntelliJ IDEA 2024.1.4\jbr\bin\vcruntime140_1.dll
0x00007ffd2fef0000 - 0x00007ffd2ff7d000 	D:\Java\IntelliJ IDEA 2024.1.4\jbr\bin\msvcp140.dll
0x00007ffce6430000 - 0x00007ffce70b3000 	D:\Java\IntelliJ IDEA 2024.1.4\jbr\bin\server\jvm.dll
0x00007ffd520b0000 - 0x00007ffd5215e000 	C:\Windows\System32\ADVAPI32.dll
0x00007ffd52c70000 - 0x00007ffd52d0c000 	C:\Windows\System32\sechost.dll
0x00007ffd52160000 - 0x00007ffd52285000 	C:\Windows\System32\RPCRT4.dll
0x00007ffd50360000 - 0x00007ffd503ab000 	C:\Windows\SYSTEM32\POWRPROF.dll
0x00007ffd47640000 - 0x00007ffd47649000 	C:\Windows\SYSTEM32\WSOCK32.dll
0x00007ffd44880000 - 0x00007ffd448a7000 	C:\Windows\SYSTEM32\WINMM.dll
0x00007ffd4ac10000 - 0x00007ffd4ac1a000 	C:\Windows\SYSTEM32\VERSION.dll
0x00007ffd52d10000 - 0x00007ffd52d7b000 	C:\Windows\System32\ws2_32.DLL
0x00007ffd50220000 - 0x00007ffd50232000 	C:\Windows\SYSTEM32\UMPDC.dll
0x00007ffd4ebc0000 - 0x00007ffd4ebd2000 	C:\Windows\SYSTEM32\kernel.appcore.dll
0x00007ffd236b0000 - 0x00007ffd236ba000 	D:\Java\IntelliJ IDEA 2024.1.4\jbr\bin\jimage.dll
0x00007ffd3b1e0000 - 0x00007ffd3b3c4000 	C:\Windows\SYSTEM32\DBGHELP.DLL
0x00007ffd3a230000 - 0x00007ffd3a265000 	C:\Windows\SYSTEM32\dbgcore.DLL
0x00007ffd51000000 - 0x00007ffd51082000 	C:\Windows\System32\bcryptPrimitives.dll
0x00007ffd22d30000 - 0x00007ffd22d55000 	D:\Java\IntelliJ IDEA 2024.1.4\jbr\bin\java.dll
0x00007ffd22d10000 - 0x00007ffd22d28000 	D:\Java\IntelliJ IDEA 2024.1.4\jbr\bin\zip.dll
0x00007ffd52420000 - 0x00007ffd52b65000 	C:\Windows\System32\SHELL32.dll
0x00007ffd4eea0000 - 0x00007ffd4f632000 	C:\Windows\SYSTEM32\windows.storage.dll
0x00007ffd51730000 - 0x00007ffd51a85000 	C:\Windows\System32\combase.dll
0x00007ffd50840000 - 0x00007ffd50870000 	C:\Windows\SYSTEM32\Wldp.dll
0x00007ffd52370000 - 0x00007ffd5241d000 	C:\Windows\System32\SHCORE.dll
0x00007ffd52d80000 - 0x00007ffd52dd5000 	C:\Windows\System32\shlwapi.dll
0x00007ffd50d20000 - 0x00007ffd50d3f000 	C:\Windows\SYSTEM32\profapi.dll
0x00007ffd22cf0000 - 0x00007ffd22d09000 	D:\Java\IntelliJ IDEA 2024.1.4\jbr\bin\net.dll
0x00007ffd493f0000 - 0x00007ffd494fc000 	C:\Windows\SYSTEM32\WINHTTP.dll
0x00007ffd505a0000 - 0x00007ffd5060a000 	C:\Windows\system32\mswsock.dll
0x00007ffd22cd0000 - 0x00007ffd22ce6000 	D:\Java\IntelliJ IDEA 2024.1.4\jbr\bin\nio.dll
0x00007ffd50240000 - 0x00007ffd5027b000 	C:\Windows\SYSTEM32\IPHLPAPI.DLL
0x00007ffd51b20000 - 0x00007ffd51b28000 	C:\Windows\System32\NSI.dll
0x00007ffd498a0000 - 0x00007ffd498b7000 	C:\Windows\SYSTEM32\dhcpcsvc6.DLL
0x00007ffd4a310000 - 0x00007ffd4a32d000 	C:\Windows\SYSTEM32\dhcpcsvc.DLL
0x00007ffd50290000 - 0x00007ffd5035b000 	C:\Windows\SYSTEM32\DNSAPI.dll
0x00007ffd50790000 - 0x00007ffd507a8000 	C:\Windows\SYSTEM32\CRYPTSP.dll
0x00007ffd4fe50000 - 0x00007ffd4fe84000 	C:\Windows\system32\rsaenh.dll
0x00007ffd50ef0000 - 0x00007ffd50f17000 	C:\Windows\System32\bcrypt.dll
0x00007ffd50ce0000 - 0x00007ffd50d0e000 	C:\Windows\SYSTEM32\USERENV.dll
0x00007ffd507b0000 - 0x00007ffd507bc000 	C:\Windows\SYSTEM32\CRYPTBASE.dll
0x00007ffd22a10000 - 0x00007ffd22a19000 	D:\Java\IntelliJ IDEA 2024.1.4\jbr\bin\extnet.dll
0x00007ffd4cb30000 - 0x00007ffd4cb37000 	D:\Java\IntelliJ IDEA 2024.1.4\jbr\bin\rmi.dll
0x00007ffd49140000 - 0x00007ffd4914a000 	C:\Windows\System32\rasadhlp.dll
0x00007ffd46990000 - 0x00007ffd46a10000 	C:\Windows\System32\fwpuclnt.dll
0x00007ffd22a40000 - 0x00007ffd22a4e000 	D:\Java\IntelliJ IDEA 2024.1.4\jbr\bin\sunmscapi.dll
0x00007ffd51090000 - 0x00007ffd511e6000 	C:\Windows\System32\CRYPT32.dll
0x00007ffd508b0000 - 0x00007ffd508d7000 	C:\Windows\SYSTEM32\ncrypt.dll
0x00007ffd50870000 - 0x00007ffd508ab000 	C:\Windows\SYSTEM32\NTASN1.dll

dbghelp: loaded successfully - version: 4.0.5 - missing functions: none
symbol engine: initialized successfully - sym options: 0x614 - pdb path: .;D:\Java\IntelliJ IDEA 2024.1.4\jbr\bin;C:\Windows\SYSTEM32;C:\Windows\WinSxS\amd64_microsoft.windows.common-controls_6595b64144ccf1df_6.0.19041.1110_none_60b5254171f9507e;D:\Java\IntelliJ IDEA 2024.1.4\jbr\bin\server

VM Arguments:
jvm_args: -Djava.rmi.server.hostname=127.0.0.1 -Duser.timezone=UTC -Xmx2048m -Xms128m -Djdbc.classpath=D:\Java\IntelliJ IDEA 2024.1.4\plugins\DatabaseTools\lib\jdbc-console.jar;C:\Users\ASUS\AppData\Roaming\JetBrains\IntelliJIdea2024.1\jdbc-drivers\MySQL ConnectorJ\8.2.0\com\mysql\mysql-connector-j\8.2.0\mysql-connector-j-8.2.0.jar;C:\Users\ASUS\AppData\Roaming\JetBrains\IntelliJIdea2024.1\jdbc-drivers\MySQL ConnectorJ\8.2.0\com\google\protobuf\protobuf-java\3.21.9\protobuf-java-3.21.9.jar --add-exports=java.desktop/sun.awt=ALL-UNNAMED --add-exports=java.desktop/java.awt.peer=ALL-UNNAMED --add-opens=java.desktop/java.awt=ALL-UNNAMED --add-opens=jdk.unsupported/sun.misc=ALL-UNNAMED --add-opens=java.base/java.nio=ALL-UNNAMED --add-opens=java.base/java.util=ALL-UNNAMED -Dfile.encoding=UTF-8 
java_command: com.intellij.database.remote.RemoteJdbcServer com.mysql.cj.jdbc.Driver
java_class_path (initial): D:\Java\IntelliJ IDEA 2024.1.4\lib\util_rt.jar;D:\Java\IntelliJ IDEA 2024.1.4\lib\util-8.jar;D:\Java\IntelliJ IDEA 2024.1.4\lib\groovy.jar;D:\Java\IntelliJ IDEA 2024.1.4\plugins\DatabaseTools\lib\jdbc-console.jar;D:\Java\IntelliJ IDEA 2024.1.4\plugins\grid-core-impl\lib\jdbc-console-types.jar;D:\Java\IntelliJ IDEA 2024.1.4\lib\util.jar
Launcher Type: SUN_STANDARD

[Global flags]
     intx CICompilerCount                          = 3                                         {product} {ergonomic}
     uint ConcGCThreads                            = 1                                         {product} {ergonomic}
     uint G1ConcRefinementThreads                  = 4                                         {product} {ergonomic}
   size_t G1HeapRegionSize                         = 1048576                                   {product} {ergonomic}
    uintx GCDrainStackTargetSize                   = 64                                        {product} {ergonomic}
   size_t InitialHeapSize                          = 134217728                                 {product} {command line}
   size_t MarkStackSize                            = 4194304                                   {product} {ergonomic}
   size_t MaxHeapSize                              = 2147483648                                {product} {command line}
   size_t MaxNewSize                               = 1287651328                                {product} {ergonomic}
   size_t MinHeapDeltaBytes                        = 1048576                                   {product} {ergonomic}
   size_t MinHeapSize                              = 134217728                                 {product} {command line}
    uintx NonNMethodCodeHeapSize                   = 5832780                                {pd product} {ergonomic}
    uintx NonProfiledCodeHeapSize                  = 122912730                              {pd product} {ergonomic}
    uintx ProfiledCodeHeapSize                     = 122912730                              {pd product} {ergonomic}
    uintx ReservedCodeCacheSize                    = 251658240                              {pd product} {ergonomic}
     bool SegmentedCodeCache                       = true                                      {product} {ergonomic}
   size_t SoftMaxHeapSize                          = 2147483648                             {manageable} {ergonomic}
     bool UseCompressedClassPointers               = true                           {product lp64_product} {ergonomic}
     bool UseCompressedOops                        = true                           {product lp64_product} {ergonomic}
     bool UseG1GC                                  = true                                      {product} {ergonomic}
     bool UseLargePagesIndividualAllocation        = false                                  {pd product} {ergonomic}

Logging:
Log output configuration:
 #0: stdout all=warning uptime,level,tags
 #1: stderr all=off uptime,level,tags

Environment Variables:
PATH=C:\Windows\system32;C:\Windows;C:\Windows\System32\Wbem;C:\Windows\System32\WindowsPowerShell\v1.0\;C:\Windows\System32\OpenSSH\;C:\Program Files\Git\cmd;C:\Users\ASUS\AppData\Local\Microsoft\WindowsApps;;D:\WebStorm 2024.1.5\bin;
USERNAME=ASUS
OS=Windows_NT
PROCESSOR_IDENTIFIER=Intel64 Family 6 Model 158 Stepping 9, GenuineIntel
TMP=C:\Users\ASUS\AppData\Local\Temp
TEMP=C:\Users\ASUS\AppData\Local\Temp



Periodic native trim disabled

JNI global refs:
JNI global refs: 16, weak refs: 0

JNI global refs memory usage: 843, weak refs: 841

Process memory usage:
Resident Set Size: 102912K (1% of 8269984K total physical memory with 438576K free physical memory)

OOME stack traces (most recent first):
Classloader memory used:
Loader bootstrap                                                                       : 2303K
Loader com.intellij.database.remote.jdbc.impl.JdbcClassLoader$JdbcClassLoaderImpl      : 323K
Loader jdk.internal.loader.ClassLoaders$AppClassLoader                                 : 193K
Loader jdk.internal.loader.ClassLoaders$PlatformClassLoader                            : 89761B
Loader jdk.internal.reflect.DelegatingClassLoader                                      : 9338B
Loader com.intellij.database.remote.jdbc.impl.JdbcClassLoader$1                        : 827B


---------------  S Y S T E M  ---------------

OS:
 Windows 10 , 64 bit Build 19041 (10.0.19041.2546)
OS uptime: 2 days 14:25 hours

CPU: total 4 (initial active 4) (4 cores per cpu, 1 threads per core) family 6 model 158 stepping 9 microcode 0xb4, cx8, cmov, fxsr, mmx, 3dnowpref, sse, sse2, sse3, ssse3, sse4.1, sse4.2, popcnt, lzcnt, tsc, tscinvbit, avx, avx2, aes, erms, clmul, bmi1, bmi2, adx, fma, vzeroupper, clflush, clflushopt
Processor Information for all 4 processors :
  Max Mhz: 2501, Current Mhz: 2501, Mhz Limit: 2501

Memory: 4k page, system-wide physical 8076M (428M free)
TotalPageFile size 16542M (AvailPageFile size 2M)
current process WorkingSet (physical memory assigned to process): 100M, peak: 100M
current process commit charge ("private bytes"): 233M, peak: 234M

vm_info: OpenJDK 64-Bit Server VM (17.0.11+1-b1207.24) for windows-amd64 JRE (17.0.11+1-b1207.24), built on 2024-05-15 by "builduser" with MS VC++ 16.10 / 16.11 (VS2019)

END.
