#
# There is insufficient memory for the Java Runtime Environment to continue.
# Native memory allocation (malloc) failed to allocate 115296 bytes. Error detail: Chunk::new
# Possible reasons:
#   The system is out of physical RAM or swap space
#   This process is running with CompressedOops enabled, and the Java Heap may be blocking the growth of the native heap
# Possible solutions:
#   Reduce memory load on the system
#   Increase physical memory or swap space
#   Check if swap backing store is full
#   Decrease Java heap size (-Xmx/-Xms)
#   Decrease number of Java threads
#   Decrease Java thread stack sizes (-Xss)
#   Set larger code cache with -XX:ReservedCodeCacheSize=
#   JVM is running with Unscaled Compressed Oops mode in which the Java heap is
#     placed in the first 4GB address space. The Java Heap base address is the
#     maximum limit for the native heap growth. Please use -XX:HeapBaseMinAddress
#     to set the Java Heap base and to place the Java Heap above 4GB virtual address.
# This output file may be truncated or incomplete.
#
#  Out of Memory Error (arena.cpp:150), pid=7996, tid=4200
#
# JRE version: OpenJDK Runtime Environment (22.0.2+9) (build 22.0.2+9-70)
# Java VM: OpenJDK 64-Bit Server VM (22.0.2+9-70, mixed mode, sharing, tiered, compressed oops, compressed class ptrs, g1 gc, windows-amd64)
# No core dump will be written. Minidumps are not enabled by default on client versions of Windows
#

---------------  S U M M A R Y ------------

Command Line: --add-opens=java.base/java.lang=ALL-UNNAMED --add-opens=java.base/java.lang.invoke=ALL-UNNAMED --add-opens=java.base/java.util=ALL-UNNAMED --add-opens=java.prefs/java.util.prefs=ALL-UNNAMED --add-exports=jdk.compiler/com.sun.tools.javac.api=ALL-UNNAMED --add-exports=jdk.compiler/com.sun.tools.javac.util=ALL-UNNAMED --add-opens=java.base/java.util=ALL-UNNAMED --add-opens=java.prefs/java.util.prefs=ALL-UNNAMED --add-opens=java.base/java.nio.charset=ALL-UNNAMED --add-opens=java.base/java.net=ALL-UNNAMED --add-opens=java.base/java.util.concurrent.atomic=ALL-UNNAMED --add-opens=java.xml/javax.xml.namespace=ALL-UNNAMED -XX:MaxMetaspaceSize=384m -XX:+HeapDumpOnOutOfMemoryError -Xms256m -Xmx512m -Dfile.encoding=windows-1252 -Duser.country=US -Duser.language=en -Duser.variant -javaagent:C:\Users\ASUS\.gradle\wrapper\dists\gradle-8.11.1-bin\bpt9gzteqjrbo1mjrsomdt32c\gradle-8.11.1\lib\agents\gradle-instrumentation-agent-8.11.1.jar org.gradle.launcher.daemon.bootstrap.GradleDaemon 8.11.1

Host: Intel(R) Core(TM) i5-7300HQ CPU @ 2.50GHz, 4 cores, 7G,  Windows 10 , 64 bit Build 19041 (10.0.19041.2546)
Time: Mon Jan  6 22:04:34 2025 SE Asia Standard Time elapsed time: 76.729822 seconds (0d 0h 1m 16s)

---------------  T H R E A D  ---------------

Current thread (0x0000021575d35290):  JavaThread "C2 CompilerThread0" daemon [_thread_in_native, id=4200, stack(0x000000528f000000,0x000000528f100000) (1024K)]


Current CompileTask:
C2:76729 10524       4       org.gradle.internal.logging.text.AbstractLineChoppingStyledTextOutput$1::execute (9 bytes)

Stack: [0x000000528f000000,0x000000528f100000]
Native frames: (J=compiled Java code, j=interpreted, Vv=VM code, C=native code)
V  [jvm.dll+0x6e26e9]  (no source info available)
V  [jvm.dll+0x875753]  (no source info available)
V  [jvm.dll+0x877b7e]  (no source info available)
V  [jvm.dll+0x878253]  (no source info available)
V  [jvm.dll+0x27fc86]  (no source info available)
V  [jvm.dll+0xc3d0f]  (no source info available)
V  [jvm.dll+0xc3f6b]  (no source info available)
V  [jvm.dll+0x3bb47c]  (no source info available)
V  [jvm.dll+0x387d4b]  (no source info available)
V  [jvm.dll+0x3871ba]  (no source info available)
V  [jvm.dll+0x2477f8]  (no source info available)
V  [jvm.dll+0x246e9f]  (no source info available)
V  [jvm.dll+0x1c4e80]  (no source info available)
V  [jvm.dll+0x2568f3]  (no source info available)
V  [jvm.dll+0x254baa]  (no source info available)
V  [jvm.dll+0x3f57a6]  (no source info available)
V  [jvm.dll+0x81dc0b]  (no source info available)
V  [jvm.dll+0x6e0d85]  (no source info available)
C  [ucrtbase.dll+0x21bb2]  (no source info available)
C  [KERNEL32.DLL+0x17614]  (no source info available)
C  [ntdll.dll+0x526a1]  (no source info available)


---------------  P R O C E S S  ---------------

Threads class SMR info:
_java_thread_list=0x000002151a00ee90, length=97, elements={
0x000002155bacebb0, 0x0000021575d2d6f0, 0x0000021575d2e300, 0x0000021575d305d0,
0x0000021575d31030, 0x0000021575d31a90, 0x0000021575d34500, 0x0000021575d35290,
0x0000021575d365b0, 0x0000021575cf8dc0, 0x000002151930ce70, 0x0000021519f913a0,
0x000002151a0644b0, 0x000002151ac56e60, 0x000002151ac584e0, 0x000002151ac6c7b0,
0x000002151ac739b0, 0x000002151a991270, 0x000002151a990be0, 0x000002151a98f1a0,
0x000002151a991f90, 0x000002151a98f830, 0x000002151a992620, 0x000002151a98fec0,
0x000002151a990550, 0x000002151c5fee60, 0x000002151c600f30, 0x000002151c6022e0,
0x000002151c5fdab0, 0x000002151c5fe7d0, 0x000002151c5ff4f0, 0x000002151c5fcd90,
0x000002151c5fd420, 0x000002151c602970, 0x000002151c5fc070, 0x000002151c603000,
0x000002151c5fe140, 0x000002151c603690, 0x000002151c5fc700, 0x000002151dd0d490,
0x000002151dd0a6a0, 0x000002151dd0a010, 0x000002151dd0ad30, 0x000002151dd0ce00,
0x000002151dd0b3c0, 0x000002151dd0ba50, 0x000002151dd0c0e0, 0x000002151e0395c0,
0x000002151e03bd20, 0x000002151e0374f0, 0x000002151e035ab0, 0x000002151e038f30,
0x000002151e036140, 0x000002151e034d90, 0x000002151e03b690, 0x000002151e039c50,
0x000002151e03c3b0, 0x000002151e03a2e0, 0x000002151e0367d0, 0x000002151e03a970,
0x000002151e037b80, 0x000002151e035420, 0x000002151e038210, 0x000002151e036e60,
0x000002151e0388a0, 0x000002151e03b000, 0x000002151d78d660, 0x000002151d788e30,
0x000002151d78cfd0, 0x000002151d7887a0, 0x000002151d7873f0, 0x000002151d78c940,
0x000002151d787a80, 0x000002151d788110, 0x000002151d7894c0, 0x000002151d789b50,
0x000002151d78a1e0, 0x000002151d78dcf0, 0x000002151d78c2b0, 0x000002151d786d60,
0x000002151d78a870, 0x000002151d78af00, 0x000002151d78e380, 0x000002151d78b590,
0x000002151d78bc20, 0x000002151955b820, 0x000002151955d8f0, 0x000002151955beb0,
0x000002151955cbd0, 0x000002151955df80, 0x000002151955e610, 0x000002151955c540,
0x000002151955eca0, 0x000002151d5f3080, 0x000002151d5f4ac0, 0x000002151d5f5150,
0x000002151d5f57e0
}

Java Threads: ( => current thread )
  0x000002155bacebb0 JavaThread "main"                              [_thread_blocked, id=3936, stack(0x000000528e200000,0x000000528e300000) (1024K)]
  0x0000021575d2d6f0 JavaThread "Reference Handler"          daemon [_thread_blocked, id=11296, stack(0x000000528ea00000,0x000000528eb00000) (1024K)]
  0x0000021575d2e300 JavaThread "Finalizer"                  daemon [_thread_blocked, id=9684, stack(0x000000528eb00000,0x000000528ec00000) (1024K)]
  0x0000021575d305d0 JavaThread "Signal Dispatcher"          daemon [_thread_blocked, id=5064, stack(0x000000528ec00000,0x000000528ed00000) (1024K)]
  0x0000021575d31030 JavaThread "Attach Listener"            daemon [_thread_blocked, id=13020, stack(0x000000528ed00000,0x000000528ee00000) (1024K)]
  0x0000021575d31a90 JavaThread "Service Thread"             daemon [_thread_blocked, id=616, stack(0x000000528ee00000,0x000000528ef00000) (1024K)]
  0x0000021575d34500 JavaThread "Monitor Deflation Thread"   daemon [_thread_blocked, id=14416, stack(0x000000528ef00000,0x000000528f000000) (1024K)]
=>0x0000021575d35290 JavaThread "C2 CompilerThread0"         daemon [_thread_in_native, id=4200, stack(0x000000528f000000,0x000000528f100000) (1024K)]
  0x0000021575d365b0 JavaThread "C1 CompilerThread0"         daemon [_thread_in_native, id=15008, stack(0x000000528f100000,0x000000528f200000) (1024K)]
  0x0000021575cf8dc0 JavaThread "Common-Cleaner"             daemon [_thread_blocked, id=5932, stack(0x000000528f200000,0x000000528f300000) (1024K)]
  0x000002151930ce70 JavaThread "Notification Thread"        daemon [_thread_blocked, id=2464, stack(0x000000528f300000,0x000000528f400000) (1024K)]
  0x0000021519f913a0 JavaThread "Daemon health stats"               [_thread_blocked, id=1752, stack(0x000000528f700000,0x000000528f800000) (1024K)]
  0x000002151a0644b0 JavaThread "Incoming local TCP Connector on port 50498"        [_thread_in_native, id=4328, stack(0x000000528f800000,0x000000528f900000) (1024K)]
  0x000002151ac56e60 JavaThread "Daemon periodic checks"            [_thread_blocked, id=13276, stack(0x000000528f900000,0x000000528fa00000) (1024K)]
  0x000002151ac584e0 JavaThread "Daemon"                            [_thread_blocked, id=11424, stack(0x000000528fa00000,0x000000528fb00000) (1024K)]
  0x000002151ac6c7b0 JavaThread "Handler for socket connection from /127.0.0.1:50498 to /127.0.0.1:50500"        [_thread_in_native, id=14268, stack(0x000000528fb00000,0x000000528fc00000) (1024K)]
  0x000002151ac739b0 JavaThread "Cancel handler"                    [_thread_blocked, id=14256, stack(0x000000528fc00000,0x000000528fd00000) (1024K)]
  0x000002151a991270 JavaThread "Daemon worker"                     [_thread_blocked, id=11260, stack(0x000000528fd00000,0x000000528fe00000) (1024K)]
  0x000002151a990be0 JavaThread "Asynchronous log dispatcher for DefaultDaemonConnection: socket connection from /127.0.0.1:50498 to /127.0.0.1:50500"        [_thread_blocked, id=15724, stack(0x000000528fe00000,0x000000528ff00000) (1024K)]
  0x000002151a98f1a0 JavaThread "Stdin handler"                     [_thread_blocked, id=15880, stack(0x000000528ff00000,0x0000005290000000) (1024K)]
  0x000002151a991f90 JavaThread "Daemon client event forwarder"        [_thread_blocked, id=8456, stack(0x0000005290000000,0x0000005290100000) (1024K)]
  0x000002151a98f830 JavaThread "Cache worker for journal cache (C:\Users\ASUS\.gradle\caches\journal-1)"        [_thread_blocked, id=1176, stack(0x0000005290100000,0x0000005290200000) (1024K)]
  0x000002151a992620 JavaThread "File lock request listener"        [_thread_in_native, id=8512, stack(0x0000005290200000,0x0000005290300000) (1024K)]
  0x000002151a98fec0 JavaThread "File lock release action executor"        [_thread_blocked, id=14680, stack(0x0000005290300000,0x0000005290400000) (1024K)]
  0x000002151a990550 JavaThread "Cache worker for file hash cache (C:\Users\ASUS\.gradle\caches\8.11.1\fileHashes)"        [_thread_blocked, id=14176, stack(0x0000005290400000,0x0000005290500000) (1024K)]
  0x000002151c5fee60 JavaThread "Cache worker for file content cache (C:\Users\ASUS\.gradle\caches\8.11.1\fileContent)"        [_thread_blocked, id=14448, stack(0x0000005290500000,0x0000005290600000) (1024K)]
  0x000002151c600f30 JavaThread "Cache worker for file hash cache (D:\codegym\case_module_4\case-study\case-study\case-study\.gradle\8.11.1\fileHashes)"        [_thread_blocked, id=3180, stack(0x0000005290600000,0x0000005290700000) (1024K)]
  0x000002151c6022e0 JavaThread "Cache worker for Build Output Cleanup Cache (D:\codegym\case_module_4\case-study\case-study\case-study\.gradle\buildOutputCleanup)"        [_thread_blocked, id=5452, stack(0x0000005290700000,0x0000005290800000) (1024K)]
  0x000002151c5fdab0 JavaThread "File watcher server"        daemon [_thread_in_native, id=6960, stack(0x0000005290800000,0x0000005290900000) (1024K)]
  0x000002151c5fe7d0 JavaThread "File watcher consumer"      daemon [_thread_blocked, id=13160, stack(0x0000005290900000,0x0000005290a00000) (1024K)]
  0x000002151c5ff4f0 JavaThread "Cache worker for checksums cache (D:\codegym\case_module_4\case-study\case-study\case-study\.gradle\8.11.1\checksums)"        [_thread_blocked, id=14524, stack(0x0000005290a00000,0x0000005290b00000) (1024K)]
  0x000002151c5fcd90 JavaThread "Cache worker for cache directory md-rule (C:\Users\ASUS\.gradle\caches\8.11.1\md-rule)"        [_thread_blocked, id=14796, stack(0x0000005290b00000,0x0000005290c00000) (1024K)]
  0x000002151c5fd420 JavaThread "Cache worker for cache directory md-supplier (C:\Users\ASUS\.gradle\caches\8.11.1\md-supplier)"        [_thread_blocked, id=9020, stack(0x0000005290c00000,0x0000005290d00000) (1024K)]
  0x000002151c602970 JavaThread "jar transforms"                    [_thread_blocked, id=11432, stack(0x0000005290d00000,0x0000005290e00000) (1024K)]
  0x000002151c5fc070 JavaThread "jar transforms Thread 2"           [_thread_blocked, id=1508, stack(0x0000005290e00000,0x0000005290f00000) (1024K)]
  0x000002151c603000 JavaThread "jar transforms Thread 3"           [_thread_blocked, id=7348, stack(0x0000005290f00000,0x0000005291000000) (1024K)]
  0x000002151c5fe140 JavaThread "jar transforms Thread 4"           [_thread_blocked, id=1144, stack(0x0000005291000000,0x0000005291100000) (1024K)]
  0x000002151c603690 JavaThread "Unconstrained build operations"        [_thread_blocked, id=16048, stack(0x0000005291100000,0x0000005291200000) (1024K)]
  0x000002151c5fc700 JavaThread "Unconstrained build operations Thread 2"        [_thread_blocked, id=14288, stack(0x0000005291200000,0x0000005291300000) (1024K)]
  0x000002151dd0d490 JavaThread "Unconstrained build operations Thread 3"        [_thread_blocked, id=14540, stack(0x0000005291300000,0x0000005291400000) (1024K)]
  0x000002151dd0a6a0 JavaThread "Unconstrained build operations Thread 4"        [_thread_blocked, id=15672, stack(0x0000005291400000,0x0000005291500000) (1024K)]
  0x000002151dd0a010 JavaThread "Unconstrained build operations Thread 5"        [_thread_blocked, id=15420, stack(0x0000005291500000,0x0000005291600000) (1024K)]
  0x000002151dd0ad30 JavaThread "Unconstrained build operations Thread 6"        [_thread_blocked, id=14276, stack(0x0000005291600000,0x0000005291700000) (1024K)]
  0x000002151dd0ce00 JavaThread "Unconstrained build operations Thread 7"        [_thread_blocked, id=14388, stack(0x0000005291700000,0x0000005291800000) (1024K)]
  0x000002151dd0b3c0 JavaThread "Unconstrained build operations Thread 8"        [_thread_blocked, id=8224, stack(0x0000005291800000,0x0000005291900000) (1024K)]
  0x000002151dd0ba50 JavaThread "Unconstrained build operations Thread 9"        [_thread_blocked, id=12648, stack(0x0000005291900000,0x0000005291a00000) (1024K)]
  0x000002151dd0c0e0 JavaThread "Memory manager"                    [_thread_blocked, id=6696, stack(0x0000005291a00000,0x0000005291b00000) (1024K)]
  0x000002151e0395c0 JavaThread "ForkJoinPool.commonPool-worker-1" daemon [_thread_blocked, id=7280, stack(0x0000005291c00000,0x0000005291d00000) (1024K)]
  0x000002151e03bd20 JavaThread "ForkJoinPool.commonPool-worker-2" daemon [_thread_blocked, id=2888, stack(0x0000005291d00000,0x0000005291e00000) (1024K)]
  0x000002151e0374f0 JavaThread "ForkJoinPool.commonPool-worker-3" daemon [_thread_blocked, id=8780, stack(0x0000005291e00000,0x0000005291f00000) (1024K)]
  0x000002151e035ab0 JavaThread "Exec process"                      [_thread_in_native, id=2924, stack(0x0000005291b00000,0x0000005291c00000) (1024K)]
  0x000002151e038f30 JavaThread "Exec process Thread 2"             [_thread_in_native, id=11960, stack(0x0000005291f00000,0x0000005292000000) (1024K)]
  0x000002151e036140 JavaThread "Exec process Thread 3"             [_thread_blocked, id=15748, stack(0x0000005292000000,0x0000005292100000) (1024K)]
  0x000002151e034d90 JavaThread "Unconstrained build operations Thread 10"        [_thread_blocked, id=13620, stack(0x0000005292100000,0x0000005292200000) (1024K)]
  0x000002151e03b690 JavaThread "Unconstrained build operations Thread 11"        [_thread_blocked, id=15860, stack(0x0000005292200000,0x0000005292300000) (1024K)]
  0x000002151e039c50 JavaThread "Unconstrained build operations Thread 12"        [_thread_blocked, id=15780, stack(0x0000005292300000,0x0000005292400000) (1024K)]
  0x000002151e03c3b0 JavaThread "Unconstrained build operations Thread 13"        [_thread_blocked, id=6928, stack(0x0000005292400000,0x0000005292500000) (1024K)]
  0x000002151e03a2e0 JavaThread "Unconstrained build operations Thread 14"        [_thread_blocked, id=12528, stack(0x0000005292500000,0x0000005292600000) (1024K)]
  0x000002151e0367d0 JavaThread "Unconstrained build operations Thread 15"        [_thread_blocked, id=4052, stack(0x0000005292600000,0x0000005292700000) (1024K)]
  0x000002151e03a970 JavaThread "Unconstrained build operations Thread 16"        [_thread_blocked, id=9568, stack(0x0000005292700000,0x0000005292800000) (1024K)]
  0x000002151e037b80 JavaThread "Unconstrained build operations Thread 17"        [_thread_blocked, id=2560, stack(0x0000005292800000,0x0000005292900000) (1024K)]
  0x000002151e035420 JavaThread "Unconstrained build operations Thread 18"        [_thread_blocked, id=1136, stack(0x0000005292900000,0x0000005292a00000) (1024K)]
  0x000002151e038210 JavaThread "Unconstrained build operations Thread 19"        [_thread_blocked, id=14372, stack(0x0000005292a00000,0x0000005292b00000) (1024K)]
  0x000002151e036e60 JavaThread "Unconstrained build operations Thread 20"        [_thread_blocked, id=12680, stack(0x0000005292b00000,0x0000005292c00000) (1024K)]
  0x000002151e0388a0 JavaThread "Unconstrained build operations Thread 21"        [_thread_blocked, id=13320, stack(0x0000005292c00000,0x0000005292d00000) (1024K)]
  0x000002151e03b000 JavaThread "Unconstrained build operations Thread 22"        [_thread_blocked, id=2596, stack(0x0000005292d00000,0x0000005292e00000) (1024K)]
  0x000002151d78d660 JavaThread "Unconstrained build operations Thread 23"        [_thread_blocked, id=14600, stack(0x0000005292e00000,0x0000005292f00000) (1024K)]
  0x000002151d788e30 JavaThread "Unconstrained build operations Thread 24"        [_thread_blocked, id=14596, stack(0x0000005292f00000,0x0000005293000000) (1024K)]
  0x000002151d78cfd0 JavaThread "Unconstrained build operations Thread 25"        [_thread_blocked, id=12416, stack(0x0000005293000000,0x0000005293100000) (1024K)]
  0x000002151d7887a0 JavaThread "Unconstrained build operations Thread 26"        [_thread_blocked, id=13628, stack(0x0000005293100000,0x0000005293200000) (1024K)]
  0x000002151d7873f0 JavaThread "Unconstrained build operations Thread 27"        [_thread_blocked, id=15232, stack(0x0000005293200000,0x0000005293300000) (1024K)]
  0x000002151d78c940 JavaThread "Unconstrained build operations Thread 28"        [_thread_blocked, id=15240, stack(0x0000005293300000,0x0000005293400000) (1024K)]
  0x000002151d787a80 JavaThread "Unconstrained build operations Thread 29"        [_thread_blocked, id=12644, stack(0x0000005293400000,0x0000005293500000) (1024K)]
  0x000002151d788110 JavaThread "Unconstrained build operations Thread 30"        [_thread_blocked, id=6596, stack(0x0000005293500000,0x0000005293600000) (1024K)]
  0x000002151d7894c0 JavaThread "Unconstrained build operations Thread 31"        [_thread_blocked, id=13612, stack(0x0000005293600000,0x0000005293700000) (1024K)]
  0x000002151d789b50 JavaThread "Unconstrained build operations Thread 32"        [_thread_blocked, id=5808, stack(0x0000005293700000,0x0000005293800000) (1024K)]
  0x000002151d78a1e0 JavaThread "Unconstrained build operations Thread 33"        [_thread_blocked, id=16000, stack(0x0000005293800000,0x0000005293900000) (1024K)]
  0x000002151d78dcf0 JavaThread "Unconstrained build operations Thread 34"        [_thread_blocked, id=15416, stack(0x0000005293900000,0x0000005293a00000) (1024K)]
  0x000002151d78c2b0 JavaThread "Unconstrained build operations Thread 35"        [_thread_blocked, id=12636, stack(0x0000005293a00000,0x0000005293b00000) (1024K)]
  0x000002151d786d60 JavaThread "Unconstrained build operations Thread 36"        [_thread_blocked, id=12664, stack(0x0000005293b00000,0x0000005293c00000) (1024K)]
  0x000002151d78a870 JavaThread "Unconstrained build operations Thread 37"        [_thread_blocked, id=13096, stack(0x0000005293c00000,0x0000005293d00000) (1024K)]
  0x000002151d78af00 JavaThread "Unconstrained build operations Thread 38"        [_thread_blocked, id=9464, stack(0x0000005293d00000,0x0000005293e00000) (1024K)]
  0x000002151d78e380 JavaThread "Unconstrained build operations Thread 39"        [_thread_blocked, id=2416, stack(0x0000005293e00000,0x0000005293f00000) (1024K)]
  0x000002151d78b590 JavaThread "Unconstrained build operations Thread 40"        [_thread_blocked, id=11876, stack(0x0000005293f00000,0x0000005294000000) (1024K)]
  0x000002151d78bc20 JavaThread "included builds"                   [_thread_blocked, id=864, stack(0x0000005294100000,0x0000005294200000) (1024K)]
  0x000002151955b820 JavaThread "Execution worker"                  [_thread_blocked, id=12380, stack(0x0000005294200000,0x0000005294300000) (1024K)]
  0x000002151955d8f0 JavaThread "Execution worker Thread 2"         [_thread_blocked, id=15764, stack(0x0000005294300000,0x0000005294400000) (1024K)]
  0x000002151955beb0 JavaThread "Execution worker Thread 3"         [_thread_blocked, id=11192, stack(0x0000005294400000,0x0000005294500000) (1024K)]
  0x000002151955cbd0 JavaThread "Cache worker for execution history cache (D:\codegym\case_module_4\case-study\case-study\case-study\.gradle\8.11.1\executionHistory)"        [_thread_blocked, id=15364, stack(0x0000005294500000,0x0000005294600000) (1024K)]
  0x000002151955df80 JavaThread "Cache worker for Java compile cache (C:\Users\ASUS\.gradle\caches\8.11.1\javaCompile)"        [_thread_blocked, id=11852, stack(0x0000005294000000,0x0000005294100000) (1024K)]
  0x000002151955e610 JavaThread "Incoming local TCP Connector on port 50623"        [_thread_blocked, id=12300, stack(0x0000005294600000,0x0000005294700000) (1024K)]
  0x000002151955c540 JavaThread "Exec process Thread 4"             [_thread_in_native, id=7412, stack(0x0000005294800000,0x0000005294900000) (1024K)]
  0x000002151955eca0 JavaThread "/127.0.0.1:50623 to /127.0.0.1:50627 workers"        [_thread_blocked, id=14612, stack(0x000000528e000000,0x000000528e100000) (1024K)]
  0x000002151d5f3080 JavaThread "/127.0.0.1:50623 to /127.0.0.1:50627 workers Thread 2"        [_thread_blocked, id=4620, stack(0x000000528e100000,0x000000528e200000) (1024K)]
  0x000002151d5f4ac0 JavaThread "/127.0.0.1:50623 to /127.0.0.1:50627 workers Thread 3"        [_thread_blocked, id=14860, stack(0x0000005294700000,0x0000005294800000) (1024K)]
  0x000002151d5f5150 JavaThread "/127.0.0.1:50623 to /127.0.0.1:50627 workers Thread 4"        [_thread_blocked, id=15588, stack(0x0000005294900000,0x0000005294a00000) (1024K)]
  0x000002151d5f57e0 JavaThread "/127.0.0.1:50623 to /127.0.0.1:50627 workers Thread 5"        [_thread_in_vm, id=10804, stack(0x0000005294a00000,0x0000005294b00000) (1024K)]
Total: 97

Other Threads:
  0x0000021575d0ff80 VMThread "VM Thread"                           [id=4160, stack(0x000000528e900000,0x000000528ea00000) (1024K)]
  0x0000021575cf8050 WatcherThread "VM Periodic Task Thread"        [id=12008, stack(0x000000528e800000,0x000000528e900000) (1024K)]
  0x000002155baf8760 WorkerThread "GC Thread#0"                     [id=3784, stack(0x000000528e300000,0x000000528e400000) (1024K)]
  0x00000215193e5b10 WorkerThread "GC Thread#1"                     [id=11496, stack(0x000000528f400000,0x000000528f500000) (1024K)]
  0x00000215193e5ec0 WorkerThread "GC Thread#2"                     [id=12808, stack(0x000000528f500000,0x000000528f600000) (1024K)]
  0x000002151940e5d0 WorkerThread "GC Thread#3"                     [id=15460, stack(0x000000528f600000,0x000000528f700000) (1024K)]
  0x000002155bafd500 ConcurrentGCThread "G1 Main Marker"            [id=1660, stack(0x000000528e400000,0x000000528e500000) (1024K)]
  0x000002155bafddc0 WorkerThread "G1 Conc#0"                       [id=12508, stack(0x000000528e500000,0x000000528e600000) (1024K)]
  0x000002155bb9e9b0 ConcurrentGCThread "G1 Refine#0"               [id=15108, stack(0x000000528e600000,0x000000528e700000) (1024K)]
  0x0000021575bce730 ConcurrentGCThread "G1 Service"                [id=10560, stack(0x000000528e700000,0x000000528e800000) (1024K)]
Total: 10

Threads with active compile tasks:
C2 CompilerThread0  76802 10524       4       org.gradle.internal.logging.text.AbstractLineChoppingStyledTextOutput$1::execute (9 bytes)
C1 CompilerThread0  76802 10531       3       org.gradle.internal.vfs.impl.AbstractVirtualFileSystem::updateRootUnderLock (12 bytes)
Total: 2

VM state: not at safepoint (normal execution)

VM Mutex/Monitor currently owned by a thread: None

Heap address: 0x00000000e0000000, size: 512 MB, Compressed Oops mode: 32-bit

CDS archive(s) mapped at: [0x0000021500000000-0x0000021500c60000-0x0000021500c60000), size 12976128, SharedBaseAddress: 0x0000021500000000, ArchiveRelocationMode: 1.
Compressed class space mapped at: 0x0000021501000000-0x0000021515000000, reserved size: 335544320
Narrow klass base: 0x0000021500000000, Narrow klass shift: 0, Narrow klass range: 0x15000000

GC Precious Log:
 CardTable entry size: 512
 Card Set container configuration: InlinePtr #cards 5 size 8 Array Of Cards #cards 12 size 40 Howl #buckets 4 coarsen threshold 1843 Howl Bitmap #cards 512 size 80 coarsen threshold 460 Card regions per heap region 1 cards per card region 2048
 CPUs: 4 total, 4 available
 Memory: 8076M
 Large Page Support: Disabled
 NUMA Support: Disabled
 Compressed Oops: Enabled (32-bit)
 Heap Region Size: 1M
 Heap Min Capacity: 256M
 Heap Initial Capacity: 256M
 Heap Max Capacity: 512M
 Pre-touch: Disabled
 Parallel Workers: 4
 Concurrent Workers: 1
 Concurrent Refinement Workers: 4
 Periodic GC: Disabled

Heap:
 garbage-first heap   total reserved 524288K, committed 262144K, used 119051K [0x00000000e0000000, 0x0000000100000000)
  region size 1024K, 71 young (72704K), 7 survivors (7168K)
 Metaspace       used 61729K, committed 63936K, reserved 393216K
  class space    used 9016K, committed 10112K, reserved 327680K

Heap Regions: E=young(eden), S=young(survivor), O=old, HS=humongous(starts), HC=humongous(continues), CS=collection set, F=free, TAMS=top-at-mark-start, PB=parsable bottom
|   0|0x00000000e0000000, 0x00000000e0100000, 0x00000000e0100000|100%|HS|  |TAMS 0x00000000e0000000| PB 0x00000000e0000000| Complete |  0
|   1|0x00000000e0100000, 0x00000000e0200000, 0x00000000e0200000|100%|HC|  |TAMS 0x00000000e0100000| PB 0x00000000e0100000| Complete |  0
|   2|0x00000000e0200000, 0x00000000e0300000, 0x00000000e0300000|100%|HC|  |TAMS 0x00000000e0200000| PB 0x00000000e0200000| Complete |  0
|   3|0x00000000e0300000, 0x00000000e0400000, 0x00000000e0400000|100%| O|  |TAMS 0x00000000e0300000| PB 0x00000000e0300000| Untracked |  0
|   4|0x00000000e0400000, 0x00000000e0500000, 0x00000000e0500000|100%| O|  |TAMS 0x00000000e0400000| PB 0x00000000e0400000| Untracked |  0
|   5|0x00000000e0500000, 0x00000000e0600000, 0x00000000e0600000|100%| O|  |TAMS 0x00000000e0500000| PB 0x00000000e0500000| Untracked |  0
|   6|0x00000000e0600000, 0x00000000e0700000, 0x00000000e0700000|100%| O|  |TAMS 0x00000000e0600000| PB 0x00000000e0600000| Untracked |  0
|   7|0x00000000e0700000, 0x00000000e0800000, 0x00000000e0800000|100%|HS|  |TAMS 0x00000000e0700000| PB 0x00000000e0700000| Complete |  0
|   8|0x00000000e0800000, 0x00000000e0900000, 0x00000000e0900000|100%| O|  |TAMS 0x00000000e0800000| PB 0x00000000e0800000| Untracked |  0
|   9|0x00000000e0900000, 0x00000000e0a00000, 0x00000000e0a00000|100%| O|  |TAMS 0x00000000e0900000| PB 0x00000000e0900000| Untracked |  0
|  10|0x00000000e0a00000, 0x00000000e0b00000, 0x00000000e0b00000|100%| O|  |TAMS 0x00000000e0a00000| PB 0x00000000e0a00000| Untracked |  0
|  11|0x00000000e0b00000, 0x00000000e0c00000, 0x00000000e0c00000|100%| O|  |TAMS 0x00000000e0b00000| PB 0x00000000e0b00000| Untracked |  0
|  12|0x00000000e0c00000, 0x00000000e0d00000, 0x00000000e0d00000|100%| O|  |TAMS 0x00000000e0c00000| PB 0x00000000e0c00000| Untracked |  0
|  13|0x00000000e0d00000, 0x00000000e0e00000, 0x00000000e0e00000|100%| O|  |TAMS 0x00000000e0d00000| PB 0x00000000e0d00000| Untracked |  0
|  14|0x00000000e0e00000, 0x00000000e0f00000, 0x00000000e0f00000|100%| O|  |TAMS 0x00000000e0e00000| PB 0x00000000e0e00000| Untracked |  0
|  15|0x00000000e0f00000, 0x00000000e1000000, 0x00000000e1000000|100%| O|  |TAMS 0x00000000e0f00000| PB 0x00000000e0f00000| Untracked |  0
|  16|0x00000000e1000000, 0x00000000e1100000, 0x00000000e1100000|100%| O|  |TAMS 0x00000000e1000000| PB 0x00000000e1000000| Untracked |  0
|  17|0x00000000e1100000, 0x00000000e1200000, 0x00000000e1200000|100%| O|  |TAMS 0x00000000e1100000| PB 0x00000000e1100000| Untracked |  0
|  18|0x00000000e1200000, 0x00000000e1300000, 0x00000000e1300000|100%| O|  |TAMS 0x00000000e1200000| PB 0x00000000e1200000| Untracked |  0
|  19|0x00000000e1300000, 0x00000000e1400000, 0x00000000e1400000|100%| O|  |TAMS 0x00000000e1300000| PB 0x00000000e1300000| Untracked |  0
|  20|0x00000000e1400000, 0x00000000e1500000, 0x00000000e1500000|100%| O|  |TAMS 0x00000000e1400000| PB 0x00000000e1400000| Untracked |  0
|  21|0x00000000e1500000, 0x00000000e1600000, 0x00000000e1600000|100%| O|  |TAMS 0x00000000e1500000| PB 0x00000000e1500000| Untracked |  0
|  22|0x00000000e1600000, 0x00000000e1700000, 0x00000000e1700000|100%| O|  |TAMS 0x00000000e1600000| PB 0x00000000e1600000| Untracked |  0
|  23|0x00000000e1700000, 0x00000000e1800000, 0x00000000e1800000|100%| O|  |TAMS 0x00000000e1700000| PB 0x00000000e1700000| Untracked |  0
|  24|0x00000000e1800000, 0x00000000e1900000, 0x00000000e1900000|100%| O|  |TAMS 0x00000000e1800000| PB 0x00000000e1800000| Untracked |  0
|  25|0x00000000e1900000, 0x00000000e1a00000, 0x00000000e1a00000|100%| O|  |TAMS 0x00000000e1900000| PB 0x00000000e1900000| Untracked |  0
|  26|0x00000000e1a00000, 0x00000000e1b00000, 0x00000000e1b00000|100%| O|  |TAMS 0x00000000e1a00000| PB 0x00000000e1a00000| Untracked |  0
|  27|0x00000000e1b00000, 0x00000000e1c00000, 0x00000000e1c00000|100%| O|  |TAMS 0x00000000e1b00000| PB 0x00000000e1b00000| Untracked |  0
|  28|0x00000000e1c00000, 0x00000000e1d00000, 0x00000000e1d00000|100%| O|  |TAMS 0x00000000e1c00000| PB 0x00000000e1c00000| Untracked |  0
|  29|0x00000000e1d00000, 0x00000000e1e00000, 0x00000000e1e00000|100%| O|Cm|TAMS 0x00000000e1d00000| PB 0x00000000e1d00000| Complete |  0
|  30|0x00000000e1e00000, 0x00000000e1f00000, 0x00000000e1f00000|100%| O|  |TAMS 0x00000000e1e00000| PB 0x00000000e1e00000| Untracked |  0
|  31|0x00000000e1f00000, 0x00000000e2000000, 0x00000000e2000000|100%| O|  |TAMS 0x00000000e1f00000| PB 0x00000000e1f00000| Untracked |  0
|  32|0x00000000e2000000, 0x00000000e2100000, 0x00000000e2100000|100%| O|  |TAMS 0x00000000e2000000| PB 0x00000000e2000000| Untracked |  0
|  33|0x00000000e2100000, 0x00000000e2200000, 0x00000000e2200000|100%| O|  |TAMS 0x00000000e2100000| PB 0x00000000e2100000| Untracked |  0
|  34|0x00000000e2200000, 0x00000000e2300000, 0x00000000e2300000|100%| O|  |TAMS 0x00000000e2200000| PB 0x00000000e2200000| Untracked |  0
|  35|0x00000000e2300000, 0x00000000e2400000, 0x00000000e2400000|100%| O|  |TAMS 0x00000000e2300000| PB 0x00000000e2300000| Untracked |  0
|  36|0x00000000e2400000, 0x00000000e2500000, 0x00000000e2500000|100%| O|  |TAMS 0x00000000e2400000| PB 0x00000000e2400000| Untracked |  0
|  37|0x00000000e2500000, 0x00000000e2600000, 0x00000000e2600000|100%| O|  |TAMS 0x00000000e2500000| PB 0x00000000e2500000| Untracked |  0
|  38|0x00000000e2600000, 0x00000000e2700000, 0x00000000e2700000|100%| O|  |TAMS 0x00000000e2600000| PB 0x00000000e2600000| Untracked |  0
|  39|0x00000000e2700000, 0x00000000e2800000, 0x00000000e2800000|100%| O|  |TAMS 0x00000000e2700000| PB 0x00000000e2700000| Untracked |  0
|  40|0x00000000e2800000, 0x00000000e2900000, 0x00000000e2900000|100%| O|  |TAMS 0x00000000e2800000| PB 0x00000000e2800000| Untracked |  0
|  41|0x00000000e2900000, 0x00000000e2a00000, 0x00000000e2a00000|100%| O|  |TAMS 0x00000000e2900000| PB 0x00000000e2900000| Untracked |  0
|  42|0x00000000e2a00000, 0x00000000e2b00000, 0x00000000e2b00000|100%| O|  |TAMS 0x00000000e2a00000| PB 0x00000000e2a00000| Untracked |  0
|  43|0x00000000e2b00000, 0x00000000e2c00000, 0x00000000e2c00000|100%| O|  |TAMS 0x00000000e2b00000| PB 0x00000000e2b00000| Untracked |  0
|  44|0x00000000e2c00000, 0x00000000e2d00000, 0x00000000e2d00000|100%| O|  |TAMS 0x00000000e2c00000| PB 0x00000000e2c00000| Untracked |  0
|  45|0x00000000e2d00000, 0x00000000e2e00000, 0x00000000e2e00000|100%| O|  |TAMS 0x00000000e2d00000| PB 0x00000000e2d00000| Untracked |  0
|  46|0x00000000e2e00000, 0x00000000e2f00000, 0x00000000e2f00000|100%| O|  |TAMS 0x00000000e2e00000| PB 0x00000000e2e00000| Untracked |  0
|  47|0x00000000e2f00000, 0x00000000e2fc2ea8, 0x00000000e3000000| 76%| O|  |TAMS 0x00000000e2f00000| PB 0x00000000e2f00000| Untracked |  0
|  48|0x00000000e3000000, 0x00000000e3000000, 0x00000000e3100000|  0%| F|  |TAMS 0x00000000e3000000| PB 0x00000000e3000000| Untracked |  0
|  49|0x00000000e3100000, 0x00000000e3100000, 0x00000000e3200000|  0%| F|  |TAMS 0x00000000e3100000| PB 0x00000000e3100000| Untracked |  0
|  50|0x00000000e3200000, 0x00000000e3200000, 0x00000000e3300000|  0%| F|  |TAMS 0x00000000e3200000| PB 0x00000000e3200000| Untracked |  0
|  51|0x00000000e3300000, 0x00000000e3300000, 0x00000000e3400000|  0%| F|  |TAMS 0x00000000e3300000| PB 0x00000000e3300000| Untracked |  0
|  52|0x00000000e3400000, 0x00000000e3400000, 0x00000000e3500000|  0%| F|  |TAMS 0x00000000e3400000| PB 0x00000000e3400000| Untracked |  0
|  53|0x00000000e3500000, 0x00000000e3500000, 0x00000000e3600000|  0%| F|  |TAMS 0x00000000e3500000| PB 0x00000000e3500000| Untracked |  0
|  54|0x00000000e3600000, 0x00000000e3600000, 0x00000000e3700000|  0%| F|  |TAMS 0x00000000e3600000| PB 0x00000000e3600000| Untracked |  0
|  55|0x00000000e3700000, 0x00000000e3700000, 0x00000000e3800000|  0%| F|  |TAMS 0x00000000e3700000| PB 0x00000000e3700000| Untracked |  0
|  56|0x00000000e3800000, 0x00000000e3800000, 0x00000000e3900000|  0%| F|  |TAMS 0x00000000e3800000| PB 0x00000000e3800000| Untracked |  0
|  57|0x00000000e3900000, 0x00000000e3900000, 0x00000000e3a00000|  0%| F|  |TAMS 0x00000000e3900000| PB 0x00000000e3900000| Untracked |  0
|  58|0x00000000e3a00000, 0x00000000e3a00000, 0x00000000e3b00000|  0%| F|  |TAMS 0x00000000e3a00000| PB 0x00000000e3a00000| Untracked |  0
|  59|0x00000000e3b00000, 0x00000000e3b00000, 0x00000000e3c00000|  0%| F|  |TAMS 0x00000000e3b00000| PB 0x00000000e3b00000| Untracked |  0
|  60|0x00000000e3c00000, 0x00000000e3c00000, 0x00000000e3d00000|  0%| F|  |TAMS 0x00000000e3c00000| PB 0x00000000e3c00000| Untracked |  0
|  61|0x00000000e3d00000, 0x00000000e3d00000, 0x00000000e3e00000|  0%| F|  |TAMS 0x00000000e3d00000| PB 0x00000000e3d00000| Untracked |  0
|  62|0x00000000e3e00000, 0x00000000e3e00000, 0x00000000e3f00000|  0%| F|  |TAMS 0x00000000e3e00000| PB 0x00000000e3e00000| Untracked |  0
|  63|0x00000000e3f00000, 0x00000000e3f00000, 0x00000000e4000000|  0%| F|  |TAMS 0x00000000e3f00000| PB 0x00000000e3f00000| Untracked |  0
|  64|0x00000000e4000000, 0x00000000e4000000, 0x00000000e4100000|  0%| F|  |TAMS 0x00000000e4000000| PB 0x00000000e4000000| Untracked |  0
|  65|0x00000000e4100000, 0x00000000e4100000, 0x00000000e4200000|  0%| F|  |TAMS 0x00000000e4100000| PB 0x00000000e4100000| Untracked |  0
|  66|0x00000000e4200000, 0x00000000e4200000, 0x00000000e4300000|  0%| F|  |TAMS 0x00000000e4200000| PB 0x00000000e4200000| Untracked |  0
|  67|0x00000000e4300000, 0x00000000e4300000, 0x00000000e4400000|  0%| F|  |TAMS 0x00000000e4300000| PB 0x00000000e4300000| Untracked |  0
|  68|0x00000000e4400000, 0x00000000e4400000, 0x00000000e4500000|  0%| F|  |TAMS 0x00000000e4400000| PB 0x00000000e4400000| Untracked |  0
|  69|0x00000000e4500000, 0x00000000e4500000, 0x00000000e4600000|  0%| F|  |TAMS 0x00000000e4500000| PB 0x00000000e4500000| Untracked |  0
|  70|0x00000000e4600000, 0x00000000e4600000, 0x00000000e4700000|  0%| F|  |TAMS 0x00000000e4600000| PB 0x00000000e4600000| Untracked |  0
|  71|0x00000000e4700000, 0x00000000e4700000, 0x00000000e4800000|  0%| F|  |TAMS 0x00000000e4700000| PB 0x00000000e4700000| Untracked |  0
|  72|0x00000000e4800000, 0x00000000e4800000, 0x00000000e4900000|  0%| F|  |TAMS 0x00000000e4800000| PB 0x00000000e4800000| Untracked |  0
|  73|0x00000000e4900000, 0x00000000e4900000, 0x00000000e4a00000|  0%| F|  |TAMS 0x00000000e4900000| PB 0x00000000e4900000| Untracked |  0
|  74|0x00000000e4a00000, 0x00000000e4a00000, 0x00000000e4b00000|  0%| F|  |TAMS 0x00000000e4a00000| PB 0x00000000e4a00000| Untracked |  0
|  75|0x00000000e4b00000, 0x00000000e4b00000, 0x00000000e4c00000|  0%| F|  |TAMS 0x00000000e4b00000| PB 0x00000000e4b00000| Untracked |  0
|  76|0x00000000e4c00000, 0x00000000e4c00000, 0x00000000e4d00000|  0%| F|  |TAMS 0x00000000e4c00000| PB 0x00000000e4c00000| Untracked |  0
|  77|0x00000000e4d00000, 0x00000000e4d00000, 0x00000000e4e00000|  0%| F|  |TAMS 0x00000000e4d00000| PB 0x00000000e4d00000| Untracked |  0
|  78|0x00000000e4e00000, 0x00000000e4e00000, 0x00000000e4f00000|  0%| F|  |TAMS 0x00000000e4e00000| PB 0x00000000e4e00000| Untracked |  0
|  79|0x00000000e4f00000, 0x00000000e4f00000, 0x00000000e5000000|  0%| F|  |TAMS 0x00000000e4f00000| PB 0x00000000e4f00000| Untracked |  0
|  80|0x00000000e5000000, 0x00000000e5000000, 0x00000000e5100000|  0%| F|  |TAMS 0x00000000e5000000| PB 0x00000000e5000000| Untracked |  0
|  81|0x00000000e5100000, 0x00000000e5100000, 0x00000000e5200000|  0%| F|  |TAMS 0x00000000e5100000| PB 0x00000000e5100000| Untracked |  0
|  82|0x00000000e5200000, 0x00000000e5200000, 0x00000000e5300000|  0%| F|  |TAMS 0x00000000e5200000| PB 0x00000000e5200000| Untracked |  0
|  83|0x00000000e5300000, 0x00000000e5300000, 0x00000000e5400000|  0%| F|  |TAMS 0x00000000e5300000| PB 0x00000000e5300000| Untracked |  0
|  84|0x00000000e5400000, 0x00000000e5400000, 0x00000000e5500000|  0%| F|  |TAMS 0x00000000e5400000| PB 0x00000000e5400000| Untracked |  0
|  85|0x00000000e5500000, 0x00000000e5500000, 0x00000000e5600000|  0%| F|  |TAMS 0x00000000e5500000| PB 0x00000000e5500000| Untracked |  0
|  86|0x00000000e5600000, 0x00000000e5600000, 0x00000000e5700000|  0%| F|  |TAMS 0x00000000e5600000| PB 0x00000000e5600000| Untracked |  0
|  87|0x00000000e5700000, 0x00000000e5700000, 0x00000000e5800000|  0%| F|  |TAMS 0x00000000e5700000| PB 0x00000000e5700000| Untracked |  0
|  88|0x00000000e5800000, 0x00000000e5800000, 0x00000000e5900000|  0%| F|  |TAMS 0x00000000e5800000| PB 0x00000000e5800000| Untracked |  0
|  89|0x00000000e5900000, 0x00000000e5900000, 0x00000000e5a00000|  0%| F|  |TAMS 0x00000000e5900000| PB 0x00000000e5900000| Untracked |  0
|  90|0x00000000e5a00000, 0x00000000e5a00000, 0x00000000e5b00000|  0%| F|  |TAMS 0x00000000e5a00000| PB 0x00000000e5a00000| Untracked |  0
|  91|0x00000000e5b00000, 0x00000000e5b00000, 0x00000000e5c00000|  0%| F|  |TAMS 0x00000000e5b00000| PB 0x00000000e5b00000| Untracked |  0
|  92|0x00000000e5c00000, 0x00000000e5c00000, 0x00000000e5d00000|  0%| F|  |TAMS 0x00000000e5c00000| PB 0x00000000e5c00000| Untracked |  0
|  93|0x00000000e5d00000, 0x00000000e5d00000, 0x00000000e5e00000|  0%| F|  |TAMS 0x00000000e5d00000| PB 0x00000000e5d00000| Untracked |  0
|  94|0x00000000e5e00000, 0x00000000e5e00000, 0x00000000e5f00000|  0%| F|  |TAMS 0x00000000e5e00000| PB 0x00000000e5e00000| Untracked |  0
|  95|0x00000000e5f00000, 0x00000000e5f00000, 0x00000000e6000000|  0%| F|  |TAMS 0x00000000e5f00000| PB 0x00000000e5f00000| Untracked |  0
|  96|0x00000000e6000000, 0x00000000e6000000, 0x00000000e6100000|  0%| F|  |TAMS 0x00000000e6000000| PB 0x00000000e6000000| Untracked |  0
|  97|0x00000000e6100000, 0x00000000e6100000, 0x00000000e6200000|  0%| F|  |TAMS 0x00000000e6100000| PB 0x00000000e6100000| Untracked |  0
|  98|0x00000000e6200000, 0x00000000e6200000, 0x00000000e6300000|  0%| F|  |TAMS 0x00000000e6200000| PB 0x00000000e6200000| Untracked |  0
|  99|0x00000000e6300000, 0x00000000e6300000, 0x00000000e6400000|  0%| F|  |TAMS 0x00000000e6300000| PB 0x00000000e6300000| Untracked |  0
| 100|0x00000000e6400000, 0x00000000e6400000, 0x00000000e6500000|  0%| F|  |TAMS 0x00000000e6400000| PB 0x00000000e6400000| Untracked |  0
| 101|0x00000000e6500000, 0x00000000e6500000, 0x00000000e6600000|  0%| F|  |TAMS 0x00000000e6500000| PB 0x00000000e6500000| Untracked |  0
| 102|0x00000000e6600000, 0x00000000e6600000, 0x00000000e6700000|  0%| F|  |TAMS 0x00000000e6600000| PB 0x00000000e6600000| Untracked |  0
| 103|0x00000000e6700000, 0x00000000e6700000, 0x00000000e6800000|  0%| F|  |TAMS 0x00000000e6700000| PB 0x00000000e6700000| Untracked |  0
| 104|0x00000000e6800000, 0x00000000e6800000, 0x00000000e6900000|  0%| F|  |TAMS 0x00000000e6800000| PB 0x00000000e6800000| Untracked |  0
| 105|0x00000000e6900000, 0x00000000e6900000, 0x00000000e6a00000|  0%| F|  |TAMS 0x00000000e6900000| PB 0x00000000e6900000| Untracked |  0
| 106|0x00000000e6a00000, 0x00000000e6a00000, 0x00000000e6b00000|  0%| F|  |TAMS 0x00000000e6a00000| PB 0x00000000e6a00000| Untracked |  0
| 107|0x00000000e6b00000, 0x00000000e6b00000, 0x00000000e6c00000|  0%| F|  |TAMS 0x00000000e6b00000| PB 0x00000000e6b00000| Untracked |  0
| 108|0x00000000e6c00000, 0x00000000e6c00000, 0x00000000e6d00000|  0%| F|  |TAMS 0x00000000e6c00000| PB 0x00000000e6c00000| Untracked |  0
| 109|0x00000000e6d00000, 0x00000000e6d00000, 0x00000000e6e00000|  0%| F|  |TAMS 0x00000000e6d00000| PB 0x00000000e6d00000| Untracked |  0
| 110|0x00000000e6e00000, 0x00000000e6e00000, 0x00000000e6f00000|  0%| F|  |TAMS 0x00000000e6e00000| PB 0x00000000e6e00000| Untracked |  0
| 111|0x00000000e6f00000, 0x00000000e6f00000, 0x00000000e7000000|  0%| F|  |TAMS 0x00000000e6f00000| PB 0x00000000e6f00000| Untracked |  0
| 112|0x00000000e7000000, 0x00000000e7000000, 0x00000000e7100000|  0%| F|  |TAMS 0x00000000e7000000| PB 0x00000000e7000000| Untracked |  0
| 113|0x00000000e7100000, 0x00000000e7100000, 0x00000000e7200000|  0%| F|  |TAMS 0x00000000e7100000| PB 0x00000000e7100000| Untracked |  0
| 114|0x00000000e7200000, 0x00000000e7200000, 0x00000000e7300000|  0%| F|  |TAMS 0x00000000e7200000| PB 0x00000000e7200000| Untracked |  0
| 115|0x00000000e7300000, 0x00000000e7300000, 0x00000000e7400000|  0%| F|  |TAMS 0x00000000e7300000| PB 0x00000000e7300000| Untracked |  0
| 116|0x00000000e7400000, 0x00000000e7400000, 0x00000000e7500000|  0%| F|  |TAMS 0x00000000e7400000| PB 0x00000000e7400000| Untracked |  0
| 117|0x00000000e7500000, 0x00000000e7500000, 0x00000000e7600000|  0%| F|  |TAMS 0x00000000e7500000| PB 0x00000000e7500000| Untracked |  0
| 118|0x00000000e7600000, 0x00000000e7600000, 0x00000000e7700000|  0%| F|  |TAMS 0x00000000e7600000| PB 0x00000000e7600000| Untracked |  0
| 119|0x00000000e7700000, 0x00000000e7700000, 0x00000000e7800000|  0%| F|  |TAMS 0x00000000e7700000| PB 0x00000000e7700000| Untracked |  0
| 120|0x00000000e7800000, 0x00000000e7800000, 0x00000000e7900000|  0%| F|  |TAMS 0x00000000e7800000| PB 0x00000000e7800000| Untracked |  0
| 121|0x00000000e7900000, 0x00000000e7900000, 0x00000000e7a00000|  0%| F|  |TAMS 0x00000000e7900000| PB 0x00000000e7900000| Untracked |  0
| 122|0x00000000e7a00000, 0x00000000e7a00000, 0x00000000e7b00000|  0%| F|  |TAMS 0x00000000e7a00000| PB 0x00000000e7a00000| Untracked |  0
| 123|0x00000000e7b00000, 0x00000000e7b00000, 0x00000000e7c00000|  0%| F|  |TAMS 0x00000000e7b00000| PB 0x00000000e7b00000| Untracked |  0
| 124|0x00000000e7c00000, 0x00000000e7c00000, 0x00000000e7d00000|  0%| F|  |TAMS 0x00000000e7c00000| PB 0x00000000e7c00000| Untracked |  0
| 125|0x00000000e7d00000, 0x00000000e7d00000, 0x00000000e7e00000|  0%| F|  |TAMS 0x00000000e7d00000| PB 0x00000000e7d00000| Untracked |  0
| 126|0x00000000e7e00000, 0x00000000e7e00000, 0x00000000e7f00000|  0%| F|  |TAMS 0x00000000e7e00000| PB 0x00000000e7e00000| Untracked |  0
| 127|0x00000000e7f00000, 0x00000000e7f00000, 0x00000000e8000000|  0%| F|  |TAMS 0x00000000e7f00000| PB 0x00000000e7f00000| Untracked |  0
| 128|0x00000000e8000000, 0x00000000e8000000, 0x00000000e8100000|  0%| F|  |TAMS 0x00000000e8000000| PB 0x00000000e8000000| Untracked |  0
| 129|0x00000000e8100000, 0x00000000e8100000, 0x00000000e8200000|  0%| F|  |TAMS 0x00000000e8100000| PB 0x00000000e8100000| Untracked |  0
| 130|0x00000000e8200000, 0x00000000e8200000, 0x00000000e8300000|  0%| F|  |TAMS 0x00000000e8200000| PB 0x00000000e8200000| Untracked |  0
| 131|0x00000000e8300000, 0x00000000e8300000, 0x00000000e8400000|  0%| F|  |TAMS 0x00000000e8300000| PB 0x00000000e8300000| Untracked |  0
| 132|0x00000000e8400000, 0x00000000e8400000, 0x00000000e8500000|  0%| F|  |TAMS 0x00000000e8400000| PB 0x00000000e8400000| Untracked |  0
| 133|0x00000000e8500000, 0x00000000e8500000, 0x00000000e8600000|  0%| F|  |TAMS 0x00000000e8500000| PB 0x00000000e8500000| Untracked |  0
| 134|0x00000000e8600000, 0x00000000e8600000, 0x00000000e8700000|  0%| F|  |TAMS 0x00000000e8600000| PB 0x00000000e8600000| Untracked |  0
| 135|0x00000000e8700000, 0x00000000e8700000, 0x00000000e8800000|  0%| F|  |TAMS 0x00000000e8700000| PB 0x00000000e8700000| Untracked |  0
| 136|0x00000000e8800000, 0x00000000e8800000, 0x00000000e8900000|  0%| F|  |TAMS 0x00000000e8800000| PB 0x00000000e8800000| Untracked |  0
| 137|0x00000000e8900000, 0x00000000e8900000, 0x00000000e8a00000|  0%| F|  |TAMS 0x00000000e8900000| PB 0x00000000e8900000| Untracked |  0
| 138|0x00000000e8a00000, 0x00000000e8a00000, 0x00000000e8b00000|  0%| F|  |TAMS 0x00000000e8a00000| PB 0x00000000e8a00000| Untracked |  0
| 139|0x00000000e8b00000, 0x00000000e8b00000, 0x00000000e8c00000|  0%| F|  |TAMS 0x00000000e8b00000| PB 0x00000000e8b00000| Untracked |  0
| 140|0x00000000e8c00000, 0x00000000e8c00000, 0x00000000e8d00000|  0%| F|  |TAMS 0x00000000e8c00000| PB 0x00000000e8c00000| Untracked |  0
| 141|0x00000000e8d00000, 0x00000000e8d00000, 0x00000000e8e00000|  0%| F|  |TAMS 0x00000000e8d00000| PB 0x00000000e8d00000| Untracked |  0
| 142|0x00000000e8e00000, 0x00000000e8e00000, 0x00000000e8f00000|  0%| F|  |TAMS 0x00000000e8e00000| PB 0x00000000e8e00000| Untracked |  0
| 143|0x00000000e8f00000, 0x00000000e8f00000, 0x00000000e9000000|  0%| F|  |TAMS 0x00000000e8f00000| PB 0x00000000e8f00000| Untracked |  0
| 144|0x00000000e9000000, 0x00000000e9000000, 0x00000000e9100000|  0%| F|  |TAMS 0x00000000e9000000| PB 0x00000000e9000000| Untracked |  0
| 145|0x00000000e9100000, 0x00000000e9100000, 0x00000000e9200000|  0%| F|  |TAMS 0x00000000e9100000| PB 0x00000000e9100000| Untracked |  0
| 146|0x00000000e9200000, 0x00000000e9200000, 0x00000000e9300000|  0%| F|  |TAMS 0x00000000e9200000| PB 0x00000000e9200000| Untracked |  0
| 147|0x00000000e9300000, 0x00000000e9300000, 0x00000000e9400000|  0%| F|  |TAMS 0x00000000e9300000| PB 0x00000000e9300000| Untracked |  0
| 148|0x00000000e9400000, 0x00000000e9400000, 0x00000000e9500000|  0%| F|  |TAMS 0x00000000e9400000| PB 0x00000000e9400000| Untracked |  0
| 149|0x00000000e9500000, 0x00000000e9500000, 0x00000000e9600000|  0%| F|  |TAMS 0x00000000e9500000| PB 0x00000000e9500000| Untracked |  0
| 150|0x00000000e9600000, 0x00000000e9600000, 0x00000000e9700000|  0%| F|  |TAMS 0x00000000e9600000| PB 0x00000000e9600000| Untracked |  0
| 151|0x00000000e9700000, 0x00000000e9700000, 0x00000000e9800000|  0%| F|  |TAMS 0x00000000e9700000| PB 0x00000000e9700000| Untracked |  0
| 152|0x00000000e9800000, 0x00000000e9800000, 0x00000000e9900000|  0%| F|  |TAMS 0x00000000e9800000| PB 0x00000000e9800000| Untracked |  0
| 153|0x00000000e9900000, 0x00000000e9900000, 0x00000000e9a00000|  0%| F|  |TAMS 0x00000000e9900000| PB 0x00000000e9900000| Untracked |  0
| 154|0x00000000e9a00000, 0x00000000e9a00000, 0x00000000e9b00000|  0%| F|  |TAMS 0x00000000e9a00000| PB 0x00000000e9a00000| Untracked |  0
| 155|0x00000000e9b00000, 0x00000000e9b00000, 0x00000000e9c00000|  0%| F|  |TAMS 0x00000000e9b00000| PB 0x00000000e9b00000| Untracked |  0
| 156|0x00000000e9c00000, 0x00000000e9c00000, 0x00000000e9d00000|  0%| F|  |TAMS 0x00000000e9c00000| PB 0x00000000e9c00000| Untracked |  0
| 157|0x00000000e9d00000, 0x00000000e9d00000, 0x00000000e9e00000|  0%| F|  |TAMS 0x00000000e9d00000| PB 0x00000000e9d00000| Untracked |  0
| 158|0x00000000e9e00000, 0x00000000e9e00000, 0x00000000e9f00000|  0%| F|  |TAMS 0x00000000e9e00000| PB 0x00000000e9e00000| Untracked |  0
| 159|0x00000000e9f00000, 0x00000000e9f00000, 0x00000000ea000000|  0%| F|  |TAMS 0x00000000e9f00000| PB 0x00000000e9f00000| Untracked |  0
| 160|0x00000000ea000000, 0x00000000ea000000, 0x00000000ea100000|  0%| F|  |TAMS 0x00000000ea000000| PB 0x00000000ea000000| Untracked |  0
| 161|0x00000000ea100000, 0x00000000ea100000, 0x00000000ea200000|  0%| F|  |TAMS 0x00000000ea100000| PB 0x00000000ea100000| Untracked |  0
| 162|0x00000000ea200000, 0x00000000ea200000, 0x00000000ea300000|  0%| F|  |TAMS 0x00000000ea200000| PB 0x00000000ea200000| Untracked |  0
| 163|0x00000000ea300000, 0x00000000ea300000, 0x00000000ea400000|  0%| F|  |TAMS 0x00000000ea300000| PB 0x00000000ea300000| Untracked |  0
| 164|0x00000000ea400000, 0x00000000ea400000, 0x00000000ea500000|  0%| F|  |TAMS 0x00000000ea400000| PB 0x00000000ea400000| Untracked |  0
| 165|0x00000000ea500000, 0x00000000ea500000, 0x00000000ea600000|  0%| F|  |TAMS 0x00000000ea500000| PB 0x00000000ea500000| Untracked |  0
| 166|0x00000000ea600000, 0x00000000ea600000, 0x00000000ea700000|  0%| F|  |TAMS 0x00000000ea600000| PB 0x00000000ea600000| Untracked |  0
| 167|0x00000000ea700000, 0x00000000ea700000, 0x00000000ea800000|  0%| F|  |TAMS 0x00000000ea700000| PB 0x00000000ea700000| Untracked |  0
| 168|0x00000000ea800000, 0x00000000ea800000, 0x00000000ea900000|  0%| F|  |TAMS 0x00000000ea800000| PB 0x00000000ea800000| Untracked |  0
| 169|0x00000000ea900000, 0x00000000ea900000, 0x00000000eaa00000|  0%| F|  |TAMS 0x00000000ea900000| PB 0x00000000ea900000| Untracked |  0
| 170|0x00000000eaa00000, 0x00000000eaa00000, 0x00000000eab00000|  0%| F|  |TAMS 0x00000000eaa00000| PB 0x00000000eaa00000| Untracked |  0
| 171|0x00000000eab00000, 0x00000000eab00000, 0x00000000eac00000|  0%| F|  |TAMS 0x00000000eab00000| PB 0x00000000eab00000| Untracked |  0
| 172|0x00000000eac00000, 0x00000000eac00000, 0x00000000ead00000|  0%| F|  |TAMS 0x00000000eac00000| PB 0x00000000eac00000| Untracked |  0
| 173|0x00000000ead00000, 0x00000000ead00000, 0x00000000eae00000|  0%| F|  |TAMS 0x00000000ead00000| PB 0x00000000ead00000| Untracked |  0
| 174|0x00000000eae00000, 0x00000000eae00000, 0x00000000eaf00000|  0%| F|  |TAMS 0x00000000eae00000| PB 0x00000000eae00000| Untracked |  0
| 175|0x00000000eaf00000, 0x00000000eaf00000, 0x00000000eb000000|  0%| F|  |TAMS 0x00000000eaf00000| PB 0x00000000eaf00000| Untracked |  0
| 176|0x00000000eb000000, 0x00000000eb000000, 0x00000000eb100000|  0%| F|  |TAMS 0x00000000eb000000| PB 0x00000000eb000000| Untracked |  0
| 177|0x00000000eb100000, 0x00000000eb100000, 0x00000000eb200000|  0%| F|  |TAMS 0x00000000eb100000| PB 0x00000000eb100000| Untracked |  0
| 178|0x00000000eb200000, 0x00000000eb200000, 0x00000000eb300000|  0%| F|  |TAMS 0x00000000eb200000| PB 0x00000000eb200000| Untracked |  0
| 179|0x00000000eb300000, 0x00000000eb300000, 0x00000000eb400000|  0%| F|  |TAMS 0x00000000eb300000| PB 0x00000000eb300000| Untracked |  0
| 180|0x00000000eb400000, 0x00000000eb400000, 0x00000000eb500000|  0%| F|  |TAMS 0x00000000eb400000| PB 0x00000000eb400000| Untracked |  0
| 181|0x00000000eb500000, 0x00000000eb500000, 0x00000000eb600000|  0%| F|  |TAMS 0x00000000eb500000| PB 0x00000000eb500000| Untracked |  0
| 182|0x00000000eb600000, 0x00000000eb600000, 0x00000000eb700000|  0%| F|  |TAMS 0x00000000eb600000| PB 0x00000000eb600000| Untracked |  0
| 183|0x00000000eb700000, 0x00000000eb700000, 0x00000000eb800000|  0%| F|  |TAMS 0x00000000eb700000| PB 0x00000000eb700000| Untracked |  0
| 184|0x00000000eb800000, 0x00000000eb800000, 0x00000000eb900000|  0%| F|  |TAMS 0x00000000eb800000| PB 0x00000000eb800000| Untracked |  0
| 185|0x00000000eb900000, 0x00000000eb96e3f0, 0x00000000eba00000| 43%| E|  |TAMS 0x00000000eb900000| PB 0x00000000eb900000| Complete |  0
| 186|0x00000000eba00000, 0x00000000eba80000, 0x00000000ebb00000| 50%| S|CS|TAMS 0x00000000eba00000| PB 0x00000000eba00000| Complete |  0
| 187|0x00000000ebb00000, 0x00000000ebc00000, 0x00000000ebc00000|100%| S|CS|TAMS 0x00000000ebb00000| PB 0x00000000ebb00000| Complete |  0
| 188|0x00000000ebc00000, 0x00000000ebd00000, 0x00000000ebd00000|100%| S|CS|TAMS 0x00000000ebc00000| PB 0x00000000ebc00000| Complete |  0
| 189|0x00000000ebd00000, 0x00000000ebe00000, 0x00000000ebe00000|100%| S|CS|TAMS 0x00000000ebd00000| PB 0x00000000ebd00000| Complete |  0
| 190|0x00000000ebe00000, 0x00000000ebf00000, 0x00000000ebf00000|100%| S|CS|TAMS 0x00000000ebe00000| PB 0x00000000ebe00000| Complete |  0
| 191|0x00000000ebf00000, 0x00000000ec000000, 0x00000000ec000000|100%| S|CS|TAMS 0x00000000ebf00000| PB 0x00000000ebf00000| Complete |  0
| 192|0x00000000ec000000, 0x00000000ec100000, 0x00000000ec100000|100%| S|CS|TAMS 0x00000000ec000000| PB 0x00000000ec000000| Complete |  0
| 193|0x00000000ec100000, 0x00000000ec200000, 0x00000000ec200000|100%| E|CS|TAMS 0x00000000ec100000| PB 0x00000000ec100000| Complete |  0
| 194|0x00000000ec200000, 0x00000000ec300000, 0x00000000ec300000|100%| E|CS|TAMS 0x00000000ec200000| PB 0x00000000ec200000| Complete |  0
| 195|0x00000000ec300000, 0x00000000ec400000, 0x00000000ec400000|100%| E|CS|TAMS 0x00000000ec300000| PB 0x00000000ec300000| Complete |  0
| 196|0x00000000ec400000, 0x00000000ec500000, 0x00000000ec500000|100%| E|CS|TAMS 0x00000000ec400000| PB 0x00000000ec400000| Complete |  0
| 197|0x00000000ec500000, 0x00000000ec600000, 0x00000000ec600000|100%| E|CS|TAMS 0x00000000ec500000| PB 0x00000000ec500000| Complete |  0
| 198|0x00000000ec600000, 0x00000000ec700000, 0x00000000ec700000|100%| E|CS|TAMS 0x00000000ec600000| PB 0x00000000ec600000| Complete |  0
| 199|0x00000000ec700000, 0x00000000ec800000, 0x00000000ec800000|100%| E|CS|TAMS 0x00000000ec700000| PB 0x00000000ec700000| Complete |  0
| 200|0x00000000ec800000, 0x00000000ec900000, 0x00000000ec900000|100%| E|CS|TAMS 0x00000000ec800000| PB 0x00000000ec800000| Complete |  0
| 201|0x00000000ec900000, 0x00000000eca00000, 0x00000000eca00000|100%| E|CS|TAMS 0x00000000ec900000| PB 0x00000000ec900000| Complete |  0
| 202|0x00000000eca00000, 0x00000000ecb00000, 0x00000000ecb00000|100%| E|CS|TAMS 0x00000000eca00000| PB 0x00000000eca00000| Complete |  0
| 203|0x00000000ecb00000, 0x00000000ecc00000, 0x00000000ecc00000|100%| E|CS|TAMS 0x00000000ecb00000| PB 0x00000000ecb00000| Complete |  0
| 204|0x00000000ecc00000, 0x00000000ecd00000, 0x00000000ecd00000|100%| E|CS|TAMS 0x00000000ecc00000| PB 0x00000000ecc00000| Complete |  0
| 205|0x00000000ecd00000, 0x00000000ece00000, 0x00000000ece00000|100%| E|CS|TAMS 0x00000000ecd00000| PB 0x00000000ecd00000| Complete |  0
| 206|0x00000000ece00000, 0x00000000ecf00000, 0x00000000ecf00000|100%| E|CS|TAMS 0x00000000ece00000| PB 0x00000000ece00000| Complete |  0
| 207|0x00000000ecf00000, 0x00000000ed000000, 0x00000000ed000000|100%| E|CS|TAMS 0x00000000ecf00000| PB 0x00000000ecf00000| Complete |  0
| 208|0x00000000ed000000, 0x00000000ed100000, 0x00000000ed100000|100%| E|CS|TAMS 0x00000000ed000000| PB 0x00000000ed000000| Complete |  0
| 209|0x00000000ed100000, 0x00000000ed200000, 0x00000000ed200000|100%| E|CS|TAMS 0x00000000ed100000| PB 0x00000000ed100000| Complete |  0
| 210|0x00000000ed200000, 0x00000000ed300000, 0x00000000ed300000|100%| E|CS|TAMS 0x00000000ed200000| PB 0x00000000ed200000| Complete |  0
| 211|0x00000000ed300000, 0x00000000ed400000, 0x00000000ed400000|100%| E|CS|TAMS 0x00000000ed300000| PB 0x00000000ed300000| Complete |  0
| 212|0x00000000ed400000, 0x00000000ed500000, 0x00000000ed500000|100%| E|CS|TAMS 0x00000000ed400000| PB 0x00000000ed400000| Complete |  0
| 213|0x00000000ed500000, 0x00000000ed600000, 0x00000000ed600000|100%| E|CS|TAMS 0x00000000ed500000| PB 0x00000000ed500000| Complete |  0
| 214|0x00000000ed600000, 0x00000000ed700000, 0x00000000ed700000|100%| E|CS|TAMS 0x00000000ed600000| PB 0x00000000ed600000| Complete |  0
| 215|0x00000000ed700000, 0x00000000ed800000, 0x00000000ed800000|100%| E|CS|TAMS 0x00000000ed700000| PB 0x00000000ed700000| Complete |  0
| 216|0x00000000ed800000, 0x00000000ed900000, 0x00000000ed900000|100%| E|CS|TAMS 0x00000000ed800000| PB 0x00000000ed800000| Complete |  0
| 217|0x00000000ed900000, 0x00000000eda00000, 0x00000000eda00000|100%| E|  |TAMS 0x00000000ed900000| PB 0x00000000ed900000| Complete |  0
| 218|0x00000000eda00000, 0x00000000edb00000, 0x00000000edb00000|100%| E|CS|TAMS 0x00000000eda00000| PB 0x00000000eda00000| Complete |  0
| 219|0x00000000edb00000, 0x00000000edc00000, 0x00000000edc00000|100%| E|CS|TAMS 0x00000000edb00000| PB 0x00000000edb00000| Complete |  0
| 220|0x00000000edc00000, 0x00000000edd00000, 0x00000000edd00000|100%| E|CS|TAMS 0x00000000edc00000| PB 0x00000000edc00000| Complete |  1
| 221|0x00000000edd00000, 0x00000000ede00000, 0x00000000ede00000|100%| E|CS|TAMS 0x00000000edd00000| PB 0x00000000edd00000| Complete |  0
| 222|0x00000000ede00000, 0x00000000edf00000, 0x00000000edf00000|100%| E|CS|TAMS 0x00000000ede00000| PB 0x00000000ede00000| Complete |  0
| 223|0x00000000edf00000, 0x00000000ee000000, 0x00000000ee000000|100%| E|CS|TAMS 0x00000000edf00000| PB 0x00000000edf00000| Complete |  0
| 224|0x00000000ee000000, 0x00000000ee100000, 0x00000000ee100000|100%| E|CS|TAMS 0x00000000ee000000| PB 0x00000000ee000000| Complete |  0
| 225|0x00000000ee100000, 0x00000000ee200000, 0x00000000ee200000|100%| E|CS|TAMS 0x00000000ee100000| PB 0x00000000ee100000| Complete |  0
| 226|0x00000000ee200000, 0x00000000ee300000, 0x00000000ee300000|100%| E|CS|TAMS 0x00000000ee200000| PB 0x00000000ee200000| Complete |  0
| 227|0x00000000ee300000, 0x00000000ee400000, 0x00000000ee400000|100%| E|CS|TAMS 0x00000000ee300000| PB 0x00000000ee300000| Complete |  0
| 228|0x00000000ee400000, 0x00000000ee500000, 0x00000000ee500000|100%| E|CS|TAMS 0x00000000ee400000| PB 0x00000000ee400000| Complete |  0
| 229|0x00000000ee500000, 0x00000000ee600000, 0x00000000ee600000|100%| E|CS|TAMS 0x00000000ee500000| PB 0x00000000ee500000| Complete |  0
| 230|0x00000000ee600000, 0x00000000ee700000, 0x00000000ee700000|100%| E|CS|TAMS 0x00000000ee600000| PB 0x00000000ee600000| Complete |  0
| 231|0x00000000ee700000, 0x00000000ee800000, 0x00000000ee800000|100%| E|CS|TAMS 0x00000000ee700000| PB 0x00000000ee700000| Complete |  0
| 232|0x00000000ee800000, 0x00000000ee900000, 0x00000000ee900000|100%| E|CS|TAMS 0x00000000ee800000| PB 0x00000000ee800000| Complete |  0
| 233|0x00000000ee900000, 0x00000000eea00000, 0x00000000eea00000|100%| E|CS|TAMS 0x00000000ee900000| PB 0x00000000ee900000| Complete |  0
| 234|0x00000000eea00000, 0x00000000eeb00000, 0x00000000eeb00000|100%| E|CS|TAMS 0x00000000eea00000| PB 0x00000000eea00000| Complete |  0
| 235|0x00000000eeb00000, 0x00000000eec00000, 0x00000000eec00000|100%| E|CS|TAMS 0x00000000eeb00000| PB 0x00000000eeb00000| Complete |  0
| 236|0x00000000eec00000, 0x00000000eed00000, 0x00000000eed00000|100%| E|CS|TAMS 0x00000000eec00000| PB 0x00000000eec00000| Complete |  0
| 237|0x00000000eed00000, 0x00000000eee00000, 0x00000000eee00000|100%| E|CS|TAMS 0x00000000eed00000| PB 0x00000000eed00000| Complete |  0
| 238|0x00000000eee00000, 0x00000000eef00000, 0x00000000eef00000|100%| E|CS|TAMS 0x00000000eee00000| PB 0x00000000eee00000| Complete |  0
| 239|0x00000000eef00000, 0x00000000ef000000, 0x00000000ef000000|100%| E|CS|TAMS 0x00000000eef00000| PB 0x00000000eef00000| Complete |  0
| 240|0x00000000ef000000, 0x00000000ef100000, 0x00000000ef100000|100%| E|CS|TAMS 0x00000000ef000000| PB 0x00000000ef000000| Complete |  0
| 241|0x00000000ef100000, 0x00000000ef200000, 0x00000000ef200000|100%| E|CS|TAMS 0x00000000ef100000| PB 0x00000000ef100000| Complete |  0
| 242|0x00000000ef200000, 0x00000000ef300000, 0x00000000ef300000|100%| E|CS|TAMS 0x00000000ef200000| PB 0x00000000ef200000| Complete |  0
| 243|0x00000000ef300000, 0x00000000ef400000, 0x00000000ef400000|100%| E|CS|TAMS 0x00000000ef300000| PB 0x00000000ef300000| Complete |  0
| 244|0x00000000ef400000, 0x00000000ef500000, 0x00000000ef500000|100%| E|CS|TAMS 0x00000000ef400000| PB 0x00000000ef400000| Complete |  0
| 245|0x00000000ef500000, 0x00000000ef600000, 0x00000000ef600000|100%| E|CS|TAMS 0x00000000ef500000| PB 0x00000000ef500000| Complete |  0
| 246|0x00000000ef600000, 0x00000000ef700000, 0x00000000ef700000|100%| E|CS|TAMS 0x00000000ef600000| PB 0x00000000ef600000| Complete |  0
| 247|0x00000000ef700000, 0x00000000ef800000, 0x00000000ef800000|100%| E|CS|TAMS 0x00000000ef700000| PB 0x00000000ef700000| Complete |  0
| 248|0x00000000ef800000, 0x00000000ef900000, 0x00000000ef900000|100%| E|CS|TAMS 0x00000000ef800000| PB 0x00000000ef800000| Complete |  0
| 249|0x00000000ef900000, 0x00000000efa00000, 0x00000000efa00000|100%| E|CS|TAMS 0x00000000ef900000| PB 0x00000000ef900000| Complete |  0
| 250|0x00000000efa00000, 0x00000000efb00000, 0x00000000efb00000|100%| E|CS|TAMS 0x00000000efa00000| PB 0x00000000efa00000| Complete |  0
| 251|0x00000000efb00000, 0x00000000efc00000, 0x00000000efc00000|100%| E|CS|TAMS 0x00000000efb00000| PB 0x00000000efb00000| Complete |  0
| 252|0x00000000efc00000, 0x00000000efd00000, 0x00000000efd00000|100%| E|CS|TAMS 0x00000000efc00000| PB 0x00000000efc00000| Complete |  0
| 253|0x00000000efd00000, 0x00000000efe00000, 0x00000000efe00000|100%| E|CS|TAMS 0x00000000efd00000| PB 0x00000000efd00000| Complete |  0
| 254|0x00000000efe00000, 0x00000000eff00000, 0x00000000eff00000|100%| E|CS|TAMS 0x00000000efe00000| PB 0x00000000efe00000| Complete |  0
| 255|0x00000000eff00000, 0x00000000f0000000, 0x00000000f0000000|100%| E|CS|TAMS 0x00000000eff00000| PB 0x00000000eff00000| Complete |  0

Card table byte_map: [0x0000021572e20000,0x0000021572f20000] _byte_map_base: 0x0000021572720000

Marking Bits: (CMBitMap*) 0x000002155baf8c20
 Bits: [0x0000021572f20000, 0x0000021573720000)

Polling page: 0x000002155b2a0000

Metaspace:

Usage:
  Non-class:     51.49 MB used.
      Class:      8.81 MB used.
       Both:     60.29 MB used.

Virtual space:
  Non-class space:       64.00 MB reserved,      52.56 MB ( 82%) committed,  1 nodes.
      Class space:      320.00 MB reserved,       9.88 MB (  3%) committed,  1 nodes.
             Both:      384.00 MB reserved,      62.44 MB ( 16%) committed. 

Chunk freelists:
   Non-Class:  11.08 MB
       Class:  6.05 MB
        Both:  17.12 MB

MaxMetaspaceSize: 384.00 MB
CompressedClassSpaceSize: 320.00 MB
Initial GC threshold: 21.00 MB
Current GC threshold: 99.38 MB
CDS: on
 - commit_granule_bytes: 65536.
 - commit_granule_words: 8192.
 - virtual_space_node_default_size: 8388608.
 - enlarge_chunks_in_place: 1.
 - use_allocation_guard: 0.


Internal statistics:

num_allocs_failed_limit: 12.
num_arena_births: 3780.
num_arena_deaths: 0.
num_vsnodes_births: 2.
num_vsnodes_deaths: 0.
num_space_committed: 999.
num_space_uncommitted: 0.
num_chunks_returned_to_freelist: 12.
num_chunks_taken_from_freelist: 6791.
num_chunk_merges: 12.
num_chunk_splits: 4315.
num_chunks_enlarged: 2578.
num_inconsistent_stats: 0.

CodeHeap 'non-profiled nmethods': size=120000Kb used=5524Kb max_used=5524Kb free=114475Kb
 bounds [0x000002156b8f0000, 0x000002156be60000, 0x0000021572e20000]
CodeHeap 'profiled nmethods': size=120000Kb used=19185Kb max_used=19185Kb free=100814Kb
 bounds [0x0000021563e20000, 0x00000215650e0000, 0x000002156b350000]
CodeHeap 'non-nmethods': size=5760Kb used=2774Kb max_used=2854Kb free=2985Kb
 bounds [0x000002156b350000, 0x000002156b630000, 0x000002156b8f0000]
 total_blobs=10702 nmethods=9805 adapters=801
 compilation: enabled
              stopped_count=0, restarted_count=0
 full_count=0

Compilation events (20 events):
Event: 67.684 Thread 0x0000021575d365b0 nmethod 10518 0x000002156be54610 code [0x000002156be547a0, 0x000002156be54868]
Event: 68.149 Thread 0x0000021575d365b0 10519       1       org.gradle.launcher.daemon.server.health.gc.GarbageCollectionEvent::getUsage (5 bytes)
Event: 68.149 Thread 0x0000021575d365b0 nmethod 10519 0x000002156be54910 code [0x000002156be54aa0, 0x000002156be54b68]
Event: 68.358 Thread 0x0000021575d365b0 10520       3       org.gradle.internal.logging.slf4j.OutputEventListenerBackedLogger::debug (7 bytes)
Event: 68.359 Thread 0x0000021575d365b0 nmethod 10520 0x00000215650d9e10 code [0x00000215650d9fc0, 0x00000215650da100]
Event: 68.359 Thread 0x0000021575d365b0 10521       3       org.gradle.internal.logging.slf4j.BuildOperationAwareLogger::debug (18 bytes)
Event: 68.359 Thread 0x0000021575d365b0 nmethod 10521 0x00000215650da190 code [0x00000215650da360, 0x00000215650da6a0]
Event: 76.722 Thread 0x0000021575d365b0 10522       1       org.gradle.internal.logging.events.RenderableOutputEvent::getBuildOperationId (5 bytes)
Event: 76.722 Thread 0x0000021575d365b0 nmethod 10522 0x000002156be54c10 code [0x000002156be54da0, 0x000002156be54e68]
Event: 76.723 Thread 0x0000021575d35290 10523       4       org.gradle.internal.logging.text.AbstractLineChoppingStyledTextOutput$StateContext::next (11 bytes)
Event: 76.723 Thread 0x0000021575d365b0 10525       2       org.gradle.internal.logging.text.AbstractLineChoppingStyledTextOutput$1::execute (140 bytes)
Event: 76.723 Thread 0x0000021575d35290 nmethod 10523 0x000002156be54f10 code [0x000002156be55080, 0x000002156be55108]
Event: 76.724 Thread 0x0000021575d35290 10524       4       org.gradle.internal.logging.text.AbstractLineChoppingStyledTextOutput$1::execute (9 bytes)
Event: 76.724 Thread 0x0000021575d365b0 nmethod 10525 0x00000215650da810 code [0x00000215650daa40, 0x00000215650daf38]
Event: 76.724 Thread 0x0000021575d365b0 10528       3       org.gradle.internal.io.LineBufferingOutputStream::write (59 bytes)
Event: 76.725 Thread 0x0000021575d365b0 nmethod 10528 0x00000215650db390 code [0x00000215650db640, 0x00000215650dc420]
Event: 76.726 Thread 0x0000021575d365b0 10529       3       org.gradle.internal.io.LineBufferingOutputStream::endsWithLineSeparator (27 bytes)
Event: 76.726 Thread 0x0000021575d365b0 nmethod 10529 0x00000215650dc990 code [0x00000215650dcb20, 0x00000215650dccc0]
Event: 76.726 Thread 0x0000021575d365b0 10530       3       java.io.Writer::write (11 bytes)
Event: 76.726 Thread 0x0000021575d365b0 nmethod 10530 0x00000215650dcd90 code [0x00000215650dcf40, 0x00000215650dd220]

GC Heap History (16 events):
Event: 1.653 GC heap before
{Heap before GC invocations=0 (full 0):
 garbage-first heap   total reserved 524288K, committed 262144K, used 13312K [0x00000000e0000000, 0x0000000100000000)
  region size 1024K, 14 young (14336K), 0 survivors (0K)
 Metaspace       used 809K, committed 960K, reserved 393216K
  class space    used 67K, committed 128K, reserved 327680K
}
Event: 1.804 GC heap after
{Heap after GC invocations=1 (full 0):
 garbage-first heap   total reserved 524288K, committed 262144K, used 1280K [0x00000000e0000000, 0x0000000100000000)
  region size 1024K, 2 young (2048K), 2 survivors (2048K)
 Metaspace       used 809K, committed 960K, reserved 393216K
  class space    used 67K, committed 128K, reserved 327680K
}
Event: 3.198 GC heap before
{Heap before GC invocations=1 (full 0):
 garbage-first heap   total reserved 524288K, committed 262144K, used 25856K [0x00000000e0000000, 0x0000000100000000)
  region size 1024K, 24 young (24576K), 2 survivors (2048K)
 Metaspace       used 3496K, committed 3648K, reserved 393216K
  class space    used 444K, committed 512K, reserved 327680K
}
Event: 3.204 GC heap after
{Heap after GC invocations=2 (full 0):
 garbage-first heap   total reserved 524288K, committed 262144K, used 9894K [0x00000000e0000000, 0x0000000100000000)
  region size 1024K, 3 young (3072K), 3 survivors (3072K)
 Metaspace       used 3496K, committed 3648K, reserved 393216K
  class space    used 444K, committed 512K, reserved 327680K
}
Event: 11.920 GC heap before
{Heap before GC invocations=2 (full 0):
 garbage-first heap   total reserved 524288K, committed 262144K, used 164518K [0x00000000e0000000, 0x0000000100000000)
  region size 1024K, 153 young (156672K), 3 survivors (3072K)
 Metaspace       used 20412K, committed 21056K, reserved 393216K
  class space    used 3020K, committed 3328K, reserved 327680K
}
Event: 11.934 GC heap after
{Heap after GC invocations=3 (full 0):
 garbage-first heap   total reserved 524288K, committed 262144K, used 23206K [0x00000000e0000000, 0x0000000100000000)
  region size 1024K, 15 young (15360K), 15 survivors (15360K)
 Metaspace       used 20412K, committed 21056K, reserved 393216K
  class space    used 3020K, committed 3328K, reserved 327680K
}
Event: 12.054 GC heap before
{Heap before GC invocations=3 (full 0):
 garbage-first heap   total reserved 524288K, committed 262144K, used 27302K [0x00000000e0000000, 0x0000000100000000)
  region size 1024K, 20 young (20480K), 15 survivors (15360K)
 Metaspace       used 20821K, committed 21504K, reserved 393216K
  class space    used 3096K, committed 3392K, reserved 327680K
}
Event: 12.070 GC heap after
{Heap after GC invocations=4 (full 0):
 garbage-first heap   total reserved 524288K, committed 262144K, used 24713K [0x00000000e0000000, 0x0000000100000000)
  region size 1024K, 2 young (2048K), 2 survivors (2048K)
 Metaspace       used 20821K, committed 21504K, reserved 393216K
  class space    used 3096K, committed 3392K, reserved 327680K
}
Event: 18.794 GC heap before
{Heap before GC invocations=5 (full 0):
 garbage-first heap   total reserved 524288K, committed 262144K, used 117897K [0x00000000e0000000, 0x0000000100000000)
  region size 1024K, 95 young (97280K), 2 survivors (2048K)
 Metaspace       used 34677K, committed 35968K, reserved 393216K
  class space    used 5208K, committed 5824K, reserved 327680K
}
Event: 18.801 GC heap after
{Heap after GC invocations=6 (full 0):
 garbage-first heap   total reserved 524288K, committed 262144K, used 30167K [0x00000000e0000000, 0x0000000100000000)
  region size 1024K, 7 young (7168K), 7 survivors (7168K)
 Metaspace       used 34677K, committed 35968K, reserved 393216K
  class space    used 5208K, committed 5824K, reserved 327680K
}
Event: 32.319 GC heap before
{Heap before GC invocations=7 (full 0):
 garbage-first heap   total reserved 524288K, committed 262144K, used 185815K [0x00000000e0000000, 0x0000000100000000)
  region size 1024K, 153 young (156672K), 7 survivors (7168K)
 Metaspace       used 48714K, committed 50560K, reserved 393216K
  class space    used 7121K, committed 8000K, reserved 327680K
}
Event: 32.337 GC heap after
{Heap after GC invocations=8 (full 0):
 garbage-first heap   total reserved 524288K, committed 262144K, used 39009K [0x00000000e0000000, 0x0000000100000000)
  region size 1024K, 16 young (16384K), 16 survivors (16384K)
 Metaspace       used 48714K, committed 50560K, reserved 393216K
  class space    used 7121K, committed 8000K, reserved 327680K
}
Event: 45.053 GC heap before
{Heap before GC invocations=8 (full 0):
 garbage-first heap   total reserved 524288K, committed 262144K, used 179297K [0x00000000e0000000, 0x0000000100000000)
  region size 1024K, 153 young (156672K), 16 survivors (16384K)
 Metaspace       used 57889K, committed 59904K, reserved 393216K
  class space    used 8447K, committed 9408K, reserved 327680K
}
Event: 45.076 GC heap after
{Heap after GC invocations=9 (full 0):
 garbage-first heap   total reserved 524288K, committed 262144K, used 49378K [0x00000000e0000000, 0x0000000100000000)
  region size 1024K, 20 young (20480K), 20 survivors (20480K)
 Metaspace       used 57889K, committed 59904K, reserved 393216K
  class space    used 8447K, committed 9408K, reserved 327680K
}
Event: 57.393 GC heap before
{Heap before GC invocations=9 (full 0):
 garbage-first heap   total reserved 524288K, committed 262144K, used 112866K [0x00000000e0000000, 0x0000000100000000)
  region size 1024K, 83 young (84992K), 20 survivors (20480K)
 Metaspace       used 58822K, committed 60928K, reserved 393216K
  class space    used 8498K, committed 9536K, reserved 327680K
}
Event: 57.417 GC heap after
{Heap after GC invocations=10 (full 0):
 garbage-first heap   total reserved 524288K, committed 262144K, used 55563K [0x00000000e0000000, 0x0000000100000000)
  region size 1024K, 7 young (7168K), 7 survivors (7168K)
 Metaspace       used 58822K, committed 60928K, reserved 393216K
  class space    used 8498K, committed 9536K, reserved 327680K
}

Dll operation events (15 events):
Event: 0.024 Loaded shared library C:\Users\ASUS\.jdks\openjdk-22.0.2\bin\java.dll
Event: 0.718 Loaded shared library C:\Users\ASUS\.jdks\openjdk-22.0.2\bin\jsvml.dll
Event: 0.755 Loaded shared library C:\Users\ASUS\.jdks\openjdk-22.0.2\bin\zip.dll
Event: 0.762 Loaded shared library C:\Users\ASUS\.jdks\openjdk-22.0.2\bin\instrument.dll
Event: 0.773 Loaded shared library C:\Users\ASUS\.jdks\openjdk-22.0.2\bin\net.dll
Event: 0.775 Loaded shared library C:\Users\ASUS\.jdks\openjdk-22.0.2\bin\nio.dll
Event: 0.781 Loaded shared library C:\Users\ASUS\.jdks\openjdk-22.0.2\bin\zip.dll
Event: 1.906 Loaded shared library C:\Users\ASUS\.jdks\openjdk-22.0.2\bin\jimage.dll
Event: 2.567 Loaded shared library C:\Users\ASUS\.jdks\openjdk-22.0.2\bin\verify.dll
Event: 2.808 Loaded shared library C:\Users\ASUS\.gradle\native\c067742578af261105cb4f569cf0c3c89f3d7b1fecec35dd04571415982c5e48\windows-amd64\native-platform.dll
Event: 2.812 Loaded shared library C:\Users\ASUS\.gradle\native\100fb08df4bc3b14c8652ba06237920a3bd2aa13389f12d3474272988ae205f9\windows-amd64\native-platform-file-events.dll
Event: 6.551 Loaded shared library C:\Users\ASUS\.jdks\openjdk-22.0.2\bin\management.dll
Event: 6.555 Loaded shared library C:\Users\ASUS\.jdks\openjdk-22.0.2\bin\management_ext.dll
Event: 7.471 Loaded shared library C:\Users\ASUS\.jdks\openjdk-22.0.2\bin\extnet.dll
Event: 8.075 Loaded shared library C:\Users\ASUS\.jdks\openjdk-22.0.2\bin\sunmscapi.dll

Deoptimization events (20 events):
Event: 59.239 Thread 0x000002151955b820 Uncommon trap: trap_request=0xffffffbe fr.pc=0x000002156be156d4 relative=0x0000000000001074
Event: 59.239 Thread 0x000002151955b820 Uncommon trap: reason=profile_predicate action=maybe_recompile pc=0x000002156be156d4 method=java.util.regex.Pattern$CharPropertyGreedy.match(Ljava/util/regex/Matcher;ILjava/lang/CharSequence;)Z @ 15 c2
Event: 59.239 Thread 0x000002151955b820 DEOPT PACKING pc=0x000002156be156d4 sp=0x00000052942f9a40
Event: 59.239 Thread 0x000002151955b820 DEOPT UNPACKING pc=0x000002156b3a46a2 sp=0x00000052942f99f0 mode 2
Event: 59.239 Thread 0x000002151955b820 Uncommon trap: trap_request=0xffffffbe fr.pc=0x000002156be156d4 relative=0x0000000000001074
Event: 59.239 Thread 0x000002151955b820 Uncommon trap: reason=profile_predicate action=maybe_recompile pc=0x000002156be156d4 method=java.util.regex.Pattern$CharPropertyGreedy.match(Ljava/util/regex/Matcher;ILjava/lang/CharSequence;)Z @ 15 c2
Event: 59.239 Thread 0x000002151955b820 DEOPT PACKING pc=0x000002156be156d4 sp=0x00000052942f9a40
Event: 59.239 Thread 0x000002151955b820 DEOPT UNPACKING pc=0x000002156b3a46a2 sp=0x00000052942f99f0 mode 2
Event: 59.240 Thread 0x000002151955b820 Uncommon trap: trap_request=0xffffffbe fr.pc=0x000002156be156d4 relative=0x0000000000001074
Event: 59.240 Thread 0x000002151955b820 Uncommon trap: reason=profile_predicate action=maybe_recompile pc=0x000002156be156d4 method=java.util.regex.Pattern$CharPropertyGreedy.match(Ljava/util/regex/Matcher;ILjava/lang/CharSequence;)Z @ 15 c2
Event: 59.240 Thread 0x000002151955b820 DEOPT PACKING pc=0x000002156be156d4 sp=0x00000052942f9a40
Event: 59.240 Thread 0x000002151955b820 DEOPT UNPACKING pc=0x000002156b3a46a2 sp=0x00000052942f99f0 mode 2
Event: 59.241 Thread 0x000002151955b820 Uncommon trap: trap_request=0xffffffbe fr.pc=0x000002156be156d4 relative=0x0000000000001074
Event: 59.241 Thread 0x000002151955b820 Uncommon trap: reason=profile_predicate action=maybe_recompile pc=0x000002156be156d4 method=java.util.regex.Pattern$CharPropertyGreedy.match(Ljava/util/regex/Matcher;ILjava/lang/CharSequence;)Z @ 15 c2
Event: 59.241 Thread 0x000002151955b820 DEOPT PACKING pc=0x000002156be156d4 sp=0x00000052942f9a40
Event: 59.241 Thread 0x000002151955b820 DEOPT UNPACKING pc=0x000002156b3a46a2 sp=0x00000052942f99f0 mode 2
Event: 60.948 Thread 0x000002151c5fe7d0 Uncommon trap: trap_request=0xffffff45 fr.pc=0x000002156be3fd30 relative=0x0000000000000350
Event: 60.948 Thread 0x000002151c5fe7d0 Uncommon trap: reason=unstable_if action=reinterpret pc=0x000002156be3fd30 method=org.gradle.internal.file.FileHierarchySet$Node.isChildOfOrThis(Ljava/lang/String;I)Z @ 7 c2
Event: 60.948 Thread 0x000002151c5fe7d0 DEOPT PACKING pc=0x000002156be3fd30 sp=0x00000052909ff2e0
Event: 60.948 Thread 0x000002151c5fe7d0 DEOPT UNPACKING pc=0x000002156b3a46a2 sp=0x00000052909ff260 mode 2

Classes loaded (20 events):
Event: 58.308 Loading class java/util/stream/ReferencePipeline$4
Event: 58.308 Loading class java/util/stream/ReferencePipeline$4 done
Event: 58.308 Loading class java/util/stream/ReduceOps$6
Event: 58.308 Loading class java/util/stream/ReduceOps$6 done
Event: 58.308 Loading class java/util/stream/ReduceOps$5ReducingSink
Event: 58.308 Loading class java/util/stream/ReduceOps$5ReducingSink done
Event: 58.308 Loading class java/util/stream/ReferencePipeline$4$1
Event: 58.308 Loading class java/util/stream/ReferencePipeline$4$1 done
Event: 58.497 Loading class java/util/concurrent/ConcurrentSkipListMap$KeySet
Event: 58.497 Loading class java/util/concurrent/ConcurrentSkipListMap$KeySet done
Event: 58.497 Loading class java/util/concurrent/ConcurrentSkipListMap$KeyIterator
Event: 58.497 Loading class java/util/concurrent/ConcurrentSkipListMap$KeyIterator done
Event: 59.043 Loading class java/util/PriorityQueue
Event: 59.052 Loading class java/util/PriorityQueue done
Event: 59.094 Loading class java/nio/file/FileTreeWalker$1
Event: 59.106 Loading class java/nio/file/FileTreeWalker$1 done
Event: 59.157 Loading class java/io/ObjectStreamClass$ExceptionInfo
Event: 59.157 Loading class java/io/ObjectStreamClass$ExceptionInfo done
Event: 60.174 Loading class java/nio/channels/AsynchronousCloseException
Event: 60.179 Loading class java/nio/channels/AsynchronousCloseException done

Classes unloaded (0 events):
No events

Classes redefined (0 events):
No events

Internal exceptions (20 events):
Event: 58.493 Thread 0x000002151955b820 Exception <a 'java/lang/IncompatibleClassChangeError'{0x00000000ed5286a0}: Found class java.lang.Object, but interface was expected> (0x00000000ed5286a0) 
thrown [s\open\src\hotspot\share\interpreter\linkResolver.cpp, line 841]
Event: 58.498 Thread 0x000002151955b820 Exception <a 'java/lang/NoSuchMethodError'{0x00000000ed536268}: static Ljava/lang/Object;.<clinit>()V> (0x00000000ed536268) 
thrown [s\open\src\hotspot\share\prims\jni.cpp, line 1111]
Event: 58.930 Thread 0x000002151955b820 Exception <a 'java/lang/NoSuchMethodError'{0x00000000eced0418}: 'int java.lang.invoke.DirectMethodHandle$Holder.invokeStaticInit(java.lang.Object, java.lang.Object, java.lang.Object, java.lang.Object, java.lang.Object)'> (0x00000000eced0418) 
thrown [s\open\src\hotspot\share\interpreter\linkResolver.cpp, line 774]
Event: 59.074 Thread 0x000002151955b820 Exception <a 'java/lang/NoSuchMethodError'{0x00000000ecac38a0}: 'java.lang.Object java.lang.invoke.DirectMethodHandle$Holder.newInvokeSpecial(java.lang.Object, java.lang.Object, int, java.lang.Object, java.lang.Object, java.lang.Object, java.lang.Object)'> (0x00000000ecac38a0) 
thrown [s\open\src\hotspot\share\interpreter\linkResolver.cpp, line 774]
Event: 59.075 Thread 0x000002151955b820 Exception <a 'java/lang/NoSuchMethodError'{0x00000000ecacbfa0}: 'java.lang.Object java.lang.invoke.Invokers$Holder.linkToTargetMethod(java.lang.Object, int, java.lang.Object, java.lang.Object, java.lang.Object, java.lang.Object, java.lang.Object)'> (0x00000000ecacbfa0) 
thrown [s\open\src\hotspot\share\interpreter\linkResolver.cpp, line 774]
Event: 59.157 Thread 0x000002151955b820 Exception <a 'java/lang/NoSuchMethodError'{0x00000000ec819220}: static Lorg/gradle/api/internal/tasks/compile/DaemonJavaCompiler$JavaCompilerParameters;.<clinit>()V> (0x00000000ec819220) 
thrown [s\open\src\hotspot\share\prims\jni.cpp, line 1111]
Event: 59.157 Thread 0x000002151955b820 Exception <a 'java/lang/NoSuchMethodError'{0x00000000ec81bed0}: static Lorg/gradle/api/internal/tasks/compile/daemon/CompilerWorkerExecutor$CompilerParameters;.<clinit>()V> (0x00000000ec81bed0) 
thrown [s\open\src\hotspot\share\prims\jni.cpp, line 1111]
Event: 59.157 Thread 0x000002151955b820 Exception <a 'java/lang/NoSuchMethodError'{0x00000000ec81ea18}: static [Ljava/lang/Object;.<clinit>()V> (0x00000000ec81ea18) 
thrown [s\open\src\hotspot\share\prims\jni.cpp, line 1111]
Event: 59.169 Thread 0x000002151955b820 Exception <a 'java/lang/NoSuchMethodError'{0x00000000ec83bb10}: static Ljava/lang/Object;.<clinit>()V> (0x00000000ec83bb10) 
thrown [s\open\src\hotspot\share\prims\jni.cpp, line 1111]
Event: 59.171 Thread 0x000002151955b820 Exception <a 'java/lang/NoSuchMethodError'{0x00000000ec84e8e0}: static Ljava/util/AbstractList;.<clinit>()V> (0x00000000ec84e8e0) 
thrown [s\open\src\hotspot\share\prims\jni.cpp, line 1111]
Event: 59.174 Thread 0x000002151955b820 Exception <a 'java/lang/NoSuchMethodError'{0x00000000ec88bef0}: static Lorg/gradle/api/internal/tasks/compile/DefaultJavaCompileSpecFactory$DefaultForkingJavaCompileSpec;.<clinit>()V> (0x00000000ec88bef0) 
thrown [s\open\src\hotspot\share\prims\jni.cpp, line 1111]
Event: 59.175 Thread 0x000002151955b820 Exception <a 'java/lang/NoSuchMethodError'{0x00000000ec8940e0}: static Lorg/gradle/api/internal/tasks/compile/DefaultJavaCompileSpec;.<clinit>()V> (0x00000000ec8940e0) 
thrown [s\open\src\hotspot\share\prims\jni.cpp, line 1111]
Event: 59.175 Thread 0x000002151955b820 Exception <a 'java/lang/NoSuchMethodError'{0x00000000ec8995a0}: static Lorg/gradle/api/internal/tasks/compile/DefaultJvmLanguageCompileSpec;.<clinit>()V> (0x00000000ec8995a0) 
thrown [s\open\src\hotspot\share\prims\jni.cpp, line 1111]
Event: 59.182 Thread 0x000002151955b820 Implicit null exception at 0x000002156bd7bd31 to 0x000002156bd7c28c
Event: 59.191 Thread 0x000002151955b820 Implicit null exception at 0x000002156bcfef1a to 0x000002156bcfef54
Event: 59.195 Thread 0x000002151955b820 Exception <a 'java/lang/NoSuchMethodError'{0x00000000ec745c28}: static Lorg/gradle/api/internal/tasks/compile/MinimalJavaCompileOptions;.<clinit>()V> (0x00000000ec745c28) 
thrown [s\open\src\hotspot\share\prims\jni.cpp, line 1111]
Event: 59.198 Thread 0x000002151955b820 Exception <a 'java/lang/NoSuchMethodError'{0x00000000ec7a6898}: static Lorg/gradle/api/internal/tasks/compile/MinimalJavaCompilerDaemonForkOptions;.<clinit>()V> (0x00000000ec7a6898) 
thrown [s\open\src\hotspot\share\prims\jni.cpp, line 1111]
Event: 59.198 Thread 0x000002151955b820 Exception <a 'java/lang/NoSuchMethodError'{0x00000000ec7a8fa8}: static Lorg/gradle/api/internal/tasks/compile/MinimalCompilerDaemonForkOptions;.<clinit>()V> (0x00000000ec7a8fa8) 
thrown [s\open\src\hotspot\share\prims\jni.cpp, line 1111]
Event: 59.200 Thread 0x000002151955b820 Exception <a 'java/lang/NoSuchMethodError'{0x00000000ec7c9a88}: static Lorg/gradle/api/internal/tasks/compile/processing/AnnotationProcessorDeclaration;.<clinit>()V> (0x00000000ec7c9a88) 
thrown [s\open\src\hotspot\share\prims\jni.cpp, line 1111]
Event: 59.396 Thread 0x000002151955b820 Exception <a 'java/lang/NoSuchMethodError'{0x00000000ec3ec080}: static Lorg/gradle/process/internal/worker/request/WorkerAction;.<clinit>()V> (0x00000000ec3ec080) 
thrown [s\open\src\hotspot\share\prims\jni.cpp, line 1111]

ZGC Phase Switch (0 events):
No events

VM Operations (20 events):
Event: 58.312 Executing VM operation: HandshakeAllThreads (Deoptimize)
Event: 58.312 Executing VM operation: HandshakeAllThreads (Deoptimize) done
Event: 58.493 Executing VM operation: ICBufferFull
Event: 58.494 Executing VM operation: ICBufferFull done
Event: 58.890 Executing VM operation: ICBufferFull
Event: 58.890 Executing VM operation: ICBufferFull done
Event: 60.192 Executing VM operation: HandshakeAllThreads (Deoptimize)
Event: 60.192 Executing VM operation: HandshakeAllThreads (Deoptimize) done
Event: 60.192 Executing VM operation: Cleanup
Event: 60.192 Executing VM operation: Cleanup done
Event: 60.246 Executing VM operation: HandshakeAllThreads (HandshakeForDeflation)
Event: 60.246 Executing VM operation: HandshakeAllThreads (HandshakeForDeflation) done
Event: 60.246 Executing VM operation: RendezvousGCThreads
Event: 60.246 Executing VM operation: RendezvousGCThreads done
Event: 61.249 Executing VM operation: Cleanup
Event: 61.249 Executing VM operation: Cleanup done
Event: 66.300 Executing VM operation: Cleanup
Event: 66.300 Executing VM operation: Cleanup done
Event: 76.720 Executing VM operation: HandshakeAllThreads (Deoptimize)
Event: 76.720 Executing VM operation: HandshakeAllThreads (Deoptimize) done

Memory protections (0 events):
No events

Nmethod flushes (20 events):
Event: 57.528 Thread 0x0000021575d0ff80 flushing  nmethod 0x0000021563feec10
Event: 57.528 Thread 0x0000021575d0ff80 flushing  nmethod 0x0000021563ff3d90
Event: 57.528 Thread 0x0000021575d0ff80 flushing  nmethod 0x0000021563ff6090
Event: 57.528 Thread 0x0000021575d0ff80 flushing  nmethod 0x0000021563ff6890
Event: 57.528 Thread 0x0000021575d0ff80 flushing  nmethod 0x0000021564062610
Event: 57.528 Thread 0x0000021575d0ff80 flushing  nmethod 0x0000021564066910
Event: 57.528 Thread 0x0000021575d0ff80 flushing  nmethod 0x0000021564090710
Event: 57.528 Thread 0x0000021575d0ff80 flushing  nmethod 0x000002156412aa10
Event: 57.528 Thread 0x0000021575d0ff80 flushing  nmethod 0x00000215641fe010
Event: 57.528 Thread 0x0000021575d0ff80 flushing  nmethod 0x00000215641fed10
Event: 57.528 Thread 0x0000021575d0ff80 flushing  nmethod 0x00000215642a8410
Event: 57.528 Thread 0x0000021575d0ff80 flushing  nmethod 0x00000215642c0a10
Event: 57.528 Thread 0x0000021575d0ff80 flushing  nmethod 0x00000215642c0f10
Event: 57.528 Thread 0x0000021575d0ff80 flushing  nmethod 0x0000021564374710
Event: 57.528 Thread 0x0000021575d0ff80 flushing  nmethod 0x0000021564433d10
Event: 57.528 Thread 0x0000021575d0ff80 flushing  nmethod 0x000002156447ba90
Event: 57.528 Thread 0x0000021575d0ff80 flushing  nmethod 0x00000215644d0c90
Event: 57.528 Thread 0x0000021575d0ff80 flushing  nmethod 0x0000021564592910
Event: 57.528 Thread 0x0000021575d0ff80 flushing  nmethod 0x0000021564593410
Event: 57.528 Thread 0x0000021575d0ff80 flushing  nmethod 0x0000021564593890

Events (20 events):
Event: 48.999 Thread 0x000002151c6b2980 Thread exited: 0x000002151c6b2980
Event: 49.223 Thread 0x0000021575d365b0 Thread added: 0x000002151c6b2980
Event: 52.546 Thread 0x000002151c6b2980 Thread exited: 0x000002151c6b2980
Event: 57.635 Thread 0x0000021575d365b0 Thread added: 0x0000021519501a30
Event: 58.004 Thread 0x000002151a991270 Thread added: 0x000002151d78bc20
Event: 58.019 Thread 0x000002151d78bc20 Thread added: 0x000002151955b820
Event: 58.020 Thread 0x000002151d78bc20 Thread added: 0x000002151955d8f0
Event: 58.020 Thread 0x000002151d78bc20 Thread added: 0x000002151955beb0
Event: 58.064 Thread 0x000002151955b820 Thread added: 0x000002151955cbd0
Event: 58.310 Thread 0x0000021519501a30 Thread exited: 0x0000021519501a30
Event: 58.979 Thread 0x000002151955b820 Thread added: 0x000002151955df80
Event: 59.268 Thread 0x000002151955b820 Thread added: 0x000002151955e610
Event: 59.423 Thread 0x000002151e035ab0 Thread added: 0x000002151955eca0
Event: 59.423 Thread 0x000002151e035ab0 Thread added: 0x000002151955c540
Event: 59.423 Thread 0x000002151955eca0 Thread exited: 0x000002151955eca0
Event: 60.173 Thread 0x000002151955e610 Thread added: 0x000002151955eca0
Event: 60.174 Thread 0x000002151955e610 Thread added: 0x000002151d5f3080
Event: 60.175 Thread 0x000002151955b820 Thread added: 0x000002151d5f4ac0
Event: 60.194 Thread 0x000002151955b820 Thread added: 0x000002151d5f5150
Event: 60.195 Thread 0x000002151955b820 Thread added: 0x000002151d5f57e0


Dynamic libraries:
0x00007ff7ba4c0000 - 0x00007ff7ba4ce000 	C:\Users\ASUS\.jdks\openjdk-22.0.2\bin\java.exe
0x00007ffd8b710000 - 0x00007ffd8b908000 	C:\Windows\SYSTEM32\ntdll.dll
0x00007ffd8a1d0000 - 0x00007ffd8a28f000 	C:\Windows\System32\KERNEL32.DLL
0x00007ffd893a0000 - 0x00007ffd89672000 	C:\Windows\System32\KERNELBASE.dll
0x00007ffd88fd0000 - 0x00007ffd890d0000 	C:\Windows\System32\ucrtbase.dll
0x00007ffd72bf0000 - 0x00007ffd72c07000 	C:\Users\ASUS\.jdks\openjdk-22.0.2\bin\jli.dll
0x00007ffd89810000 - 0x00007ffd899b1000 	C:\Windows\System32\USER32.dll
0x00007ffd89370000 - 0x00007ffd89392000 	C:\Windows\System32\win32u.dll
0x00007ffd8b4f0000 - 0x00007ffd8b51b000 	C:\Windows\System32\GDI32.dll
0x00007ffd890d0000 - 0x00007ffd891df000 	C:\Windows\System32\gdi32full.dll
0x00007ffd89680000 - 0x00007ffd8971d000 	C:\Windows\System32\msvcp_win.dll
0x00007ffd6db60000 - 0x00007ffd6db7b000 	C:\Users\ASUS\.jdks\openjdk-22.0.2\bin\VCRUNTIME140.dll
0x00007ffd88200000 - 0x00007ffd8849a000 	C:\Windows\WinSxS\amd64_microsoft.windows.common-controls_6595b64144ccf1df_6.0.19041.1110_none_60b5254171f9507e\COMCTL32.dll
0x00007ffd8a290000 - 0x00007ffd8a32e000 	C:\Windows\System32\msvcrt.dll
0x00007ffd89770000 - 0x00007ffd897a2000 	C:\Windows\System32\IMM32.DLL
0x00007ffd86f40000 - 0x00007ffd86f4c000 	C:\Users\ASUS\.jdks\openjdk-22.0.2\bin\vcruntime140_1.dll
0x00007ffd66bc0000 - 0x00007ffd66c4e000 	C:\Users\ASUS\.jdks\openjdk-22.0.2\bin\msvcp140.dll
0x00007ffd0bab0000 - 0x00007ffd0c7f9000 	C:\Users\ASUS\.jdks\openjdk-22.0.2\bin\server\jvm.dll
0x00007ffd89f60000 - 0x00007ffd8a00e000 	C:\Windows\System32\ADVAPI32.dll
0x00007ffd8b520000 - 0x00007ffd8b5bc000 	C:\Windows\System32\sechost.dll
0x00007ffd8b290000 - 0x00007ffd8b3b5000 	C:\Windows\System32\RPCRT4.dll
0x00007ffd8a330000 - 0x00007ffd8a39b000 	C:\Windows\System32\WS2_32.dll
0x00007ffd88880000 - 0x00007ffd888cb000 	C:\Windows\SYSTEM32\POWRPROF.dll
0x00007ffd7c630000 - 0x00007ffd7c657000 	C:\Windows\SYSTEM32\WINMM.dll
0x00007ffd81ea0000 - 0x00007ffd81eaa000 	C:\Windows\SYSTEM32\VERSION.dll
0x00007ffd884a0000 - 0x00007ffd884b2000 	C:\Windows\SYSTEM32\UMPDC.dll
0x00007ffd85fc0000 - 0x00007ffd85fd2000 	C:\Windows\SYSTEM32\kernel.appcore.dll
0x00007ffd72be0000 - 0x00007ffd72bea000 	C:\Users\ASUS\.jdks\openjdk-22.0.2\bin\jimage.dll
0x00007ffd88690000 - 0x00007ffd88874000 	C:\Windows\SYSTEM32\DBGHELP.DLL
0x00007ffd885d0000 - 0x00007ffd88605000 	C:\Windows\SYSTEM32\dbgcore.DLL
0x00007ffd892e0000 - 0x00007ffd89362000 	C:\Windows\System32\bcryptPrimitives.dll
0x00007ffd70a50000 - 0x00007ffd70a5f000 	C:\Users\ASUS\.jdks\openjdk-22.0.2\bin\instrument.dll
0x00007ffd6db40000 - 0x00007ffd6db5e000 	C:\Users\ASUS\.jdks\openjdk-22.0.2\bin\java.dll
0x00007ffd8a980000 - 0x00007ffd8b0c5000 	C:\Windows\System32\SHELL32.dll
0x00007ffd8b3c0000 - 0x00007ffd8b4ea000 	C:\Windows\System32\ole32.dll
0x00007ffd8a470000 - 0x00007ffd8a7c5000 	C:\Windows\System32\combase.dll
0x00007ffd861c0000 - 0x00007ffd86952000 	C:\Windows\SYSTEM32\windows.storage.dll
0x00007ffd88160000 - 0x00007ffd88190000 	C:\Windows\SYSTEM32\Wldp.dll
0x00007ffd8b620000 - 0x00007ffd8b6cd000 	C:\Windows\System32\SHCORE.dll
0x00007ffd8b5c0000 - 0x00007ffd8b615000 	C:\Windows\System32\shlwapi.dll
0x00007ffd88d40000 - 0x00007ffd88d5f000 	C:\Windows\SYSTEM32\profapi.dll
0x00007ffd55470000 - 0x00007ffd55547000 	C:\Users\ASUS\.jdks\openjdk-22.0.2\bin\jsvml.dll
0x00007ffd689c0000 - 0x00007ffd689d7000 	C:\Users\ASUS\.jdks\openjdk-22.0.2\bin\zip.dll
0x00007ffd6e4e0000 - 0x00007ffd6e4f0000 	C:\Users\ASUS\.jdks\openjdk-22.0.2\bin\net.dll
0x00007ffd88030000 - 0x00007ffd8809a000 	C:\Windows\system32\mswsock.dll
0x00007ffd68510000 - 0x00007ffd68526000 	C:\Users\ASUS\.jdks\openjdk-22.0.2\bin\nio.dll
0x00007ffd6dad0000 - 0x00007ffd6dae0000 	C:\Users\ASUS\.jdks\openjdk-22.0.2\bin\verify.dll
0x00007ffd5c9b0000 - 0x00007ffd5c9d7000 	C:\Users\ASUS\.gradle\native\c067742578af261105cb4f569cf0c3c89f3d7b1fecec35dd04571415982c5e48\windows-amd64\native-platform.dll
0x00007ffd1f800000 - 0x00007ffd1f944000 	C:\Users\ASUS\.gradle\native\100fb08df4bc3b14c8652ba06237920a3bd2aa13389f12d3474272988ae205f9\windows-amd64\native-platform-file-events.dll
0x00007ffd6dab0000 - 0x00007ffd6daba000 	C:\Users\ASUS\.jdks\openjdk-22.0.2\bin\management.dll
0x00007ffd6d8d0000 - 0x00007ffd6d8db000 	C:\Users\ASUS\.jdks\openjdk-22.0.2\bin\management_ext.dll
0x00007ffd8a010000 - 0x00007ffd8a018000 	C:\Windows\System32\PSAPI.DLL
0x00007ffd88b90000 - 0x00007ffd88ba8000 	C:\Windows\SYSTEM32\CRYPTSP.dll
0x00007ffd877d0000 - 0x00007ffd87804000 	C:\Windows\system32\rsaenh.dll
0x00007ffd89720000 - 0x00007ffd89747000 	C:\Windows\System32\bcrypt.dll
0x00007ffd88d00000 - 0x00007ffd88d2e000 	C:\Windows\SYSTEM32\USERENV.dll
0x00007ffd88120000 - 0x00007ffd8812c000 	C:\Windows\SYSTEM32\CRYPTBASE.dll
0x00007ffd87bb0000 - 0x00007ffd87beb000 	C:\Windows\SYSTEM32\IPHLPAPI.DLL
0x00007ffd89e40000 - 0x00007ffd89e48000 	C:\Windows\System32\NSI.dll
0x00007ffd6d7b0000 - 0x00007ffd6d7b9000 	C:\Users\ASUS\.jdks\openjdk-22.0.2\bin\extnet.dll
0x00007ffd6c870000 - 0x00007ffd6c87e000 	C:\Users\ASUS\.jdks\openjdk-22.0.2\bin\sunmscapi.dll
0x00007ffd88e00000 - 0x00007ffd88f56000 	C:\Windows\System32\CRYPT32.dll
0x00007ffd881d0000 - 0x00007ffd881f7000 	C:\Windows\SYSTEM32\ncrypt.dll
0x00007ffd88190000 - 0x00007ffd881cb000 	C:\Windows\SYSTEM32\NTASN1.dll
0x00007ffd75850000 - 0x00007ffd75857000 	C:\Windows\system32\wshunix.dll

dbghelp: loaded successfully - version: 4.0.5 - missing functions: none
symbol engine: initialized successfully - sym options: 0x614 - pdb path: .;C:\Users\ASUS\.jdks\openjdk-22.0.2\bin;C:\Windows\SYSTEM32;C:\Windows\WinSxS\amd64_microsoft.windows.common-controls_6595b64144ccf1df_6.0.19041.1110_none_60b5254171f9507e;C:\Users\ASUS\.jdks\openjdk-22.0.2\bin\server;C:\Users\ASUS\.gradle\native\c067742578af261105cb4f569cf0c3c89f3d7b1fecec35dd04571415982c5e48\windows-amd64;C:\Users\ASUS\.gradle\native\100fb08df4bc3b14c8652ba06237920a3bd2aa13389f12d3474272988ae205f9\windows-amd64

VM Arguments:
jvm_args: --add-opens=java.base/java.lang=ALL-UNNAMED --add-opens=java.base/java.lang.invoke=ALL-UNNAMED --add-opens=java.base/java.util=ALL-UNNAMED --add-opens=java.prefs/java.util.prefs=ALL-UNNAMED --add-exports=jdk.compiler/com.sun.tools.javac.api=ALL-UNNAMED --add-exports=jdk.compiler/com.sun.tools.javac.util=ALL-UNNAMED --add-opens=java.base/java.util=ALL-UNNAMED --add-opens=java.prefs/java.util.prefs=ALL-UNNAMED --add-opens=java.base/java.nio.charset=ALL-UNNAMED --add-opens=java.base/java.net=ALL-UNNAMED --add-opens=java.base/java.util.concurrent.atomic=ALL-UNNAMED --add-opens=java.xml/javax.xml.namespace=ALL-UNNAMED -XX:MaxMetaspaceSize=384m -XX:+HeapDumpOnOutOfMemoryError -Xms256m -Xmx512m -Dfile.encoding=windows-1252 -Duser.country=US -Duser.language=en -Duser.variant -javaagent:C:\Users\ASUS\.gradle\wrapper\dists\gradle-8.11.1-bin\bpt9gzteqjrbo1mjrsomdt32c\gradle-8.11.1\lib\agents\gradle-instrumentation-agent-8.11.1.jar 
java_command: org.gradle.launcher.daemon.bootstrap.GradleDaemon 8.11.1
java_class_path (initial): C:\Users\ASUS\.gradle\wrapper\dists\gradle-8.11.1-bin\bpt9gzteqjrbo1mjrsomdt32c\gradle-8.11.1\lib\gradle-daemon-main-8.11.1.jar
Launcher Type: SUN_STANDARD

[Global flags]
     intx CICompilerCount                          = 3                                         {product} {ergonomic}
   size_t CompressedClassSpaceSize                 = 335544320                                 {product} {ergonomic}
     uint ConcGCThreads                            = 1                                         {product} {ergonomic}
     uint G1ConcRefinementThreads                  = 4                                         {product} {ergonomic}
   size_t G1HeapRegionSize                         = 1048576                                   {product} {ergonomic}
     bool HeapDumpOnOutOfMemoryError               = true                                   {manageable} {command line}
   size_t InitialHeapSize                          = 268435456                                 {product} {command line}
   size_t MarkStackSize                            = 4194304                                   {product} {ergonomic}
   size_t MaxHeapSize                              = 536870912                                 {product} {command line}
   size_t MaxMetaspaceSize                         = 402653184                                 {product} {command line}
   size_t MaxNewSize                               = 321912832                                 {product} {ergonomic}
   size_t MinHeapDeltaBytes                        = 1048576                                   {product} {ergonomic}
   size_t MinHeapSize                              = 268435456                                 {product} {command line}
    uintx NonNMethodCodeHeapSize                   = 5832780                                {pd product} {ergonomic}
    uintx NonProfiledCodeHeapSize                  = 122912730                              {pd product} {ergonomic}
    uintx ProfiledCodeHeapSize                     = 122912730                              {pd product} {ergonomic}
    uintx ReservedCodeCacheSize                    = 251658240                              {pd product} {ergonomic}
     bool SegmentedCodeCache                       = true                                      {product} {ergonomic}
   size_t SoftMaxHeapSize                          = 536870912                              {manageable} {ergonomic}
     bool UseCompressedOops                        = true                           {product lp64_product} {ergonomic}
     bool UseG1GC                                  = true                                      {product} {ergonomic}
     bool UseLargePagesIndividualAllocation        = false                                  {pd product} {ergonomic}

Logging:
Log output configuration:
 #0: stdout all=warning uptime,level,tags foldmultilines=false
 #1: stderr all=off uptime,level,tags foldmultilines=false

Environment Variables:
PATH=C:\Windows\system32;C:\Windows;C:\Windows\System32\Wbem;C:\Windows\System32\WindowsPowerShell\v1.0\;C:\Windows\System32\OpenSSH\;C:\Program Files\Git\cmd;C:\Users\ASUS\AppData\Local\Microsoft\WindowsApps;;D:\WebStorm 2024.1.5\bin;
USERNAME=ASUS
OS=Windows_NT
PROCESSOR_IDENTIFIER=Intel64 Family 6 Model 158 Stepping 9, GenuineIntel
TMP=C:\Users\ASUS\AppData\Local\Temp
TEMP=C:\Users\ASUS\AppData\Local\Temp




Periodic native trim disabled

---------------  S Y S T E M  ---------------

OS:
 Windows 10 , 64 bit Build 19041 (10.0.19041.2546)
OS uptime: 0 days 11:31 hours

CPU: total 4 (initial active 4) (4 cores per cpu, 1 threads per core) family 6 model 158 stepping 9 microcode 0xb4, cx8, cmov, fxsr, mmx, 3dnowpref, sse, sse2, sse3, ssse3, sse4.1, sse4.2, popcnt, lzcnt, tsc, tscinvbit, avx, avx2, aes, erms, clmul, bmi1, bmi2, adx, fma, vzeroupper, clflush, clflushopt, rdtscp, f16c
Processor Information for all 4 processors :
  Max Mhz: 2501, Current Mhz: 2501, Mhz Limit: 2501

Memory: 4k page, system-wide physical 8076M (605M free)
TotalPageFile size 16542M (AvailPageFile size 451M)
current process WorkingSet (physical memory assigned to process): 361M, peak: 402M
current process commit charge ("private bytes"): 491M, peak: 504M

vm_info: OpenJDK 64-Bit Server VM (22.0.2+9-70) for windows-amd64 JRE (22.0.2+9-70), built on 2024-06-04T16:52:23Z by "mach5one" with MS VC++ 17.6 (VS2022)

END.
