#
# There is insufficient memory for the Java Runtime Environment to continue.
# Native memory allocation (malloc) failed to allocate 670976 bytes. Error detail: Chunk::new
# Possible reasons:
#   The system is out of physical RAM or swap space
#   This process is running with CompressedOops enabled, and the Java Heap may be blocking the growth of the native heap
# Possible solutions:
#   Reduce memory load on the system
#   Increase physical memory or swap space
#   Check if swap backing store is full
#   Decrease Java heap size (-Xmx/-Xms)
#   Decrease number of Java threads
#   Decrease Java thread stack sizes (-Xss)
#   Set larger code cache with -XX:ReservedCodeCacheSize=
#   JVM is running with Unscaled Compressed Oops mode in which the Java heap is
#     placed in the first 4GB address space. The Java Heap base address is the
#     maximum limit for the native heap growth. Please use -XX:HeapBaseMinAddress
#     to set the Java Heap base and to place the Java Heap above 4GB virtual address.
# This output file may be truncated or incomplete.
#
#  Out of Memory Error (arena.cpp:191), pid=16404, tid=9236
#
# JRE version: OpenJDK Runtime Environment JBR-17.0.11+1-1207.24-jcef (17.0.11+1) (build 17.0.11+1-b1207.24)
# Java VM: OpenJDK 64-Bit Server VM JBR-17.0.11+1-1207.24-jcef (17.0.11+1-b1207.24, mixed mode, tiered, compressed oops, compressed class ptrs, g1 gc, windows-amd64)
# No core dump will be written. Minidumps are not enabled by default on client versions of Windows
#

---------------  S U M M A R Y ------------

Command Line: -Djava.rmi.server.hostname=127.0.0.1 -Duser.timezone=UTC -Xmx2048m -Xms128m -Djdbc.classpath=D:\Java\IntelliJ IDEA 2024.1.4\plugins\DatabaseTools\lib\jdbc-console.jar;C:\Users\ASUS\AppData\Roaming\JetBrains\IntelliJIdea2024.1\jdbc-drivers\MySQL ConnectorJ\8.2.0\com\mysql\mysql-connector-j\8.2.0\mysql-connector-j-8.2.0.jar;C:\Users\ASUS\AppData\Roaming\JetBrains\IntelliJIdea2024.1\jdbc-drivers\MySQL ConnectorJ\8.2.0\com\google\protobuf\protobuf-java\3.21.9\protobuf-java-3.21.9.jar --add-exports=java.desktop/sun.awt=ALL-UNNAMED --add-exports=java.desktop/java.awt.peer=ALL-UNNAMED --add-opens=java.desktop/java.awt=ALL-UNNAMED --add-opens=jdk.unsupported/sun.misc=ALL-UNNAMED --add-opens=java.base/java.nio=ALL-UNNAMED --add-opens=java.base/java.util=ALL-UNNAMED -Dfile.encoding=UTF-8 com.intellij.database.remote.RemoteJdbcServer com.mysql.cj.jdbc.Driver

Host: Intel(R) Core(TM) i5-7300HQ CPU @ 2.50GHz, 4 cores, 7G,  Windows 10 , 64 bit Build 19041 (10.0.19041.2546)
Time: Thu Jan  9 13:44:29 2025 SE Asia Standard Time elapsed time: 1.043936 seconds (0d 0h 0m 1s)

---------------  T H R E A D  ---------------

Current thread (0x0000011941293fa0):  JavaThread "C2 CompilerThread1" daemon [_thread_in_native, id=9236, stack(0x0000001209100000,0x0000001209200000)]


Current CompileTask:
C2:   1043 1669       4       jdk.internal.org.objectweb.asm.Frame::execute (2305 bytes)

Stack: [0x0000001209100000,0x0000001209200000]
Native frames: (J=compiled Java code, j=interpreted, Vv=VM code, C=native code)
V  [jvm.dll+0x6877f9]
V  [jvm.dll+0x8411aa]
V  [jvm.dll+0x842e2e]
V  [jvm.dll+0x843493]
V  [jvm.dll+0x249fdf]
V  [jvm.dll+0xac544]
V  [jvm.dll+0xacb8c]
V  [jvm.dll+0x2b15af]
V  [jvm.dll+0x58e827]
V  [jvm.dll+0x224492]
V  [jvm.dll+0x21d64f]
V  [jvm.dll+0x21aeb1]
V  [jvm.dll+0x1a637d]
V  [jvm.dll+0x22ae8e]
V  [jvm.dll+0x229015]
V  [jvm.dll+0x7f53a7]
V  [jvm.dll+0x7ef7aa]
V  [jvm.dll+0x686675]
C  [ucrtbase.dll+0x21bb2]
C  [KERNEL32.DLL+0x17614]
C  [ntdll.dll+0x526a1]


---------------  P R O C E S S  ---------------

Threads class SMR info:
_java_thread_list=0x00000119414ef620, length=24, elements={
0x0000011921376c40, 0x000001193cb9bc40, 0x000001193cb9d0a0, 0x000001193cbcea60,
0x00000119410164e0, 0x0000011941016db0, 0x0000011941017680, 0x0000011941018280,
0x000001194101ac50, 0x000001194101ee70, 0x00000119411c6030, 0x00000119411ca190,
0x0000011941293fa0, 0x00000119412e4f70, 0x00000119414c81c0, 0x0000011941252f30,
0x0000011941253410, 0x00000119412538f0, 0x00000119414c6430, 0x00000119414c6910,
0x000001194150c170, 0x000001194150a310, 0x000001194150b750, 0x000001194150a820
}

Java Threads: ( => current thread )
  0x0000011921376c40 JavaThread "main" [_thread_blocked, id=8320, stack(0x0000001207e00000,0x0000001207f00000)]
  0x000001193cb9bc40 JavaThread "Reference Handler" daemon [_thread_blocked, id=17072, stack(0x0000001208500000,0x0000001208600000)]
  0x000001193cb9d0a0 JavaThread "Finalizer" daemon [_thread_blocked, id=16524, stack(0x0000001208600000,0x0000001208700000)]
  0x000001193cbcea60 JavaThread "Signal Dispatcher" daemon [_thread_blocked, id=3220, stack(0x0000001208700000,0x0000001208800000)]
  0x00000119410164e0 JavaThread "Attach Listener" daemon [_thread_blocked, id=12360, stack(0x0000001208800000,0x0000001208900000)]
  0x0000011941016db0 JavaThread "Service Thread" daemon [_thread_blocked, id=13204, stack(0x0000001208900000,0x0000001208a00000)]
  0x0000011941017680 JavaThread "Monitor Deflation Thread" daemon [_thread_blocked, id=17008, stack(0x0000001208a00000,0x0000001208b00000)]
  0x0000011941018280 JavaThread "C2 CompilerThread0" daemon [_thread_in_native, id=13332, stack(0x0000001208b00000,0x0000001208c00000)]
  0x000001194101ac50 JavaThread "C1 CompilerThread0" daemon [_thread_in_native, id=9692, stack(0x0000001208c00000,0x0000001208d00000)]
  0x000001194101ee70 JavaThread "Sweeper thread" daemon [_thread_blocked, id=8612, stack(0x0000001208d00000,0x0000001208e00000)]
  0x00000119411c6030 JavaThread "Common-Cleaner" daemon [_thread_blocked, id=7016, stack(0x0000001208e00000,0x0000001208f00000)]
  0x00000119411ca190 JavaThread "Notification Thread" daemon [_thread_blocked, id=2444, stack(0x0000001208f00000,0x0000001209000000)]
=>0x0000011941293fa0 JavaThread "C2 CompilerThread1" daemon [_thread_in_native, id=9236, stack(0x0000001209100000,0x0000001209200000)]
  0x00000119412e4f70 JavaThread "mysql-cj-abandoned-connection-cleanup" daemon [_thread_blocked, id=10636, stack(0x0000001209200000,0x0000001209300000)]
  0x00000119414c81c0 JavaThread "RMI TCP Accept-11937" daemon [_thread_in_native, id=4264, stack(0x0000001209300000,0x0000001209400000)]
  0x0000011941252f30 JavaThread "RMI TCP Accept-0" daemon [_thread_in_native, id=9796, stack(0x0000001209400000,0x0000001209500000)]
  0x0000011941253410 JavaThread "RMI Reaper" [_thread_blocked, id=17324, stack(0x0000001209500000,0x0000001209600000)]
  0x00000119412538f0 JavaThread "RMI GC Daemon" daemon [_thread_blocked, id=14104, stack(0x0000001209600000,0x0000001209700000)]
  0x00000119414c6430 JavaThread "RMI TCP Connection(1)-127.0.0.1" daemon [_thread_in_native, id=13156, stack(0x0000001209700000,0x0000001209800000)]
  0x00000119414c6910 JavaThread "RMI TCP Connection(2)-127.0.0.1" daemon [_thread_in_native, id=7616, stack(0x0000001209800000,0x0000001209900000)]
  0x000001194150c170 JavaThread "RMI TCP Connection(3)-127.0.0.1" daemon [_thread_in_Java, id=13160, stack(0x0000001209900000,0x0000001209a00000)]
  0x000001194150a310 JavaThread "RMI TCP Connection(4)-127.0.0.1" daemon [_thread_in_native, id=11452, stack(0x0000001209a00000,0x0000001209b00000)]
  0x000001194150b750 JavaThread "RMI Scheduler(0)" daemon [_thread_blocked, id=4552, stack(0x0000001209b00000,0x0000001209c00000)]
  0x000001194150a820 JavaThread "RMI RenewClean-[127.0.0.1:57301]" daemon [_thread_blocked, id=5528, stack(0x0000001209c00000,0x0000001209d00000)]

Other Threads:
  0x000001193cb97880 VMThread "VM Thread" [stack: 0x0000001208400000,0x0000001208500000] [id=12628]
  0x00000119411cbaa0 WatcherThread [stack: 0x0000001209000000,0x0000001209100000] [id=3036]
  0x00000119213d1f30 GCTaskThread "GC Thread#0" [stack: 0x0000001207f00000,0x0000001208000000] [id=17112]
  0x00000119416c9380 GCTaskThread "GC Thread#1" [stack: 0x0000001209d00000,0x0000001209e00000] [id=12572]
  0x0000011941607860 GCTaskThread "GC Thread#2" [stack: 0x0000001209e00000,0x0000001209f00000] [id=3576]
  0x0000011941626050 GCTaskThread "GC Thread#3" [stack: 0x0000001209f00000,0x000000120a000000] [id=15672]
  0x00000119213e2d90 ConcurrentGCThread "G1 Main Marker" [stack: 0x0000001208000000,0x0000001208100000] [id=13752]
  0x00000119213e4e70 ConcurrentGCThread "G1 Conc#0" [stack: 0x0000001208100000,0x0000001208200000] [id=2020]
  0x000001193c9f00a0 ConcurrentGCThread "G1 Refine#0" [stack: 0x0000001208200000,0x0000001208300000] [id=11040]
  0x000001194179bd50 ConcurrentGCThread "G1 Refine#1" [stack: 0x000000120a000000,0x000000120a100000] [id=9300]
  0x000001193c9f19f0 ConcurrentGCThread "G1 Service" [stack: 0x0000001208300000,0x0000001208400000] [id=9548]

Threads with active compile tasks:
C2 CompilerThread0     1061 1725       4       jdk.internal.org.objectweb.asm.SymbolTable::addConstantUtf8Reference (101 bytes)
C1 CompilerThread0     1061 1718       3       java.lang.reflect.ProxyGenerator::checkReturnTypes (281 bytes)
C2 CompilerThread1     1061 1669       4       jdk.internal.org.objectweb.asm.Frame::execute (2305 bytes)

VM state: not at safepoint (normal execution)

VM Mutex/Monitor currently owned by a thread: None

Heap address: 0x0000000080000000, size: 2048 MB, Compressed Oops mode: 32-bit

CDS archive(s) not mapped
Compressed class space mapped at: 0x0000000100000000-0x0000000140000000, reserved size: 1073741824
Narrow klass base: 0x0000000000000000, Narrow klass shift: 3, Narrow klass range: 0x140000000

GC Precious Log:
 CPUs: 4 total, 4 available
 Memory: 8076M
 Large Page Support: Disabled
 NUMA Support: Disabled
 Compressed Oops: Enabled (32-bit)
 Heap Region Size: 1M
 Heap Min Capacity: 128M
 Heap Initial Capacity: 128M
 Heap Max Capacity: 2G
 Pre-touch: Disabled
 Parallel Workers: 4
 Concurrent Workers: 1
 Concurrent Refinement Workers: 4
 Periodic GC: Disabled

Heap:
 garbage-first heap   total 131072K, used 12854K [0x0000000080000000, 0x0000000100000000)
  region size 1024K, 8 young (8192K), 3 survivors (3072K)
 Metaspace       used 23232K, committed 23552K, reserved 1114112K
  class space    used 2514K, committed 2688K, reserved 1048576K

Heap Regions: E=young(eden), S=young(survivor), O=old, HS=humongous(starts), HC=humongous(continues), CS=collection set, F=free, OA=open archive, CA=closed archive, TAMS=top-at-mark-start (previous, next)
|   0|0x0000000080000000, 0x0000000080100000, 0x0000000080100000|100%|HS|  |TAMS 0x0000000080100000, 0x0000000080000000| Complete 
|   1|0x0000000080100000, 0x0000000080200000, 0x0000000080200000|100%|HC|  |TAMS 0x0000000080200000, 0x0000000080100000| Complete 
|   2|0x0000000080200000, 0x0000000080300000, 0x0000000080300000|100%|HC|  |TAMS 0x0000000080300000, 0x0000000080200000| Complete 
|   3|0x0000000080300000, 0x0000000080400000, 0x0000000080400000|100%| O|  |TAMS 0x0000000080400000, 0x0000000080300000| Untracked 
|   4|0x0000000080400000, 0x0000000080500000, 0x0000000080500000|100%| O|  |TAMS 0x0000000080500000, 0x0000000080400000| Untracked 
|   5|0x0000000080500000, 0x000000008058da00, 0x0000000080600000| 55%| O|  |TAMS 0x0000000080522a00, 0x0000000080500000| Untracked 
|   6|0x0000000080600000, 0x0000000080600000, 0x0000000080700000|  0%| F|  |TAMS 0x0000000080600000, 0x0000000080600000| Untracked 
|   7|0x0000000080700000, 0x0000000080700000, 0x0000000080800000|  0%| F|  |TAMS 0x0000000080700000, 0x0000000080700000| Untracked 
|   8|0x0000000080800000, 0x0000000080800000, 0x0000000080900000|  0%| F|  |TAMS 0x0000000080800000, 0x0000000080800000| Untracked 
|   9|0x0000000080900000, 0x0000000080900000, 0x0000000080a00000|  0%| F|  |TAMS 0x0000000080900000, 0x0000000080900000| Untracked 
|  10|0x0000000080a00000, 0x0000000080a00000, 0x0000000080b00000|  0%| F|  |TAMS 0x0000000080a00000, 0x0000000080a00000| Untracked 
|  11|0x0000000080b00000, 0x0000000080b00000, 0x0000000080c00000|  0%| F|  |TAMS 0x0000000080b00000, 0x0000000080b00000| Untracked 
|  12|0x0000000080c00000, 0x0000000080c00000, 0x0000000080d00000|  0%| F|  |TAMS 0x0000000080c00000, 0x0000000080c00000| Untracked 
|  13|0x0000000080d00000, 0x0000000080d00000, 0x0000000080e00000|  0%| F|  |TAMS 0x0000000080d00000, 0x0000000080d00000| Untracked 
|  14|0x0000000080e00000, 0x0000000080e00000, 0x0000000080f00000|  0%| F|  |TAMS 0x0000000080e00000, 0x0000000080e00000| Untracked 
|  15|0x0000000080f00000, 0x0000000080f00000, 0x0000000081000000|  0%| F|  |TAMS 0x0000000080f00000, 0x0000000080f00000| Untracked 
|  16|0x0000000081000000, 0x0000000081000000, 0x0000000081100000|  0%| F|  |TAMS 0x0000000081000000, 0x0000000081000000| Untracked 
|  17|0x0000000081100000, 0x0000000081100000, 0x0000000081200000|  0%| F|  |TAMS 0x0000000081100000, 0x0000000081100000| Untracked 
|  18|0x0000000081200000, 0x0000000081200000, 0x0000000081300000|  0%| F|  |TAMS 0x0000000081200000, 0x0000000081200000| Untracked 
|  19|0x0000000081300000, 0x0000000081300000, 0x0000000081400000|  0%| F|  |TAMS 0x0000000081300000, 0x0000000081300000| Untracked 
|  20|0x0000000081400000, 0x0000000081400000, 0x0000000081500000|  0%| F|  |TAMS 0x0000000081400000, 0x0000000081400000| Untracked 
|  21|0x0000000081500000, 0x0000000081500000, 0x0000000081600000|  0%| F|  |TAMS 0x0000000081500000, 0x0000000081500000| Untracked 
|  22|0x0000000081600000, 0x0000000081600000, 0x0000000081700000|  0%| F|  |TAMS 0x0000000081600000, 0x0000000081600000| Untracked 
|  23|0x0000000081700000, 0x0000000081700000, 0x0000000081800000|  0%| F|  |TAMS 0x0000000081700000, 0x0000000081700000| Untracked 
|  24|0x0000000081800000, 0x0000000081800000, 0x0000000081900000|  0%| F|  |TAMS 0x0000000081800000, 0x0000000081800000| Untracked 
|  25|0x0000000081900000, 0x0000000081900000, 0x0000000081a00000|  0%| F|  |TAMS 0x0000000081900000, 0x0000000081900000| Untracked 
|  26|0x0000000081a00000, 0x0000000081a00000, 0x0000000081b00000|  0%| F|  |TAMS 0x0000000081a00000, 0x0000000081a00000| Untracked 
|  27|0x0000000081b00000, 0x0000000081b00000, 0x0000000081c00000|  0%| F|  |TAMS 0x0000000081b00000, 0x0000000081b00000| Untracked 
|  28|0x0000000081c00000, 0x0000000081c00000, 0x0000000081d00000|  0%| F|  |TAMS 0x0000000081c00000, 0x0000000081c00000| Untracked 
|  29|0x0000000081d00000, 0x0000000081d00000, 0x0000000081e00000|  0%| F|  |TAMS 0x0000000081d00000, 0x0000000081d00000| Untracked 
|  30|0x0000000081e00000, 0x0000000081e00000, 0x0000000081f00000|  0%| F|  |TAMS 0x0000000081e00000, 0x0000000081e00000| Untracked 
|  31|0x0000000081f00000, 0x0000000081f00000, 0x0000000082000000|  0%| F|  |TAMS 0x0000000081f00000, 0x0000000081f00000| Untracked 
|  32|0x0000000082000000, 0x0000000082000000, 0x0000000082100000|  0%| F|  |TAMS 0x0000000082000000, 0x0000000082000000| Untracked 
|  33|0x0000000082100000, 0x0000000082100000, 0x0000000082200000|  0%| F|  |TAMS 0x0000000082100000, 0x0000000082100000| Untracked 
|  34|0x0000000082200000, 0x0000000082200000, 0x0000000082300000|  0%| F|  |TAMS 0x0000000082200000, 0x0000000082200000| Untracked 
|  35|0x0000000082300000, 0x0000000082300000, 0x0000000082400000|  0%| F|  |TAMS 0x0000000082300000, 0x0000000082300000| Untracked 
|  36|0x0000000082400000, 0x0000000082400000, 0x0000000082500000|  0%| F|  |TAMS 0x0000000082400000, 0x0000000082400000| Untracked 
|  37|0x0000000082500000, 0x0000000082500000, 0x0000000082600000|  0%| F|  |TAMS 0x0000000082500000, 0x0000000082500000| Untracked 
|  38|0x0000000082600000, 0x0000000082600000, 0x0000000082700000|  0%| F|  |TAMS 0x0000000082600000, 0x0000000082600000| Untracked 
|  39|0x0000000082700000, 0x0000000082700000, 0x0000000082800000|  0%| F|  |TAMS 0x0000000082700000, 0x0000000082700000| Untracked 
|  40|0x0000000082800000, 0x0000000082800000, 0x0000000082900000|  0%| F|  |TAMS 0x0000000082800000, 0x0000000082800000| Untracked 
|  41|0x0000000082900000, 0x0000000082900000, 0x0000000082a00000|  0%| F|  |TAMS 0x0000000082900000, 0x0000000082900000| Untracked 
|  42|0x0000000082a00000, 0x0000000082a00000, 0x0000000082b00000|  0%| F|  |TAMS 0x0000000082a00000, 0x0000000082a00000| Untracked 
|  43|0x0000000082b00000, 0x0000000082b00000, 0x0000000082c00000|  0%| F|  |TAMS 0x0000000082b00000, 0x0000000082b00000| Untracked 
|  44|0x0000000082c00000, 0x0000000082c00000, 0x0000000082d00000|  0%| F|  |TAMS 0x0000000082c00000, 0x0000000082c00000| Untracked 
|  45|0x0000000082d00000, 0x0000000082d00000, 0x0000000082e00000|  0%| F|  |TAMS 0x0000000082d00000, 0x0000000082d00000| Untracked 
|  46|0x0000000082e00000, 0x0000000082e00000, 0x0000000082f00000|  0%| F|  |TAMS 0x0000000082e00000, 0x0000000082e00000| Untracked 
|  47|0x0000000082f00000, 0x0000000082f00000, 0x0000000083000000|  0%| F|  |TAMS 0x0000000082f00000, 0x0000000082f00000| Untracked 
|  48|0x0000000083000000, 0x0000000083000000, 0x0000000083100000|  0%| F|  |TAMS 0x0000000083000000, 0x0000000083000000| Untracked 
|  49|0x0000000083100000, 0x0000000083100000, 0x0000000083200000|  0%| F|  |TAMS 0x0000000083100000, 0x0000000083100000| Untracked 
|  50|0x0000000083200000, 0x0000000083200000, 0x0000000083300000|  0%| F|  |TAMS 0x0000000083200000, 0x0000000083200000| Untracked 
|  51|0x0000000083300000, 0x0000000083300000, 0x0000000083400000|  0%| F|  |TAMS 0x0000000083300000, 0x0000000083300000| Untracked 
|  52|0x0000000083400000, 0x0000000083400000, 0x0000000083500000|  0%| F|  |TAMS 0x0000000083400000, 0x0000000083400000| Untracked 
|  53|0x0000000083500000, 0x0000000083500000, 0x0000000083600000|  0%| F|  |TAMS 0x0000000083500000, 0x0000000083500000| Untracked 
|  54|0x0000000083600000, 0x0000000083600000, 0x0000000083700000|  0%| F|  |TAMS 0x0000000083600000, 0x0000000083600000| Untracked 
|  55|0x0000000083700000, 0x0000000083700000, 0x0000000083800000|  0%| F|  |TAMS 0x0000000083700000, 0x0000000083700000| Untracked 
|  56|0x0000000083800000, 0x0000000083800000, 0x0000000083900000|  0%| F|  |TAMS 0x0000000083800000, 0x0000000083800000| Untracked 
|  57|0x0000000083900000, 0x0000000083900000, 0x0000000083a00000|  0%| F|  |TAMS 0x0000000083900000, 0x0000000083900000| Untracked 
|  58|0x0000000083a00000, 0x0000000083a00000, 0x0000000083b00000|  0%| F|  |TAMS 0x0000000083a00000, 0x0000000083a00000| Untracked 
|  59|0x0000000083b00000, 0x0000000083b00000, 0x0000000083c00000|  0%| F|  |TAMS 0x0000000083b00000, 0x0000000083b00000| Untracked 
|  60|0x0000000083c00000, 0x0000000083c00000, 0x0000000083d00000|  0%| F|  |TAMS 0x0000000083c00000, 0x0000000083c00000| Untracked 
|  61|0x0000000083d00000, 0x0000000083d00000, 0x0000000083e00000|  0%| F|  |TAMS 0x0000000083d00000, 0x0000000083d00000| Untracked 
|  62|0x0000000083e00000, 0x0000000083e00000, 0x0000000083f00000|  0%| F|  |TAMS 0x0000000083e00000, 0x0000000083e00000| Untracked 
|  63|0x0000000083f00000, 0x0000000083f00000, 0x0000000084000000|  0%| F|  |TAMS 0x0000000083f00000, 0x0000000083f00000| Untracked 
|  64|0x0000000084000000, 0x0000000084000000, 0x0000000084100000|  0%| F|  |TAMS 0x0000000084000000, 0x0000000084000000| Untracked 
|  65|0x0000000084100000, 0x0000000084100000, 0x0000000084200000|  0%| F|  |TAMS 0x0000000084100000, 0x0000000084100000| Untracked 
|  66|0x0000000084200000, 0x0000000084200000, 0x0000000084300000|  0%| F|  |TAMS 0x0000000084200000, 0x0000000084200000| Untracked 
|  67|0x0000000084300000, 0x0000000084300000, 0x0000000084400000|  0%| F|  |TAMS 0x0000000084300000, 0x0000000084300000| Untracked 
|  68|0x0000000084400000, 0x0000000084400000, 0x0000000084500000|  0%| F|  |TAMS 0x0000000084400000, 0x0000000084400000| Untracked 
|  69|0x0000000084500000, 0x0000000084500000, 0x0000000084600000|  0%| F|  |TAMS 0x0000000084500000, 0x0000000084500000| Untracked 
|  70|0x0000000084600000, 0x0000000084600000, 0x0000000084700000|  0%| F|  |TAMS 0x0000000084600000, 0x0000000084600000| Untracked 
|  71|0x0000000084700000, 0x0000000084700000, 0x0000000084800000|  0%| F|  |TAMS 0x0000000084700000, 0x0000000084700000| Untracked 
|  72|0x0000000084800000, 0x0000000084800000, 0x0000000084900000|  0%| F|  |TAMS 0x0000000084800000, 0x0000000084800000| Untracked 
|  73|0x0000000084900000, 0x0000000084900000, 0x0000000084a00000|  0%| F|  |TAMS 0x0000000084900000, 0x0000000084900000| Untracked 
|  74|0x0000000084a00000, 0x0000000084a00000, 0x0000000084b00000|  0%| F|  |TAMS 0x0000000084a00000, 0x0000000084a00000| Untracked 
|  75|0x0000000084b00000, 0x0000000084b00000, 0x0000000084c00000|  0%| F|  |TAMS 0x0000000084b00000, 0x0000000084b00000| Untracked 
|  76|0x0000000084c00000, 0x0000000084c00000, 0x0000000084d00000|  0%| F|  |TAMS 0x0000000084c00000, 0x0000000084c00000| Untracked 
|  77|0x0000000084d00000, 0x0000000084d00000, 0x0000000084e00000|  0%| F|  |TAMS 0x0000000084d00000, 0x0000000084d00000| Untracked 
|  78|0x0000000084e00000, 0x0000000084e00000, 0x0000000084f00000|  0%| F|  |TAMS 0x0000000084e00000, 0x0000000084e00000| Untracked 
|  79|0x0000000084f00000, 0x0000000084f00000, 0x0000000085000000|  0%| F|  |TAMS 0x0000000084f00000, 0x0000000084f00000| Untracked 
|  80|0x0000000085000000, 0x0000000085000000, 0x0000000085100000|  0%| F|  |TAMS 0x0000000085000000, 0x0000000085000000| Untracked 
|  81|0x0000000085100000, 0x0000000085100000, 0x0000000085200000|  0%| F|  |TAMS 0x0000000085100000, 0x0000000085100000| Untracked 
|  82|0x0000000085200000, 0x0000000085200000, 0x0000000085300000|  0%| F|  |TAMS 0x0000000085200000, 0x0000000085200000| Untracked 
|  83|0x0000000085300000, 0x0000000085300000, 0x0000000085400000|  0%| F|  |TAMS 0x0000000085300000, 0x0000000085300000| Untracked 
|  84|0x0000000085400000, 0x0000000085400000, 0x0000000085500000|  0%| F|  |TAMS 0x0000000085400000, 0x0000000085400000| Untracked 
|  85|0x0000000085500000, 0x0000000085500000, 0x0000000085600000|  0%| F|  |TAMS 0x0000000085500000, 0x0000000085500000| Untracked 
|  86|0x0000000085600000, 0x0000000085600000, 0x0000000085700000|  0%| F|  |TAMS 0x0000000085600000, 0x0000000085600000| Untracked 
|  87|0x0000000085700000, 0x0000000085700000, 0x0000000085800000|  0%| F|  |TAMS 0x0000000085700000, 0x0000000085700000| Untracked 
|  88|0x0000000085800000, 0x0000000085800000, 0x0000000085900000|  0%| F|  |TAMS 0x0000000085800000, 0x0000000085800000| Untracked 
|  89|0x0000000085900000, 0x0000000085900000, 0x0000000085a00000|  0%| F|  |TAMS 0x0000000085900000, 0x0000000085900000| Untracked 
|  90|0x0000000085a00000, 0x0000000085a00000, 0x0000000085b00000|  0%| F|  |TAMS 0x0000000085a00000, 0x0000000085a00000| Untracked 
|  91|0x0000000085b00000, 0x0000000085b00000, 0x0000000085c00000|  0%| F|  |TAMS 0x0000000085b00000, 0x0000000085b00000| Untracked 
|  92|0x0000000085c00000, 0x0000000085c00000, 0x0000000085d00000|  0%| F|  |TAMS 0x0000000085c00000, 0x0000000085c00000| Untracked 
|  93|0x0000000085d00000, 0x0000000085d00000, 0x0000000085e00000|  0%| F|  |TAMS 0x0000000085d00000, 0x0000000085d00000| Untracked 
|  94|0x0000000085e00000, 0x0000000085e00000, 0x0000000085f00000|  0%| F|  |TAMS 0x0000000085e00000, 0x0000000085e00000| Untracked 
|  95|0x0000000085f00000, 0x0000000085f00000, 0x0000000086000000|  0%| F|  |TAMS 0x0000000085f00000, 0x0000000085f00000| Untracked 
|  96|0x0000000086000000, 0x0000000086000000, 0x0000000086100000|  0%| F|  |TAMS 0x0000000086000000, 0x0000000086000000| Untracked 
|  97|0x0000000086100000, 0x0000000086100000, 0x0000000086200000|  0%| F|  |TAMS 0x0000000086100000, 0x0000000086100000| Untracked 
|  98|0x0000000086200000, 0x0000000086200000, 0x0000000086300000|  0%| F|  |TAMS 0x0000000086200000, 0x0000000086200000| Untracked 
|  99|0x0000000086300000, 0x0000000086300000, 0x0000000086400000|  0%| F|  |TAMS 0x0000000086300000, 0x0000000086300000| Untracked 
| 100|0x0000000086400000, 0x0000000086400000, 0x0000000086500000|  0%| F|  |TAMS 0x0000000086400000, 0x0000000086400000| Untracked 
| 101|0x0000000086500000, 0x0000000086500000, 0x0000000086600000|  0%| F|  |TAMS 0x0000000086500000, 0x0000000086500000| Untracked 
| 102|0x0000000086600000, 0x0000000086600000, 0x0000000086700000|  0%| F|  |TAMS 0x0000000086600000, 0x0000000086600000| Untracked 
| 103|0x0000000086700000, 0x0000000086700000, 0x0000000086800000|  0%| F|  |TAMS 0x0000000086700000, 0x0000000086700000| Untracked 
| 104|0x0000000086800000, 0x0000000086800000, 0x0000000086900000|  0%| F|  |TAMS 0x0000000086800000, 0x0000000086800000| Untracked 
| 105|0x0000000086900000, 0x0000000086900000, 0x0000000086a00000|  0%| F|  |TAMS 0x0000000086900000, 0x0000000086900000| Untracked 
| 106|0x0000000086a00000, 0x0000000086a00000, 0x0000000086b00000|  0%| F|  |TAMS 0x0000000086a00000, 0x0000000086a00000| Untracked 
| 107|0x0000000086b00000, 0x0000000086b00000, 0x0000000086c00000|  0%| F|  |TAMS 0x0000000086b00000, 0x0000000086b00000| Untracked 
| 108|0x0000000086c00000, 0x0000000086c00000, 0x0000000086d00000|  0%| F|  |TAMS 0x0000000086c00000, 0x0000000086c00000| Untracked 
| 109|0x0000000086d00000, 0x0000000086d00000, 0x0000000086e00000|  0%| F|  |TAMS 0x0000000086d00000, 0x0000000086d00000| Untracked 
| 110|0x0000000086e00000, 0x0000000086e00000, 0x0000000086f00000|  0%| F|  |TAMS 0x0000000086e00000, 0x0000000086e00000| Untracked 
| 111|0x0000000086f00000, 0x0000000086f00000, 0x0000000087000000|  0%| F|  |TAMS 0x0000000086f00000, 0x0000000086f00000| Untracked 
| 112|0x0000000087000000, 0x0000000087100000, 0x0000000087100000|100%| S|CS|TAMS 0x0000000087000000, 0x0000000087000000| Complete 
| 113|0x0000000087100000, 0x0000000087100000, 0x0000000087200000|  0%| F|  |TAMS 0x0000000087100000, 0x0000000087100000| Untracked 
| 114|0x0000000087200000, 0x0000000087200000, 0x0000000087300000|  0%| F|  |TAMS 0x0000000087200000, 0x0000000087200000| Untracked 
| 115|0x0000000087300000, 0x0000000087400000, 0x0000000087400000|100%| S|CS|TAMS 0x0000000087300000, 0x0000000087300000| Complete 
| 116|0x0000000087400000, 0x0000000087500000, 0x0000000087500000|100%| S|CS|TAMS 0x0000000087400000, 0x0000000087400000| Complete 
| 117|0x0000000087500000, 0x0000000087500000, 0x0000000087600000|  0%| F|  |TAMS 0x0000000087500000, 0x0000000087500000| Untracked 
| 118|0x0000000087600000, 0x0000000087600000, 0x0000000087700000|  0%| F|  |TAMS 0x0000000087600000, 0x0000000087600000| Untracked 
| 119|0x0000000087700000, 0x0000000087700000, 0x0000000087800000|  0%| F|  |TAMS 0x0000000087700000, 0x0000000087700000| Untracked 
| 120|0x0000000087800000, 0x0000000087800000, 0x0000000087900000|  0%| F|  |TAMS 0x0000000087800000, 0x0000000087800000| Untracked 
| 121|0x0000000087900000, 0x0000000087900000, 0x0000000087a00000|  0%| F|  |TAMS 0x0000000087900000, 0x0000000087900000| Untracked 
| 122|0x0000000087a00000, 0x0000000087a00000, 0x0000000087b00000|  0%| F|  |TAMS 0x0000000087a00000, 0x0000000087a00000| Untracked 
| 123|0x0000000087b00000, 0x0000000087bfda68, 0x0000000087c00000| 99%| E|  |TAMS 0x0000000087b00000, 0x0000000087b00000| Complete 
| 124|0x0000000087c00000, 0x0000000087d00000, 0x0000000087d00000|100%| E|CS|TAMS 0x0000000087c00000, 0x0000000087c00000| Complete 
| 125|0x0000000087d00000, 0x0000000087e00000, 0x0000000087e00000|100%| E|CS|TAMS 0x0000000087d00000, 0x0000000087d00000| Complete 
| 126|0x0000000087e00000, 0x0000000087f00000, 0x0000000087f00000|100%| E|CS|TAMS 0x0000000087e00000, 0x0000000087e00000| Complete 
| 127|0x0000000087f00000, 0x0000000088000000, 0x0000000088000000|100%| E|CS|TAMS 0x0000000087f00000, 0x0000000087f00000| Complete 

Card table byte_map: [0x0000011935d30000,0x0000011936130000] _byte_map_base: 0x0000011935930000

Marking Bits (Prev, Next): (CMBitMap*) 0x00000119213d24a0, (CMBitMap*) 0x00000119213d2460
 Prev Bits: [0x0000011938530000, 0x000001193a530000)
 Next Bits: [0x0000011936530000, 0x0000011938530000)

Polling page: 0x0000011921200000

Metaspace:

Usage:
  Non-class:     20.29 MB used.
      Class:      2.46 MB used.
       Both:     22.75 MB used.

Virtual space:
  Non-class space:       64.00 MB reserved,      20.44 MB ( 32%) committed,  1 nodes.
      Class space:        1.00 GB reserved,       2.62 MB ( <1%) committed,  1 nodes.
             Both:        1.06 GB reserved,      23.06 MB (  2%) committed. 

Chunk freelists:
   Non-Class:  11.59 MB
       Class:  13.20 MB
        Both:  24.80 MB

MaxMetaspaceSize: unlimited
CompressedClassSpaceSize: 1.00 GB
Initial GC threshold: 21.00 MB
Current GC threshold: 35.31 MB
CDS: off
MetaspaceReclaimPolicy: balanced
 - commit_granule_bytes: 65536.
 - commit_granule_words: 8192.
 - virtual_space_node_default_size: 8388608.
 - enlarge_chunks_in_place: 1.
 - new_chunks_are_fully_committed: 0.
 - uncommit_free_chunks: 1.
 - use_allocation_guard: 0.
 - handle_deallocations: 1.


Internal statistics:

num_allocs_failed_limit: 3.
num_arena_births: 270.
num_arena_deaths: 16.
num_vsnodes_births: 2.
num_vsnodes_deaths: 0.
num_space_committed: 369.
num_space_uncommitted: 0.
num_chunks_returned_to_freelist: 26.
num_chunks_taken_from_freelist: 623.
num_chunk_merges: 3.
num_chunk_splits: 367.
num_chunks_enlarged: 205.
num_inconsistent_stats: 0.

CodeHeap 'non-profiled nmethods': size=120000Kb used=545Kb max_used=545Kb free=119454Kb
 bounds [0x000001192ddd0000, 0x000001192e040000, 0x0000011935300000]
CodeHeap 'profiled nmethods': size=120000Kb used=3136Kb max_used=3136Kb free=116864Kb
 bounds [0x0000011926300000, 0x0000011926610000, 0x000001192d830000]
CodeHeap 'non-nmethods': size=5760Kb used=1239Kb max_used=1266Kb free=4520Kb
 bounds [0x000001192d830000, 0x000001192daa0000, 0x000001192ddd0000]
 total_blobs=2274 nmethods=1727 adapters=460
 compilation: enabled
              stopped_count=0, restarted_count=0
 full_count=0

Compilation events (20 events):
Event: 1.033 Thread 0x0000011941018280 nmethod 1686 0x000001192de56490 code [0x000001192de56600, 0x000001192de56698]
Event: 1.033 Thread 0x000001194101ac50 nmethod 1687 0x00000119265f1190 code [0x00000119265f13e0, 0x00000119265f1bf8]
Event: 1.034 Thread 0x000001194101ac50 1688       3       java.security.Provider$ServiceKey::equals (53 bytes)
Event: 1.034 Thread 0x000001194101ac50 nmethod 1688 0x00000119265f1f10 code [0x00000119265f20e0, 0x00000119265f2598]
Event: 1.034 Thread 0x000001194101ac50 1689       3       java.lang.reflect.Method::getParameterTypes (11 bytes)
Event: 1.034 Thread 0x000001194101ac50 nmethod 1689 0x00000119265f2710 code [0x00000119265f28c0, 0x00000119265f2b68]
Event: 1.035 Thread 0x000001194101ac50 1690       3       java.lang.Long::valueOf (40 bytes)
Event: 1.035 Thread 0x000001194101ac50 nmethod 1690 0x00000119265f2c90 code [0x00000119265f2e40, 0x00000119265f3198]
Event: 1.035 Thread 0x000001194101ac50 1691       3       java.security.MessageDigestSpi::<init> (5 bytes)
Event: 1.035 Thread 0x000001194101ac50 nmethod 1691 0x00000119265f3310 code [0x00000119265f34a0, 0x00000119265f35f8]
Event: 1.035 Thread 0x000001194101ac50 1692       3       sun.security.jca.Providers::getProviderList (14 bytes)
Event: 1.036 Thread 0x000001194101ac50 nmethod 1692 0x00000119265f3690 code [0x00000119265f3860, 0x00000119265f3c48]
Event: 1.036 Thread 0x0000011941018280 1693       4       java.lang.StringBuilder::append (8 bytes)
Event: 1.038 Thread 0x000001194101ac50 1694       3       sun.security.provider.SHA::implCompress (13 bytes)
Event: 1.038 Thread 0x000001194101ac50 nmethod 1694 0x00000119265f3d90 code [0x00000119265f3f80, 0x00000119265f43c8]
Event: 1.040 Thread 0x000001194101ac50 1695       3       java.lang.reflect.Constructor::<init> (50 bytes)
Event: 1.041 Thread 0x000001194101ac50 nmethod 1695 0x00000119265f4590 code [0x00000119265f4760, 0x00000119265f4bd8]
Event: 1.041 Thread 0x0000011941018280 nmethod 1693 0x000001192de56790 code [0x000001192de56940, 0x000001192de57088]
Event: 1.042 Thread 0x000001194101ac50 1696       3       java.io.ObjectStreamField::getTypeCode (9 bytes)
Event: 1.042 Thread 0x000001194101ac50 nmethod 1696 0x00000119265f4d10 code [0x00000119265f4f20, 0x00000119265f54c8]

GC Heap History (4 events):
Event: 0.553 GC heap before
{Heap before GC invocations=0 (full 0):
 garbage-first heap   total 131072K, used 15360K [0x0000000080000000, 0x0000000100000000)
  region size 1024K, 13 young (13312K), 0 survivors (0K)
 Metaspace       used 14392K, committed 14656K, reserved 1114112K
  class space    used 1516K, committed 1664K, reserved 1048576K
}
Event: 0.556 GC heap after
{Heap after GC invocations=1 (full 0):
 garbage-first heap   total 131072K, used 7306K [0x0000000080000000, 0x0000000100000000)
  region size 1024K, 2 young (2048K), 2 survivors (2048K)
 Metaspace       used 14392K, committed 14656K, reserved 1114112K
  class space    used 1516K, committed 1664K, reserved 1048576K
}
Event: 0.852 GC heap before
{Heap before GC invocations=1 (full 0):
 garbage-first heap   total 131072K, used 16522K [0x0000000080000000, 0x0000000100000000)
  region size 1024K, 13 young (13312K), 2 survivors (2048K)
 Metaspace       used 21221K, committed 21504K, reserved 1114112K
  class space    used 2299K, committed 2432K, reserved 1048576K
}
Event: 0.856 GC heap after
{Heap after GC invocations=2 (full 0):
 garbage-first heap   total 131072K, used 8758K [0x0000000080000000, 0x0000000100000000)
  region size 1024K, 3 young (3072K), 3 survivors (3072K)
 Metaspace       used 21221K, committed 21504K, reserved 1114112K
  class space    used 2299K, committed 2432K, reserved 1048576K
}

Dll operation events (1 events):
Event: 0.006 Loaded shared library D:\Java\IntelliJ IDEA 2024.1.4\jbr\bin\java.dll

Deoptimization events (20 events):
Event: 0.915 Thread 0x000001194150c170 Uncommon trap: trap_request=0xffffffde fr.pc=0x000001192de392f0 relative=0x0000000000000e50
Event: 0.915 Thread 0x000001194150c170 Uncommon trap: reason=class_check action=maybe_recompile pc=0x000001192de392f0 method=java.util.HashMap.putVal(ILjava/lang/Object;Ljava/lang/Object;ZZ)Ljava/lang/Object; @ 253 c2
Event: 0.915 Thread 0x000001194150c170 DEOPT PACKING pc=0x000001192de392f0 sp=0x00000012099fcef0
Event: 0.915 Thread 0x000001194150c170 DEOPT UNPACKING pc=0x000001192d8869a3 sp=0x00000012099fce38 mode 2
Event: 0.916 Thread 0x000001194150c170 Uncommon trap: trap_request=0xffffffde fr.pc=0x000001192de392f0 relative=0x0000000000000e50
Event: 0.916 Thread 0x000001194150c170 Uncommon trap: reason=class_check action=maybe_recompile pc=0x000001192de392f0 method=java.util.HashMap.putVal(ILjava/lang/Object;Ljava/lang/Object;ZZ)Ljava/lang/Object; @ 253 c2
Event: 0.916 Thread 0x000001194150c170 DEOPT PACKING pc=0x000001192de392f0 sp=0x00000012099fcef0
Event: 0.916 Thread 0x000001194150c170 DEOPT UNPACKING pc=0x000001192d8869a3 sp=0x00000012099fce38 mode 2
Event: 0.945 Thread 0x000001194150c170 Uncommon trap: trap_request=0xffffffc6 fr.pc=0x000001192de3c5dc relative=0x000000000000029c
Event: 0.945 Thread 0x000001194150c170 Uncommon trap: reason=bimorphic_or_optimized_type_check action=maybe_recompile pc=0x000001192de3c5dc method=java.util.regex.Pattern$SliceI.match(Ljava/util/regex/Matcher;ILjava/lang/CharSequence;)Z @ 92 c2
Event: 0.945 Thread 0x000001194150c170 DEOPT PACKING pc=0x000001192de3c5dc sp=0x00000012099fdb30
Event: 0.945 Thread 0x000001194150c170 DEOPT UNPACKING pc=0x000001192d8869a3 sp=0x00000012099fdad8 mode 2
Event: 0.945 Thread 0x000001194150c170 Uncommon trap: trap_request=0xffffffc6 fr.pc=0x000001192de3c5dc relative=0x000000000000029c
Event: 0.945 Thread 0x000001194150c170 Uncommon trap: reason=bimorphic_or_optimized_type_check action=maybe_recompile pc=0x000001192de3c5dc method=java.util.regex.Pattern$SliceI.match(Ljava/util/regex/Matcher;ILjava/lang/CharSequence;)Z @ 92 c2
Event: 0.945 Thread 0x000001194150c170 DEOPT PACKING pc=0x000001192de3c5dc sp=0x00000012099fdb80
Event: 0.945 Thread 0x000001194150c170 DEOPT UNPACKING pc=0x000001192d8869a3 sp=0x00000012099fdb28 mode 2
Event: 1.002 Thread 0x000001194150c170 Uncommon trap: trap_request=0xffffff45 fr.pc=0x000001192de4eb6c relative=0x00000000000006ac
Event: 1.002 Thread 0x000001194150c170 Uncommon trap: reason=unstable_if action=reinterpret pc=0x000001192de4eb6c method=java.lang.AbstractStringBuilder.append(Ljava/lang/String;)Ljava/lang/AbstractStringBuilder; @ 1 c2
Event: 1.002 Thread 0x000001194150c170 DEOPT PACKING pc=0x000001192de4eb6c sp=0x00000012099fdd30
Event: 1.002 Thread 0x000001194150c170 DEOPT UNPACKING pc=0x000001192d8869a3 sp=0x00000012099fdd08 mode 2

Classes unloaded (8 events):
Event: 0.861 Thread 0x000001193cb97880 Unloading class 0x0000000100153800 'jdk/internal/reflect/GeneratedSerializationConstructorAccessor16'
Event: 0.861 Thread 0x000001193cb97880 Unloading class 0x0000000100153000 'jdk/internal/reflect/GeneratedSerializationConstructorAccessor14'
Event: 0.861 Thread 0x000001193cb97880 Unloading class 0x0000000100152800 'jdk/internal/reflect/GeneratedSerializationConstructorAccessor12'
Event: 0.861 Thread 0x000001193cb97880 Unloading class 0x0000000100151c00 'jdk/internal/reflect/GeneratedSerializationConstructorAccessor10'
Event: 0.861 Thread 0x000001193cb97880 Unloading class 0x0000000100151800 'jdk/internal/reflect/GeneratedSerializationConstructorAccessor7'
Event: 0.861 Thread 0x000001193cb97880 Unloading class 0x0000000100150c00 'jdk/internal/reflect/GeneratedSerializationConstructorAccessor6'
Event: 0.861 Thread 0x000001193cb97880 Unloading class 0x000000010014fc00 'jdk/internal/reflect/GeneratedSerializationConstructorAccessor1'
Event: 0.861 Thread 0x000001193cb97880 Unloading class 0x000000010014d800 'java/lang/invoke/LambdaForm$MH+0x000000010014d800'

Classes redefined (0 events):
No events

Internal exceptions (20 events):
Event: 0.212 Thread 0x0000011921376c40 Exception <a 'java/lang/NoSuchMethodError'{0x0000000087b10fd8}: 'void java.lang.invoke.DirectMethodHandle$Holder.invokeStaticInit(java.lang.Object, java.lang.Object)'> (0x0000000087b10fd8) 
thrown [s\src\hotspot\share\interpreter\linkResolver.cpp, line 771]
Event: 0.228 Thread 0x0000011921376c40 Exception <a 'java/lang/NoSuchMethodError'{0x0000000087b239b0}: 'java.lang.Object java.lang.invoke.DirectMethodHandle$Holder.invokeStaticInit(java.lang.Object)'> (0x0000000087b239b0) 
thrown [s\src\hotspot\share\interpreter\linkResolver.cpp, line 771]
Event: 0.266 Thread 0x0000011921376c40 Exception <a 'java/lang/NoSuchMethodError'{0x0000000087ba0600}: 'java.lang.Object java.lang.invoke.DirectMethodHandle$Holder.invokeStaticInit(java.lang.Object, int, int, int, int)'> (0x0000000087ba0600) 
thrown [s\src\hotspot\share\interpreter\linkResolver.cpp, line 771]
Event: 0.329 Thread 0x0000011921376c40 Exception <a 'java/lang/NoSuchMethodError'{0x0000000087be5ce8}: 'java.lang.Object java.lang.invoke.DirectMethodHandle$Holder.invokeStaticInit(java.lang.Object, java.lang.Object, int, int, int, int)'> (0x0000000087be5ce8) 
thrown [s\src\hotspot\share\interpreter\linkResolver.cpp, line 771]
Event: 0.392 Thread 0x0000011921376c40 Exception <a 'java/lang/NoSuchMethodError'{0x00000000879f8940}: 'java.lang.Object java.lang.invoke.Invokers$Holder.linkToTargetMethod(java.lang.Object, long, java.lang.Object)'> (0x00000000879f8940) 
thrown [s\src\hotspot\share\interpreter\linkResolver.cpp, line 771]
Event: 0.446 Thread 0x000001194150c170 Exception <a 'java/lang/NoSuchMethodError'{0x00000000877aa1b0}: static [B.<clinit>()V> (0x00000000877aa1b0) 
thrown [s\src\hotspot\share\prims\jni.cpp, line 1127]
Event: 0.446 Thread 0x000001194150a310 Exception <a 'java/lang/NoSuchMethodError'{0x00000000877eb070}: static [B.<clinit>()V> (0x00000000877eb070) 
thrown [s\src\hotspot\share\prims\jni.cpp, line 1127]
Event: 0.456 Thread 0x000001194150c170 Exception <a 'java/lang/NoSuchMethodError'{0x00000000876552f0}: static [Ljava/rmi/server/ObjID;.<clinit>()V> (0x00000000876552f0) 
thrown [s\src\hotspot\share\prims\jni.cpp, line 1127]
Event: 0.458 Thread 0x000001194150a820 Exception <a 'java/lang/InterruptedException'{0x0000000087685ba8}> (0x0000000087685ba8) 
thrown [s\src\hotspot\share\runtime\objectMonitor.cpp, line 1658]
Event: 0.459 Thread 0x000001194150c170 Exception <a 'java/lang/NoSuchMethodError'{0x000000008765cc30}: 'void java.lang.invoke.DirectMethodHandle$Holder.invokeSpecial(java.lang.Object, java.lang.Object, java.lang.Object)'> (0x000000008765cc30) 
thrown [s\src\hotspot\share\interpreter\linkResolver.cpp, line 771]
Event: 0.459 Thread 0x000001194150c170 Exception <a 'java/lang/NoSuchMethodError'{0x0000000087660198}: 'void java.lang.invoke.Invokers$Holder.invoke_MT(java.lang.Object, java.lang.Object, java.lang.Object)'> (0x0000000087660198) 
thrown [s\src\hotspot\share\interpreter\linkResolver.cpp, line 771]
Event: 0.460 Thread 0x000001194150a820 Exception <a 'java/lang/NoSuchMethodError'{0x000000008768e348}: 'java.lang.Object java.lang.invoke.DirectMethodHandle$Holder.newInvokeSpecial(java.lang.Object, java.lang.Object, int, java.lang.Object, long)'> (0x000000008768e348) 
thrown [s\src\hotspot\share\interpreter\linkResolver.cpp, line 771]
Event: 0.525 Thread 0x000001194150c170 Exception <a 'java/lang/NoSuchMethodError'{0x00000000873092f8}: 'java.lang.Object java.lang.invoke.DirectMethodHandle$Holder.invokeInterface(java.lang.Object, java.lang.Object)'> (0x00000000873092f8) 
thrown [s\src\hotspot\share\interpreter\linkResolver.cpp, line 771]
Event: 0.568 Thread 0x000001194150c170 Exception <a 'java/lang/NoSuchMethodError'{0x0000000087f6b058}: 'java.lang.Object java.lang.invoke.DirectMethodHandle$Holder.invokeVirtual(java.lang.Object, java.lang.Object, java.lang.Object)'> (0x0000000087f6b058) 
thrown [s\src\hotspot\share\interpreter\linkResolver.cpp, line 771]
Event: 0.728 Thread 0x000001194150c170 Exception <a 'sun/nio/fs/WindowsException'{0x00000000878ff080}> (0x00000000878ff080) 
thrown [s\src\hotspot\share\prims\jni.cpp, line 531]
Event: 0.738 Thread 0x000001194150c170 Exception <a 'java/lang/NoSuchMethodError'{0x00000000877236e0}: 'int java.lang.invoke.DirectMethodHandle$Holder.invokeStaticInit(java.lang.Object, java.lang.Object, java.lang.Object, java.lang.Object)'> (0x00000000877236e0) 
thrown [s\src\hotspot\share\interpreter\linkResolver.cpp, line 771]
Event: 0.739 Thread 0x000001194150c170 Exception <a 'java/lang/IncompatibleClassChangeError'{0x000000008772cb30}: Found class java.lang.Object, but interface was expected> (0x000000008772cb30) 
thrown [s\src\hotspot\share\interpreter\linkResolver.cpp, line 838]
Event: 0.740 Thread 0x000001194150c170 Exception <a 'java/lang/NoSuchMethodError'{0x00000000877321f0}: 'int java.lang.invoke.DirectMethodHandle$Holder.invokeStaticInit(java.lang.Object, java.lang.Object)'> (0x00000000877321f0) 
thrown [s\src\hotspot\share\interpreter\linkResolver.cpp, line 771]
Event: 1.002 Thread 0x000001194150c170 Implicit null exception at 0x000001192de4e4f2 to 0x000001192de4eb54
Event: 1.004 Thread 0x000001194150c170 Exception <a 'java/lang/NoSuchMethodError'{0x0000000087c22ad8}: 'java.lang.Object java.lang.invoke.DirectMethodHandle$Holder.newInvokeSpecial(java.lang.Object, java.lang.Object, int)'> (0x0000000087c22ad8) 
thrown [s\src\hotspot\share\interpreter\linkResolver.cpp, line 771]

VM Operations (20 events):
Event: 0.130 Executing VM operation: HandshakeAllThreads
Event: 0.130 Executing VM operation: HandshakeAllThreads done
Event: 0.169 Executing VM operation: HandshakeAllThreads
Event: 0.169 Executing VM operation: HandshakeAllThreads done
Event: 0.216 Executing VM operation: HandshakeAllThreads
Event: 0.216 Executing VM operation: HandshakeAllThreads done
Event: 0.552 Executing VM operation: G1CollectForAllocation
Event: 0.557 Executing VM operation: G1CollectForAllocation done
Event: 0.705 Executing VM operation: HandshakeAllThreads
Event: 0.705 Executing VM operation: HandshakeAllThreads done
Event: 0.734 Executing VM operation: HandshakeAllThreads
Event: 0.734 Executing VM operation: HandshakeAllThreads done
Event: 0.850 Executing VM operation: HandshakeAllThreads
Event: 0.851 Executing VM operation: HandshakeAllThreads done
Event: 0.852 Executing VM operation: CollectForMetadataAllocation
Event: 0.856 Executing VM operation: CollectForMetadataAllocation done
Event: 0.861 Executing VM operation: G1PauseRemark
Event: 0.863 Executing VM operation: G1PauseRemark done
Event: 0.865 Executing VM operation: G1PauseCleanup
Event: 0.865 Executing VM operation: G1PauseCleanup done

Events (20 events):
Event: 0.996 loading class sun/util/resources/Bundles$Strategy done
Event: 0.996 loading class sun/util/resources/LocaleData$LocaleDataStrategy done
Event: 0.997 loading class sun/util/resources/Bundles$CacheKey
Event: 0.997 loading class sun/util/resources/Bundles$CacheKey done
Event: 0.997 loading class sun/util/resources/cldr/CalendarData
Event: 0.997 loading class java/util/ListResourceBundle
Event: 0.997 loading class java/util/ListResourceBundle done
Event: 0.997 loading class sun/util/resources/cldr/CalendarData done
Event: 0.997 loading class java/util/ResourceBundle$ResourceBundleProviderHelper
Event: 0.997 loading class java/util/ResourceBundle$ResourceBundleProviderHelper done
Event: 0.998 loading class sun/util/resources/Bundles$BundleReference
Event: 0.998 loading class sun/util/resources/Bundles$CacheKeyReference
Event: 0.998 loading class sun/util/resources/Bundles$CacheKeyReference done
Event: 0.998 loading class sun/util/resources/Bundles$BundleReference done
Event: 0.998 loading class sun/util/locale/provider/LocaleResources$ResourceReference
Event: 0.998 loading class sun/util/locale/provider/LocaleResources$ResourceReference done
Event: 1.000 loading class java/time/format/DateTimeParseException
Event: 1.000 loading class java/time/DateTimeException
Event: 1.000 loading class java/time/DateTimeException done
Event: 1.000 loading class java/time/format/DateTimeParseException done


Dynamic libraries:
0x00007ff659790000 - 0x00007ff65979a000 	D:\Java\IntelliJ IDEA 2024.1.4\jbr\bin\java.exe
0x00007ffd536f0000 - 0x00007ffd538e8000 	C:\Windows\SYSTEM32\ntdll.dll
0x00007ffd51b70000 - 0x00007ffd51c2f000 	C:\Windows\System32\KERNEL32.DLL
0x00007ffd511f0000 - 0x00007ffd514c2000 	C:\Windows\System32\KERNELBASE.dll
0x00007ffd51590000 - 0x00007ffd51690000 	C:\Windows\System32\ucrtbase.dll
0x00007ffd23a30000 - 0x00007ffd23a47000 	D:\Java\IntelliJ IDEA 2024.1.4\jbr\bin\jli.dll
0x00007ffd51dd0000 - 0x00007ffd51f71000 	C:\Windows\System32\USER32.dll
0x00007ffd50f20000 - 0x00007ffd50f42000 	C:\Windows\System32\win32u.dll
0x00007ffd52b70000 - 0x00007ffd52b9b000 	C:\Windows\System32\GDI32.dll
0x00007ffd50de0000 - 0x00007ffd50eef000 	C:\Windows\System32\gdi32full.dll
0x00007ffd51690000 - 0x00007ffd5172d000 	C:\Windows\System32\msvcp_win.dll
0x00007ffd35be0000 - 0x00007ffd35bfb000 	D:\Java\IntelliJ IDEA 2024.1.4\jbr\bin\VCRUNTIME140.dll
0x00007ffd39320000 - 0x00007ffd395ba000 	C:\Windows\WinSxS\amd64_microsoft.windows.common-controls_6595b64144ccf1df_6.0.19041.1110_none_60b5254171f9507e\COMCTL32.dll
0x00007ffd52e90000 - 0x00007ffd52f2e000 	C:\Windows\System32\msvcrt.dll
0x00007ffd51b30000 - 0x00007ffd51b62000 	C:\Windows\System32\IMM32.DLL
0x00007ffd4cbe0000 - 0x00007ffd4cbec000 	D:\Java\IntelliJ IDEA 2024.1.4\jbr\bin\vcruntime140_1.dll
0x00007ffd2fef0000 - 0x00007ffd2ff7d000 	D:\Java\IntelliJ IDEA 2024.1.4\jbr\bin\msvcp140.dll
0x00007ffce6430000 - 0x00007ffce70b3000 	D:\Java\IntelliJ IDEA 2024.1.4\jbr\bin\server\jvm.dll
0x00007ffd520b0000 - 0x00007ffd5215e000 	C:\Windows\System32\ADVAPI32.dll
0x00007ffd52c70000 - 0x00007ffd52d0c000 	C:\Windows\System32\sechost.dll
0x00007ffd52160000 - 0x00007ffd52285000 	C:\Windows\System32\RPCRT4.dll
0x00007ffd50360000 - 0x00007ffd503ab000 	C:\Windows\SYSTEM32\POWRPROF.dll
0x00007ffd47640000 - 0x00007ffd47649000 	C:\Windows\SYSTEM32\WSOCK32.dll
0x00007ffd52d10000 - 0x00007ffd52d7b000 	C:\Windows\System32\WS2_32.dll
0x00007ffd44880000 - 0x00007ffd448a7000 	C:\Windows\SYSTEM32\WINMM.dll
0x00007ffd4ac10000 - 0x00007ffd4ac1a000 	C:\Windows\SYSTEM32\VERSION.dll
0x00007ffd50220000 - 0x00007ffd50232000 	C:\Windows\SYSTEM32\UMPDC.dll
0x00007ffd4ebc0000 - 0x00007ffd4ebd2000 	C:\Windows\SYSTEM32\kernel.appcore.dll
0x00007ffd236b0000 - 0x00007ffd236ba000 	D:\Java\IntelliJ IDEA 2024.1.4\jbr\bin\jimage.dll
0x00007ffd3b1e0000 - 0x00007ffd3b3c4000 	C:\Windows\SYSTEM32\DBGHELP.DLL
0x00007ffd3a230000 - 0x00007ffd3a265000 	C:\Windows\SYSTEM32\dbgcore.DLL
0x00007ffd51000000 - 0x00007ffd51082000 	C:\Windows\System32\bcryptPrimitives.dll
0x00007ffd22d30000 - 0x00007ffd22d55000 	D:\Java\IntelliJ IDEA 2024.1.4\jbr\bin\java.dll
0x00007ffd22d10000 - 0x00007ffd22d28000 	D:\Java\IntelliJ IDEA 2024.1.4\jbr\bin\zip.dll
0x00007ffd52420000 - 0x00007ffd52b65000 	C:\Windows\System32\SHELL32.dll
0x00007ffd4eea0000 - 0x00007ffd4f632000 	C:\Windows\SYSTEM32\windows.storage.dll
0x00007ffd51730000 - 0x00007ffd51a85000 	C:\Windows\System32\combase.dll
0x00007ffd50840000 - 0x00007ffd50870000 	C:\Windows\SYSTEM32\Wldp.dll
0x00007ffd52370000 - 0x00007ffd5241d000 	C:\Windows\System32\SHCORE.dll
0x00007ffd52d80000 - 0x00007ffd52dd5000 	C:\Windows\System32\shlwapi.dll
0x00007ffd50d20000 - 0x00007ffd50d3f000 	C:\Windows\SYSTEM32\profapi.dll
0x00007ffd22cf0000 - 0x00007ffd22d09000 	D:\Java\IntelliJ IDEA 2024.1.4\jbr\bin\net.dll
0x00007ffd493f0000 - 0x00007ffd494fc000 	C:\Windows\SYSTEM32\WINHTTP.dll
0x00007ffd505a0000 - 0x00007ffd5060a000 	C:\Windows\system32\mswsock.dll
0x00007ffd22cd0000 - 0x00007ffd22ce6000 	D:\Java\IntelliJ IDEA 2024.1.4\jbr\bin\nio.dll
0x00007ffd50240000 - 0x00007ffd5027b000 	C:\Windows\SYSTEM32\IPHLPAPI.DLL
0x00007ffd51b20000 - 0x00007ffd51b28000 	C:\Windows\System32\NSI.dll
0x00007ffd498a0000 - 0x00007ffd498b7000 	C:\Windows\SYSTEM32\dhcpcsvc6.DLL
0x00007ffd4a310000 - 0x00007ffd4a32d000 	C:\Windows\SYSTEM32\dhcpcsvc.DLL
0x00007ffd50290000 - 0x00007ffd5035b000 	C:\Windows\SYSTEM32\DNSAPI.dll
0x00007ffd50790000 - 0x00007ffd507a8000 	C:\Windows\SYSTEM32\CRYPTSP.dll
0x00007ffd4fe50000 - 0x00007ffd4fe84000 	C:\Windows\system32\rsaenh.dll
0x00007ffd50ef0000 - 0x00007ffd50f17000 	C:\Windows\System32\bcrypt.dll
0x00007ffd50ce0000 - 0x00007ffd50d0e000 	C:\Windows\SYSTEM32\USERENV.dll
0x00007ffd507b0000 - 0x00007ffd507bc000 	C:\Windows\SYSTEM32\CRYPTBASE.dll
0x00007ffd22a10000 - 0x00007ffd22a19000 	D:\Java\IntelliJ IDEA 2024.1.4\jbr\bin\extnet.dll
0x00007ffd4cb30000 - 0x00007ffd4cb37000 	D:\Java\IntelliJ IDEA 2024.1.4\jbr\bin\rmi.dll
0x00007ffd49140000 - 0x00007ffd4914a000 	C:\Windows\System32\rasadhlp.dll
0x00007ffd46990000 - 0x00007ffd46a10000 	C:\Windows\System32\fwpuclnt.dll
0x00007ffd22a40000 - 0x00007ffd22a4e000 	D:\Java\IntelliJ IDEA 2024.1.4\jbr\bin\sunmscapi.dll
0x00007ffd51090000 - 0x00007ffd511e6000 	C:\Windows\System32\CRYPT32.dll
0x00007ffd508b0000 - 0x00007ffd508d7000 	C:\Windows\SYSTEM32\ncrypt.dll
0x00007ffd50870000 - 0x00007ffd508ab000 	C:\Windows\SYSTEM32\NTASN1.dll

dbghelp: loaded successfully - version: 4.0.5 - missing functions: none
symbol engine: initialized successfully - sym options: 0x614 - pdb path: .;D:\Java\IntelliJ IDEA 2024.1.4\jbr\bin;C:\Windows\SYSTEM32;C:\Windows\WinSxS\amd64_microsoft.windows.common-controls_6595b64144ccf1df_6.0.19041.1110_none_60b5254171f9507e;D:\Java\IntelliJ IDEA 2024.1.4\jbr\bin\server

VM Arguments:
jvm_args: -Djava.rmi.server.hostname=127.0.0.1 -Duser.timezone=UTC -Xmx2048m -Xms128m -Djdbc.classpath=D:\Java\IntelliJ IDEA 2024.1.4\plugins\DatabaseTools\lib\jdbc-console.jar;C:\Users\ASUS\AppData\Roaming\JetBrains\IntelliJIdea2024.1\jdbc-drivers\MySQL ConnectorJ\8.2.0\com\mysql\mysql-connector-j\8.2.0\mysql-connector-j-8.2.0.jar;C:\Users\ASUS\AppData\Roaming\JetBrains\IntelliJIdea2024.1\jdbc-drivers\MySQL ConnectorJ\8.2.0\com\google\protobuf\protobuf-java\3.21.9\protobuf-java-3.21.9.jar --add-exports=java.desktop/sun.awt=ALL-UNNAMED --add-exports=java.desktop/java.awt.peer=ALL-UNNAMED --add-opens=java.desktop/java.awt=ALL-UNNAMED --add-opens=jdk.unsupported/sun.misc=ALL-UNNAMED --add-opens=java.base/java.nio=ALL-UNNAMED --add-opens=java.base/java.util=ALL-UNNAMED -Dfile.encoding=UTF-8 
java_command: com.intellij.database.remote.RemoteJdbcServer com.mysql.cj.jdbc.Driver
java_class_path (initial): D:\Java\IntelliJ IDEA 2024.1.4\lib\util_rt.jar;D:\Java\IntelliJ IDEA 2024.1.4\lib\util-8.jar;D:\Java\IntelliJ IDEA 2024.1.4\lib\groovy.jar;D:\Java\IntelliJ IDEA 2024.1.4\plugins\DatabaseTools\lib\jdbc-console.jar;D:\Java\IntelliJ IDEA 2024.1.4\plugins\grid-core-impl\lib\jdbc-console-types.jar;D:\Java\IntelliJ IDEA 2024.1.4\lib\util.jar
Launcher Type: SUN_STANDARD

[Global flags]
     intx CICompilerCount                          = 3                                         {product} {ergonomic}
     uint ConcGCThreads                            = 1                                         {product} {ergonomic}
     uint G1ConcRefinementThreads                  = 4                                         {product} {ergonomic}
   size_t G1HeapRegionSize                         = 1048576                                   {product} {ergonomic}
    uintx GCDrainStackTargetSize                   = 64                                        {product} {ergonomic}
   size_t InitialHeapSize                          = 134217728                                 {product} {command line}
   size_t MarkStackSize                            = 4194304                                   {product} {ergonomic}
   size_t MaxHeapSize                              = 2147483648                                {product} {command line}
   size_t MaxNewSize                               = 1287651328                                {product} {ergonomic}
   size_t MinHeapDeltaBytes                        = 1048576                                   {product} {ergonomic}
   size_t MinHeapSize                              = 134217728                                 {product} {command line}
    uintx NonNMethodCodeHeapSize                   = 5832780                                {pd product} {ergonomic}
    uintx NonProfiledCodeHeapSize                  = 122912730                              {pd product} {ergonomic}
    uintx ProfiledCodeHeapSize                     = 122912730                              {pd product} {ergonomic}
    uintx ReservedCodeCacheSize                    = 251658240                              {pd product} {ergonomic}
     bool SegmentedCodeCache                       = true                                      {product} {ergonomic}
   size_t SoftMaxHeapSize                          = 2147483648                             {manageable} {ergonomic}
     bool UseCompressedClassPointers               = true                           {product lp64_product} {ergonomic}
     bool UseCompressedOops                        = true                           {product lp64_product} {ergonomic}
     bool UseG1GC                                  = true                                      {product} {ergonomic}
     bool UseLargePagesIndividualAllocation        = false                                  {pd product} {ergonomic}

Logging:
Log output configuration:
 #0: stdout all=warning uptime,level,tags
 #1: stderr all=off uptime,level,tags

Environment Variables:
PATH=C:\Windows\system32;C:\Windows;C:\Windows\System32\Wbem;C:\Windows\System32\WindowsPowerShell\v1.0\;C:\Windows\System32\OpenSSH\;C:\Program Files\Git\cmd;C:\Users\ASUS\AppData\Local\Microsoft\WindowsApps;;D:\WebStorm 2024.1.5\bin;
USERNAME=ASUS
OS=Windows_NT
PROCESSOR_IDENTIFIER=Intel64 Family 6 Model 158 Stepping 9, GenuineIntel
TMP=C:\Users\ASUS\AppData\Local\Temp
TEMP=C:\Users\ASUS\AppData\Local\Temp



Periodic native trim disabled

JNI global refs:
JNI global refs: 16, weak refs: 0

JNI global refs memory usage: 843, weak refs: 841

Process memory usage:
Resident Set Size: 100488K (1% of 8269984K total physical memory with 498616K free physical memory)

OOME stack traces (most recent first):
Classloader memory used:
Loader bootstrap                                                                       : 2302K
Loader com.intellij.database.remote.jdbc.impl.JdbcClassLoader$JdbcClassLoaderImpl      : 323K
Loader jdk.internal.loader.ClassLoaders$AppClassLoader                                 : 189K
Loader jdk.internal.loader.ClassLoaders$PlatformClassLoader                            : 89888B
Loader jdk.internal.reflect.DelegatingClassLoader                                      : 8049B
Loader com.intellij.database.remote.jdbc.impl.JdbcClassLoader$1                        : 896B


---------------  S Y S T E M  ---------------

OS:
 Windows 10 , 64 bit Build 19041 (10.0.19041.2546)
OS uptime: 2 days 14:25 hours

CPU: total 4 (initial active 4) (4 cores per cpu, 1 threads per core) family 6 model 158 stepping 9 microcode 0xb4, cx8, cmov, fxsr, mmx, 3dnowpref, sse, sse2, sse3, ssse3, sse4.1, sse4.2, popcnt, lzcnt, tsc, tscinvbit, avx, avx2, aes, erms, clmul, bmi1, bmi2, adx, fma, vzeroupper, clflush, clflushopt
Processor Information for all 4 processors :
  Max Mhz: 2501, Current Mhz: 2501, Mhz Limit: 2501

Memory: 4k page, system-wide physical 8076M (486M free)
TotalPageFile size 16542M (AvailPageFile size 4M)
current process WorkingSet (physical memory assigned to process): 98M, peak: 98M
current process commit charge ("private bytes"): 231M, peak: 232M

vm_info: OpenJDK 64-Bit Server VM (17.0.11+1-b1207.24) for windows-amd64 JRE (17.0.11+1-b1207.24), built on 2024-05-15 by "builduser" with MS VC++ 16.10 / 16.11 (VS2019)

END.
